This is pdfTeX, Version 3.141592653-2.6-1.40.24 (TeX Live 2022) (preloaded format=pdflatex 2022.10.21)  31 JAN 2023 20:49
entering extended mode
 restricted \write18 enabled.
 %&-line parsing enabled.
**pracMCIC_3_eng.tex
(./pracMCIC_3_eng.tex
LaTeX2e <2021-11-15> patch level 1
L3 programming layer <2022-02-24>
(/usr/local/texlive/2022/texmf-dist/tex/latex/base/article.cls
Document Class: article 2021/10/04 v1.4n Standard LaTeX document class
(/usr/local/texlive/2022/texmf-dist/tex/latex/base/size12.clo
File: size12.clo 2021/10/04 v1.4n Standard LaTeX file (size option)
)
\c@part=\count185
\c@section=\count186
\c@subsection=\count187
\c@subsubsection=\count188
\c@paragraph=\count189
\c@subparagraph=\count190
\c@figure=\count191
\c@table=\count192
\abovecaptionskip=\skip47
\belowcaptionskip=\skip48
\bibindent=\dimen138
)
(/usr/local/texlive/2022/texmf-dist/tex/latex/base/inputenc.sty
Package: inputenc 2021/02/14 v1.3d Input encoding file
\inpenc@prehook=\toks16
\inpenc@posthook=\toks17
)
(/usr/local/texlive/2022/texmf-dist/tex/latex/base/fontenc.sty
Package: fontenc 2021/04/29 v2.0v Standard LaTeX package
)
(/usr/local/texlive/2022/texmf-dist/tex/generic/babel/babel.sty
Package: babel 2022/02/26 3.73 The Babel package
\babel@savecnt=\count193
\U@D=\dimen139
\l@unhyphenated=\language87

(/usr/local/texlive/2022/texmf-dist/tex/generic/babel/txtbabel.def)
\bbl@readstream=\read2
\bbl@dirlevel=\count194

(/usr/local/texlive/2022/texmf-dist/tex/generic/babel-spanish/spanish.ldf
Language: spanish.ldf 2021/05/27 v5.0q Spanish support from the babel system
\es@quottoks=\toks18
\es@quotdepth=\count195
))
(/usr/local/texlive/2022/texmf-dist/tex/latex/graphics/graphicx.sty
Package: graphicx 2021/09/16 v1.2d Enhanced LaTeX Graphics (DPC,SPQR)

(/usr/local/texlive/2022/texmf-dist/tex/latex/graphics/keyval.sty
Package: keyval 2014/10/28 v1.15 key=value parser (DPC)
\KV@toks@=\toks19
)
(/usr/local/texlive/2022/texmf-dist/tex/latex/graphics/graphics.sty
Package: graphics 2021/03/04 v1.4d Standard LaTeX Graphics (DPC,SPQR)

(/usr/local/texlive/2022/texmf-dist/tex/latex/graphics/trig.sty
Package: trig 2021/08/11 v1.11 sin cos tan (DPC)
)
(/usr/local/texlive/2022/texmf-dist/tex/latex/graphics-cfg/graphics.cfg
File: graphics.cfg 2016/06/04 v1.11 sample graphics configuration
)
Package graphics Info: Driver file: dvips.def on input line 107.

(/usr/local/texlive/2022/texmf-dist/tex/latex/graphics-def/dvips.def
File: dvips.def 2017/06/20 v3.1d Graphics/color driver for dvips
))
\Gin@req@height=\dimen140
\Gin@req@width=\dimen141
)
(/usr/local/texlive/2022/texmf-dist/tex/latex/caption/subcaption.sty
Package: subcaption 2022/01/07 v1.5 Sub-captions (AR)

(/usr/local/texlive/2022/texmf-dist/tex/latex/caption/caption.sty
Package: caption 2022/03/01 v3.6b Customizing captions (AR)

(/usr/local/texlive/2022/texmf-dist/tex/latex/caption/caption3.sty
Package: caption3 2022/03/17 v2.3b caption3 kernel (AR)
\caption@tempdima=\dimen142
\captionmargin=\dimen143
\caption@leftmargin=\dimen144
\caption@rightmargin=\dimen145
\caption@width=\dimen146
\caption@indent=\dimen147
\caption@parindent=\dimen148
\caption@hangindent=\dimen149
Package caption Info: Standard document class detected.
)
\c@caption@flags=\count196
\c@continuedfloat=\count197
)
\c@subfigure=\count198
\c@subtable=\count199
)
(/usr/local/texlive/2022/texmf-dist/tex/latex/amsmath/amsmath.sty
Package: amsmath 2021/10/15 v2.17l AMS math features
\@mathmargin=\skip49

For additional information on amsmath, use the `?' option.
(/usr/local/texlive/2022/texmf-dist/tex/latex/amsmath/amstext.sty
Package: amstext 2021/08/26 v2.01 AMS text

(/usr/local/texlive/2022/texmf-dist/tex/latex/amsmath/amsgen.sty
File: amsgen.sty 1999/11/30 v2.0 generic functions
\@emptytoks=\toks20
\ex@=\dimen150
))
(/usr/local/texlive/2022/texmf-dist/tex/latex/amsmath/amsbsy.sty
Package: amsbsy 1999/11/29 v1.2d Bold Symbols
\pmbraise@=\dimen151
)
(/usr/local/texlive/2022/texmf-dist/tex/latex/amsmath/amsopn.sty
Package: amsopn 2021/08/26 v2.02 operator names
)
\inf@bad=\count266
LaTeX Info: Redefining \frac on input line 234.
\uproot@=\count267
\leftroot@=\count268
LaTeX Info: Redefining \overline on input line 399.
\classnum@=\count269
\DOTSCASE@=\count270
LaTeX Info: Redefining \ldots on input line 496.
LaTeX Info: Redefining \dots on input line 499.
LaTeX Info: Redefining \cdots on input line 620.
\Mathstrutbox@=\box50
\strutbox@=\box51
\big@size=\dimen152
LaTeX Font Info:    Redeclaring font encoding OML on input line 743.
LaTeX Font Info:    Redeclaring font encoding OMS on input line 744.
\macc@depth=\count271
\c@MaxMatrixCols=\count272
\dotsspace@=\muskip16
\c@parentequation=\count273
\dspbrk@lvl=\count274
\tag@help=\toks21
\row@=\count275
\column@=\count276
\maxfields@=\count277
\andhelp@=\toks22
\eqnshift@=\dimen153
\alignsep@=\dimen154
\tagshift@=\dimen155
\tagwidth@=\dimen156
\totwidth@=\dimen157
\lineht@=\dimen158
\@envbody=\toks23
\multlinegap=\skip50
\multlinetaggap=\skip51
\mathdisplay@stack=\toks24
LaTeX Info: Redefining \[ on input line 2938.
LaTeX Info: Redefining \] on input line 2939.
)
(/usr/local/texlive/2022/texmf-dist/tex/latex/amsfonts/amssymb.sty
Package: amssymb 2013/01/14 v3.01 AMS font symbols

(/usr/local/texlive/2022/texmf-dist/tex/latex/amsfonts/amsfonts.sty
Package: amsfonts 2013/01/14 v3.01 Basic AMSFonts support
\symAMSa=\mathgroup4
\symAMSb=\mathgroup5
LaTeX Font Info:    Redeclaring math symbol \hbar on input line 98.
LaTeX Font Info:    Overwriting math alphabet `\mathfrak' in version `bold'
(Font)                  U/euf/m/n --> U/euf/b/n on input line 106.
))
(/usr/local/texlive/2022/texmf-dist/tex/latex/amscls/amsthm.sty
Package: amsthm 2020/05/29 v2.20.6
\thm@style=\toks25
\thm@bodyfont=\toks26
\thm@headfont=\toks27
\thm@notefont=\toks28
\thm@headpunct=\toks29
\thm@preskip=\skip52
\thm@postskip=\skip53
\thm@headsep=\skip54
\dth@everypar=\toks30
)
(/usr/local/texlive/2022/texmf-dist/tex/latex/jknapltx/mathrsfs.sty
Package: mathrsfs 1996/01/01 Math RSFS package v1.0 (jk)
\symrsfs=\mathgroup6
)
(/usr/local/texlive/2022/texmf-dist/tex/latex/arydshln/arydshln.sty
Package: arydshln 2019/02/21 v1.76 
\dashlinedash=\dimen159
\dashlinegap=\dimen160
\adl@box=\box52
\adl@height=\dimen161
\adl@heightsave=\dimen162
\adl@depth=\dimen163
\adl@depthsave=\dimen164
\adl@finaldepth=\dimen165
\adl@columns=\count278
\adl@ncol=\count279
\adl@currentcolumn=\count280
\adl@currentcolumnsave=\count281
\adl@totalheight=\count282
\adl@totalheightsave=\count283
\adl@dash=\count284
\adl@gap=\count285
\adl@cla=\count286
\adl@clb=\count287
\adl@everyvbox=\toks31
\adl@LTpagetotal=\dimen166
) (./jgn.sty
Package: jgn 15/01/2012 Macros mecanet (J. Goicolea)
\zza=\count288
\zzb=\count289
\xxa=\count290
\yya=\count291
\xxb=\count292
\yyb=\count293
\xxc=\count294
\yyc=\count295
) (/usr/local/texlive/2022/texmf-dist/tex/latex/fancyhdr/fancyheadings.sty
Package: fancyheadings 2021/01/28 v4.0.1 Legacy package to call fancyhdr


Package fancyheadings Warning: Please stop using fancyheadings!
(fancyheadings)                Use fancyhdr instead.
(fancyheadings)                We will call fancyhdr with the very same
(fancyheadings)                options you passed to fancyheadings.
(fancyheadings)                
(fancyheadings)                fancyhdr is 99 percent compatible with
(fancyheadings)                fancyheadings. The only incompatibility is
(fancyheadings)                that \headrulewidth and \footrulewidth and
(fancyheadings)                their \plain... versions are no longer length
(fancyheadings)                parameters, but normal macros (to be changed
(fancyheadings)                with \renewcommand rather than \setlength)..

(/usr/local/texlive/2022/texmf-dist/tex/latex/fancyhdr/fancyhdr.sty
Package: fancyhdr 2021/01/28 v4.0.1 Extensive control of page headers and foote
rs
\f@nch@headwidth=\skip55
\f@nch@O@elh=\skip56
\f@nch@O@erh=\skip57
\f@nch@O@olh=\skip58
\f@nch@O@orh=\skip59
\f@nch@O@elf=\skip60
\f@nch@O@erf=\skip61
\f@nch@O@olf=\skip62
\f@nch@O@orf=\skip63
))
(/usr/local/texlive/2022/texmf-dist/tex/latex/easy/easybmat.sty
Document Style `easybmat' v1.0 <2001/06/13>.
(/usr/local/texlive/2022/texmf-dist/tex/latex/easy/easy.sty
Document Style `easy' v1.1 <2001/05/31>.
Package: easy 2001/05/31 v1.1
\@easy@level=\count296
\@easy@ncol=\count297
\@easy@nrow=\count298
\@easy@cnt=\count299
\@easy@boxviii=\box53
\@easy@minxviii=\dimen167
\@easy@minyviii=\dimen168
\@easy@maxxviii=\dimen169
\@easy@maxyviii=\dimen170
\@easy@boxvii=\box54
\@easy@minxvii=\dimen171
\@easy@minyvii=\dimen172
\@easy@maxxvii=\dimen173
\@easy@maxyvii=\dimen174
\@easy@boxvi=\box55
\@easy@minxvi=\dimen175
\@easy@minyvi=\dimen176
\@easy@maxxvi=\dimen177
\@easy@maxyvi=\dimen178
\@easy@boxv=\box56
\@easy@minxv=\dimen179
\@easy@minyv=\dimen180
\@easy@maxxv=\dimen181
\@easy@maxyv=\dimen182
\@easy@boxiv=\box57
\@easy@minxiv=\dimen183
\@easy@minyiv=\dimen184
\@easy@maxxiv=\dimen185
\@easy@maxyiv=\dimen186
\@easy@boxiii=\box58
\@easy@minxiii=\dimen187
\@easy@minyiii=\dimen188
\@easy@maxxiii=\dimen189
\@easy@maxyiii=\dimen190
\@easy@boxii=\box59
\@easy@minxii=\dimen191
\@easy@minyii=\dimen192
\@easy@maxxii=\dimen193
\@easy@maxyii=\dimen194
\@easy@boxi=\box60
\@easy@minxi=\dimen195
\@easy@minyi=\dimen196
\@easy@maxxi=\dimen197
\@easy@maxyi=\dimen198
\@easy@hsizexxx=\dimen199
\@easy@vsizexxx=\dimen256
\@easy@hsizexxix=\dimen257
\@easy@vsizexxix=\dimen258
\@easy@hsizexxviii=\dimen259
\@easy@vsizexxviii=\dimen260
\@easy@hsizexxvii=\dimen261
\@easy@vsizexxvii=\dimen262
\@easy@hsizexxvi=\dimen263
\@easy@vsizexxvi=\dimen264
\@easy@hsizexxv=\dimen265
\@easy@vsizexxv=\dimen266
\@easy@hsizexxiv=\dimen267
\@easy@vsizexxiv=\dimen268
\@easy@hsizexxiii=\dimen269
\@easy@vsizexxiii=\dimen270
\@easy@hsizexxii=\dimen271
\@easy@vsizexxii=\dimen272
\@easy@hsizexxi=\dimen273
\@easy@vsizexxi=\dimen274
\@easy@hsizexx=\dimen275
\@easy@vsizexx=\dimen276
\@easy@hsizexix=\dimen277
\@easy@vsizexix=\dimen278
\@easy@hsizexviii=\dimen279
\@easy@vsizexviii=\dimen280
\@easy@hsizexvii=\dimen281
\@easy@vsizexvii=\dimen282
\@easy@hsizexvi=\dimen283
\@easy@vsizexvi=\dimen284
\@easy@hsizexv=\dimen285
\@easy@vsizexv=\dimen286
\@easy@hsizexiv=\dimen287
\@easy@vsizexiv=\dimen288
\@easy@hsizexiii=\dimen289
\@easy@vsizexiii=\dimen290
\@easy@hsizexii=\dimen291
\@easy@vsizexii=\dimen292
\@easy@hsizexi=\dimen293
\@easy@vsizexi=\dimen294
\@easy@hsizex=\dimen295
\@easy@vsizex=\dimen296
\@easy@hsizeix=\dimen297
\@easy@vsizeix=\dimen298
\@easy@hsizeviii=\dimen299
\@easy@vsizeviii=\dimen300
\@easy@hsizevii=\dimen301
\@easy@vsizevii=\dimen302
\@easy@hsizevi=\dimen303
\@easy@vsizevi=\dimen304
\@easy@hsizev=\dimen305
\@easy@vsizev=\dimen306
\@easy@hsizeiv=\dimen307
\@easy@vsizeiv=\dimen308
\@easy@hsizeiii=\dimen309
\@easy@vsizeiii=\dimen310
\@easy@hsizeii=\dimen311
\@easy@vsizeii=\dimen312
\@easy@hsizei=\dimen313
\@easy@vsizei=\dimen314
\@easy@dash@len=\dimen315
\@easy@dash@sep=\dimen316
)
Package: easybmat 2001/05/31 v1.1
\@bmat@size@rule=\dimen317
\@bmat@size@dash=\dimen318
) (/usr/local/texlive/2022/texmf-dist/tex/latex/adjustbox/adjustbox.sty
Package: adjustbox 2020/08/19 v1.3 Adjusting TeX boxes (trim, clip, ...)

(/usr/local/texlive/2022/texmf-dist/tex/latex/xkeyval/xkeyval.sty
Package: xkeyval 2020/11/20 v2.8 package option processing (HA)

(/usr/local/texlive/2022/texmf-dist/tex/generic/xkeyval/xkeyval.tex
(/usr/local/texlive/2022/texmf-dist/tex/generic/xkeyval/xkvutils.tex
\XKV@toks=\toks32
\XKV@tempa@toks=\toks33
)
\XKV@depth=\count300
File: xkeyval.tex 2014/12/03 v2.7a key=value parser (HA)
))
(/usr/local/texlive/2022/texmf-dist/tex/latex/adjustbox/adjcalc.sty
Package: adjcalc 2012/05/16 v1.1 Provides advanced setlength with multiple back
-ends (calc, etex, pgfmath)
)
(/usr/local/texlive/2022/texmf-dist/tex/latex/adjustbox/trimclip.sty
Package: trimclip 2020/08/19 v1.2 Trim and clip general TeX material

(/usr/local/texlive/2022/texmf-dist/tex/latex/collectbox/collectbox.sty
Package: collectbox 2012/05/17 v0.4b Collect macro arguments as boxes
\collectedbox=\box61
)
\tc@llx=\dimen319
\tc@lly=\dimen320
\tc@urx=\dimen321
\tc@ury=\dimen322
Package trimclip Info: Using driver 'tc-dvips.def'.

(/usr/local/texlive/2022/texmf-dist/tex/latex/adjustbox/tc-dvips.def
File: tc-dvips.def 2019/01/04 v2.2 Clipping driver for dvips
))
\adjbox@Width=\dimen323
\adjbox@Height=\dimen324
\adjbox@Depth=\dimen325
\adjbox@Totalheight=\dimen326
\adjbox@pwidth=\dimen327
\adjbox@pheight=\dimen328
\adjbox@pdepth=\dimen329
\adjbox@ptotalheight=\dimen330

(/usr/local/texlive/2022/texmf-dist/tex/latex/ifoddpage/ifoddpage.sty
Package: ifoddpage 2016/04/23 v1.1 Conditionals for odd/even page detection
\c@checkoddpage=\count301
)
(/usr/local/texlive/2022/texmf-dist/tex/latex/varwidth/varwidth.sty
Package: varwidth 2009/03/30 ver 0.92;  Variable-width minipages
\@vwid@box=\box62
\sift@deathcycles=\count302
\@vwid@loff=\dimen331
\@vwid@roff=\dimen332
))
(/usr/local/texlive/2022/texmf-dist/tex/latex/pdfpages/pdfpages.sty
Package: pdfpages 2022/01/29 v0.5u Insert pages of external PDF documents (AM)

(/usr/local/texlive/2022/texmf-dist/tex/latex/base/ifthen.sty
Package: ifthen 2020/11/24 v1.1c Standard LaTeX ifthen package (DPC)
)
(/usr/local/texlive/2022/texmf-dist/tex/latex/tools/calc.sty
Package: calc 2017/05/25 v4.3 Infix arithmetic (KKT,FJ)
\calc@Acount=\count303
\calc@Bcount=\count304
\calc@Adimen=\dimen333
\calc@Bdimen=\dimen334
\calc@Askip=\skip64
\calc@Bskip=\skip65
LaTeX Info: Redefining \setlength on input line 80.
LaTeX Info: Redefining \addtolength on input line 81.
\calc@Ccount=\count305
\calc@Cskip=\skip66
)
(/usr/local/texlive/2022/texmf-dist/tex/latex/eso-pic/eso-pic.sty
Package: eso-pic 2020/10/14 v3.0a eso-pic (RN)
\ESO@tempdima=\dimen335
\ESO@tempdimb=\dimen336

(/usr/local/texlive/2022/texmf-dist/tex/latex/xcolor/xcolor.sty
Package: xcolor 2021/10/31 v2.13 LaTeX color extensions (UK)

(/usr/local/texlive/2022/texmf-dist/tex/latex/graphics-cfg/color.cfg
File: color.cfg 2016/01/02 v1.6 sample color configuration
)
Package xcolor Info: Driver file: pdftex.def on input line 227.

(/usr/local/texlive/2022/texmf-dist/tex/latex/graphics-def/pdftex.def
File: pdftex.def 2020/10/05 v1.2a Graphics/color driver for pdftex
)
Package xcolor Info: Model `cmy' substituted by `cmy0' on input line 1352.
Package xcolor Info: Model `RGB' extended on input line 1368.
Package xcolor Info: Model `HTML' substituted by `rgb' on input line 1370.
Package xcolor Info: Model `Hsb' substituted by `hsb' on input line 1371.
Package xcolor Info: Model `tHsb' substituted by `hsb' on input line 1372.
Package xcolor Info: Model `HSB' substituted by `hsb' on input line 1373.
Package xcolor Info: Model `Gray' substituted by `gray' on input line 1374.
Package xcolor Info: Model `wave' substituted by `hsb' on input line 1375.
))
\AM@pagewidth=\dimen337
\AM@pageheight=\dimen338
\AM@fboxrule=\dimen339

(/usr/local/texlive/2022/texmf-dist/tex/latex/pdfpages/pppdftex.def
File: pppdftex.def 2022/01/29 v0.5u Pdfpages driver for pdfTeX (AM)
)
\pdfpages@includegraphics@status=\count306
\AM@pagebox=\box63
\AM@global@opts=\toks34
\AM@pagecnt=\count307
\AM@toc@title=\toks35
\c@AM@survey=\count308
\AM@templatesizebox=\box64
)
(/usr/local/texlive/2022/texmf-dist/tex/latex/geometry/geometry.sty
Package: geometry 2020/01/02 v5.9 Page Geometry

(/usr/local/texlive/2022/texmf-dist/tex/generic/iftex/ifvtex.sty
Package: ifvtex 2019/10/25 v1.7 ifvtex legacy package. Use iftex instead.

(/usr/local/texlive/2022/texmf-dist/tex/generic/iftex/iftex.sty
Package: iftex 2022/02/03 v1.0f TeX engine tests
))
\Gm@cnth=\count309
\Gm@cntv=\count310
\c@Gm@tempcnt=\count311
\Gm@bindingoffset=\dimen340
\Gm@wd@mp=\dimen341
\Gm@odd@mp=\dimen342
\Gm@even@mp=\dimen343
\Gm@layoutwidth=\dimen344
\Gm@layoutheight=\dimen345
\Gm@layouthoffset=\dimen346
\Gm@layoutvoffset=\dimen347
\Gm@dimlist=\toks36
)
(/usr/local/texlive/2022/texmf-dist/tex/latex/hyperref/hyperref.sty
Package: hyperref 2022-02-21 v7.00n Hypertext links for LaTeX

(/usr/local/texlive/2022/texmf-dist/tex/generic/ltxcmds/ltxcmds.sty
Package: ltxcmds 2020-05-10 v1.25 LaTeX kernel commands for general use (HO)
)
(/usr/local/texlive/2022/texmf-dist/tex/generic/pdftexcmds/pdftexcmds.sty
Package: pdftexcmds 2020-06-27 v0.33 Utility functions of pdfTeX for LuaTeX (HO
)

(/usr/local/texlive/2022/texmf-dist/tex/generic/infwarerr/infwarerr.sty
Package: infwarerr 2019/12/03 v1.5 Providing info/warning/error messages (HO)
)
Package pdftexcmds Info: \pdf@primitive is available.
Package pdftexcmds Info: \pdf@ifprimitive is available.
Package pdftexcmds Info: \pdfdraftmode found.
)
(/usr/local/texlive/2022/texmf-dist/tex/generic/kvsetkeys/kvsetkeys.sty
Package: kvsetkeys 2019/12/15 v1.18 Key value parser (HO)
)
(/usr/local/texlive/2022/texmf-dist/tex/generic/kvdefinekeys/kvdefinekeys.sty
Package: kvdefinekeys 2019-12-19 v1.6 Define keys (HO)
)
(/usr/local/texlive/2022/texmf-dist/tex/generic/pdfescape/pdfescape.sty
Package: pdfescape 2019/12/09 v1.15 Implements pdfTeX's escape features (HO)
)
(/usr/local/texlive/2022/texmf-dist/tex/latex/hycolor/hycolor.sty
Package: hycolor 2020-01-27 v1.10 Color options for hyperref/bookmark (HO)
)
(/usr/local/texlive/2022/texmf-dist/tex/latex/letltxmacro/letltxmacro.sty
Package: letltxmacro 2019/12/03 v1.6 Let assignment for LaTeX macros (HO)
)
(/usr/local/texlive/2022/texmf-dist/tex/latex/auxhook/auxhook.sty
Package: auxhook 2019-12-17 v1.6 Hooks for auxiliary files (HO)
)
(/usr/local/texlive/2022/texmf-dist/tex/latex/kvoptions/kvoptions.sty
Package: kvoptions 2020-10-07 v3.14 Key value format for package options (HO)
)
\@linkdim=\dimen348
\Hy@linkcounter=\count312
\Hy@pagecounter=\count313

(/usr/local/texlive/2022/texmf-dist/tex/latex/hyperref/pd1enc.def
File: pd1enc.def 2022-02-21 v7.00n Hyperref: PDFDocEncoding definition (HO)
Now handling font encoding PD1 ...
... no UTF-8 mapping file for font encoding PD1
)
(/usr/local/texlive/2022/texmf-dist/tex/generic/intcalc/intcalc.sty
Package: intcalc 2019/12/15 v1.3 Expandable calculations with integers (HO)
)
(/usr/local/texlive/2022/texmf-dist/tex/generic/etexcmds/etexcmds.sty
Package: etexcmds 2019/12/15 v1.7 Avoid name clashes with e-TeX commands (HO)
)
\Hy@SavedSpaceFactor=\count314

(/usr/local/texlive/2022/texmf-dist/tex/latex/hyperref/puenc.def
File: puenc.def 2022-02-21 v7.00n Hyperref: PDF Unicode definition (HO)
Now handling font encoding PU ...
... no UTF-8 mapping file for font encoding PU
)
Package hyperref Info: Hyper figures OFF on input line 4137.
Package hyperref Info: Link nesting OFF on input line 4142.
Package hyperref Info: Hyper index ON on input line 4145.
Package hyperref Info: Plain pages OFF on input line 4152.
Package hyperref Info: Backreferencing OFF on input line 4157.
Package hyperref Info: Implicit mode ON; LaTeX internals redefined.
Package hyperref Info: Bookmarks ON on input line 4390.
\c@Hy@tempcnt=\count315

(/usr/local/texlive/2022/texmf-dist/tex/latex/url/url.sty
\Urlmuskip=\muskip17
Package: url 2013/09/16  ver 3.4  Verb mode for urls, etc.
)
LaTeX Info: Redefining \url on input line 4749.
\XeTeXLinkMargin=\dimen349

(/usr/local/texlive/2022/texmf-dist/tex/generic/bitset/bitset.sty
Package: bitset 2019/12/09 v1.3 Handle bit-vector datatype (HO)

(/usr/local/texlive/2022/texmf-dist/tex/generic/bigintcalc/bigintcalc.sty
Package: bigintcalc 2019/12/15 v1.5 Expandable calculations on big integers (HO
)
))
\Fld@menulength=\count316
\Field@Width=\dimen350
\Fld@charsize=\dimen351
Package hyperref Info: Hyper figures OFF on input line 6027.
Package hyperref Info: Link nesting OFF on input line 6032.
Package hyperref Info: Hyper index ON on input line 6035.
Package hyperref Info: backreferencing OFF on input line 6042.
Package hyperref Info: Link coloring OFF on input line 6047.
Package hyperref Info: Link coloring with OCG OFF on input line 6052.
Package hyperref Info: PDF/A mode OFF on input line 6057.
LaTeX Info: Redefining \ref on input line 6097.
LaTeX Info: Redefining \pageref on input line 6101.

(/usr/local/texlive/2022/texmf-dist/tex/latex/base/atbegshi-ltx.sty
Package: atbegshi-ltx 2021/01/10 v1.0c Emulation of the original atbegshi
package with kernel methods
)
\Hy@abspage=\count317
\c@Item=\count318
\c@Hfootnote=\count319
)
Package hyperref Info: Driver (autodetected): hpdftex.

(/usr/local/texlive/2022/texmf-dist/tex/latex/hyperref/hpdftex.def
File: hpdftex.def 2022-02-21 v7.00n Hyperref driver for pdfTeX

(/usr/local/texlive/2022/texmf-dist/tex/latex/base/atveryend-ltx.sty
Package: atveryend-ltx 2020/08/19 v1.0a Emulation of the original atveryend pac
kage
with kernel methods
)
\Fld@listcount=\count320
\c@bookmark@seq@number=\count321

(/usr/local/texlive/2022/texmf-dist/tex/latex/rerunfilecheck/rerunfilecheck.sty
Package: rerunfilecheck 2019/12/05 v1.9 Rerun checks for auxiliary files (HO)

(/usr/local/texlive/2022/texmf-dist/tex/generic/uniquecounter/uniquecounter.sty
Package: uniquecounter 2019/12/15 v1.4 Provide unlimited unique counter (HO)
)
Package uniquecounter Info: New unique counter `rerunfilecheck' on input line 2
86.
)
\Hy@SectionHShift=\skip67
) (/usr/local/texlive/2022/texmf-dist/tex/latex/bera/beramono.sty
Package: beramono 2004/01/31 (WaS)
)
(./mcode.sty
-- Package: `mcode' 2.7 <2015/11/11> --
Package: mcode 2015/11/11 2.7
 - settings optimized for display (colour formating)
 - line numbering enabled
 - literate programming (character replacements) enabled
 - automatic line breaking enabled (careful, buggy!)
 - framed listings
(/usr/local/texlive/2022/texmf-dist/tex/latex/listings/listings.sty
\lst@mode=\count322
\lst@gtempboxa=\box65
\lst@token=\toks37
\lst@length=\count323
\lst@currlwidth=\dimen352
\lst@column=\count324
\lst@pos=\count325
\lst@lostspace=\dimen353
\lst@width=\dimen354
\lst@newlines=\count326
\lst@lineno=\count327
\lst@maxwidth=\dimen355

(/usr/local/texlive/2022/texmf-dist/tex/latex/listings/lstmisc.sty
File: lstmisc.sty 2020/03/24 1.8d (Carsten Heinz)
\c@lstnumber=\count328
\lst@skipnumbers=\count329
\lst@framebox=\box66
)
(/usr/local/texlive/2022/texmf-dist/tex/latex/listings/listings.cfg
File: listings.cfg 2020/03/24 1.8d listings configuration
))
Package: listings 2020/03/24 1.8d (Carsten Heinz)
\lbreakdots=\box67
LaTeX Font Info:    Trying to load font information for T1+pcr on input line 23
0.

(/usr/local/texlive/2022/texmf-dist/tex/latex/psnfss/t1pcr.fd
File: t1pcr.fd 2001/06/04 font definitions for T1/pcr.
))
(/usr/local/texlive/2022/texmf-dist/tex/latex/upquote/upquote.sty
Package: upquote 2012/04/19 v1.3 upright-quote and grave-accent glyphs in verba
tim

(/usr/local/texlive/2022/texmf-dist/tex/latex/base/textcomp.sty
Package: textcomp 2020/02/02 v2.0n Standard LaTeX package
))
(/usr/local/texlive/2022/texmf-dist/tex/latex/listings/lstlang1.sty
File: lstlang1.sty 2020/03/24 1.8d listings language file
)
Package hyperref Info: Option `colorlinks' set `true' on input line 62.
Package hyperref Info: Option `breaklinks' set `true' on input line 62.


Package hyperref Warning: Option `backref' has already been used,
(hyperref)                setting the option has no effect on input line 62.

Package hyperref Info: Option `bookmarksnumbered' set `true' on input line 62.
LaTeX Info: Redefining \. on input line 66.
LaTeX Info: Redefining \% on input line 66.
(/usr/local/texlive/2022/texmf-dist/tex/latex/l3backend/l3backend-pdftex.def
File: l3backend-pdftex.def 2022-02-07 L3 backend support: PDF output (pdfTeX)
\l__color_backend_stack_int=\count330
\l__pdf_internal_box=\box68
)
(./pracMCIC_3_eng.aux
LaTeX Info: Redefining \. on input line 22.
LaTeX Info: Redefining \% on input line 22.
LaTeX Info: Redefining \. on input line 23.
LaTeX Info: Redefining \% on input line 23.
)
\openout1 = `pracMCIC_3_eng.aux'.

LaTeX Font Info:    Checking defaults for OML/cmm/m/it on input line 87.
LaTeX Font Info:    ... okay on input line 87.
LaTeX Font Info:    Checking defaults for OMS/cmsy/m/n on input line 87.
LaTeX Font Info:    ... okay on input line 87.
LaTeX Font Info:    Checking defaults for OT1/cmr/m/n on input line 87.
LaTeX Font Info:    ... okay on input line 87.
LaTeX Font Info:    Checking defaults for T1/cmr/m/n on input line 87.
LaTeX Font Info:    ... okay on input line 87.
LaTeX Font Info:    Checking defaults for TS1/cmr/m/n on input line 87.
LaTeX Font Info:    ... okay on input line 87.
LaTeX Font Info:    Checking defaults for OMX/cmex/m/n on input line 87.
LaTeX Font Info:    ... okay on input line 87.
LaTeX Font Info:    Checking defaults for U/cmr/m/n on input line 87.
LaTeX Font Info:    ... okay on input line 87.
LaTeX Font Info:    Checking defaults for PD1/pdf/m/n on input line 87.
LaTeX Font Info:    ... okay on input line 87.
LaTeX Font Info:    Checking defaults for PU/pdf/m/n on input line 87.
LaTeX Font Info:    ... okay on input line 87.
LaTeX Info: Redefining \. on input line 87.
LaTeX Info: Redefining \% on input line 87.
Package caption Info: Begin \AtBeginDocument code.
Package caption Info: hyperref package is loaded.
Package caption Info: listings package is loaded.
Package caption Info: End \AtBeginDocument code.

(/usr/local/texlive/2022/texmf-dist/tex/context/base/mkii/supp-pdf.mkii
[Loading MPS to PDF converter (version 2006.09.02).]
\scratchcounter=\count331
\scratchdimen=\dimen356
\scratchbox=\box69
\nofMPsegments=\count332
\nofMParguments=\count333
\everyMPshowfont=\toks38
\MPscratchCnt=\count334
\MPscratchDim=\dimen357
\MPnumerator=\count335
\makeMPintoPDFobject=\count336
\everyMPtoPDFconversion=\toks39
) (/usr/local/texlive/2022/texmf-dist/tex/latex/epstopdf-pkg/epstopdf-base.sty
Package: epstopdf-base 2020-01-24 v2.11 Base part for package epstopdf
Package epstopdf-base Info: Redefining graphics rule for `.eps' on input line 4
85.

(/usr/local/texlive/2022/texmf-dist/tex/latex/latexconfig/epstopdf-sys.cfg
File: epstopdf-sys.cfg 2010/07/13 v1.3 Configuration of (r)epstopdf for TeX Liv
e
))
(/usr/local/texlive/2022/texmf-dist/tex/latex/pdflscape/pdflscape.sty
Package: pdflscape 2019/12/05 v0.12 Display of landscape pages in PDF (HO)

(/usr/local/texlive/2022/texmf-dist/tex/latex/graphics/lscape.sty
Package: lscape 2020/05/28 v3.02 Landscape Pages (DPC)
)
Package pdflscape Info: Auto-detected driver: pdftex on input line 81.
)
*geometry* driver: auto-detecting
*geometry* detected driver: pdftex
*geometry* verbose mode - [ preamble ] result:
* driver: pdftex
* paper: a4paper
* layout: <same size as paper>
* layoutoffset:(h,v)=(0.0pt,0.0pt)
* modes: 
* h-part:(L,W,R)=(56.9055pt, 483.69684pt, 56.90553pt)
* v-part:(T,H,B)=(71.13188pt, 725.54527pt, 48.36969pt)
* \paperwidth=597.50787pt
* \paperheight=845.04684pt
* \textwidth=483.69684pt
* \textheight=725.54527pt
* \oddsidemargin=-15.36449pt
* \evensidemargin=-15.36449pt
* \topmargin=-38.1381pt
* \headheight=12.0pt
* \headsep=25.0pt
* \topskip=12.0pt
* \footskip=30.0pt
* \marginparwidth=35.0pt
* \marginparsep=10.0pt
* \columnsep=10.0pt
* \skip\footins=10.8pt plus 4.0pt minus 2.0pt
* \hoffset=0.0pt
* \voffset=0.0pt
* \mag=1000
* \@twocolumnfalse
* \@twosidefalse
* \@mparswitchfalse
* \@reversemarginfalse
* (1in=72.27pt=25.4mm, 1cm=28.453pt)

Package hyperref Info: Link coloring ON on input line 87.
(/usr/local/texlive/2022/texmf-dist/tex/latex/hyperref/nameref.sty
Package: nameref 2021-04-02 v2.47 Cross-referencing by name of section

(/usr/local/texlive/2022/texmf-dist/tex/latex/refcount/refcount.sty
Package: refcount 2019/12/15 v3.6 Data extraction from label references (HO)
)
(/usr/local/texlive/2022/texmf-dist/tex/generic/gettitlestring/gettitlestring.s
ty
Package: gettitlestring 2019/12/15 v1.6 Cleanup title references (HO)
)
\c@section@level=\count337
)
LaTeX Info: Redefining \ref on input line 87.
LaTeX Info: Redefining \pageref on input line 87.
LaTeX Info: Redefining \nameref on input line 87.
 (./pracMCIC_3_eng.out) (./pracMCIC_3_eng.out)
\@outlinefile=\write3
\openout3 = `pracMCIC_3_eng.out'.

\c@lstlisting=\count338
<figuras/barra_portada.png, id=80, 860.21375pt x 442.65375pt>
File: figuras/barra_portada.png Graphic file (type png)
<use figuras/barra_portada.png>
Package pdftex.def Info: figuras/barra_portada.png  used on input line 98.
(pdftex.def)             Requested size: 314.39998pt x 161.78677pt.
LaTeX Font Info:    Trying to load font information for U+msa on input line 98.


(/usr/local/texlive/2022/texmf-dist/tex/latex/amsfonts/umsa.fd
File: umsa.fd 2013/01/14 v3.01 AMS symbols A
)
LaTeX Font Info:    Trying to load font information for U+msb on input line 98.


(/usr/local/texlive/2022/texmf-dist/tex/latex/amsfonts/umsb.fd
File: umsb.fd 2013/01/14 v3.01 AMS symbols B
)
LaTeX Font Info:    Trying to load font information for U+rsfs on input line 98
.

(/usr/local/texlive/2022/texmf-dist/tex/latex/jknapltx/ursfs.fd
File: ursfs.fd 1998/03/24 rsfs font definition file (jk)
)
(./pracMCIC_3_eng.toc
LaTeX Info: Redefining \. on input line 1.
LaTeX Info: Redefining \% on input line 1.
LaTeX Info: Redefining \. on input line 2.
LaTeX Info: Redefining \% on input line 2.
LaTeX Font Info:    Trying to load font information for T1+fvm on input line 14
.

(/usr/local/texlive/2022/texmf-dist/tex/latex/bera/t1fvm.fd
File: t1fvm.fd 2004/09/07 scalable font definitions for T1/fvm.
)
LaTeX Font Info:    Font shape `T1/fvm/m/n' will be
(Font)              scaled to size 10.79993pt on input line 14.
)
\tf@toc=\write4
\openout4 = `pracMCIC_3_eng.toc'.

 [1
Non-PDF special ignored!
<special> papersize=597.50787pt,845.04684pt

{/usr/local/texlive/2022/texmf-var/fonts/map/pdftex/updmap/pdftex.map} <./figur
as/barra_portada.png>]
<figuras/1D.pdf, id=115, 458.69969pt x 164.51964pt>
File: figuras/1D.pdf Graphic file (type pdf)
<use figuras/1D.pdf>
Package pdftex.def Info: figuras/1D.pdf  used on input line 144.
(pdftex.def)             Requested size: 386.95894pt x 138.7905pt.
LaTeX Info: Redefining \. on input line 161.
LaTeX Info: Redefining \% on input line 161.
LaTeX Font Info:    Trying to load font information for T1+cmss on input line 1
61.

(/usr/local/texlive/2022/texmf-dist/tex/latex/base/t1cmss.fd
File: t1cmss.fd 2019/12/16 v2.5j Standard LaTeX font definitions
)

Package fancyhdr Warning: \headheight is too small (12.0pt): 
(fancyhdr)                Make it at least 14.49998pt, for example:
(fancyhdr)                \setlength{\headheight}{14.49998pt}.
(fancyhdr)                You might also make \topmargin smaller to compensate:

(fancyhdr)                \addtolength{\topmargin}{-2.49998pt}.

[2

]
Underfull \hbox (badness 10000) in paragraph at lines 178--179

 []

LaTeX Info: Redefining \. on input line 193.
LaTeX Info: Redefining \% on input line 193.

Package fancyhdr Warning: \headheight is too small (12.0pt): 
(fancyhdr)                Make it at least 14.49998pt, for example:
(fancyhdr)                \setlength{\headheight}{14.49998pt}.
(fancyhdr)                You might also make \topmargin smaller to compensate:

(fancyhdr)                \addtolength{\topmargin}{-2.49998pt}.

[3 <./figuras/1D.pdf>]
LaTeX Info: Redefining \. on input line 239.
LaTeX Info: Redefining \% on input line 239.


Package fancyhdr Warning: \headheight is too small (12.0pt): 
(fancyhdr)                Make it at least 14.49998pt, for example:
(fancyhdr)                \setlength{\headheight}{14.49998pt}.
(fancyhdr)                You might also make \topmargin smaller to compensate:

(fancyhdr)                \addtolength{\topmargin}{-2.49998pt}.

[4]
LaTeX Info: Redefining \. on input line 278.
LaTeX Info: Redefining \% on input line 278.


Package fancyhdr Warning: \headheight is too small (12.0pt): 
(fancyhdr)                Make it at least 14.49998pt, for example:
(fancyhdr)                \setlength{\headheight}{14.49998pt}.
(fancyhdr)                You might also make \topmargin smaller to compensate:

(fancyhdr)                \addtolength{\topmargin}{-2.49998pt}.

[5]
<figuras/func_forma1.pdf, id=197, 270.00874pt x 194.7275pt>
File: figuras/func_forma1.pdf Graphic file (type pdf)
<use figuras/func_forma1.pdf>
Package pdftex.def Info: figuras/func_forma1.pdf  used on input line 308.
(pdftex.def)             Requested size: 290.22105pt x 209.31013pt.
LaTeX Info: Redefining \. on input line 340.
LaTeX Info: Redefining \% on input line 340.


Package fancyhdr Warning: \headheight is too small (12.0pt): 
(fancyhdr)                Make it at least 14.49998pt, for example:
(fancyhdr)                \setlength{\headheight}{14.49998pt}.
(fancyhdr)                You might also make \topmargin smaller to compensate:

(fancyhdr)                \addtolength{\topmargin}{-2.49998pt}.

[6]
LaTeX Info: Redefining \. on input line 367.
LaTeX Info: Redefining \% on input line 367.


Package fancyhdr Warning: \headheight is too small (12.0pt): 
(fancyhdr)                Make it at least 14.49998pt, for example:
(fancyhdr)                \setlength{\headheight}{14.49998pt}.
(fancyhdr)                You might also make \topmargin smaller to compensate:

(fancyhdr)                \addtolength{\topmargin}{-2.49998pt}.

[7
pdfTeX warning (ext4): destination with the same identifier (name{equation.2.24
}) has been already used, duplicate ignored
<argument> ...shipout:D \box_use:N \l_shipout_box 
                                                  \__shipout_drop_firstpage_...
l.367 $$
         <./figuras/func_forma1.pdf>]
LaTeX Info: Redefining \. on input line 392.
LaTeX Info: Redefining \% on input line 392.


Package fancyhdr Warning: \headheight is too small (12.0pt): 
(fancyhdr)                Make it at least 14.49998pt, for example:
(fancyhdr)                \setlength{\headheight}{14.49998pt}.
(fancyhdr)                You might also make \topmargin smaller to compensate:

(fancyhdr)                \addtolength{\topmargin}{-2.49998pt}.

[8]
Underfull \hbox (badness 10000) in paragraph at lines 394--395

 []

LaTeX Info: Redefining \. on input line 416.
LaTeX Info: Redefining \% on input line 416.

Package fancyhdr Warning: \headheight is too small (12.0pt): 
(fancyhdr)                Make it at least 14.49998pt, for example:
(fancyhdr)                \setlength{\headheight}{14.49998pt}.
(fancyhdr)                You might also make \topmargin smaller to compensate:

(fancyhdr)                \addtolength{\topmargin}{-2.49998pt}.

[9

]
<figuras/esquema.pdf, id=268, 204.765pt x 106.3975pt>
File: figuras/esquema.pdf Graphic file (type pdf)
<use figuras/esquema.pdf>
Package pdftex.def Info: figuras/esquema.pdf  used on input line 426.
(pdftex.def)             Requested size: 338.5863pt x 175.94441pt.

Overfull \hbox (72.782pt too wide) in paragraph at lines 445--446
\T1/cmr/m/n/12 using the in-ter-nal dis-pla-ce-ment in-ter-po-la-tion of each f
i-ni-te ele-ment, $[]$ 
 []

LaTeX Font Info:    Font shape `T1/fvm/b/n' will be
(Font)              scaled to size 12.9599pt on input line 451.
<capturas/solid.png, id=271, 235.88126pt x 477.785pt>
File: capturas/solid.png Graphic file (type png)
<use capturas/solid.png>
Package pdftex.def Info: capturas/solid.png  used on input line 460.
(pdftex.def)             Requested size: 120.29784pt x 243.66711pt.
<capturas/rectangulo.png, id=272, 147.55125pt x 500.87125pt>
File: capturas/rectangulo.png Graphic file (type png)
<use capturas/rectangulo.png>
Package pdftex.def Info: capturas/rectangulo.png  used on input line 465.
(pdftex.def)             Requested size: 73.77544pt x 250.435pt.
LaTeX Info: Redefining \. on input line 473.
LaTeX Info: Redefining \% on input line 473.

Package fancyhdr Warning: \headheight is too small (12.0pt): 
(fancyhdr)                Make it at least 14.49998pt, for example:
(fancyhdr)                \setlength{\headheight}{14.49998pt}.
(fancyhdr)                You might also make \topmargin smaller to compensate:

(fancyhdr)                \addtolength{\topmargin}{-2.49998pt}.

[10

 <./figuras/esquema.pdf>]
<capturas/sec1.png, id=297, 870.25125pt x 592.2125pt>
File: capturas/sec1.png Graphic file (type png)
<use capturas/sec1.png>
Package pdftex.def Info: capturas/sec1.png  used on input line 476.
(pdftex.def)             Requested size: 348.09433pt x 236.8808pt.
<capturas/sec2.png, id=298, 1056.94875pt x 598.235pt>
File: capturas/sec2.png Graphic file (type png)
<use capturas/sec2.png>
Package pdftex.def Info: capturas/sec2.png  used on input line 482.
(pdftex.def)             Requested size: 317.08707pt x 179.47188pt.
LaTeX Info: Redefining \. on input line 491.
LaTeX Info: Redefining \% on input line 491.


Package fancyhdr Warning: \headheight is too small (12.0pt): 
(fancyhdr)                Make it at least 14.49998pt, for example:
(fancyhdr)                \setlength{\headheight}{14.49998pt}.
(fancyhdr)                You might also make \topmargin smaller to compensate:

(fancyhdr)                \addtolength{\topmargin}{-2.49998pt}.

[11 <./capturas/solid.png> <./capturas/rectangulo.png> <./capturas/sec1.png>]
<capturas/prop0.png, id=315, 676.5275pt x 675.52374pt>
File: capturas/prop0.png Graphic file (type png)
<use capturas/prop0.png>
Package pdftex.def Info: capturas/prop0.png  used on input line 497.
(pdftex.def)             Requested size: 270.6062pt x 270.20471pt.
<capturas/prop1.png, id=316, 313.17pt x 258.9675pt>
File: capturas/prop1.png Graphic file (type png)
<use capturas/prop1.png>
Package pdftex.def Info: capturas/prop1.png  used on input line 507.
(pdftex.def)             Requested size: 93.95172pt x 77.69084pt.
<capturas/prop2.png, id=317, 1208.515pt x 631.35875pt>
File: capturas/prop2.png Graphic file (type png)
<use capturas/prop2.png>
Package pdftex.def Info: capturas/prop2.png  used on input line 512.
(pdftex.def)             Requested size: 386.7327pt x 202.03893pt.

Overfull \hbox (7.22594pt too wide) in paragraph at lines 511--513
[] [] 
 []

LaTeX Info: Redefining \. on input line 519.
LaTeX Info: Redefining \% on input line 519.

Package fancyhdr Warning: \headheight is too small (12.0pt): 
(fancyhdr)                Make it at least 14.49998pt, for example:
(fancyhdr)                \setlength{\headheight}{14.49998pt}.
(fancyhdr)                You might also make \topmargin smaller to compensate:

(fancyhdr)                \addtolength{\topmargin}{-2.49998pt}.

[12 <./capturas/sec2.png> <./capturas/prop0.png>]
LaTeX Info: Redefining \. on input line 519.
LaTeX Info: Redefining \% on input line 519.


Package fancyhdr Warning: \headheight is too small (12.0pt): 
(fancyhdr)                Make it at least 14.49998pt, for example:
(fancyhdr)                \setlength{\headheight}{14.49998pt}.
(fancyhdr)                You might also make \topmargin smaller to compensate:

(fancyhdr)                \addtolength{\topmargin}{-2.49998pt}.

[13 <./capturas/prop1.png> <./capturas/prop2.png>]
<capturas/14-assembly.png, id=334, 376.40625pt x 422.57875pt>
File: capturas/14-assembly.png Graphic file (type png)
<use capturas/14-assembly.png>
Package pdftex.def Info: capturas/14-assembly.png  used on input line 527.
(pdftex.def)             Requested size: 150.55983pt x 169.0285pt.
<capturas/15-step.png, id=336, 337.26pt x 441.65pt>
File: capturas/15-step.png Graphic file (type png)
<use capturas/15-step.png>
Package pdftex.def Info: capturas/15-step.png  used on input line 542.
(pdftex.def)             Requested size: 134.9016pt x 176.65686pt.
<capturas/16-step.png, id=337, 658.46pt x 572.1375pt>
File: capturas/16-step.png Graphic file (type png)
<use capturas/16-step.png>
Package pdftex.def Info: capturas/16-step.png  used on input line 546.
(pdftex.def)             Requested size: 263.37933pt x 228.85094pt.
LaTeX Info: Redefining \. on input line 552.
LaTeX Info: Redefining \% on input line 552.


Package fancyhdr Warning: \headheight is too small (12.0pt): 
(fancyhdr)                Make it at least 14.49998pt, for example:
(fancyhdr)                \setlength{\headheight}{14.49998pt}.
(fancyhdr)                You might also make \topmargin smaller to compensate:

(fancyhdr)                \addtolength{\topmargin}{-2.49998pt}.

[14

 <./capturas/14-assembly.png> <./capturas/15-step.png> <./capturas/16-step.png>
]
<capturas/load1.png, id=345, 440.64626pt x 376.40625pt>
File: capturas/load1.png Graphic file (type png)
<use capturas/load1.png>
Package pdftex.def Info: capturas/load1.png  used on input line 561.
(pdftex.def)             Requested size: 176.25537pt x 150.55983pt.
<capturas/load2.png, id=346, 741.77126pt x 450.68375pt>
File: capturas/load2.png Graphic file (type png)
<use capturas/load2.png>
Package pdftex.def Info: capturas/load2.png  used on input line 565.
(pdftex.def)             Requested size: 259.62383pt x 157.74167pt.
<capturas/load3.png, id=348, 960.58875pt x 514.92375pt>
File: capturas/load3.png Graphic file (type png)
<use capturas/load3.png>
Package pdftex.def Info: capturas/load3.png  used on input line 575.
(pdftex.def)             Requested size: 384.22868pt x 205.96585pt.
LaTeX Info: Redefining \. on input line 582.
LaTeX Info: Redefining \% on input line 582.


Package fancyhdr Warning: \headheight is too small (12.0pt): 
(fancyhdr)                Make it at least 14.49998pt, for example:
(fancyhdr)                \setlength{\headheight}{14.49998pt}.
(fancyhdr)                You might also make \topmargin smaller to compensate:

(fancyhdr)                \addtolength{\topmargin}{-2.49998pt}.

[15

 <./capturas/load1.png> <./capturas/load2.png> <./capturas/load3.png>]
<capturas/load4.png, id=361, 1042.89626pt x 632.3625pt>
File: capturas/load4.png Graphic file (type png)
<use capturas/load4.png>
Package pdftex.def Info: capturas/load4.png  used on input line 588.
(pdftex.def)             Requested size: 333.73363pt x 202.36014pt.
<capturas/load5.png, id=362, 320.19624pt x 452.69125pt>
File: capturas/load5.png Graphic file (type png)
<use capturas/load5.png>
Package pdftex.def Info: capturas/load5.png  used on input line 593.
(pdftex.def)             Requested size: 147.29205pt x 208.2405pt.

Underfull \hbox (badness 10000) in paragraph at lines 592--594
[]
 []


Overfull \hbox (26.36784pt too wide) in paragraph at lines 592--594
[] 
 []

<capturas/load6.png, id=364, 1031.855pt x 628.3475pt>
File: capturas/load6.png Graphic file (type png)
<use capturas/load6.png>
Package pdftex.def Info: capturas/load6.png  used on input line 606.
(pdftex.def)             Requested size: 361.15466pt x 219.92491pt.
LaTeX Info: Redefining \. on input line 612.
LaTeX Info: Redefining \% on input line 612.

Package fancyhdr Warning: \headheight is too small (12.0pt): 
(fancyhdr)                Make it at least 14.49998pt, for example:
(fancyhdr)                \setlength{\headheight}{14.49998pt}.
(fancyhdr)                You might also make \topmargin smaller to compensate:

(fancyhdr)                \addtolength{\topmargin}{-2.49998pt}.

[16

 <./capturas/load4.png> <./capturas/load5.png> <./capturas/load6.png>]
<capturas/load7.png, id=373, 489.83pt x 262.9825pt>
File: capturas/load7.png Graphic file (type png)
<use capturas/load7.png>
Package pdftex.def Info: capturas/load7.png  used on input line 615.
(pdftex.def)             Requested size: 416.35745pt x 223.53616pt.
<capturas/load8.png, id=375, 1086.0575pt x 590.205pt>
File: capturas/load8.png Graphic file (type png)
<use capturas/load8.png>
Package pdftex.def Info: capturas/load8.png  used on input line 624.
(pdftex.def)             Requested size: 412.70613pt x 224.28023pt.
LaTeX Info: Redefining \. on input line 629.
LaTeX Info: Redefining \% on input line 629.


Package fancyhdr Warning: \headheight is too small (12.0pt): 
(fancyhdr)                Make it at least 14.49998pt, for example:
(fancyhdr)                \setlength{\headheight}{14.49998pt}.
(fancyhdr)                You might also make \topmargin smaller to compensate:

(fancyhdr)                \addtolength{\topmargin}{-2.49998pt}.

[17

 <./capturas/load7.png> <./capturas/load8.png>]
<capturas/29-mesh.png, id=386, 442.65375pt x 379.4175pt>
File: capturas/29-mesh.png Graphic file (type png)
<use capturas/29-mesh.png>
Package pdftex.def Info: capturas/29-mesh.png  used on input line 647.
(pdftex.def)             Requested size: 241.84842pt x 207.30237pt.

Overfull \hbox (4.83432pt too wide) in paragraph at lines 647--647
[][] 
 []

<capturas/30-mesh-x.png, id=387, 408.52625pt x 344.28625pt>
File: capturas/30-mesh-x.png Graphic file (type png)
<use capturas/30-mesh-x.png>
Package pdftex.def Info: capturas/30-mesh-x.png  used on input line 653.
(pdftex.def)             Requested size: 241.84842pt x 203.82056pt.

Overfull \hbox (4.83432pt too wide) in paragraph at lines 653--653
[][] 
 []


Overfull \hbox (2.07849pt too wide) in paragraph at lines 647--654
[][] [] 
 []

<capturas/31-mesh.png, id=389, 687.56876pt x 541.02126pt>
File: capturas/31-mesh.png Graphic file (type png)
<use capturas/31-mesh.png>
Package pdftex.def Info: capturas/31-mesh.png  used on input line 662.
(pdftex.def)             Requested size: 275.02263pt x 216.40466pt.
LaTeX Info: Redefining \. on input line 669.
LaTeX Info: Redefining \% on input line 669.

Package fancyhdr Warning: \headheight is too small (12.0pt): 
(fancyhdr)                Make it at least 14.49998pt, for example:
(fancyhdr)                \setlength{\headheight}{14.49998pt}.
(fancyhdr)                You might also make \topmargin smaller to compensate:

(fancyhdr)                \addtolength{\topmargin}{-2.49998pt}.

[18

 <./capturas/29-mesh.png> <./capturas/30-mesh-x.png> <./capturas/31-mesh.png>]
<capturas/mesh1.png, id=401, 1205.50375pt x 595.22375pt>
File: capturas/mesh1.png Graphic file (type png)
<use capturas/mesh1.png>
Package pdftex.def Info: capturas/mesh1.png  used on input line 672.
(pdftex.def)             Requested size: 482.19296pt x 238.08528pt.
<capturas/mesh2.png, id=402, 1062.97125pt x 569.12625pt>
File: capturas/mesh2.png Graphic file (type png)
<use capturas/mesh2.png>
Package pdftex.def Info: capturas/mesh2.png  used on input line 679.
(pdftex.def)             Requested size: 425.18097pt x 227.64647pt.
LaTeX Info: Redefining \. on input line 684.
LaTeX Info: Redefining \% on input line 684.


Package fancyhdr Warning: \headheight is too small (12.0pt): 
(fancyhdr)                Make it at least 14.49998pt, for example:
(fancyhdr)                \setlength{\headheight}{14.49998pt}.
(fancyhdr)                You might also make \topmargin smaller to compensate:

(fancyhdr)                \addtolength{\topmargin}{-2.49998pt}.

[19

 <./capturas/mesh1.png> <./capturas/mesh2.png>]
<capturas/37-job.png, id=412, 629.35126pt x 436.63126pt>
File: capturas/37-job.png Graphic file (type png)
<use capturas/37-job.png>
Package pdftex.def Info: capturas/37-job.png  used on input line 691.
(pdftex.def)             Requested size: 314.67485pt x 218.3151pt.
<capturas/38-job.png, id=414, 653.44125pt x 294.09875pt>
File: capturas/38-job.png Graphic file (type png)
<use capturas/38-job.png>
Package pdftex.def Info: capturas/38-job.png  used on input line 700.
(pdftex.def)             Requested size: 326.71982pt x 147.04901pt.
LaTeX Info: Redefining \. on input line 707.
LaTeX Info: Redefining \% on input line 707.


Package fancyhdr Warning: \headheight is too small (12.0pt): 
(fancyhdr)                Make it at least 14.49998pt, for example:
(fancyhdr)                \setlength{\headheight}{14.49998pt}.
(fancyhdr)                You might also make \topmargin smaller to compensate:

(fancyhdr)                \addtolength{\topmargin}{-2.49998pt}.

[20

 <./capturas/37-job.png> <./capturas/38-job.png>]
<capturas/res1.png, id=422, 1412.27625pt x 620.3175pt>
File: capturas/res1.png Graphic file (type png)
<use capturas/res1.png>
Package pdftex.def Info: capturas/res1.png  used on input line 714.
(pdftex.def)             Requested size: 494.3041pt x 217.11438pt.

Overfull \hbox (10.60725pt too wide) in paragraph at lines 714--715
 [][] 
 []

<capturas/path.pdf, id=425, 668.99937pt x 276.53313pt>
File: capturas/path.pdf Graphic file (type pdf)
<use capturas/path.pdf>
Package pdftex.def Info: capturas/path.pdf  used on input line 723.
(pdftex.def)             Requested size: 501.7483pt x 207.39932pt.

Overfull \hbox (18.05147pt too wide) in paragraph at lines 723--724
 [][] 
 []

LaTeX Info: Redefining \. on input line 727.
LaTeX Info: Redefining \% on input line 727.

Package fancyhdr Warning: \headheight is too small (12.0pt): 
(fancyhdr)                Make it at least 14.49998pt, for example:
(fancyhdr)                \setlength{\headheight}{14.49998pt}.
(fancyhdr)                You might also make \topmargin smaller to compensate:

(fancyhdr)                \addtolength{\topmargin}{-2.49998pt}.

[21

 <./capturas/res1.png> <./capturas/path.pdf>]
<capturas/path2.png, id=453, 424.58624pt x 374.39874pt>
File: capturas/path2.png Graphic file (type png)
<use capturas/path2.png>
Package pdftex.def Info: capturas/path2.png  used on input line 731.
(pdftex.def)             Requested size: 233.52315pt x 205.91994pt.
<capturas/U-data.pdf, id=455, 1076.50179pt x 587.78697pt>
File: capturas/U-data.pdf Graphic file (type pdf)
<use capturas/U-data.pdf>
Package pdftex.def Info: capturas/U-data.pdf  used on input line 740.
(pdftex.def)             Requested size: 484.42134pt x 264.5017pt.

Overfull \hbox (0.7245pt too wide) in paragraph at lines 740--741
 [][] 
 []

LaTeX Info: Redefining \. on input line 746.
LaTeX Info: Redefining \% on input line 746.

Package fancyhdr Warning: \headheight is too small (12.0pt): 
(fancyhdr)                Make it at least 14.49998pt, for example:
(fancyhdr)                \setlength{\headheight}{14.49998pt}.
(fancyhdr)                You might also make \topmargin smaller to compensate:

(fancyhdr)                \addtolength{\topmargin}{-2.49998pt}.

[22

 <./capturas/path2.png> <./capturas/U-data.pdf>]
<capturas/U-data2.png, id=486, 1137.24875pt x 560.0925pt>
File: capturas/U-data2.png Graphic file (type png)
<use capturas/U-data2.png>
Package pdftex.def Info: capturas/U-data2.png  used on input line 749.
(pdftex.def)             Requested size: 511.75722pt x 252.03929pt.

Overfull \hbox (28.06038pt too wide) in paragraph at lines 749--750
 [][] 
 []

<capturas/S-data.png, id=488, 1134.2375pt x 556.0775pt>
File: capturas/S-data.png Graphic file (type png)
<use capturas/S-data.png>
Package pdftex.def Info: capturas/S-data.png  used on input line 760.
(pdftex.def)             Requested size: 510.40216pt x 250.23256pt.

Overfull \hbox (26.70532pt too wide) in paragraph at lines 760--761
 [][] 
 []

LaTeX Info: Redefining \. on input line 766.
LaTeX Info: Redefining \% on input line 766.

Package fancyhdr Warning: \headheight is too small (12.0pt): 
(fancyhdr)                Make it at least 14.49998pt, for example:
(fancyhdr)                \setlength{\headheight}{14.49998pt}.
(fancyhdr)                You might also make \topmargin smaller to compensate:

(fancyhdr)                \addtolength{\topmargin}{-2.49998pt}.

[23

 <./capturas/U-data2.png> <./capturas/S-data.png>]
<capturas/out1.png, id=498, 431.6125pt x 649.42625pt>
File: capturas/out1.png Graphic file (type png)
<use capturas/out1.png>
Package pdftex.def Info: capturas/out1.png  used on input line 772.
(pdftex.def)             Requested size: 151.06664pt x 227.3026pt.
<capturas/out2.png, id=499, 431.6125pt x 647.41875pt>
File: capturas/out2.png Graphic file (type png)
<use capturas/out2.png>
Package pdftex.def Info: capturas/out2.png  used on input line 777.
(pdftex.def)             Requested size: 151.06664pt x 226.59995pt.
LaTeX Info: Redefining \. on input line 784.
LaTeX Info: Redefining \% on input line 784.


Package fancyhdr Warning: \headheight is too small (12.0pt): 
(fancyhdr)                Make it at least 14.49998pt, for example:
(fancyhdr)                \setlength{\headheight}{14.49998pt}.
(fancyhdr)                You might also make \topmargin smaller to compensate:

(fancyhdr)                \addtolength{\topmargin}{-2.49998pt}.

[24 <./capturas/out1.png> <./capturas/out2.png>]
Underfull \hbox (badness 10000) in paragraph at lines 790--791

 []


Underfull \hbox (badness 10000) in paragraph at lines 792--793

 []

<python_to_tex/el_fin2d_OK.pdf, id=510, 614.295pt x 794.97pt>
File: python_to_tex/el_fin2d_OK.pdf Graphic file (type pdf)
<use python_to_tex/el_fin2d_OK.pdf>
Package pdftex.def Info: python_to_tex/el_fin2d_OK.pdf  used on input line 803.

(pdftex.def)             Requested size: 614.29349pt x 794.96806pt.
File: python_to_tex/el_fin2d_OK.pdf Graphic file (type pdf)
<use python_to_tex/el_fin2d_OK.pdf>
Package pdftex.def Info: python_to_tex/el_fin2d_OK.pdf  used on input line 803.

(pdftex.def)             Requested size: 614.29349pt x 794.96806pt.
<python_to_tex/el_fin2d_OK.pdf, id=513, page=1, 614.295pt x 794.97pt>
File: python_to_tex/el_fin2d_OK.pdf Graphic file (type pdf)
<use python_to_tex/el_fin2d_OK.pdf, page 1>
Package pdftex.def Info: python_to_tex/el_fin2d_OK.pdf , page1 used on input li
ne 803.
(pdftex.def)             Requested size: 614.29349pt x 794.96806pt.
File: python_to_tex/el_fin2d_OK.pdf Graphic file (type pdf)
<use python_to_tex/el_fin2d_OK.pdf, page 1>
Package pdftex.def Info: python_to_tex/el_fin2d_OK.pdf , page1 used on input li
ne 803.
(pdftex.def)             Requested size: 597.78697pt x 773.60669pt.
LaTeX Info: Redefining \. on input line 803.
LaTeX Info: Redefining \% on input line 803.

Package fancyhdr Warning: \headheight is too small (12.0pt): 
(fancyhdr)                Make it at least 14.49998pt, for example:
(fancyhdr)                \setlength{\headheight}{14.49998pt}.
(fancyhdr)                You might also make \topmargin smaller to compensate:

(fancyhdr)                \addtolength{\topmargin}{-2.49998pt}.

[25

]
File: python_to_tex/el_fin2d_OK.pdf Graphic file (type pdf)
<use python_to_tex/el_fin2d_OK.pdf, page 1>
Package pdftex.def Info: python_to_tex/el_fin2d_OK.pdf , page1 used on input li
ne 803.
(pdftex.def)             Requested size: 597.78697pt x 773.60669pt.
File: python_to_tex/el_fin2d_OK.pdf Graphic file (type pdf)
<use python_to_tex/el_fin2d_OK.pdf, page 1>
Package pdftex.def Info: python_to_tex/el_fin2d_OK.pdf , page1 used on input li
ne 803.
(pdftex.def)             Requested size: 597.78697pt x 773.60669pt.
File: python_to_tex/el_fin2d_OK.pdf Graphic file (type pdf)
<use python_to_tex/el_fin2d_OK.pdf, page 1>
Package pdftex.def Info: python_to_tex/el_fin2d_OK.pdf , page1 used on input li
ne 803.
(pdftex.def)             Requested size: 597.78697pt x 773.60669pt.
 [26 <./python_to_tex/el_fin2d_OK.pdf>]
<python_to_tex/el_fin2d_OK.pdf, id=547, page=2, 614.295pt x 794.97pt>
File: python_to_tex/el_fin2d_OK.pdf Graphic file (type pdf)
<use python_to_tex/el_fin2d_OK.pdf, page 2>
Package pdftex.def Info: python_to_tex/el_fin2d_OK.pdf , page2 used on input li
ne 803.
(pdftex.def)             Requested size: 597.78697pt x 773.60669pt.
File: python_to_tex/el_fin2d_OK.pdf Graphic file (type pdf)
<use python_to_tex/el_fin2d_OK.pdf, page 2>
Package pdftex.def Info: python_to_tex/el_fin2d_OK.pdf , page2 used on input li
ne 803.
(pdftex.def)             Requested size: 597.78697pt x 773.60669pt.
File: python_to_tex/el_fin2d_OK.pdf Graphic file (type pdf)
<use python_to_tex/el_fin2d_OK.pdf, page 2>
Package pdftex.def Info: python_to_tex/el_fin2d_OK.pdf , page2 used on input li
ne 803.
(pdftex.def)             Requested size: 597.78697pt x 773.60669pt.
 [27 <./python_to_tex/el_fin2d_OK.pdf>]
<python_to_tex/el_fin2d_OK.pdf, id=552, page=3, 614.295pt x 794.97pt>
File: python_to_tex/el_fin2d_OK.pdf Graphic file (type pdf)
<use python_to_tex/el_fin2d_OK.pdf, page 3>
Package pdftex.def Info: python_to_tex/el_fin2d_OK.pdf , page3 used on input li
ne 803.
(pdftex.def)             Requested size: 597.78697pt x 773.60669pt.
File: python_to_tex/el_fin2d_OK.pdf Graphic file (type pdf)
<use python_to_tex/el_fin2d_OK.pdf, page 3>
Package pdftex.def Info: python_to_tex/el_fin2d_OK.pdf , page3 used on input li
ne 803.
(pdftex.def)             Requested size: 597.78697pt x 773.60669pt.
File: python_to_tex/el_fin2d_OK.pdf Graphic file (type pdf)
<use python_to_tex/el_fin2d_OK.pdf, page 3>
Package pdftex.def Info: python_to_tex/el_fin2d_OK.pdf , page3 used on input li
ne 803.
(pdftex.def)             Requested size: 597.78697pt x 773.60669pt.
 [28 <./python_to_tex/el_fin2d_OK.pdf>]
<python_to_tex/el_fin2d_OK.pdf, id=566, page=4, 614.295pt x 794.97pt>
File: python_to_tex/el_fin2d_OK.pdf Graphic file (type pdf)
<use python_to_tex/el_fin2d_OK.pdf, page 4>
Package pdftex.def Info: python_to_tex/el_fin2d_OK.pdf , page4 used on input li
ne 803.
(pdftex.def)             Requested size: 597.78697pt x 773.60669pt.
File: python_to_tex/el_fin2d_OK.pdf Graphic file (type pdf)
<use python_to_tex/el_fin2d_OK.pdf, page 4>
Package pdftex.def Info: python_to_tex/el_fin2d_OK.pdf , page4 used on input li
ne 803.
(pdftex.def)             Requested size: 597.78697pt x 773.60669pt.
File: python_to_tex/el_fin2d_OK.pdf Graphic file (type pdf)
<use python_to_tex/el_fin2d_OK.pdf, page 4>
Package pdftex.def Info: python_to_tex/el_fin2d_OK.pdf , page4 used on input li
ne 803.
(pdftex.def)             Requested size: 597.78697pt x 773.60669pt.
 [29 <./python_to_tex/el_fin2d_OK.pdf>]
<python_to_tex/el_fin2d_OK.pdf, id=577, page=5, 614.295pt x 794.97pt>
File: python_to_tex/el_fin2d_OK.pdf Graphic file (type pdf)
<use python_to_tex/el_fin2d_OK.pdf, page 5>
Package pdftex.def Info: python_to_tex/el_fin2d_OK.pdf , page5 used on input li
ne 803.
(pdftex.def)             Requested size: 597.78697pt x 773.60669pt.
File: python_to_tex/el_fin2d_OK.pdf Graphic file (type pdf)
<use python_to_tex/el_fin2d_OK.pdf, page 5>
Package pdftex.def Info: python_to_tex/el_fin2d_OK.pdf , page5 used on input li
ne 803.
(pdftex.def)             Requested size: 597.78697pt x 773.60669pt.
File: python_to_tex/el_fin2d_OK.pdf Graphic file (type pdf)
<use python_to_tex/el_fin2d_OK.pdf, page 5>
Package pdftex.def Info: python_to_tex/el_fin2d_OK.pdf , page5 used on input li
ne 803.
(pdftex.def)             Requested size: 597.78697pt x 773.60669pt.
 [30 <./python_to_tex/el_fin2d_OK.pdf>]
<python_to_tex/el_fin2d_OK.pdf, id=582, page=6, 614.295pt x 794.97pt>
File: python_to_tex/el_fin2d_OK.pdf Graphic file (type pdf)
<use python_to_tex/el_fin2d_OK.pdf, page 6>
Package pdftex.def Info: python_to_tex/el_fin2d_OK.pdf , page6 used on input li
ne 803.
(pdftex.def)             Requested size: 597.78697pt x 773.60669pt.
File: python_to_tex/el_fin2d_OK.pdf Graphic file (type pdf)
<use python_to_tex/el_fin2d_OK.pdf, page 6>
Package pdftex.def Info: python_to_tex/el_fin2d_OK.pdf , page6 used on input li
ne 803.
(pdftex.def)             Requested size: 597.78697pt x 773.60669pt.
File: python_to_tex/el_fin2d_OK.pdf Graphic file (type pdf)
<use python_to_tex/el_fin2d_OK.pdf, page 6>
Package pdftex.def Info: python_to_tex/el_fin2d_OK.pdf , page6 used on input li
ne 803.
(pdftex.def)             Requested size: 597.78697pt x 773.60669pt.
 [31 <./python_to_tex/el_fin2d_OK.pdf>]
<python_to_tex/el_fin2d_OK.pdf, id=588, page=7, 614.295pt x 794.97pt>
File: python_to_tex/el_fin2d_OK.pdf Graphic file (type pdf)
<use python_to_tex/el_fin2d_OK.pdf, page 7>
Package pdftex.def Info: python_to_tex/el_fin2d_OK.pdf , page7 used on input li
ne 803.
(pdftex.def)             Requested size: 597.78697pt x 773.60669pt.
File: python_to_tex/el_fin2d_OK.pdf Graphic file (type pdf)
<use python_to_tex/el_fin2d_OK.pdf, page 7>
Package pdftex.def Info: python_to_tex/el_fin2d_OK.pdf , page7 used on input li
ne 803.
(pdftex.def)             Requested size: 597.78697pt x 773.60669pt.
File: python_to_tex/el_fin2d_OK.pdf Graphic file (type pdf)
<use python_to_tex/el_fin2d_OK.pdf, page 7>
Package pdftex.def Info: python_to_tex/el_fin2d_OK.pdf , page7 used on input li
ne 803.
(pdftex.def)             Requested size: 597.78697pt x 773.60669pt.
 [32 <./python_to_tex/el_fin2d_OK.pdf>]
<python_to_tex/el_fin2d_OK.pdf, id=593, page=8, 614.295pt x 794.97pt>
File: python_to_tex/el_fin2d_OK.pdf Graphic file (type pdf)
<use python_to_tex/el_fin2d_OK.pdf, page 8>
Package pdftex.def Info: python_to_tex/el_fin2d_OK.pdf , page8 used on input li
ne 803.
(pdftex.def)             Requested size: 597.78697pt x 773.60669pt.
File: python_to_tex/el_fin2d_OK.pdf Graphic file (type pdf)
<use python_to_tex/el_fin2d_OK.pdf, page 8>
Package pdftex.def Info: python_to_tex/el_fin2d_OK.pdf , page8 used on input li
ne 803.
(pdftex.def)             Requested size: 597.78697pt x 773.60669pt.
File: python_to_tex/el_fin2d_OK.pdf Graphic file (type pdf)
<use python_to_tex/el_fin2d_OK.pdf, page 8>
Package pdftex.def Info: python_to_tex/el_fin2d_OK.pdf , page8 used on input li
ne 803.
(pdftex.def)             Requested size: 597.78697pt x 773.60669pt.
 [33 <./python_to_tex/el_fin2d_OK.pdf>]
<python_to_tex/el_fin2d_OK.pdf, id=598, page=9, 614.295pt x 794.97pt>
File: python_to_tex/el_fin2d_OK.pdf Graphic file (type pdf)
<use python_to_tex/el_fin2d_OK.pdf, page 9>
Package pdftex.def Info: python_to_tex/el_fin2d_OK.pdf , page9 used on input li
ne 803.
(pdftex.def)             Requested size: 597.78697pt x 773.60669pt.
File: python_to_tex/el_fin2d_OK.pdf Graphic file (type pdf)
<use python_to_tex/el_fin2d_OK.pdf, page 9>
Package pdftex.def Info: python_to_tex/el_fin2d_OK.pdf , page9 used on input li
ne 803.
(pdftex.def)             Requested size: 597.78697pt x 773.60669pt.
File: python_to_tex/el_fin2d_OK.pdf Graphic file (type pdf)
<use python_to_tex/el_fin2d_OK.pdf, page 9>
Package pdftex.def Info: python_to_tex/el_fin2d_OK.pdf , page9 used on input li
ne 803.
(pdftex.def)             Requested size: 597.78697pt x 773.60669pt.
[34 <./python_to_tex/el_fin2d_OK.pdf>]
<python_to_tex/el_fin2d_OK.pdf, id=603, page=10, 614.295pt x 794.97pt>
File: python_to_tex/el_fin2d_OK.pdf Graphic file (type pdf)
<use python_to_tex/el_fin2d_OK.pdf, page 10>
Package pdftex.def Info: python_to_tex/el_fin2d_OK.pdf , page10 used on input l
ine 803.
(pdftex.def)             Requested size: 597.78697pt x 773.60669pt.
File: python_to_tex/el_fin2d_OK.pdf Graphic file (type pdf)
<use python_to_tex/el_fin2d_OK.pdf, page 10>
Package pdftex.def Info: python_to_tex/el_fin2d_OK.pdf , page10 used on input l
ine 803.
(pdftex.def)             Requested size: 597.78697pt x 773.60669pt.
File: python_to_tex/el_fin2d_OK.pdf Graphic file (type pdf)
<use python_to_tex/el_fin2d_OK.pdf, page 10>
Package pdftex.def Info: python_to_tex/el_fin2d_OK.pdf , page10 used on input l
ine 803.
(pdftex.def)             Requested size: 597.78697pt x 773.60669pt.
 [35 <./python_to_tex/el_fin2d_OK.pdf>]
<python_to_tex/el_fin2d_OK.pdf, id=614, page=11, 614.295pt x 794.97pt>
File: python_to_tex/el_fin2d_OK.pdf Graphic file (type pdf)
<use python_to_tex/el_fin2d_OK.pdf, page 11>
Package pdftex.def Info: python_to_tex/el_fin2d_OK.pdf , page11 used on input l
ine 803.
(pdftex.def)             Requested size: 597.78697pt x 773.60669pt.
File: python_to_tex/el_fin2d_OK.pdf Graphic file (type pdf)
<use python_to_tex/el_fin2d_OK.pdf, page 11>
Package pdftex.def Info: python_to_tex/el_fin2d_OK.pdf , page11 used on input l
ine 803.
(pdftex.def)             Requested size: 597.78697pt x 773.60669pt.
File: python_to_tex/el_fin2d_OK.pdf Graphic file (type pdf)
<use python_to_tex/el_fin2d_OK.pdf, page 11>
Package pdftex.def Info: python_to_tex/el_fin2d_OK.pdf , page11 used on input l
ine 803.
(pdftex.def)             Requested size: 597.78697pt x 773.60669pt.

[36 <./python_to_tex/el_fin2d_OK.pdf>]
<python_to_tex/el_fin2d_OK.pdf, id=619, page=12, 614.295pt x 794.97pt>
File: python_to_tex/el_fin2d_OK.pdf Graphic file (type pdf)
<use python_to_tex/el_fin2d_OK.pdf, page 12>
Package pdftex.def Info: python_to_tex/el_fin2d_OK.pdf , page12 used on input l
ine 803.
(pdftex.def)             Requested size: 597.78697pt x 773.60669pt.
File: python_to_tex/el_fin2d_OK.pdf Graphic file (type pdf)
<use python_to_tex/el_fin2d_OK.pdf, page 12>
Package pdftex.def Info: python_to_tex/el_fin2d_OK.pdf , page12 used on input l
ine 803.
(pdftex.def)             Requested size: 597.78697pt x 773.60669pt.
File: python_to_tex/el_fin2d_OK.pdf Graphic file (type pdf)
<use python_to_tex/el_fin2d_OK.pdf, page 12>
Package pdftex.def Info: python_to_tex/el_fin2d_OK.pdf , page12 used on input l
ine 803.
(pdftex.def)             Requested size: 597.78697pt x 773.60669pt.
 [37 <./python_to_tex/el_fin2d_OK.pdf>]
<python_to_tex/el_fin2d_OK.pdf, id=628, page=13, 614.295pt x 794.97pt>
File: python_to_tex/el_fin2d_OK.pdf Graphic file (type pdf)
<use python_to_tex/el_fin2d_OK.pdf, page 13>
Package pdftex.def Info: python_to_tex/el_fin2d_OK.pdf , page13 used on input l
ine 803.
(pdftex.def)             Requested size: 597.78697pt x 773.60669pt.
File: python_to_tex/el_fin2d_OK.pdf Graphic file (type pdf)
<use python_to_tex/el_fin2d_OK.pdf, page 13>
Package pdftex.def Info: python_to_tex/el_fin2d_OK.pdf , page13 used on input l
ine 803.
(pdftex.def)             Requested size: 597.78697pt x 773.60669pt.
File: python_to_tex/el_fin2d_OK.pdf Graphic file (type pdf)
<use python_to_tex/el_fin2d_OK.pdf, page 13>
Package pdftex.def Info: python_to_tex/el_fin2d_OK.pdf , page13 used on input l
ine 803.
(pdftex.def)             Requested size: 597.78697pt x 773.60669pt.

[38 <./python_to_tex/el_fin2d_OK.pdf>]
<python_to_tex/el_fin2d_OK.pdf, id=636, page=14, 614.295pt x 794.97pt>
File: python_to_tex/el_fin2d_OK.pdf Graphic file (type pdf)
<use python_to_tex/el_fin2d_OK.pdf, page 14>
Package pdftex.def Info: python_to_tex/el_fin2d_OK.pdf , page14 used on input l
ine 803.
(pdftex.def)             Requested size: 597.78697pt x 773.60669pt.
File: python_to_tex/el_fin2d_OK.pdf Graphic file (type pdf)
<use python_to_tex/el_fin2d_OK.pdf, page 14>
Package pdftex.def Info: python_to_tex/el_fin2d_OK.pdf , page14 used on input l
ine 803.
(pdftex.def)             Requested size: 597.78697pt x 773.60669pt.
File: python_to_tex/el_fin2d_OK.pdf Graphic file (type pdf)
<use python_to_tex/el_fin2d_OK.pdf, page 14>
Package pdftex.def Info: python_to_tex/el_fin2d_OK.pdf , page14 used on input l
ine 803.
(pdftex.def)             Requested size: 597.78697pt x 773.60669pt.
 [39 <./python_to_tex/el_fin2d_OK.pdf>]
<python_to_tex/el_fin2d_OK.pdf, id=644, page=15, 614.295pt x 794.97pt>
File: python_to_tex/el_fin2d_OK.pdf Graphic file (type pdf)
<use python_to_tex/el_fin2d_OK.pdf, page 15>
Package pdftex.def Info: python_to_tex/el_fin2d_OK.pdf , page15 used on input l
ine 803.
(pdftex.def)             Requested size: 597.78697pt x 773.60669pt.
File: python_to_tex/el_fin2d_OK.pdf Graphic file (type pdf)
<use python_to_tex/el_fin2d_OK.pdf, page 15>
Package pdftex.def Info: python_to_tex/el_fin2d_OK.pdf , page15 used on input l
ine 803.
(pdftex.def)             Requested size: 597.78697pt x 773.60669pt.
File: python_to_tex/el_fin2d_OK.pdf Graphic file (type pdf)
<use python_to_tex/el_fin2d_OK.pdf, page 15>
Package pdftex.def Info: python_to_tex/el_fin2d_OK.pdf , page15 used on input l
ine 803.
(pdftex.def)             Requested size: 597.78697pt x 773.60669pt.

[40 <./python_to_tex/el_fin2d_OK.pdf>]
<python_to_tex/el_fin2d_OK.pdf, id=653, page=16, 614.295pt x 794.97pt>
File: python_to_tex/el_fin2d_OK.pdf Graphic file (type pdf)
<use python_to_tex/el_fin2d_OK.pdf, page 16>
Package pdftex.def Info: python_to_tex/el_fin2d_OK.pdf , page16 used on input l
ine 803.
(pdftex.def)             Requested size: 597.78697pt x 773.60669pt.
File: python_to_tex/el_fin2d_OK.pdf Graphic file (type pdf)
<use python_to_tex/el_fin2d_OK.pdf, page 16>
Package pdftex.def Info: python_to_tex/el_fin2d_OK.pdf , page16 used on input l
ine 803.
(pdftex.def)             Requested size: 597.78697pt x 773.60669pt.
File: python_to_tex/el_fin2d_OK.pdf Graphic file (type pdf)
<use python_to_tex/el_fin2d_OK.pdf, page 16>
Package pdftex.def Info: python_to_tex/el_fin2d_OK.pdf , page16 used on input l
ine 803.
(pdftex.def)             Requested size: 597.78697pt x 773.60669pt.
 [41 <./python_to_tex/el_fin2d_OK.pdf>]
<python_to_tex/el_fin2d_OK.pdf, id=658, page=17, 614.295pt x 794.97pt>
File: python_to_tex/el_fin2d_OK.pdf Graphic file (type pdf)
<use python_to_tex/el_fin2d_OK.pdf, page 17>
Package pdftex.def Info: python_to_tex/el_fin2d_OK.pdf , page17 used on input l
ine 803.
(pdftex.def)             Requested size: 597.78697pt x 773.60669pt.
File: python_to_tex/el_fin2d_OK.pdf Graphic file (type pdf)
<use python_to_tex/el_fin2d_OK.pdf, page 17>
Package pdftex.def Info: python_to_tex/el_fin2d_OK.pdf , page17 used on input l
ine 803.
(pdftex.def)             Requested size: 597.78697pt x 773.60669pt.
File: python_to_tex/el_fin2d_OK.pdf Graphic file (type pdf)
<use python_to_tex/el_fin2d_OK.pdf, page 17>
Package pdftex.def Info: python_to_tex/el_fin2d_OK.pdf , page17 used on input l
ine 803.
(pdftex.def)             Requested size: 597.78697pt x 773.60669pt.

[42 <./python_to_tex/el_fin2d_OK.pdf>]
<python_to_tex/el_fin2d_OK.pdf, id=663, page=18, 614.295pt x 794.97pt>
File: python_to_tex/el_fin2d_OK.pdf Graphic file (type pdf)
<use python_to_tex/el_fin2d_OK.pdf, page 18>
Package pdftex.def Info: python_to_tex/el_fin2d_OK.pdf , page18 used on input l
ine 803.
(pdftex.def)             Requested size: 597.78697pt x 773.60669pt.
File: python_to_tex/el_fin2d_OK.pdf Graphic file (type pdf)
<use python_to_tex/el_fin2d_OK.pdf, page 18>
Package pdftex.def Info: python_to_tex/el_fin2d_OK.pdf , page18 used on input l
ine 803.
(pdftex.def)             Requested size: 597.78697pt x 773.60669pt.
File: python_to_tex/el_fin2d_OK.pdf Graphic file (type pdf)
<use python_to_tex/el_fin2d_OK.pdf, page 18>
Package pdftex.def Info: python_to_tex/el_fin2d_OK.pdf , page18 used on input l
ine 803.
(pdftex.def)             Requested size: 597.78697pt x 773.60669pt.
 [43 <./python_to_tex/el_fin2d_OK.pdf>]
<python_to_tex/el_fin2d_OK.pdf, id=669, page=19, 614.295pt x 794.97pt>
File: python_to_tex/el_fin2d_OK.pdf Graphic file (type pdf)
<use python_to_tex/el_fin2d_OK.pdf, page 19>
Package pdftex.def Info: python_to_tex/el_fin2d_OK.pdf , page19 used on input l
ine 803.
(pdftex.def)             Requested size: 597.78697pt x 773.60669pt.
File: python_to_tex/el_fin2d_OK.pdf Graphic file (type pdf)
<use python_to_tex/el_fin2d_OK.pdf, page 19>
Package pdftex.def Info: python_to_tex/el_fin2d_OK.pdf , page19 used on input l
ine 803.
(pdftex.def)             Requested size: 597.78697pt x 773.60669pt.
File: python_to_tex/el_fin2d_OK.pdf Graphic file (type pdf)
<use python_to_tex/el_fin2d_OK.pdf, page 19>
Package pdftex.def Info: python_to_tex/el_fin2d_OK.pdf , page19 used on input l
ine 803.
(pdftex.def)             Requested size: 597.78697pt x 773.60669pt.

[44 <./python_to_tex/el_fin2d_OK.pdf>]
<python_to_tex/el_fin2d_OK.pdf, id=677, page=20, 614.295pt x 794.97pt>
File: python_to_tex/el_fin2d_OK.pdf Graphic file (type pdf)
<use python_to_tex/el_fin2d_OK.pdf, page 20>
Package pdftex.def Info: python_to_tex/el_fin2d_OK.pdf , page20 used on input l
ine 803.
(pdftex.def)             Requested size: 597.78697pt x 773.60669pt.
File: python_to_tex/el_fin2d_OK.pdf Graphic file (type pdf)
<use python_to_tex/el_fin2d_OK.pdf, page 20>
Package pdftex.def Info: python_to_tex/el_fin2d_OK.pdf , page20 used on input l
ine 803.
(pdftex.def)             Requested size: 597.78697pt x 773.60669pt.
File: python_to_tex/el_fin2d_OK.pdf Graphic file (type pdf)
<use python_to_tex/el_fin2d_OK.pdf, page 20>
Package pdftex.def Info: python_to_tex/el_fin2d_OK.pdf , page20 used on input l
ine 803.
(pdftex.def)             Requested size: 597.78697pt x 773.60669pt.
 [45 <./python_to_tex/el_fin2d_OK.pdf>]
<python_to_tex/el_fin2d_OK.pdf, id=685, page=21, 614.295pt x 794.97pt>
File: python_to_tex/el_fin2d_OK.pdf Graphic file (type pdf)
<use python_to_tex/el_fin2d_OK.pdf, page 21>
Package pdftex.def Info: python_to_tex/el_fin2d_OK.pdf , page21 used on input l
ine 803.
(pdftex.def)             Requested size: 597.78697pt x 773.60669pt.
File: python_to_tex/el_fin2d_OK.pdf Graphic file (type pdf)
<use python_to_tex/el_fin2d_OK.pdf, page 21>
Package pdftex.def Info: python_to_tex/el_fin2d_OK.pdf , page21 used on input l
ine 803.
(pdftex.def)             Requested size: 597.78697pt x 773.60669pt.
File: python_to_tex/el_fin2d_OK.pdf Graphic file (type pdf)
<use python_to_tex/el_fin2d_OK.pdf, page 21>
Package pdftex.def Info: python_to_tex/el_fin2d_OK.pdf , page21 used on input l
ine 803.
(pdftex.def)             Requested size: 597.78697pt x 773.60669pt.

[46 <./python_to_tex/el_fin2d_OK.pdf>]
<python_to_tex/el_fin2d_OK.pdf, id=693, page=22, 614.295pt x 794.97pt>
File: python_to_tex/el_fin2d_OK.pdf Graphic file (type pdf)
<use python_to_tex/el_fin2d_OK.pdf, page 22>
Package pdftex.def Info: python_to_tex/el_fin2d_OK.pdf , page22 used on input l
ine 803.
(pdftex.def)             Requested size: 597.78697pt x 773.60669pt.
File: python_to_tex/el_fin2d_OK.pdf Graphic file (type pdf)
<use python_to_tex/el_fin2d_OK.pdf, page 22>
Package pdftex.def Info: python_to_tex/el_fin2d_OK.pdf , page22 used on input l
ine 803.
(pdftex.def)             Requested size: 597.78697pt x 773.60669pt.
File: python_to_tex/el_fin2d_OK.pdf Graphic file (type pdf)
<use python_to_tex/el_fin2d_OK.pdf, page 22>
Package pdftex.def Info: python_to_tex/el_fin2d_OK.pdf , page22 used on input l
ine 803.
(pdftex.def)             Requested size: 597.78697pt x 773.60669pt.
 [47 <./python_to_tex/el_fin2d_OK.pdf>]
<python_to_tex/el_fin2d_OK.pdf, id=711, page=23, 614.295pt x 794.97pt>
File: python_to_tex/el_fin2d_OK.pdf Graphic file (type pdf)
<use python_to_tex/el_fin2d_OK.pdf, page 23>
Package pdftex.def Info: python_to_tex/el_fin2d_OK.pdf , page23 used on input l
ine 803.
(pdftex.def)             Requested size: 597.78697pt x 773.60669pt.
File: python_to_tex/el_fin2d_OK.pdf Graphic file (type pdf)
<use python_to_tex/el_fin2d_OK.pdf, page 23>
Package pdftex.def Info: python_to_tex/el_fin2d_OK.pdf , page23 used on input l
ine 803.
(pdftex.def)             Requested size: 597.78697pt x 773.60669pt.
File: python_to_tex/el_fin2d_OK.pdf Graphic file (type pdf)
<use python_to_tex/el_fin2d_OK.pdf, page 23>
Package pdftex.def Info: python_to_tex/el_fin2d_OK.pdf , page23 used on input l
ine 803.
(pdftex.def)             Requested size: 597.78697pt x 773.60669pt.

[48 <./python_to_tex/el_fin2d_OK.pdf>]
<python_to_tex/el_fin2d_OK.pdf, id=719, page=24, 614.295pt x 794.97pt>
File: python_to_tex/el_fin2d_OK.pdf Graphic file (type pdf)
<use python_to_tex/el_fin2d_OK.pdf, page 24>
Package pdftex.def Info: python_to_tex/el_fin2d_OK.pdf , page24 used on input l
ine 803.
(pdftex.def)             Requested size: 597.78697pt x 773.60669pt.
File: python_to_tex/el_fin2d_OK.pdf Graphic file (type pdf)
<use python_to_tex/el_fin2d_OK.pdf, page 24>
Package pdftex.def Info: python_to_tex/el_fin2d_OK.pdf , page24 used on input l
ine 803.
(pdftex.def)             Requested size: 597.78697pt x 773.60669pt.
File: python_to_tex/el_fin2d_OK.pdf Graphic file (type pdf)
<use python_to_tex/el_fin2d_OK.pdf, page 24>
Package pdftex.def Info: python_to_tex/el_fin2d_OK.pdf , page24 used on input l
ine 803.
(pdftex.def)             Requested size: 597.78697pt x 773.60669pt.
 [49 <./python_to_tex/el_fin2d_OK.pdf>]
<python_to_tex/el_fin2d_OK.pdf, id=728, page=25, 614.295pt x 794.97pt>
File: python_to_tex/el_fin2d_OK.pdf Graphic file (type pdf)
<use python_to_tex/el_fin2d_OK.pdf, page 25>
Package pdftex.def Info: python_to_tex/el_fin2d_OK.pdf , page25 used on input l
ine 803.
(pdftex.def)             Requested size: 597.78697pt x 773.60669pt.
File: python_to_tex/el_fin2d_OK.pdf Graphic file (type pdf)
<use python_to_tex/el_fin2d_OK.pdf, page 25>
Package pdftex.def Info: python_to_tex/el_fin2d_OK.pdf , page25 used on input l
ine 803.
(pdftex.def)             Requested size: 597.78697pt x 773.60669pt.
File: python_to_tex/el_fin2d_OK.pdf Graphic file (type pdf)
<use python_to_tex/el_fin2d_OK.pdf, page 25>
Package pdftex.def Info: python_to_tex/el_fin2d_OK.pdf , page25 used on input l
ine 803.
(pdftex.def)             Requested size: 597.78697pt x 773.60669pt.

[50 <./python_to_tex/el_fin2d_OK.pdf>]
<python_to_tex/el_fin2d_OK.pdf, id=738, page=26, 614.295pt x 794.97pt>
File: python_to_tex/el_fin2d_OK.pdf Graphic file (type pdf)
<use python_to_tex/el_fin2d_OK.pdf, page 26>
Package pdftex.def Info: python_to_tex/el_fin2d_OK.pdf , page26 used on input l
ine 803.
(pdftex.def)             Requested size: 597.78697pt x 773.60669pt.
File: python_to_tex/el_fin2d_OK.pdf Graphic file (type pdf)
<use python_to_tex/el_fin2d_OK.pdf, page 26>
Package pdftex.def Info: python_to_tex/el_fin2d_OK.pdf , page26 used on input l
ine 803.
(pdftex.def)             Requested size: 597.78697pt x 773.60669pt.
File: python_to_tex/el_fin2d_OK.pdf Graphic file (type pdf)
<use python_to_tex/el_fin2d_OK.pdf, page 26>
Package pdftex.def Info: python_to_tex/el_fin2d_OK.pdf , page26 used on input l
ine 803.
(pdftex.def)             Requested size: 597.78697pt x 773.60669pt.
 [51 <./python_to_tex/el_fin2d_OK.pdf>]
<python_to_tex/el_fin2d_OK.pdf, id=746, page=27, 614.295pt x 794.97pt>
File: python_to_tex/el_fin2d_OK.pdf Graphic file (type pdf)
<use python_to_tex/el_fin2d_OK.pdf, page 27>
Package pdftex.def Info: python_to_tex/el_fin2d_OK.pdf , page27 used on input l
ine 803.
(pdftex.def)             Requested size: 597.78697pt x 773.60669pt.
File: python_to_tex/el_fin2d_OK.pdf Graphic file (type pdf)
<use python_to_tex/el_fin2d_OK.pdf, page 27>
Package pdftex.def Info: python_to_tex/el_fin2d_OK.pdf , page27 used on input l
ine 803.
(pdftex.def)             Requested size: 597.78697pt x 773.60669pt.
File: python_to_tex/el_fin2d_OK.pdf Graphic file (type pdf)
<use python_to_tex/el_fin2d_OK.pdf, page 27>
Package pdftex.def Info: python_to_tex/el_fin2d_OK.pdf , page27 used on input l
ine 803.
(pdftex.def)             Requested size: 597.78697pt x 773.60669pt.

[52 <./python_to_tex/el_fin2d_OK.pdf>]
<python_to_tex/el_fin2d_OK.pdf, id=754, page=28, 614.295pt x 794.97pt>
File: python_to_tex/el_fin2d_OK.pdf Graphic file (type pdf)
<use python_to_tex/el_fin2d_OK.pdf, page 28>
Package pdftex.def Info: python_to_tex/el_fin2d_OK.pdf , page28 used on input l
ine 803.
(pdftex.def)             Requested size: 597.78697pt x 773.60669pt.
File: python_to_tex/el_fin2d_OK.pdf Graphic file (type pdf)
<use python_to_tex/el_fin2d_OK.pdf, page 28>
Package pdftex.def Info: python_to_tex/el_fin2d_OK.pdf , page28 used on input l
ine 803.
(pdftex.def)             Requested size: 597.78697pt x 773.60669pt.
File: python_to_tex/el_fin2d_OK.pdf Graphic file (type pdf)
<use python_to_tex/el_fin2d_OK.pdf, page 28>
Package pdftex.def Info: python_to_tex/el_fin2d_OK.pdf , page28 used on input l
ine 803.
(pdftex.def)             Requested size: 597.78697pt x 773.60669pt.
 [53 <./python_to_tex/el_fin2d_OK.pdf>]
<python_to_tex/el_fin2d_OK.pdf, id=762, page=29, 614.295pt x 794.97pt>
File: python_to_tex/el_fin2d_OK.pdf Graphic file (type pdf)
<use python_to_tex/el_fin2d_OK.pdf, page 29>
Package pdftex.def Info: python_to_tex/el_fin2d_OK.pdf , page29 used on input l
ine 803.
(pdftex.def)             Requested size: 597.78697pt x 773.60669pt.
File: python_to_tex/el_fin2d_OK.pdf Graphic file (type pdf)
<use python_to_tex/el_fin2d_OK.pdf, page 29>
Package pdftex.def Info: python_to_tex/el_fin2d_OK.pdf , page29 used on input l
ine 803.
(pdftex.def)             Requested size: 597.78697pt x 773.60669pt.
File: python_to_tex/el_fin2d_OK.pdf Graphic file (type pdf)
<use python_to_tex/el_fin2d_OK.pdf, page 29>
Package pdftex.def Info: python_to_tex/el_fin2d_OK.pdf , page29 used on input l
ine 803.
(pdftex.def)             Requested size: 597.78697pt x 773.60669pt.

[54 <./python_to_tex/el_fin2d_OK.pdf>]
<python_to_tex/el_fin2d_OK.pdf, id=770, page=30, 614.295pt x 794.97pt>
File: python_to_tex/el_fin2d_OK.pdf Graphic file (type pdf)
<use python_to_tex/el_fin2d_OK.pdf, page 30>
Package pdftex.def Info: python_to_tex/el_fin2d_OK.pdf , page30 used on input l
ine 803.
(pdftex.def)             Requested size: 597.78697pt x 773.60669pt.
File: python_to_tex/el_fin2d_OK.pdf Graphic file (type pdf)
<use python_to_tex/el_fin2d_OK.pdf, page 30>
Package pdftex.def Info: python_to_tex/el_fin2d_OK.pdf , page30 used on input l
ine 803.
(pdftex.def)             Requested size: 597.78697pt x 773.60669pt.
File: python_to_tex/el_fin2d_OK.pdf Graphic file (type pdf)
<use python_to_tex/el_fin2d_OK.pdf, page 30>
Package pdftex.def Info: python_to_tex/el_fin2d_OK.pdf , page30 used on input l
ine 803.
(pdftex.def)             Requested size: 597.78697pt x 773.60669pt.
 [55 <./python_to_tex/el_fin2d_OK.pdf>]
Package hyperref Info: bookmark level for unknown lstlisting defaults to 0 on i
nput line 826.
LaTeX Font Info:    Trying to load font information for TS1+pcr on input line 8
30.

(/usr/local/texlive/2022/texmf-dist/tex/latex/psnfss/ts1pcr.fd
File: ts1pcr.fd 2001/06/04 font definitions for TS1/pcr.
)
LaTeX Info: Redefining \. on input line 866.
LaTeX Info: Redefining \% on input line 866.


Package fancyhdr Warning: \headheight is too small (12.0pt): 
(fancyhdr)                Make it at least 14.49998pt, for example:
(fancyhdr)                \setlength{\headheight}{14.49998pt}.
(fancyhdr)                You might also make \topmargin smaller to compensate:

(fancyhdr)                \addtolength{\topmargin}{-2.49998pt}.

[56

]
Overfull \hbox (30.75426pt too wide) in paragraph at lines 877--878
[][][][][][][][][][][][][][][][][][][][][][][][][][][][][][][][][][][][][][][][
][][][][][][][][][][][][][][][][][][][][][][][][][][][][][][][][][][][][][][][]
[][][][][][][][][][][] 
 []


Overfull \hbox (54.7545pt too wide) in paragraph at lines 892--893
[][][][][][][][][][][][][][][][][][][][][][][][][][][][][][][][][][][][][][][][
][][][][][][][][][][][][][][][][][][][][][][][][][][][][][][][][][][][][][][][]
[][][][][][][][][] 
 []


Overfull \hbox (42.75438pt too wide) in paragraph at lines 913--914
[][][][][][][][][][][][][][][][][][][][][][][][][][][][][][][][][][][][][][][][
][][][][][][][][][][][][][][][][][][][][][][][][][][][][][][][][][][][][][][][]
[][][][][] 
 []

LaTeX Info: Redefining \. on input line 926.
LaTeX Info: Redefining \% on input line 926.

Package fancyhdr Warning: \headheight is too small (12.0pt): 
(fancyhdr)                Make it at least 14.49998pt, for example:
(fancyhdr)                \setlength{\headheight}{14.49998pt}.
(fancyhdr)                You might also make \topmargin smaller to compensate:

(fancyhdr)                \addtolength{\topmargin}{-2.49998pt}.

[57]
<figuras/u-matlab.png, id=872, 416.55624pt x 340.27126pt>
File: figuras/u-matlab.png Graphic file (type png)
<use figuras/u-matlab.png>
Package pdftex.def Info: figuras/u-matlab.png  used on input line 979.
(pdftex.def)             Requested size: 241.84842pt x 197.55995pt.
<figuras/s-matlab.png, id=873, 398.48875pt x 331.2375pt>
File: figuras/s-matlab.png Graphic file (type png)
<use figuras/s-matlab.png>
Package pdftex.def Info: figuras/s-matlab.png  used on input line 980.
(pdftex.def)             Requested size: 241.84842pt x 201.0336pt.
LaTeX Info: Redefining \. on input line 988.
LaTeX Info: Redefining \% on input line 988.


Package fancyhdr Warning: \headheight is too small (12.0pt): 
(fancyhdr)                Make it at least 14.49998pt, for example:
(fancyhdr)                \setlength{\headheight}{14.49998pt}.
(fancyhdr)                You might also make \topmargin smaller to compensate:

(fancyhdr)                \addtolength{\topmargin}{-2.49998pt}.

[58]
Overfull \hbox (42.75438pt too wide) in paragraph at lines 1015--1016
[][][][][][][][][][][][][][][][][][][][][][][][][][][][][][][][][][][][][][][][
][][][][][][][][][][][][][][][][][][][][][][][][][][][][][][][] 
 []

LaTeX Info: Redefining \. on input line 1025.
LaTeX Info: Redefining \% on input line 1025.

Package fancyhdr Warning: \headheight is too small (12.0pt): 
(fancyhdr)                Make it at least 14.49998pt, for example:
(fancyhdr)                \setlength{\headheight}{14.49998pt}.
(fancyhdr)                You might also make \topmargin smaller to compensate:

(fancyhdr)                \addtolength{\topmargin}{-2.49998pt}.

[59 <./figuras/u-matlab.png> <./figuras/s-matlab.png>]
Overfull \hbox (48.75444pt too wide) in paragraph at lines 1026--1027
[][][][][][][][][][][][][][][][][][][][][][][][][][][][][][][][][][][][][][][][
][][][][][][][][][][][][][][][][][][][][][][][][][][][][][][][] 
 []

<figuras/u-abaqus.png, id=967, 403.5075pt x 330.23375pt>
File: figuras/u-abaqus.png Graphic file (type png)
<use figuras/u-abaqus.png>
Package pdftex.def Info: figuras/u-abaqus.png  used on input line 1037.
(pdftex.def)             Requested size: 241.84842pt x 197.93013pt.
<figuras/s-abaqus.png, id=968, 390.45876pt x 315.1775pt>
File: figuras/s-abaqus.png Graphic file (type png)
<use figuras/s-abaqus.png>
Package pdftex.def Info: figuras/s-abaqus.png  used on input line 1038.
(pdftex.def)             Requested size: 241.84842pt x 195.22046pt.
LaTeX Info: Redefining \. on input line 1048.
LaTeX Info: Redefining \% on input line 1048.

Package fancyhdr Warning: \headheight is too small (12.0pt): 
(fancyhdr)                Make it at least 14.49998pt, for example:
(fancyhdr)                \setlength{\headheight}{14.49998pt}.
(fancyhdr)                You might also make \topmargin smaller to compensate:

(fancyhdr)                \addtolength{\topmargin}{-2.49998pt}.

[60 <./figuras/u-abaqus.png> <./figuras/s-abaqus.png>] (./pracMCIC_3_eng.aux
LaTeX Info: Redefining \. on input line 22.
LaTeX Info: Redefining \% on input line 22.
LaTeX Info: Redefining \. on input line 23.
LaTeX Info: Redefining \% on input line 23.
)
Package rerunfilecheck Info: File `pracMCIC_3_eng.out' has not changed.
(rerunfilecheck)             Checksum: CFD3CE4F3BBA63A38DB46895012EF392;3867.
 ) 
Here is how much of TeX's memory you used:
 19286 strings out of 478268
 306422 string characters out of 5846346
 835326 words of memory out of 5000000
 36818 multiletter control sequences out of 15000+600000
 495844 words of font info for 102 fonts, out of 8000000 for 9000
 1141 hyphenation exceptions out of 8191
 67i,19n,86p,1071b,2143s stack positions out of 10000i,1000n,20000p,200000b,200000s
{/usr/local/texlive/2022/texmf-dist/fonts/enc/dvips/base/8r.enc}{/usr/local/t
exlive/2022/texmf-dist/fonts/enc/dvips/cm-super/cm-super-t1.enc}</usr/local/tex
live/2022/texmf-dist/fonts/type1/public/amsfonts/cm/cmbx12.pfb></usr/local/texl
ive/2022/texmf-dist/fonts/type1/public/amsfonts/cm/cmex10.pfb></usr/local/texli
ve/2022/texmf-dist/fonts/type1/public/amsfonts/cm/cmmi10.pfb></usr/local/texliv
e/2022/texmf-dist/fonts/type1/public/amsfonts/cm/cmmi12.pfb></usr/local/texlive
/2022/texmf-dist/fonts/type1/public/amsfonts/cm/cmmi6.pfb></usr/local/texlive/2
022/texmf-dist/fonts/type1/public/amsfonts/cm/cmmi8.pfb></usr/local/texlive/202
2/texmf-dist/fonts/type1/public/amsfonts/cm/cmmib10.pfb></usr/local/texlive/202
2/texmf-dist/fonts/type1/public/amsfonts/cm/cmr10.pfb></usr/local/texlive/2022/
texmf-dist/fonts/type1/public/amsfonts/cm/cmr12.pfb></usr/local/texlive/2022/te
xmf-dist/fonts/type1/public/amsfonts/cm/cmr6.pfb></usr/local/texlive/2022/texmf
-dist/fonts/type1/public/amsfonts/cm/cmr8.pfb></usr/local/texlive/2022/texmf-di
st/fonts/type1/public/amsfonts/cm/cmsy10.pfb></usr/local/texlive/2022/texmf-dis
t/fonts/type1/public/bera/fvmb8a.pfb></usr/local/texlive/2022/texmf-dist/fonts/
type1/public/bera/fvmr8a.pfb></usr/local/texlive/2022/texmf-dist/fonts/type1/pu
blic/cm-super/sfbx1200.pfb></usr/local/texlive/2022/texmf-dist/fonts/type1/publ
ic/cm-super/sfbx1440.pfb></usr/local/texlive/2022/texmf-dist/fonts/type1/public
/cm-super/sfbx1728.pfb></usr/local/texlive/2022/texmf-dist/fonts/type1/public/c
m-super/sfcc1095.pfb></usr/local/texlive/2022/texmf-dist/fonts/type1/public/cm-
super/sfit1095.pfb></usr/local/texlive/2022/texmf-dist/fonts/type1/public/cm-su
per/sfrm0500.pfb></usr/local/texlive/2022/texmf-dist/fonts/type1/public/cm-supe
r/sfrm0600.pfb></usr/local/texlive/2022/texmf-dist/fonts/type1/public/cm-super/
sfrm0800.pfb></usr/local/texlive/2022/texmf-dist/fonts/type1/public/cm-super/sf
rm1095.pfb></usr/local/texlive/2022/texmf-dist/fonts/type1/public/cm-super/sfrm
1200.pfb></usr/local/texlive/2022/texmf-dist/fonts/type1/public/cm-super/sfrm14
40.pfb></usr/local/texlive/2022/texmf-dist/fonts/type1/public/cm-super/sfss1200
.pfb></usr/local/texlive/2022/texmf-dist/fonts/type1/public/cm-super/sfti1200.p
fb></usr/local/texlive/2022/texmf-dist/fonts/type1/public/cm-super/sftt1095.pfb
></usr/local/texlive/2022/texmf-dist/fonts/type1/urw/courier/ucrr8a.pfb></usr/l
ocal/texlive/2022/texmf-dist/fonts/type1/urw/palatino/uplb8a.pfb></usr/local/te
xlive/2022/texmf-dist/fonts/type1/urw/palatino/uplr8a.pfb></usr/local/texlive/2
022/texmf-dist/fonts/type1/urw/palatino/uplri8a.pfb>
Output written on pracMCIC_3_eng.pdf (60 pages, 4156128 bytes).
PDF statistics:
 1154 PDF objects out of 1200 (max. 8388607)
 847 compressed objects within 9 object streams
 310 named destinations out of 1000 (max. 500000)
 523 words of extra memory for PDF output out of 10000 (max. 10000000)

