This is pdfTeX, Version 3.141592653-2.6-1.40.24 (TeX Live 2022) (preloaded format=pdflatex 2022.10.21)  31 JAN 2023 20:00
entering extended mode
 restricted \write18 enabled.
 %&-line parsing enabled.
**pracMCIC_2_eng.tex
(./pracMCIC_2_eng.tex
LaTeX2e <2021-11-15> patch level 1
L3 programming layer <2022-02-24>
(/usr/local/texlive/2022/texmf-dist/tex/latex/base/article.cls
Document Class: article 2021/10/04 v1.4n Standard LaTeX document class
(/usr/local/texlive/2022/texmf-dist/tex/latex/base/size12.clo
File: size12.clo 2021/10/04 v1.4n Standard LaTeX file (size option)
)
\c@part=\count185
\c@section=\count186
\c@subsection=\count187
\c@subsubsection=\count188
\c@paragraph=\count189
\c@subparagraph=\count190
\c@figure=\count191
\c@table=\count192
\abovecaptionskip=\skip47
\belowcaptionskip=\skip48
\bibindent=\dimen138
)
(./style/packages.tex
(/usr/local/texlive/2022/texmf-dist/tex/latex/base/inputenc.sty
Package: inputenc 2021/02/14 v1.3d Input encoding file
\inpenc@prehook=\toks16
\inpenc@posthook=\toks17
)
(/usr/local/texlive/2022/texmf-dist/tex/generic/babel/babel.sty
Package: babel 2022/02/26 3.73 The Babel package
\babel@savecnt=\count193
\U@D=\dimen139
\l@unhyphenated=\language87

(/usr/local/texlive/2022/texmf-dist/tex/generic/babel/txtbabel.def)
\bbl@readstream=\read2
\bbl@dirlevel=\count194

(/usr/local/texlive/2022/texmf-dist/tex/generic/babel-english/english.ldf
Language: english 2017/06/06 v3.3r English support from the babel system
Package babel Info: Hyphen rules for 'canadian' set to \l@english
(babel)             (\language0). Reported on input line 102.
Package babel Info: Hyphen rules for 'australian' set to \l@ukenglish
(babel)             (\language21). Reported on input line 105.
Package babel Info: Hyphen rules for 'newzealand' set to \l@ukenglish
(babel)             (\language21). Reported on input line 108.
))
(/usr/local/texlive/2022/texmf-dist/tex/latex/amsmath/amsmath.sty
Package: amsmath 2021/10/15 v2.17l AMS math features
\@mathmargin=\skip49

For additional information on amsmath, use the `?' option.
(/usr/local/texlive/2022/texmf-dist/tex/latex/amsmath/amstext.sty
Package: amstext 2021/08/26 v2.01 AMS text

(/usr/local/texlive/2022/texmf-dist/tex/latex/amsmath/amsgen.sty
File: amsgen.sty 1999/11/30 v2.0 generic functions
\@emptytoks=\toks18
\ex@=\dimen140
))
(/usr/local/texlive/2022/texmf-dist/tex/latex/amsmath/amsbsy.sty
Package: amsbsy 1999/11/29 v1.2d Bold Symbols
\pmbraise@=\dimen141
)
(/usr/local/texlive/2022/texmf-dist/tex/latex/amsmath/amsopn.sty
Package: amsopn 2021/08/26 v2.02 operator names
)
\inf@bad=\count195
LaTeX Info: Redefining \frac on input line 234.
\uproot@=\count196
\leftroot@=\count197
LaTeX Info: Redefining \overline on input line 399.
\classnum@=\count198
\DOTSCASE@=\count199
LaTeX Info: Redefining \ldots on input line 496.
LaTeX Info: Redefining \dots on input line 499.
LaTeX Info: Redefining \cdots on input line 620.
\Mathstrutbox@=\box50
\strutbox@=\box51
\big@size=\dimen142
LaTeX Font Info:    Redeclaring font encoding OML on input line 743.
LaTeX Font Info:    Redeclaring font encoding OMS on input line 744.
\macc@depth=\count266
\c@MaxMatrixCols=\count267
\dotsspace@=\muskip16
\c@parentequation=\count268
\dspbrk@lvl=\count269
\tag@help=\toks19
\row@=\count270
\column@=\count271
\maxfields@=\count272
\andhelp@=\toks20
\eqnshift@=\dimen143
\alignsep@=\dimen144
\tagshift@=\dimen145
\tagwidth@=\dimen146
\totwidth@=\dimen147
\lineht@=\dimen148
\@envbody=\toks21
\multlinegap=\skip50
\multlinetaggap=\skip51
\mathdisplay@stack=\toks22
LaTeX Info: Redefining \[ on input line 2938.
LaTeX Info: Redefining \] on input line 2939.
)
(/usr/local/texlive/2022/texmf-dist/tex/latex/amsfonts/amsfonts.sty
Package: amsfonts 2013/01/14 v3.01 Basic AMSFonts support
\symAMSa=\mathgroup4
\symAMSb=\mathgroup5
LaTeX Font Info:    Redeclaring math symbol \hbar on input line 98.
LaTeX Font Info:    Overwriting math alphabet `\mathfrak' in version `bold'
(Font)                  U/euf/m/n --> U/euf/b/n on input line 106.
)
(/usr/local/texlive/2022/texmf-dist/tex/latex/amsfonts/amssymb.sty
Package: amssymb 2013/01/14 v3.01 AMS font symbols
)
(/usr/local/texlive/2022/texmf-dist/tex/latex/graphics/graphicx.sty
Package: graphicx 2021/09/16 v1.2d Enhanced LaTeX Graphics (DPC,SPQR)

(/usr/local/texlive/2022/texmf-dist/tex/latex/graphics/keyval.sty
Package: keyval 2014/10/28 v1.15 key=value parser (DPC)
\KV@toks@=\toks23
)
(/usr/local/texlive/2022/texmf-dist/tex/latex/graphics/graphics.sty
Package: graphics 2021/03/04 v1.4d Standard LaTeX Graphics (DPC,SPQR)

(/usr/local/texlive/2022/texmf-dist/tex/latex/graphics/trig.sty
Package: trig 2021/08/11 v1.11 sin cos tan (DPC)
)
(/usr/local/texlive/2022/texmf-dist/tex/latex/graphics-cfg/graphics.cfg
File: graphics.cfg 2016/06/04 v1.11 sample graphics configuration
)
Package graphics Info: Driver file: pdftex.def on input line 107.

(/usr/local/texlive/2022/texmf-dist/tex/latex/graphics-def/pdftex.def
File: pdftex.def 2020/10/05 v1.2a Graphics/color driver for pdftex
))
\Gin@req@height=\dimen149
\Gin@req@width=\dimen150
)
(/usr/local/texlive/2022/texmf-dist/tex/latex/float/float.sty
Package: float 2001/11/08 v1.3d Float enhancements (AL)
\c@float@type=\count273
\float@exts=\toks24
\float@box=\box52
\@float@everytoks=\toks25
\@floatcapt=\box53
)
(/usr/local/texlive/2022/texmf-dist/tex/latex/geometry/geometry.sty
Package: geometry 2020/01/02 v5.9 Page Geometry

(/usr/local/texlive/2022/texmf-dist/tex/generic/iftex/ifvtex.sty
Package: ifvtex 2019/10/25 v1.7 ifvtex legacy package. Use iftex instead.

(/usr/local/texlive/2022/texmf-dist/tex/generic/iftex/iftex.sty
Package: iftex 2022/02/03 v1.0f TeX engine tests
))
\Gm@cnth=\count274
\Gm@cntv=\count275
\c@Gm@tempcnt=\count276
\Gm@bindingoffset=\dimen151
\Gm@wd@mp=\dimen152
\Gm@odd@mp=\dimen153
\Gm@even@mp=\dimen154
\Gm@layoutwidth=\dimen155
\Gm@layoutheight=\dimen156
\Gm@layouthoffset=\dimen157
\Gm@layoutvoffset=\dimen158
\Gm@dimlist=\toks26
)
(/usr/local/texlive/2022/texmf-dist/tex/latex/fancyhdr/fancyhdr.sty
Package: fancyhdr 2021/01/28 v4.0.1 Extensive control of page headers and foote
rs
\f@nch@headwidth=\skip52
\f@nch@O@elh=\skip53
\f@nch@O@erh=\skip54
\f@nch@O@olh=\skip55
\f@nch@O@orh=\skip56
\f@nch@O@elf=\skip57
\f@nch@O@erf=\skip58
\f@nch@O@olf=\skip59
\f@nch@O@orf=\skip60
)
(/usr/local/texlive/2022/texmf-dist/tex/latex/tools/longtable.sty
Package: longtable 2021-09-01 v4.17 Multi-page Table package (DPC)
\LTleft=\skip61
\LTright=\skip62
\LTpre=\skip63
\LTpost=\skip64
\LTchunksize=\count277
\LTcapwidth=\dimen159
\LT@head=\box54
\LT@firsthead=\box55
\LT@foot=\box56
\LT@lastfoot=\box57
\LT@gbox=\box58
\LT@cols=\count278
\LT@rows=\count279
\c@LT@tables=\count280
\c@LT@chunks=\count281
\LT@p@ftn=\toks27
)
(/usr/local/texlive/2022/texmf-dist/tex/latex/listings/listings.sty
\lst@mode=\count282
\lst@gtempboxa=\box59
\lst@token=\toks28
\lst@length=\count283
\lst@currlwidth=\dimen160
\lst@column=\count284
\lst@pos=\count285
\lst@lostspace=\dimen161
\lst@width=\dimen162
\lst@newlines=\count286
\lst@lineno=\count287
\lst@maxwidth=\dimen163

(/usr/local/texlive/2022/texmf-dist/tex/latex/listings/lstmisc.sty
File: lstmisc.sty 2020/03/24 1.8d (Carsten Heinz)
\c@lstnumber=\count288
\lst@skipnumbers=\count289
\lst@framebox=\box60
)
(/usr/local/texlive/2022/texmf-dist/tex/latex/listings/listings.cfg
File: listings.cfg 2020/03/24 1.8d listings configuration
))
Package: listings 2020/03/24 1.8d (Carsten Heinz)

(/usr/local/texlive/2022/texmf-dist/tex/latex/hyperref/hyperref.sty
Package: hyperref 2022-02-21 v7.00n Hypertext links for LaTeX

(/usr/local/texlive/2022/texmf-dist/tex/generic/ltxcmds/ltxcmds.sty
Package: ltxcmds 2020-05-10 v1.25 LaTeX kernel commands for general use (HO)
)
(/usr/local/texlive/2022/texmf-dist/tex/generic/pdftexcmds/pdftexcmds.sty
Package: pdftexcmds 2020-06-27 v0.33 Utility functions of pdfTeX for LuaTeX (HO
)

(/usr/local/texlive/2022/texmf-dist/tex/generic/infwarerr/infwarerr.sty
Package: infwarerr 2019/12/03 v1.5 Providing info/warning/error messages (HO)
)
Package pdftexcmds Info: \pdf@primitive is available.
Package pdftexcmds Info: \pdf@ifprimitive is available.
Package pdftexcmds Info: \pdfdraftmode found.
)
(/usr/local/texlive/2022/texmf-dist/tex/generic/kvsetkeys/kvsetkeys.sty
Package: kvsetkeys 2019/12/15 v1.18 Key value parser (HO)
)
(/usr/local/texlive/2022/texmf-dist/tex/generic/kvdefinekeys/kvdefinekeys.sty
Package: kvdefinekeys 2019-12-19 v1.6 Define keys (HO)
)
(/usr/local/texlive/2022/texmf-dist/tex/generic/pdfescape/pdfescape.sty
Package: pdfescape 2019/12/09 v1.15 Implements pdfTeX's escape features (HO)
)
(/usr/local/texlive/2022/texmf-dist/tex/latex/hycolor/hycolor.sty
Package: hycolor 2020-01-27 v1.10 Color options for hyperref/bookmark (HO)
)
(/usr/local/texlive/2022/texmf-dist/tex/latex/letltxmacro/letltxmacro.sty
Package: letltxmacro 2019/12/03 v1.6 Let assignment for LaTeX macros (HO)
)
(/usr/local/texlive/2022/texmf-dist/tex/latex/auxhook/auxhook.sty
Package: auxhook 2019-12-17 v1.6 Hooks for auxiliary files (HO)
)
(/usr/local/texlive/2022/texmf-dist/tex/latex/kvoptions/kvoptions.sty
Package: kvoptions 2020-10-07 v3.14 Key value format for package options (HO)
)
\@linkdim=\dimen164
\Hy@linkcounter=\count290
\Hy@pagecounter=\count291

(/usr/local/texlive/2022/texmf-dist/tex/latex/hyperref/pd1enc.def
File: pd1enc.def 2022-02-21 v7.00n Hyperref: PDFDocEncoding definition (HO)
Now handling font encoding PD1 ...
... no UTF-8 mapping file for font encoding PD1
)
(/usr/local/texlive/2022/texmf-dist/tex/generic/intcalc/intcalc.sty
Package: intcalc 2019/12/15 v1.3 Expandable calculations with integers (HO)
)
(/usr/local/texlive/2022/texmf-dist/tex/generic/etexcmds/etexcmds.sty
Package: etexcmds 2019/12/15 v1.7 Avoid name clashes with e-TeX commands (HO)
)
\Hy@SavedSpaceFactor=\count292

(/usr/local/texlive/2022/texmf-dist/tex/latex/hyperref/puenc.def
File: puenc.def 2022-02-21 v7.00n Hyperref: PDF Unicode definition (HO)
Now handling font encoding PU ...
... no UTF-8 mapping file for font encoding PU
)
Package hyperref Info: Hyper figures OFF on input line 4137.
Package hyperref Info: Link nesting OFF on input line 4142.
Package hyperref Info: Hyper index ON on input line 4145.
Package hyperref Info: Plain pages OFF on input line 4152.
Package hyperref Info: Backreferencing OFF on input line 4157.
Package hyperref Info: Implicit mode ON; LaTeX internals redefined.
Package hyperref Info: Bookmarks ON on input line 4390.
\c@Hy@tempcnt=\count293

(/usr/local/texlive/2022/texmf-dist/tex/latex/url/url.sty
\Urlmuskip=\muskip17
Package: url 2013/09/16  ver 3.4  Verb mode for urls, etc.
)
LaTeX Info: Redefining \url on input line 4749.
\XeTeXLinkMargin=\dimen165

(/usr/local/texlive/2022/texmf-dist/tex/generic/bitset/bitset.sty
Package: bitset 2019/12/09 v1.3 Handle bit-vector datatype (HO)

(/usr/local/texlive/2022/texmf-dist/tex/generic/bigintcalc/bigintcalc.sty
Package: bigintcalc 2019/12/15 v1.5 Expandable calculations on big integers (HO
)
))
\Fld@menulength=\count294
\Field@Width=\dimen166
\Fld@charsize=\dimen167
Package hyperref Info: Hyper figures OFF on input line 6027.
Package hyperref Info: Link nesting OFF on input line 6032.
Package hyperref Info: Hyper index ON on input line 6035.
Package hyperref Info: backreferencing OFF on input line 6042.
Package hyperref Info: Link coloring OFF on input line 6047.
Package hyperref Info: Link coloring with OCG OFF on input line 6052.
Package hyperref Info: PDF/A mode OFF on input line 6057.
LaTeX Info: Redefining \ref on input line 6097.
LaTeX Info: Redefining \pageref on input line 6101.

(/usr/local/texlive/2022/texmf-dist/tex/latex/base/atbegshi-ltx.sty
Package: atbegshi-ltx 2021/01/10 v1.0c Emulation of the original atbegshi
package with kernel methods
)
\Hy@abspage=\count295
\c@Item=\count296
\c@Hfootnote=\count297
)
Package hyperref Info: Driver (autodetected): hpdftex.

(/usr/local/texlive/2022/texmf-dist/tex/latex/hyperref/hpdftex.def
File: hpdftex.def 2022-02-21 v7.00n Hyperref driver for pdfTeX

(/usr/local/texlive/2022/texmf-dist/tex/latex/base/atveryend-ltx.sty
Package: atveryend-ltx 2020/08/19 v1.0a Emulation of the original atveryend pac
kage
with kernel methods
)
\Fld@listcount=\count298
\c@bookmark@seq@number=\count299

(/usr/local/texlive/2022/texmf-dist/tex/latex/rerunfilecheck/rerunfilecheck.sty
Package: rerunfilecheck 2019/12/05 v1.9 Rerun checks for auxiliary files (HO)

(/usr/local/texlive/2022/texmf-dist/tex/generic/uniquecounter/uniquecounter.sty
Package: uniquecounter 2019/12/15 v1.4 Provide unlimited unique counter (HO)
)
Package uniquecounter Info: New unique counter `rerunfilecheck' on input line 2
86.
)
\Hy@SectionHShift=\skip65
) (/usr/local/texlive/2022/texmf-dist/tex/latex/graphics/color.sty
Package: color 2021/12/07 v1.3c Standard LaTeX Color (DPC)

(/usr/local/texlive/2022/texmf-dist/tex/latex/graphics-cfg/color.cfg
File: color.cfg 2016/01/02 v1.6 sample color configuration
)
Package color Info: Driver file: pdftex.def on input line 149.

(/usr/local/texlive/2022/texmf-dist/tex/latex/graphics/dvipsnam.def
File: dvipsnam.def 2016/06/17 v3.0m Driver-dependent file (DPC,SPQR)
))
(/usr/local/texlive/2022/texmf-dist/tex/latex/tools/bm.sty
Package: bm 2021/04/25 v1.2e Bold Symbol Support (DPC/FMi)
\symboldoperators=\mathgroup6
\symboldletters=\mathgroup7
\symboldsymbols=\mathgroup8
Package bm Info: No bold for \OMX/cmex/m/n, using \pmb.
Package bm Info: No bold for \U/msa/m/n, using \pmb.
Package bm Info: No bold for \U/msb/m/n, using \pmb.
LaTeX Font Info:    Redeclaring math alphabet \mathbf on input line 149.
)
(/usr/local/texlive/2022/texmf-dist/tex/latex/wrapfig/wrapfig.sty
\wrapoverhang=\dimen168
\WF@size=\dimen169
\c@WF@wrappedlines=\count300
\WF@box=\box61
\WF@everypar=\toks29
Package: wrapfig 2003/01/31  v 3.6
)
(/usr/local/texlive/2022/texmf-dist/tex/latex/caption/caption.sty
Package: caption 2022/03/01 v3.6b Customizing captions (AR)

(/usr/local/texlive/2022/texmf-dist/tex/latex/caption/caption3.sty
Package: caption3 2022/03/17 v2.3b caption3 kernel (AR)
\caption@tempdima=\dimen170
\captionmargin=\dimen171
\caption@leftmargin=\dimen172
\caption@rightmargin=\dimen173
\caption@width=\dimen174
\caption@indent=\dimen175
\caption@parindent=\dimen176
\caption@hangindent=\dimen177
Package caption Info: Standard document class detected.
)
\c@caption@flags=\count301
\c@continuedfloat=\count302
Package caption Info: float package is loaded.
Package caption Info: hyperref package is loaded.
Package caption Info: listings package is loaded.
Package caption Info: longtable package is loaded.

(/usr/local/texlive/2022/texmf-dist/tex/latex/caption/ltcaption.sty
Package: ltcaption 2021/01/08 v1.4c longtable captions (AR)
)
Package caption Info: wrapfig package is loaded.
)
(/usr/local/texlive/2022/texmf-dist/tex/latex/caption/subcaption.sty
Package: subcaption 2022/01/07 v1.5 Sub-captions (AR)
\c@subfigure=\count303
\c@subtable=\count304
))
(/usr/local/texlive/2022/texmf-dist/tex/latex/varwidth/varwidth.sty
Package: varwidth 2009/03/30 ver 0.92;  Variable-width minipages
\@vwid@box=\box62
\sift@deathcycles=\count305
\@vwid@loff=\dimen178
\@vwid@roff=\dimen179
)
(/usr/local/texlive/2022/texmf-dist/tex/latex/xcolor/xcolor.sty
Package: xcolor 2021/10/31 v2.13 LaTeX color extensions (UK)

(/usr/local/texlive/2022/texmf-dist/tex/latex/graphics-cfg/color.cfg
File: color.cfg 2016/01/02 v1.6 sample color configuration
)
Package xcolor Info: Driver file: pdftex.def on input line 227.
LaTeX Info: Redefining \color on input line 711.
Package xcolor Info: Model `cmy' substituted by `cmy0' on input line 1352.
Package xcolor Info: Model `hsb' substituted by `rgb' on input line 1356.
Package xcolor Info: Model `RGB' extended on input line 1368.
Package xcolor Info: Model `HTML' substituted by `rgb' on input line 1370.
Package xcolor Info: Model `Hsb' substituted by `hsb' on input line 1371.
Package xcolor Info: Model `tHsb' substituted by `hsb' on input line 1372.
Package xcolor Info: Model `HSB' substituted by `hsb' on input line 1373.
Package xcolor Info: Model `Gray' substituted by `gray' on input line 1374.
Package xcolor Info: Model `wave' substituted by `hsb' on input line 1375.
)
(./style/newcommands.tex) (./style/style.tex

Package fancyhdr Warning: \fancyfoot's `E' option without twoside option is use
less on input line 14.


Package fancyhdr Warning: \fancyfoot's `E' option without twoside option is use
less on input line 15.

) (./title/title.tex)
(/usr/local/texlive/2022/texmf-dist/tex/latex/l3backend/l3backend-pdftex.def
File: l3backend-pdftex.def 2022-02-07 L3 backend support: PDF output (pdfTeX)
\l__color_backend_stack_int=\count306
\l__pdf_internal_box=\box63
)
(./pracMCIC_2_eng.aux)
\openout1 = `pracMCIC_2_eng.aux'.

LaTeX Font Info:    Checking defaults for OML/cmm/m/it on input line 19.
LaTeX Font Info:    ... okay on input line 19.
LaTeX Font Info:    Checking defaults for OMS/cmsy/m/n on input line 19.
LaTeX Font Info:    ... okay on input line 19.
LaTeX Font Info:    Checking defaults for OT1/cmr/m/n on input line 19.
LaTeX Font Info:    ... okay on input line 19.
LaTeX Font Info:    Checking defaults for T1/cmr/m/n on input line 19.
LaTeX Font Info:    ... okay on input line 19.
LaTeX Font Info:    Checking defaults for TS1/cmr/m/n on input line 19.
LaTeX Font Info:    ... okay on input line 19.
LaTeX Font Info:    Checking defaults for OMX/cmex/m/n on input line 19.
LaTeX Font Info:    ... okay on input line 19.
LaTeX Font Info:    Checking defaults for U/cmr/m/n on input line 19.
LaTeX Font Info:    ... okay on input line 19.
LaTeX Font Info:    Checking defaults for PD1/pdf/m/n on input line 19.
LaTeX Font Info:    ... okay on input line 19.
LaTeX Font Info:    Checking defaults for PU/pdf/m/n on input line 19.
LaTeX Font Info:    ... okay on input line 19.

(/usr/local/texlive/2022/texmf-dist/tex/context/base/mkii/supp-pdf.mkii
[Loading MPS to PDF converter (version 2006.09.02).]
\scratchcounter=\count307
\scratchdimen=\dimen180
\scratchbox=\box64
\nofMPsegments=\count308
\nofMParguments=\count309
\everyMPshowfont=\toks30
\MPscratchCnt=\count310
\MPscratchDim=\dimen181
\MPnumerator=\count311
\makeMPintoPDFobject=\count312
\everyMPtoPDFconversion=\toks31
) (/usr/local/texlive/2022/texmf-dist/tex/latex/epstopdf-pkg/epstopdf-base.sty
Package: epstopdf-base 2020-01-24 v2.11 Base part for package epstopdf
Package epstopdf-base Info: Redefining graphics rule for `.eps' on input line 4
85.

(/usr/local/texlive/2022/texmf-dist/tex/latex/latexconfig/epstopdf-sys.cfg
File: epstopdf-sys.cfg 2010/07/13 v1.3 Configuration of (r)epstopdf for TeX Liv
e
))
*geometry* driver: auto-detecting
*geometry* detected driver: pdftex
*geometry* verbose mode - [ preamble ] result:
* driver: pdftex
* paper: a4paper
* layout: <same size as paper>
* layoutoffset:(h,v)=(0.0pt,0.0pt)
* modes: 
* h-part:(L,W,R)=(71.13188pt, 455.24411pt, 71.13188pt)
* v-part:(T,H,B)=(71.13188pt, 702.78308pt, 71.13188pt)
* \paperwidth=597.50787pt
* \paperheight=845.04684pt
* \textwidth=455.24411pt
* \textheight=702.78308pt
* \oddsidemargin=-1.1381pt
* \evensidemargin=-1.1381pt
* \topmargin=-38.1381pt
* \headheight=12.0pt
* \headsep=25.0pt
* \topskip=12.0pt
* \footskip=30.0pt
* \marginparwidth=35.0pt
* \marginparsep=10.0pt
* \columnsep=10.0pt
* \skip\footins=10.8pt plus 4.0pt minus 2.0pt
* \hoffset=0.0pt
* \voffset=0.0pt
* \mag=1000
* \@twocolumnfalse
* \@twosidefalse
* \@mparswitchfalse
* \@reversemarginfalse
* (1in=72.27pt=25.4mm, 1cm=28.453pt)

\c@lstlisting=\count313
Package hyperref Info: Link coloring OFF on input line 19.
(/usr/local/texlive/2022/texmf-dist/tex/latex/hyperref/nameref.sty
Package: nameref 2021-04-02 v2.47 Cross-referencing by name of section

(/usr/local/texlive/2022/texmf-dist/tex/latex/refcount/refcount.sty
Package: refcount 2019/12/15 v3.6 Data extraction from label references (HO)
)
(/usr/local/texlive/2022/texmf-dist/tex/generic/gettitlestring/gettitlestring.s
ty
Package: gettitlestring 2019/12/15 v1.6 Cleanup title references (HO)
)
\c@section@level=\count314
)
LaTeX Info: Redefining \ref on input line 19.
LaTeX Info: Redefining \pageref on input line 19.
LaTeX Info: Redefining \nameref on input line 19.
 (./pracMCIC_2_eng.out) (./pracMCIC_2_eng.out)
\@outlinefile=\write3
\openout3 = `pracMCIC_2_eng.out'.

Package caption Info: Begin \AtBeginDocument code.
Package caption Info: End \AtBeginDocument code.
<title/images/logo_UPM.jpg, id=76, 245.91875pt x 200.75pt>
File: title/images/logo_UPM.jpg Graphic file (type jpg)
<use title/images/logo_UPM.jpg>
Package pdftex.def Info: title/images/logo_UPM.jpg  used on input line 22.
(pdftex.def)             Requested size: 85.35826pt x 69.67847pt.
<title/images/EtsiCam.pdf, id=77, 414.54875pt x 393.47pt>
File: title/images/EtsiCam.pdf Graphic file (type pdf)
<use title/images/EtsiCam.pdf>
Package pdftex.def Info: title/images/EtsiCam.pdf  used on input line 22.
(pdftex.def)             Requested size: 71.13188pt x 67.51341pt.
LaTeX Font Info:    Trying to load font information for U+msa on input line 22.


(/usr/local/texlive/2022/texmf-dist/tex/latex/amsfonts/umsa.fd
File: umsa.fd 2013/01/14 v3.01 AMS symbols A
)
LaTeX Font Info:    Trying to load font information for U+msb on input line 22.


(/usr/local/texlive/2022/texmf-dist/tex/latex/amsfonts/umsb.fd
File: umsb.fd 2013/01/14 v3.01 AMS symbols B
)
<title/images/bc1.jpg, id=78, 904.1278pt x 249.18094pt>
File: title/images/bc1.jpg Graphic file (type jpg)
<use title/images/bc1.jpg>
Package pdftex.def Info: title/images/bc1.jpg  used on input line 22.
(pdftex.def)             Requested size: 432.48051pt x 119.19104pt.
 [1

{/usr/local/texlive/2022/texmf-var/fonts/map/pdftex/updmap/pdftex.map} <./title
/images/logo_UPM.jpg> <./title/images/EtsiCam.pdf> <./title/images/bc1.jpg>]
(./body/pages/introduction.tex)

Package xcolor Warning: Incompatible color definition on input line 30.


Package fancyhdr Warning: \headheight is too small (12.0pt): 
(fancyhdr)                Make it at least 14.49998pt, for example:
(fancyhdr)                \setlength{\headheight}{14.49998pt}.
(fancyhdr)                You might also make \topmargin smaller to compensate:

(fancyhdr)                \addtolength{\topmargin}{-2.49998pt}.

<style/images/logo_small.png, id=92, 245.91875pt x 200.75pt>
File: style/images/logo_small.png Graphic file (type png)
<use style/images/logo_small.png>
Package pdftex.def Info: style/images/logo_small.png  used on input line 30.
(pdftex.def)             Requested size: 51.21504pt x 41.80647pt.

Package xcolor Warning: Incompatible color definition on input line 30.


Package fancyhdr Warning: \footskip is too small (30.0pt): 
(fancyhdr)                Make it at least 46.15651pt, for example:
(fancyhdr)                \setlength{\footskip}{46.15651pt}.


pdfTeX warning (ext4): destination with the same identifier (name{page.1}) has 
been already used, duplicate ignored
<to be read again> 
                   \relax 
l.30 \clearpage
                [1 <./style/images/logo_small.png>]
(./body/pages/titre1/titre1.tex

Package xcolor Warning: Incompatible color definition on input line 67.


Package fancyhdr Warning: \headheight is too small (12.0pt): 
(fancyhdr)                Make it at least 14.49998pt, for example:
(fancyhdr)                \setlength{\headheight}{14.49998pt}.
(fancyhdr)                You might also make \topmargin smaller to compensate:

(fancyhdr)                \addtolength{\topmargin}{-2.49998pt}.

File: style/images/logo_small.png Graphic file (type png)
<use style/images/logo_small.png>
Package pdftex.def Info: style/images/logo_small.png  used on input line 67.
(pdftex.def)             Requested size: 51.21504pt x 41.80647pt.

Package xcolor Warning: Incompatible color definition on input line 67.


Package fancyhdr Warning: \footskip is too small (30.0pt): 
(fancyhdr)                Make it at least 46.15651pt, for example:
(fancyhdr)                \setlength{\footskip}{46.15651pt}.

[2

])

Package xcolor Warning: Incompatible color definition on input line 35.


Package fancyhdr Warning: \headheight is too small (12.0pt): 
(fancyhdr)                Make it at least 14.49998pt, for example:
(fancyhdr)                \setlength{\headheight}{14.49998pt}.
(fancyhdr)                You might also make \topmargin smaller to compensate:

(fancyhdr)                \addtolength{\topmargin}{-2.49998pt}.

File: style/images/logo_small.png Graphic file (type png)
<use style/images/logo_small.png>
Package pdftex.def Info: style/images/logo_small.png  used on input line 35.
(pdftex.def)             Requested size: 51.21504pt x 41.80647pt.

Package xcolor Warning: Incompatible color definition on input line 35.


Package fancyhdr Warning: \footskip is too small (30.0pt): 
(fancyhdr)                Make it at least 46.15651pt, for example:
(fancyhdr)                \setlength{\footskip}{46.15651pt}.

[3] (./body/pages/titre2/titre2.tex
<./body/images/enu01.pdf, id=120, 466.36734pt x 247.47456pt>
File: ./body/images/enu01.pdf Graphic file (type pdf)
<use ./body/images/enu01.pdf>
Package pdftex.def Info: ./body/images/enu01.pdf  used on input line 24.
(pdftex.def)             Requested size: 341.43307pt x 181.18735pt.
<./body/images/part01.pdf, id=124, 138.91899pt x 66.649pt>
File: ./body/images/part01.pdf Graphic file (type pdf)
<use ./body/images/part01.pdf>
Package pdftex.def Info: ./body/images/part01.pdf  used on input line 60.
(pdftex.def)             Requested size: 132.01773pt x 63.3426pt.
<./body/images/part02.pdf, id=125, 204.765pt x 393.47pt>
File: ./body/images/part02.pdf Graphic file (type pdf)
<use ./body/images/part02.pdf>
Package pdftex.def Info: ./body/images/part02.pdf  used on input line 67.
(pdftex.def)             Requested size: 177.54492pt x 341.1874pt.


LaTeX Warning: `!h' float specifier changed to `!ht'.

<./body/images/part03.png, id=128, 959.08313pt x 313.9228pt>
File: ./body/images/part03.png Graphic file (type png)
<use ./body/images/part03.png>
Package pdftex.def Info: ./body/images/part03.png  used on input line 81.
(pdftex.def)             Requested size: 455.24411pt x 149.00949pt.
<./body/images/part04.png, id=129, 910.15031pt x 172.39406pt>
File: ./body/images/part04.png Graphic file (type png)
<use ./body/images/part04.png>
Package pdftex.def Info: ./body/images/part04.png  used on input line 90.
(pdftex.def)             Requested size: 398.3386pt x 75.45114pt.

Package xcolor Warning: Incompatible color definition on input line 96.


Package fancyhdr Warning: \headheight is too small (12.0pt): 
(fancyhdr)                Make it at least 14.49998pt, for example:
(fancyhdr)                \setlength{\headheight}{14.49998pt}.
(fancyhdr)                You might also make \topmargin smaller to compensate:

(fancyhdr)                \addtolength{\topmargin}{-2.49998pt}.

File: style/images/logo_small.png Graphic file (type png)
<use style/images/logo_small.png>
Package pdftex.def Info: style/images/logo_small.png  used on input line 96.
(pdftex.def)             Requested size: 51.21504pt x 41.80647pt.

Package xcolor Warning: Incompatible color definition on input line 96.


Package fancyhdr Warning: \footskip is too small (30.0pt): 
(fancyhdr)                Make it at least 46.15651pt, for example:
(fancyhdr)                \setlength{\footskip}{46.15651pt}.

[4

 <./body/images/enu01.pdf>]

LaTeX Warning: `!h' float specifier changed to `!ht'.

<./body/images/prop01.pdf, id=149, 145.343pt x 113.223pt>
File: ./body/images/prop01.pdf Graphic file (type pdf)
<use ./body/images/prop01.pdf>
Package pdftex.def Info: ./body/images/prop01.pdf  used on input line 105.
(pdftex.def)             Requested size: 100.15425pt x 78.02374pt.
<./body/images/prop02.pdf, id=150, 275.429pt x 321.2pt>
File: ./body/images/prop02.pdf Graphic file (type pdf)
<use ./body/images/prop02.pdf>
Package pdftex.def Info: ./body/images/prop02.pdf  used on input line 112.
(pdftex.def)             Requested size: 163.88815pt x 191.12372pt.
<./body/images/prop03.pdf, id=151, 272.21701pt x 372.59201pt>
File: ./body/images/prop03.pdf Graphic file (type pdf)
<use ./body/images/prop03.pdf>
Package pdftex.def Info: ./body/images/prop03.pdf  used on input line 118.
(pdftex.def)             Requested size: 163.88815pt x 224.32443pt.

LaTeX Warning: `!h' float specifier changed to `!ht'.

<./body/images/prop03p.pdf, id=154, 145.343pt x 113.223pt>
File: ./body/images/prop03p.pdf Graphic file (type pdf)
<use ./body/images/prop03p.pdf>
Package pdftex.def Info: ./body/images/prop03p.pdf  used on input line 131.
(pdftex.def)             Requested size: 91.04742pt x 70.92831pt.

Underfull \hbox (badness 10000) in paragraph at lines 132--132
[]\OT1/cmr/m/n/10.95 (a) |Com-mand
 []

<./body/images/prop04.pdf, id=155, 209.23169pt x 201.55301pt>
File: ./body/images/prop04.pdf Graphic file (type pdf)
<use ./body/images/prop04.pdf>
Package pdftex.def Info: ./body/images/prop04.pdf  used on input line 137.
(pdftex.def)             Requested size: 177.54492pt x 171.03792pt.
<./body/images/prop05.pdf, id=156, 214.401pt x 149.358pt>
File: ./body/images/prop05.pdf Graphic file (type pdf)
<use ./body/images/prop05.pdf>
Package pdftex.def Info: ./body/images/prop05.pdf  used on input line 144.
(pdftex.def)             Requested size: 177.54492pt x 123.68677pt.

Overfull \hbox (1.3375pt too wide) in paragraph at lines 130--148
 []$[]$  $[]$  $[]$ 
 []


LaTeX Warning: `!h' float specifier changed to `!ht'.

<./body/images/prop05p.pdf, id=159, 145.343pt x 113.223pt>
File: ./body/images/prop05p.pdf Graphic file (type pdf)
<use ./body/images/prop05p.pdf>
Package pdftex.def Info: ./body/images/prop05p.pdf  used on input line 157.
(pdftex.def)             Requested size: 91.04742pt x 70.92831pt.
<./body/images/prop06.pdf, id=160, 249.733pt x 265.79298pt>
File: ./body/images/prop06.pdf Graphic file (type pdf)
<use ./body/images/prop06.pdf>
Package pdftex.def Info: ./body/images/prop06.pdf  used on input line 163.
(pdftex.def)             Requested size: 177.54492pt x 188.96983pt.
<./body/images/prop07.png, id=161, 907.13907pt x 181.42781pt>
File: ./body/images/prop07.png Graphic file (type png)
<use ./body/images/prop07.png>
Package pdftex.def Info: ./body/images/prop07.png  used on input line 172.
(pdftex.def)             Requested size: 341.43307pt x 68.28717pt.

LaTeX Warning: `!h' float specifier changed to `!ht'.

<./body/images/asse01.pdf, id=164, 139.722pt x 87.527pt>
File: ./body/images/asse01.pdf Graphic file (type pdf)
<use ./body/images/asse01.pdf>
Package pdftex.def Info: ./body/images/asse01.pdf  used on input line 187.
(pdftex.def)             Requested size: 113.81102pt x 71.29579pt.
<./body/images/asse02.pdf, id=165, 217.613pt x 320.39702pt>
File: ./body/images/asse02.pdf Graphic file (type pdf)
<use ./body/images/asse02.pdf>
Package pdftex.def Info: ./body/images/asse02.pdf  used on input line 194.
(pdftex.def)             Requested size: 177.54492pt x 261.40726pt.

LaTeX Warning: `!h' float specifier changed to `!ht'.

<./body/images/step01.pdf, id=168, 144.54pt x 116.435pt>
File: ./body/images/step01.pdf Graphic file (type pdf)
<use ./body/images/step01.pdf>
Package pdftex.def Info: ./body/images/step01.pdf  used on input line 209.
(pdftex.def)             Requested size: 91.04742pt x 73.34377pt.

Underfull \hbox (badness 10000) in paragraph at lines 210--210
[]\OT1/cmr/m/n/10.95 (a) |Com-mand
 []

<./body/images/step02.pdf, id=169, 195.93199pt x 350.91101pt>
File: ./body/images/step02.pdf Graphic file (type pdf)
<use ./body/images/step02.pdf>
Package pdftex.def Info: ./body/images/step02.pdf  used on input line 215.
(pdftex.def)             Requested size: 177.54492pt x 317.99089pt.
<./body/images/step03.pdf, id=170, 277.035pt x 200.75pt>
File: ./body/images/step03.pdf Graphic file (type pdf)
<use ./body/images/step03.pdf>
Package pdftex.def Info: ./body/images/step03.pdf  used on input line 222.
(pdftex.def)             Requested size: 177.54492pt x 128.65414pt.

Overfull \hbox (1.3375pt too wide) in paragraph at lines 208--226
 []$[]$  $[]$  $[]$ 
 []


Package xcolor Warning: Incompatible color definition on input line 228.


Package fancyhdr Warning: \headheight is too small (12.0pt): 
(fancyhdr)                Make it at least 14.49998pt, for example:
(fancyhdr)                \setlength{\headheight}{14.49998pt}.
(fancyhdr)                You might also make \topmargin smaller to compensate:

(fancyhdr)                \addtolength{\topmargin}{-2.49998pt}.

File: style/images/logo_small.png Graphic file (type png)
<use style/images/logo_small.png>
Package pdftex.def Info: style/images/logo_small.png  used on input line 228.
(pdftex.def)             Requested size: 51.21504pt x 41.80647pt.

Package xcolor Warning: Incompatible color definition on input line 228.


Package fancyhdr Warning: \footskip is too small (30.0pt): 
(fancyhdr)                Make it at least 46.15651pt, for example:
(fancyhdr)                \setlength{\footskip}{46.15651pt}.

[5 <./body/images/part01.pdf> <./body/images/part02.pdf

pdfTeX warning: /Library/TeX/texbin/pdflatex (file ./body/images/part02.pdf): P
DF inclusion: multiple pdfs with page group included in a single page
>]

LaTeX Warning: `!h' float specifier changed to `!ht'.

<./body/images/step04.pdf, id=192, 305.14pt x 158.99399pt>
File: ./body/images/step04.pdf Graphic file (type pdf)
<use ./body/images/step04.pdf>
Package pdftex.def Info: ./body/images/step04.pdf  used on input line 240.
(pdftex.def)             Requested size: 204.85846pt x 106.74619pt.
<./body/images/step05.pdf, id=193, 265.79298pt x 226.446pt>
File: ./body/images/step05.pdf Graphic file (type pdf)
<use ./body/images/step05.pdf>
Package pdftex.def Info: ./body/images/step05.pdf  used on input line 247.
(pdftex.def)             Requested size: 204.85846pt x 174.53671pt.

Package xcolor Warning: Incompatible color definition on input line 253.


Package fancyhdr Warning: \headheight is too small (12.0pt): 
(fancyhdr)                Make it at least 14.49998pt, for example:
(fancyhdr)                \setlength{\headheight}{14.49998pt}.
(fancyhdr)                You might also make \topmargin smaller to compensate:

(fancyhdr)                \addtolength{\topmargin}{-2.49998pt}.

File: style/images/logo_small.png Graphic file (type png)
<use style/images/logo_small.png>
Package pdftex.def Info: style/images/logo_small.png  used on input line 253.
(pdftex.def)             Requested size: 51.21504pt x 41.80647pt.

Package xcolor Warning: Incompatible color definition on input line 253.


Package fancyhdr Warning: \footskip is too small (30.0pt): 
(fancyhdr)                Make it at least 46.15651pt, for example:
(fancyhdr)                \setlength{\footskip}{46.15651pt}.

[6 <./body/images/part03.png> <./body/images/part04.png> <./body/images/prop01.
pdf> <./body/images/prop02.pdf

pdfTeX warning: /Library/TeX/texbin/pdflatex (file ./body/images/prop02.pdf): P
DF inclusion: multiple pdfs with page group included in a single page
> <./body/images/prop03.pdf

pdfTeX warning: /Library/TeX/texbin/pdflatex (file ./body/images/prop03.pdf): P
DF inclusion: multiple pdfs with page group included in a single page
>]

LaTeX Warning: `!h' float specifier changed to `!ht'.


Package xcolor Warning: Incompatible color definition on input line 263.


Package fancyhdr Warning: \headheight is too small (12.0pt): 
(fancyhdr)                Make it at least 14.49998pt, for example:
(fancyhdr)                \setlength{\headheight}{14.49998pt}.
(fancyhdr)                You might also make \topmargin smaller to compensate:

(fancyhdr)                \addtolength{\topmargin}{-2.49998pt}.

File: style/images/logo_small.png Graphic file (type png)
<use style/images/logo_small.png>
Package pdftex.def Info: style/images/logo_small.png  used on input line 263.
(pdftex.def)             Requested size: 51.21504pt x 41.80647pt.

Package xcolor Warning: Incompatible color definition on input line 263.


Package fancyhdr Warning: \footskip is too small (30.0pt): 
(fancyhdr)                Make it at least 46.15651pt, for example:
(fancyhdr)                \setlength{\footskip}{46.15651pt}.

[7 <./body/images/prop03p.pdf> <./body/images/prop04.pdf

pdfTeX warning: /Library/TeX/texbin/pdflatex (file ./body/images/prop04.pdf): P
DF inclusion: multiple pdfs with page group included in a single page
> <./body/images/prop05.pdf

pdfTeX warning: /Library/TeX/texbin/pdflatex (file ./body/images/prop05.pdf): P
DF inclusion: multiple pdfs with page group included in a single page
> <./body/images/prop05p.pdf

pdfTeX warning: /Library/TeX/texbin/pdflatex (file ./body/images/prop05p.pdf): 
PDF inclusion: multiple pdfs with page group included in a single page
> <./body/images/prop06.pdf

pdfTeX warning: /Library/TeX/texbin/pdflatex (file ./body/images/prop06.pdf): P
DF inclusion: multiple pdfs with page group included in a single page
> <./body/images/prop07.png>]
<./body/images/load02.pdf, id=237, 134.10101pt x 137.313pt>
File: ./body/images/load02.pdf Graphic file (type pdf)
<use ./body/images/load02.pdf>
Package pdftex.def Info: ./body/images/load02.pdf  used on input line 304.
(pdftex.def)             Requested size: 113.81102pt x 116.54268pt.
<./body/images/load03.pdf, id=238, 311.564pt x 309.958pt>
File: ./body/images/load03.pdf Graphic file (type pdf)
<use ./body/images/load03.pdf>
Package pdftex.def Info: ./body/images/load03.pdf  used on input line 311.
(pdftex.def)             Requested size: 204.85846pt x 203.80197pt.
<./body/images/load04.pdf, id=239, 497.96039pt x 60.225pt>
File: ./body/images/load04.pdf Graphic file (type pdf)
<use ./body/images/load04.pdf>
Package pdftex.def Info: ./body/images/load04.pdf  used on input line 317.
(pdftex.def)             Requested size: 236.72888pt x 28.63106pt.
<./body/images/load05.pdf, id=240, 211.189pt x 221.628pt>
File: ./body/images/load05.pdf Graphic file (type pdf)
<use ./body/images/load05.pdf>
Package pdftex.def Info: ./body/images/load05.pdf  used on input line 324.
(pdftex.def)             Requested size: 204.85846pt x 214.98228pt.


Package xcolor Warning: Incompatible color definition on input line 330.


Package fancyhdr Warning: \headheight is too small (12.0pt): 
(fancyhdr)                Make it at least 14.49998pt, for example:
(fancyhdr)                \setlength{\headheight}{14.49998pt}.
(fancyhdr)                You might also make \topmargin smaller to compensate:

(fancyhdr)                \addtolength{\topmargin}{-2.49998pt}.

File: style/images/logo_small.png Graphic file (type png)
<use style/images/logo_small.png>
Package pdftex.def Info: style/images/logo_small.png  used on input line 330.
(pdftex.def)             Requested size: 51.21504pt x 41.80647pt.

Package xcolor Warning: Incompatible color definition on input line 330.


Package fancyhdr Warning: \footskip is too small (30.0pt): 
(fancyhdr)                Make it at least 46.15651pt, for example:
(fancyhdr)                \setlength{\footskip}{46.15651pt}.

[8 <./body/images/asse01.pdf> <./body/images/asse02.pdf

pdfTeX warning: /Library/TeX/texbin/pdflatex (file ./body/images/asse02.pdf): P
DF inclusion: multiple pdfs with page group included in a single page
>]

LaTeX Warning: `!h' float specifier changed to `!ht'.

<./body/images/load06.pdf, id=257, 310.761pt x 307.549pt>
File: ./body/images/load06.pdf Graphic file (type pdf)
<use ./body/images/load06.pdf>
Package pdftex.def Info: ./body/images/load06.pdf  used on input line 340.
(pdftex.def)             Requested size: 191.20169pt x 189.22832pt.
<./body/images/load07.pdf, id=258, 497.86pt x 42.559pt>
File: ./body/images/load07.pdf Graphic file (type pdf)
<use ./body/images/load07.pdf>
Package pdftex.def Info: ./body/images/load07.pdf  used on input line 347.
(pdftex.def)             Requested size: 250.38564pt x 21.40413pt.
<./body/images/load08.pdf, id=259, 211.992pt x 214.401pt>
File: ./body/images/load08.pdf Graphic file (type pdf)
<use ./body/images/load08.pdf>
Package pdftex.def Info: ./body/images/load08.pdf  used on input line 353.
(pdftex.def)             Requested size: 191.20169pt x 193.37785pt.
<./body/images/load09.pdf, id=260, 983.675pt x 70.664pt>
File: ./body/images/load09.pdf Graphic file (type pdf)
<use ./body/images/load09.pdf>
Package pdftex.def Info: ./body/images/load09.pdf  used on input line 360.
(pdftex.def)             Requested size: 250.38564pt x 17.98619pt.

LaTeX Warning: `!h' float specifier changed to `!ht'.


Package xcolor Warning: Incompatible color definition on input line 374.


Package fancyhdr Warning: \headheight is too small (12.0pt): 
(fancyhdr)                Make it at least 14.49998pt, for example:
(fancyhdr)                \setlength{\headheight}{14.49998pt}.
(fancyhdr)                You might also make \topmargin smaller to compensate:

(fancyhdr)                \addtolength{\topmargin}{-2.49998pt}.

File: style/images/logo_small.png Graphic file (type png)
<use style/images/logo_small.png>
Package pdftex.def Info: style/images/logo_small.png  used on input line 374.
(pdftex.def)             Requested size: 51.21504pt x 41.80647pt.

Package xcolor Warning: Incompatible color definition on input line 374.


Package fancyhdr Warning: \footskip is too small (30.0pt): 
(fancyhdr)                Make it at least 46.15651pt, for example:
(fancyhdr)                \setlength{\footskip}{46.15651pt}.

[9 <./body/images/step01.pdf> <./body/images/step02.pdf

pdfTeX warning: /Library/TeX/texbin/pdflatex (file ./body/images/step02.pdf): P
DF inclusion: multiple pdfs with page group included in a single page
> <./body/images/step03.pdf

pdfTeX warning: /Library/TeX/texbin/pdflatex (file ./body/images/step03.pdf): P
DF inclusion: multiple pdfs with page group included in a single page
> <./body/images/step04.pdf

pdfTeX warning: /Library/TeX/texbin/pdflatex (file ./body/images/step04.pdf): P
DF inclusion: multiple pdfs with page group included in a single page
> <./body/images/step05.pdf

pdfTeX warning: /Library/TeX/texbin/pdflatex (file ./body/images/step05.pdf): P
DF inclusion: multiple pdfs with page group included in a single page
>]
<./body/images/mess01.pdf, id=284, 466.54298pt x 34.15259pt>
File: ./body/images/mess01.pdf Graphic file (type pdf)
<use ./body/images/mess01.pdf>
Package pdftex.def Info: ./body/images/mess01.pdf  used on input line 379.
(pdftex.def)             Requested size: 409.71692pt x 29.99338pt.


LaTeX Warning: `!h' float specifier changed to `!ht'.

<./body/images/mess02.pdf, id=286, 344.48701pt x 223.234pt>
File: ./body/images/mess02.pdf Graphic file (type pdf)
<use ./body/images/mess02.pdf>
Package pdftex.def Info: ./body/images/mess02.pdf  used on input line 388.
(pdftex.def)             Requested size: 204.85846pt x 132.75262pt.

LaTeX Warning: `!h' float specifier changed to `!ht'.

<./body/images/mess03.pdf, id=288, 305.14pt x 230.461pt>
File: ./body/images/mess03.pdf Graphic file (type pdf)
<use ./body/images/mess03.pdf>
Package pdftex.def Info: ./body/images/mess03.pdf  used on input line 397.
(pdftex.def)             Requested size: 204.85846pt x 154.72807pt.

LaTeX Warning: `!h' float specifier changed to `!ht'.

<./body/images/mess04.pdf, id=290, 322.00299pt x 201.55301pt>
File: ./body/images/mess04.pdf Graphic file (type pdf)
<use ./body/images/mess04.pdf>
Package pdftex.def Info: ./body/images/mess04.pdf  used on input line 405.
(pdftex.def)             Requested size: 204.85846pt x 128.22769pt.

LaTeX Warning: `!h' float specifier changed to `!ht'.

<./body/images/mess05.png, id=292, 903.375pt x 183.68625pt>
File: ./body/images/mess05.png Graphic file (type png)
<use ./body/images/mess05.png>
Package pdftex.def Info: ./body/images/mess05.png  used on input line 415.
(pdftex.def)             Requested size: 386.96027pt x 78.68362pt.

LaTeX Warning: `!h' float specifier changed to `!ht'.

<./body/images/job01.pdf, id=296, 142.9089pt x 92.345pt>
File: ./body/images/job01.pdf Graphic file (type pdf)
<use ./body/images/job01.pdf>
Package pdftex.def Info: ./body/images/job01.pdf  used on input line 430.
(pdftex.def)             Requested size: 95.60431pt x 61.77782pt.
<./body/images/job02.pdf, id=297, 151.767pt x 220.825pt>
File: ./body/images/job02.pdf Graphic file (type pdf)
<use ./body/images/job02.pdf>
Package pdftex.def Info: ./body/images/job02.pdf  used on input line 437.
(pdftex.def)             Requested size: 145.68144pt x 211.96936pt.
<./body/images/job03.pdf, id=298, 330.836pt x 413.545pt>
File: ./body/images/job03.pdf Graphic file (type pdf)
<use ./body/images/job03.pdf>
Package pdftex.def Info: ./body/images/job03.pdf  used on input line 443.
(pdftex.def)             Requested size: 200.30852pt x 250.38794pt.

Package xcolor Warning: Incompatible color definition on input line 449.


Package fancyhdr Warning: \headheight is too small (12.0pt): 
(fancyhdr)                Make it at least 14.49998pt, for example:
(fancyhdr)                \setlength{\headheight}{14.49998pt}.
(fancyhdr)                You might also make \topmargin smaller to compensate:

(fancyhdr)                \addtolength{\topmargin}{-2.49998pt}.

File: style/images/logo_small.png Graphic file (type png)
<use style/images/logo_small.png>
Package pdftex.def Info: style/images/logo_small.png  used on input line 449.
(pdftex.def)             Requested size: 51.21504pt x 41.80647pt.

Package xcolor Warning: Incompatible color definition on input line 449.


Package fancyhdr Warning: \footskip is too small (30.0pt): 
(fancyhdr)                Make it at least 46.15651pt, for example:
(fancyhdr)                \setlength{\footskip}{46.15651pt}.

[10 <./body/images/load02.pdf> <./body/images/load03.pdf

pdfTeX warning: /Library/TeX/texbin/pdflatex (file ./body/images/load03.pdf): P
DF inclusion: multiple pdfs with page group included in a single page
> <./body/images/load04.pdf

pdfTeX warning: /Library/TeX/texbin/pdflatex (file ./body/images/load04.pdf): P
DF inclusion: multiple pdfs with page group included in a single page
> <./body/images/load05.pdf

pdfTeX warning: /Library/TeX/texbin/pdflatex (file ./body/images/load05.pdf): P
DF inclusion: multiple pdfs with page group included in a single page
>]

LaTeX Warning: `!h' float specifier changed to `!ht'.

<./body/images/job04.pdf, id=327, 164.615pt x 105.996pt>
File: ./body/images/job04.pdf Graphic file (type pdf)
<use ./body/images/job04.pdf>
Package pdftex.def Info: ./body/images/job04.pdf  used on input line 455.
(pdftex.def)             Requested size: 191.20169pt x 123.11877pt.
<./body/images/job05.pdf, id=328, 185.493pt x 142.13101pt>
File: ./body/images/job05.pdf Graphic file (type pdf)
<use ./body/images/job05.pdf>
Package pdftex.def Info: ./body/images/job05.pdf  used on input line 462.
(pdftex.def)             Requested size: 191.20169pt x 146.51149pt.

LaTeX Warning: `!h' float specifier changed to `!ht'.


Package xcolor Warning: Incompatible color definition on input line 473.


Package fancyhdr Warning: \headheight is too small (12.0pt): 
(fancyhdr)                Make it at least 14.49998pt, for example:
(fancyhdr)                \setlength{\headheight}{14.49998pt}.
(fancyhdr)                You might also make \topmargin smaller to compensate:

(fancyhdr)                \addtolength{\topmargin}{-2.49998pt}.

File: style/images/logo_small.png Graphic file (type png)
<use style/images/logo_small.png>
Package pdftex.def Info: style/images/logo_small.png  used on input line 473.
(pdftex.def)             Requested size: 51.21504pt x 41.80647pt.

Package xcolor Warning: Incompatible color definition on input line 473.


Package fancyhdr Warning: \footskip is too small (30.0pt): 
(fancyhdr)                Make it at least 46.15651pt, for example:
(fancyhdr)                \setlength{\footskip}{46.15651pt}.

[11 <./body/images/load06.pdf> <./body/images/load07.pdf

pdfTeX warning: /Library/TeX/texbin/pdflatex (file ./body/images/load07.pdf): P
DF inclusion: multiple pdfs with page group included in a single page
> <./body/images/load08.pdf

pdfTeX warning: /Library/TeX/texbin/pdflatex (file ./body/images/load08.pdf): P
DF inclusion: multiple pdfs with page group included in a single page
> <./body/images/load09.pdf

pdfTeX warning: /Library/TeX/texbin/pdflatex (file ./body/images/load09.pdf): P
DF inclusion: multiple pdfs with page group included in a single page
> <./body/images/mess01.pdf

pdfTeX warning: /Library/TeX/texbin/pdflatex (file ./body/images/mess01.pdf): P
DF inclusion: multiple pdfs with page group included in a single page
>]

LaTeX Warning: Text page 12 contains only floats.


Package xcolor Warning: Incompatible color definition on input line 473.


Package fancyhdr Warning: \headheight is too small (12.0pt): 
(fancyhdr)                Make it at least 14.49998pt, for example:
(fancyhdr)                \setlength{\headheight}{14.49998pt}.
(fancyhdr)                You might also make \topmargin smaller to compensate:

(fancyhdr)                \addtolength{\topmargin}{-2.49998pt}.

File: style/images/logo_small.png Graphic file (type png)
<use style/images/logo_small.png>
Package pdftex.def Info: style/images/logo_small.png  used on input line 473.
(pdftex.def)             Requested size: 51.21504pt x 41.80647pt.

Package xcolor Warning: Incompatible color definition on input line 473.


Package fancyhdr Warning: \footskip is too small (30.0pt): 
(fancyhdr)                Make it at least 46.15651pt, for example:
(fancyhdr)                \setlength{\footskip}{46.15651pt}.

[12 <./body/images/mess02.pdf> <./body/images/mess03.pdf

pdfTeX warning: /Library/TeX/texbin/pdflatex (file ./body/images/mess03.pdf): P
DF inclusion: multiple pdfs with page group included in a single page
> <./body/images/mess04.pdf

pdfTeX warning: /Library/TeX/texbin/pdflatex (file ./body/images/mess04.pdf): P
DF inclusion: multiple pdfs with page group included in a single page
> <./body/images/mess05.png>]
<./body/images/post01.pdf, id=372, 236.0318pt x 156.68538pt>
File: ./body/images/post01.pdf Graphic file (type pdf)
<use ./body/images/post01.pdf>
Package pdftex.def Info: ./body/images/post01.pdf  used on input line 482.
(pdftex.def)             Requested size: 95.60431pt x 63.46678pt.
<./body/images/post02.png, id=373, 759.58781pt x 295.1025pt>
File: ./body/images/post02.png Graphic file (type png)
<use ./body/images/post02.png>
Package pdftex.def Info: ./body/images/post02.png  used on input line 489.
(pdftex.def)             Requested size: 273.14923pt x 106.11974pt.
<./body/images/post03.pdf, id=374, 293.898pt x 331.63899pt>
File: ./body/images/post03.pdf Graphic file (type pdf)
<use ./body/images/post03.pdf>
Package pdftex.def Info: ./body/images/post03.pdf  used on input line 495.
(pdftex.def)             Requested size: 182.09486pt x 205.48247pt.
<./body/images/post04.png, id=375, 746.03719pt x 284.56313pt>
File: ./body/images/post04.png Graphic file (type png)
<use ./body/images/post04.png>
Package pdftex.def Info: ./body/images/post04.png  used on input line 500.
(pdftex.def)             Requested size: 273.14923pt x 104.18816pt.


LaTeX Warning: `!h' float specifier changed to `!ht'.

<./body/images/post05.pdf, id=378, 223.234pt x 291.489pt>
File: ./body/images/post05.pdf Graphic file (type pdf)
<use ./body/images/post05.pdf>
Package pdftex.def Info: ./body/images/post05.pdf  used on input line 517.
(pdftex.def)             Requested size: 91.04742pt x 118.88857pt.

Underfull \hbox (badness 10000) in paragraph at lines 518--518
[]\OT1/cmr/m/n/10.95 (a) |Com-mand
 []

<./body/images/post07.pdf, id=379, 209.58301pt x 178.266pt>
File: ./body/images/post07.pdf Graphic file (type pdf)
<use ./body/images/post07.pdf>
Package pdftex.def Info: ./body/images/post07.pdf  used on input line 522.
(pdftex.def)             Requested size: 182.09486pt x 154.88614pt.
<./body/images/post08.pdf, id=380, 350.91101pt x 284.26201pt>
File: ./body/images/post08.pdf Graphic file (type pdf)
<use ./body/images/post08.pdf>
Package pdftex.def Info: ./body/images/post08.pdf  used on input line 527.
(pdftex.def)             Requested size: 182.09486pt x 147.50912pt.
<./body/images/post09.png, id=381, 871.00406pt x 60.97781pt>
File: ./body/images/post09.png Graphic file (type png)
<use ./body/images/post09.png>
Package pdftex.def Info: ./body/images/post09.png  used on input line 533.
(pdftex.def)             Requested size: 273.14923pt x 19.1225pt.
<./body/images/post10.pdf, id=382, 349.305pt x 281.85298pt>
File: ./body/images/post10.pdf Graphic file (type pdf)
<use ./body/images/post10.pdf>
Package pdftex.def Info: ./body/images/post10.pdf  used on input line 538.
(pdftex.def)             Requested size: 182.09486pt x 146.93425pt.

LaTeX Warning: `!h' float specifier changed to `!ht'.

<./body/images/post11.pdf, id=385, 221.35196pt x 277.83798pt>
File: ./body/images/post11.pdf Graphic file (type pdf)
<use ./body/images/post11.pdf>
Package pdftex.def Info: ./body/images/post11.pdf  used on input line 552.
(pdftex.def)             Requested size: 95.60431pt x 120.00217pt.
<./body/images/post12.pdf, id=386, 150.16101pt x 234.47601pt>
File: ./body/images/post12.pdf Graphic file (type pdf)
<use ./body/images/post12.pdf>
Package pdftex.def Info: ./body/images/post12.pdf  used on input line 557.
(pdftex.def)             Requested size: 159.33821pt x 248.81172pt.
<./body/images/post13.pdf, id=387, 305.943pt x 486.61798pt>
File: ./body/images/post13.pdf Graphic file (type pdf)
<use ./body/images/post13.pdf>
Package pdftex.def Info: ./body/images/post13.pdf  used on input line 562.
(pdftex.def)             Requested size: 200.30852pt x 318.59975pt.
<./body/images/post14.pdf, id=388, 446.46799pt x 546.04pt>
File: ./body/images/post14.pdf Graphic file (type pdf)
<use ./body/images/post14.pdf>
Package pdftex.def Info: ./body/images/post14.pdf  used on input line 568.
(pdftex.def)             Requested size: 273.14923pt x 334.08374pt.
<./body/images/post15.pdf, id=389, 309.155pt x 489.83pt>
File: ./body/images/post15.pdf Graphic file (type pdf)
<use ./body/images/post15.pdf>
Package pdftex.def Info: ./body/images/post15.pdf  used on input line 573.
(pdftex.def)             Requested size: 182.09486pt x 288.52632pt.

LaTeX Warning: Float too large for page by 14.60037pt on input line 579.


Package xcolor Warning: Incompatible color definition on input line 580.


Package fancyhdr Warning: \headheight is too small (12.0pt): 
(fancyhdr)                Make it at least 14.49998pt, for example:
(fancyhdr)                \setlength{\headheight}{14.49998pt}.
(fancyhdr)                You might also make \topmargin smaller to compensate:

(fancyhdr)                \addtolength{\topmargin}{-2.49998pt}.

File: style/images/logo_small.png Graphic file (type png)
<use style/images/logo_small.png>
Package pdftex.def Info: style/images/logo_small.png  used on input line 580.
(pdftex.def)             Requested size: 51.21504pt x 41.80647pt.

Package xcolor Warning: Incompatible color definition on input line 580.


Package fancyhdr Warning: \footskip is too small (30.0pt): 
(fancyhdr)                Make it at least 46.15651pt, for example:
(fancyhdr)                \setlength{\footskip}{46.15651pt}.

[13 <./body/images/job01.pdf> <./body/images/job02.pdf

pdfTeX warning: /Library/TeX/texbin/pdflatex (file ./body/images/job02.pdf): PD
F inclusion: multiple pdfs with page group included in a single page
> <./body/images/job03.pdf

pdfTeX warning: /Library/TeX/texbin/pdflatex (file ./body/images/job03.pdf): PD
F inclusion: multiple pdfs with page group included in a single page
> <./body/images/job04.pdf

pdfTeX warning: /Library/TeX/texbin/pdflatex (file ./body/images/job04.pdf): PD
F inclusion: multiple pdfs with page group included in a single page
> <./body/images/job05.pdf

pdfTeX warning: /Library/TeX/texbin/pdflatex (file ./body/images/job05.pdf): PD
F inclusion: multiple pdfs with page group included in a single page
>]

LaTeX Warning: `!h' float specifier changed to `!ht'.

<./body/images/post16.png, id=415, 918.43124pt x 481.04718pt>
File: ./body/images/post16.png Graphic file (type png)
<use ./body/images/post16.png>
Package pdftex.def Info: ./body/images/post16.png  used on input line 589.
(pdftex.def)             Requested size: 364.19667pt x 190.75658pt.
<./body/images/post17.pdf, id=416, 228.855pt x 134.10101pt>
File: ./body/images/post17.pdf Graphic file (type pdf)
<use ./body/images/post17.pdf>
Package pdftex.def Info: ./body/images/post17.pdf  used on input line 595.
(pdftex.def)             Requested size: 136.57462pt x 80.03151pt.
<./body/images/post18.pdf, id=417, 104.4151pt x 42.03203pt>
File: ./body/images/post18.pdf Graphic file (type pdf)
<use ./body/images/post18.pdf>
Package pdftex.def Info: ./body/images/post18.pdf  used on input line 600.
(pdftex.def)             Requested size: 136.57462pt x 54.98218pt.

LaTeX Warning: `!h' float specifier changed to `!ht'.

<./body/images/post19.pdf, id=420, 125.268pt x 91.9686pt>
File: ./body/images/post19.pdf Graphic file (type pdf)
<use ./body/images/post19.pdf>
Package pdftex.def Info: ./body/images/post19.pdf  used on input line 612.
(pdftex.def)             Requested size: 113.81102pt x 83.55821pt.

Underfull \hbox (badness 10000) in paragraph at lines 613--613
[]\OT1/cmr/m/n/10.95 (a) |Com-mand \OT1/cmr/bx/n/10.95 Re-
 []

<./body/images/post20.pdf, id=421, 263.38399pt x 346.89601pt>
File: ./body/images/post20.pdf Graphic file (type pdf)
<use ./body/images/post20.pdf>
Package pdftex.def Info: ./body/images/post20.pdf  used on input line 617.
(pdftex.def)             Requested size: 168.4381pt x 221.84859pt.
<./body/images/post21.pdf, id=422, 280.24701pt x 344.48701pt>
File: ./body/images/post21.pdf Graphic file (type pdf)
<use ./body/images/post21.pdf>
Package pdftex.def Info: ./body/images/post21.pdf  used on input line 622.
(pdftex.def)             Requested size: 168.4381pt x 207.05649pt.

LaTeX Warning: `!h' float specifier changed to `!ht'.

<./body/images/post22.pdf, id=425, 562.1pt x 356.53201pt>
File: ./body/images/post22.pdf Graphic file (type pdf)
<use ./body/images/post22.pdf>
Package pdftex.def Info: ./body/images/post22.pdf  used on input line 635.
(pdftex.def)             Requested size: 227.62206pt x 144.37834pt.
<./body/images/post23.pdf, id=426, 562.90298pt x 358.94101pt>
File: ./body/images/post23.pdf Graphic file (type pdf)
<use ./body/images/post23.pdf>
Package pdftex.def Info: ./body/images/post23.pdf  used on input line 640.
(pdftex.def)             Requested size: 227.62206pt x 145.14575pt.
<./body/images/post24.pdf, id=427, 558.88799pt x 359.74399pt>
File: ./body/images/post24.pdf Graphic file (type pdf)
<use ./body/images/post24.pdf>
Package pdftex.def Info: ./body/images/post24.pdf  used on input line 646.
(pdftex.def)             Requested size: 227.62206pt x 146.51341pt.
<./body/images/post25.pdf, id=428, 346.09299pt x 173.448pt>
File: ./body/images/post25.pdf Graphic file (type pdf)
<use ./body/images/post25.pdf>
Package pdftex.def Info: ./body/images/post25.pdf  used on input line 651.
(pdftex.def)             Requested size: 227.62206pt x 114.07904pt.

LaTeX Warning: `!h' float specifier changed to `!ht'.

<./body/images/post26.png, id=430, 666.99188pt x 336.50719pt>
File: ./body/images/post26.png Graphic file (type png)
<use ./body/images/post26.png>
Package pdftex.def Info: ./body/images/post26.png  used on input line 664.
(pdftex.def)             Requested size: 450.69417pt x 227.38414pt.

LaTeX Warning: `!h' float specifier changed to `!ht'.

<./body/images/post26b.pdf, id=434, 393.77112pt x 137.78978pt>
File: ./body/images/post26b.pdf Graphic file (type pdf)
<use ./body/images/post26b.pdf>
Package pdftex.def Info: ./body/images/post26b.pdf  used on input line 678.
(pdftex.def)             Requested size: 450.69417pt x 157.71481pt.

LaTeX Warning: `!h' float specifier changed to `!ht'.

<./body/images/post26c.pdf, id=436, 442.27734pt x 277.78781pt>
File: ./body/images/post26c.pdf Graphic file (type pdf)
<use ./body/images/post26c.pdf>
Package pdftex.def Info: ./body/images/post26c.pdf  used on input line 688.
(pdftex.def)             Requested size: 450.69417pt x 283.0897pt.

Package xcolor Warning: Incompatible color definition on input line 693.


Package fancyhdr Warning: \headheight is too small (12.0pt): 
(fancyhdr)                Make it at least 14.49998pt, for example:
(fancyhdr)                \setlength{\headheight}{14.49998pt}.
(fancyhdr)                You might also make \topmargin smaller to compensate:

(fancyhdr)                \addtolength{\topmargin}{-2.49998pt}.

File: style/images/logo_small.png Graphic file (type png)
<use style/images/logo_small.png>
Package pdftex.def Info: style/images/logo_small.png  used on input line 693.
(pdftex.def)             Requested size: 51.21504pt x 41.80647pt.

Package xcolor Warning: Incompatible color definition on input line 693.


Package fancyhdr Warning: \footskip is too small (30.0pt): 
(fancyhdr)                Make it at least 46.15651pt, for example:
(fancyhdr)                \setlength{\footskip}{46.15651pt}.

[14 <./body/images/post01.pdf> <./body/images/post02.png> <./body/images/post03
.pdf

pdfTeX warning: /Library/TeX/texbin/pdflatex (file ./body/images/post03.pdf): P
DF inclusion: multiple pdfs with page group included in a single page
> <./body/images/post04.png>]

LaTeX Warning: `!h' float specifier changed to `!ht'.

<./body/images/post26d.pdf, id=458, 761.07083pt x 413.56844pt>
File: ./body/images/post26d.pdf Graphic file (type pdf)
<use ./body/images/post26d.pdf>
Package pdftex.def Info: ./body/images/post26d.pdf  used on input line 697.
(pdftex.def)             Requested size: 450.69417pt x 244.90565pt.

LaTeX Warning: `!h' float specifier changed to `!ht'.


LaTeX Warning: Reference `post26f ' on page 15 undefined on input line 703.

<./body/images/post26e.pdf, id=460, 1417.71281pt x 545.03625pt>
File: ./body/images/post26e.pdf Graphic file (type pdf)
<use ./body/images/post26e.pdf>
Package pdftex.def Info: ./body/images/post26e.pdf  used on input line 706.
(pdftex.def)             Requested size: 450.69417pt x 173.26747pt.
<./body/images/post26f.pdf, id=461, 423.40875pt x 427.59756pt>
File: ./body/images/post26f.pdf Graphic file (type pdf)
<use ./body/images/post26f.pdf>
Package pdftex.def Info: ./body/images/post26f.pdf  used on input line 713.
(pdftex.def)             Requested size: 450.69417pt x 455.14992pt.

LaTeX Warning: `!h' float specifier changed to `!ht'.


LaTeX Warning: `!h' float specifier changed to `!ht'.

<./body/images/post27.pdf, id=464, 215.204pt x 180.675pt>
File: ./body/images/post27.pdf Graphic file (type pdf)
<use ./body/images/post27.pdf>
Package pdftex.def Info: ./body/images/post27.pdf  used on input line 731.
(pdftex.def)             Requested size: 227.62206pt x 191.09828pt.
<./body/images/post28.pdf, id=465, 351.71399pt x 285.86798pt>
File: ./body/images/post28.pdf Graphic file (type pdf)
<use ./body/images/post28.pdf>
Package pdftex.def Info: ./body/images/post28.pdf  used on input line 736.
(pdftex.def)             Requested size: 227.62206pt x 185.00937pt.
<./body/images/post29.png, id=466, 49.68562pt x 478.03593pt>
File: ./body/images/post29.png Graphic file (type png)
<use ./body/images/post29.png>
Package pdftex.def Info: ./body/images/post29.png  used on input line 742.
(pdftex.def)             Requested size: 31.8704pt x 306.6422pt.

Underfull \hbox (badness 10000) in paragraph at lines 743--743
[]\OT1/cmr/m/n/10.95 (c)
 []


Overfull \hbox (3.2609pt too wide) in paragraph at lines 743--743
|\OT1/cmr/m/n/10.95 Bound-
 []


Underfull \hbox (badness 10000) in paragraph at lines 743--743
\OT1/cmr/m/n/10.95 ary
 []

<./body/images/post30.pdf, id=467, 353.32pt x 284.26201pt>
File: ./body/images/post30.pdf Graphic file (type pdf)
<use ./body/images/post30.pdf>
Package pdftex.def Info: ./body/images/post30.pdf  used on input line 747.
(pdftex.def)             Requested size: 273.14923pt x 219.76292pt.

LaTeX Warning: `!h' float specifier changed to `!ht'.

<./body/images/post31.pdf, id=471, 305.943pt x 489.02701pt>
File: ./body/images/post31.pdf Graphic file (type pdf)
<use ./body/images/post31.pdf>
Package pdftex.def Info: ./body/images/post31.pdf  used on input line 761.
(pdftex.def)             Requested size: 150.23138pt x 240.13274pt.
<./body/images/post32.pdf, id=472, 447.27101pt x 543.63098pt>
File: ./body/images/post32.pdf Graphic file (type pdf)
<use ./body/images/post32.pdf>
Package pdftex.def Info: ./body/images/post32.pdf  used on input line 766.
(pdftex.def)             Requested size: 150.23138pt x 182.59239pt.

Underfull \hbox (badness 1062) in paragraph at lines 767--767
[]\OT1/cmr/m/n/10.95 (b) |Se-lect-ing the vari-able to
 []

<./body/images/post33.pdf, id=473, 305.943pt x 487.421pt>
File: ./body/images/post33.pdf Graphic file (type pdf)
<use ./body/images/post33.pdf>
Package pdftex.def Info: ./body/images/post33.pdf  used on input line 771.
(pdftex.def)             Requested size: 150.23138pt x 239.34412pt.
<./body/images/post34.png, id=474, 925.20656pt x 484.81125pt>
File: ./body/images/post34.png Graphic file (type png)
<use ./body/images/post34.png>
Package pdftex.def Info: ./body/images/post34.png  used on input line 777.
(pdftex.def)             Requested size: 364.19667pt x 190.84364pt.

LaTeX Warning: `!h' float specifier changed to `!ht'.


Package xcolor Warning: Incompatible color definition on input line 792.


Package fancyhdr Warning: \headheight is too small (12.0pt): 
(fancyhdr)                Make it at least 14.49998pt, for example:
(fancyhdr)                \setlength{\headheight}{14.49998pt}.
(fancyhdr)                You might also make \topmargin smaller to compensate:

(fancyhdr)                \addtolength{\topmargin}{-2.49998pt}.

File: style/images/logo_small.png Graphic file (type png)
<use style/images/logo_small.png>
Package pdftex.def Info: style/images/logo_small.png  used on input line 792.
(pdftex.def)             Requested size: 51.21504pt x 41.80647pt.

Package xcolor Warning: Incompatible color definition on input line 792.


Package fancyhdr Warning: \footskip is too small (30.0pt): 
(fancyhdr)                Make it at least 46.15651pt, for example:
(fancyhdr)                \setlength{\footskip}{46.15651pt}.

[15 <./body/images/post05.pdf> <./body/images/post07.pdf

pdfTeX warning: /Library/TeX/texbin/pdflatex (file ./body/images/post07.pdf): P
DF inclusion: multiple pdfs with page group included in a single page
> <./body/images/post08.pdf

pdfTeX warning: /Library/TeX/texbin/pdflatex (file ./body/images/post08.pdf): P
DF inclusion: multiple pdfs with page group included in a single page
> <./body/images/post09.png> <./body/images/post10.pdf

pdfTeX warning: /Library/TeX/texbin/pdflatex (file ./body/images/post10.pdf): P
DF inclusion: multiple pdfs with page group included in a single page
>]
<./body/images/post35.pdf, id=503, 232.87pt x 139.722pt>
File: ./body/images/post35.pdf Graphic file (type pdf)
<use ./body/images/post35.pdf>
Package pdftex.def Info: ./body/images/post35.pdf  used on input line 797.
(pdftex.def)             Requested size: 150.23138pt x 90.14238pt.
<./body/images/post36.pdf, id=504, 284.26201pt x 344.48701pt>
File: ./body/images/post36.pdf Graphic file (type pdf)
<use ./body/images/post36.pdf>
Package pdftex.def Info: ./body/images/post36.pdf  used on input line 802.
(pdftex.def)             Requested size: 150.23138pt x 182.0621pt.
<./body/images/29c.jpg, id=505, 169.38281pt x 114.4275pt>
File: ./body/images/29c.jpg Graphic file (type jpg)
<use ./body/images/29c.jpg>
Package pdftex.def Info: ./body/images/29c.jpg  used on input line 808.
(pdftex.def)             Requested size: 150.23138pt x 101.49269pt.


LaTeX Warning: `!h' float specifier changed to `!ht'.

<./body/images/post38.png, id=508, 298.11375pt x 87.32625pt>
File: ./body/images/post38.png Graphic file (type png)
<use ./body/images/post38.png>
Package pdftex.def Info: ./body/images/post38.png  used on input line 822.
(pdftex.def)             Requested size: 204.85846pt x 60.00865pt.
<./body/images/30b.jpg, id=509, 193.47281pt x 281.55188pt>
File: ./body/images/30b.jpg Graphic file (type jpg)
<use ./body/images/30b.jpg>
Package pdftex.def Info: ./body/images/30b.jpg  used on input line 829.
(pdftex.def)             Requested size: 204.85846pt x 298.12564pt.

LaTeX Warning: `!h' float specifier changed to `!ht'.

)

Package xcolor Warning: Incompatible color definition on input line 39.


Package fancyhdr Warning: \headheight is too small (12.0pt): 
(fancyhdr)                Make it at least 14.49998pt, for example:
(fancyhdr)                \setlength{\headheight}{14.49998pt}.
(fancyhdr)                You might also make \topmargin smaller to compensate:

(fancyhdr)                \addtolength{\topmargin}{-2.49998pt}.

File: style/images/logo_small.png Graphic file (type png)
<use style/images/logo_small.png>
Package pdftex.def Info: style/images/logo_small.png  used on input line 39.
(pdftex.def)             Requested size: 51.21504pt x 41.80647pt.

Package xcolor Warning: Incompatible color definition on input line 39.


Package fancyhdr Warning: \footskip is too small (30.0pt): 
(fancyhdr)                Make it at least 46.15651pt, for example:
(fancyhdr)                \setlength{\footskip}{46.15651pt}.

[16]

Package xcolor Warning: Incompatible color definition on input line 39.


Package fancyhdr Warning: \headheight is too small (12.0pt): 
(fancyhdr)                Make it at least 14.49998pt, for example:
(fancyhdr)                \setlength{\headheight}{14.49998pt}.
(fancyhdr)                You might also make \topmargin smaller to compensate:

(fancyhdr)                \addtolength{\topmargin}{-2.49998pt}.

File: style/images/logo_small.png Graphic file (type png)
<use style/images/logo_small.png>
Package pdftex.def Info: style/images/logo_small.png  used on input line 39.
(pdftex.def)             Requested size: 51.21504pt x 41.80647pt.

Package xcolor Warning: Incompatible color definition on input line 39.


Package fancyhdr Warning: \footskip is too small (30.0pt): 
(fancyhdr)                Make it at least 46.15651pt, for example:
(fancyhdr)                \setlength{\footskip}{46.15651pt}.

[17 <./body/images/post11.pdf> <./body/images/post12.pdf

pdfTeX warning: /Library/TeX/texbin/pdflatex (file ./body/images/post12.pdf): P
DF inclusion: multiple pdfs with page group included in a single page
> <./body/images/post13.pdf

pdfTeX warning: /Library/TeX/texbin/pdflatex (file ./body/images/post13.pdf): P
DF inclusion: multiple pdfs with page group included in a single page
> <./body/images/post14.pdf

pdfTeX warning: /Library/TeX/texbin/pdflatex (file ./body/images/post14.pdf): P
DF inclusion: multiple pdfs with page group included in a single page
> <./body/images/post15.pdf

pdfTeX warning: /Library/TeX/texbin/pdflatex (file ./body/images/post15.pdf): P
DF inclusion: multiple pdfs with page group included in a single page
>]

Package xcolor Warning: Incompatible color definition on input line 39.


Package fancyhdr Warning: \headheight is too small (12.0pt): 
(fancyhdr)                Make it at least 14.49998pt, for example:
(fancyhdr)                \setlength{\headheight}{14.49998pt}.
(fancyhdr)                You might also make \topmargin smaller to compensate:

(fancyhdr)                \addtolength{\topmargin}{-2.49998pt}.

File: style/images/logo_small.png Graphic file (type png)
<use style/images/logo_small.png>
Package pdftex.def Info: style/images/logo_small.png  used on input line 39.
(pdftex.def)             Requested size: 51.21504pt x 41.80647pt.

Package xcolor Warning: Incompatible color definition on input line 39.


Package fancyhdr Warning: \footskip is too small (30.0pt): 
(fancyhdr)                Make it at least 46.15651pt, for example:
(fancyhdr)                \setlength{\footskip}{46.15651pt}.

[18 <./body/images/post16.png> <./body/images/post17.pdf> <./body/images/post18
.pdf

pdfTeX warning: /Library/TeX/texbin/pdflatex (file ./body/images/post18.pdf): P
DF inclusion: multiple pdfs with page group included in a single page
> <./body/images/post19.pdf

pdfTeX warning: /Library/TeX/texbin/pdflatex (file ./body/images/post19.pdf): P
DF inclusion: multiple pdfs with page group included in a single page
> <./body/images/post20.pdf

pdfTeX warning: /Library/TeX/texbin/pdflatex (file ./body/images/post20.pdf): P
DF inclusion: multiple pdfs with page group included in a single page
> <./body/images/post21.pdf

pdfTeX warning: /Library/TeX/texbin/pdflatex (file ./body/images/post21.pdf): P
DF inclusion: multiple pdfs with page group included in a single page
>]

Package xcolor Warning: Incompatible color definition on input line 39.


Package fancyhdr Warning: \headheight is too small (12.0pt): 
(fancyhdr)                Make it at least 14.49998pt, for example:
(fancyhdr)                \setlength{\headheight}{14.49998pt}.
(fancyhdr)                You might also make \topmargin smaller to compensate:

(fancyhdr)                \addtolength{\topmargin}{-2.49998pt}.

File: style/images/logo_small.png Graphic file (type png)
<use style/images/logo_small.png>
Package pdftex.def Info: style/images/logo_small.png  used on input line 39.
(pdftex.def)             Requested size: 51.21504pt x 41.80647pt.

Package xcolor Warning: Incompatible color definition on input line 39.


Package fancyhdr Warning: \footskip is too small (30.0pt): 
(fancyhdr)                Make it at least 46.15651pt, for example:
(fancyhdr)                \setlength{\footskip}{46.15651pt}.

[19 <./body/images/post22.pdf> <./body/images/post23.pdf

pdfTeX warning: /Library/TeX/texbin/pdflatex (file ./body/images/post23.pdf): P
DF inclusion: multiple pdfs with page group included in a single page
> <./body/images/post24.pdf

pdfTeX warning: /Library/TeX/texbin/pdflatex (file ./body/images/post24.pdf): P
DF inclusion: multiple pdfs with page group included in a single page
> <./body/images/post25.pdf

pdfTeX warning: /Library/TeX/texbin/pdflatex (file ./body/images/post25.pdf): P
DF inclusion: multiple pdfs with page group included in a single page
> <./body/images/post26.png>]

Package xcolor Warning: Incompatible color definition on input line 39.


Package fancyhdr Warning: \headheight is too small (12.0pt): 
(fancyhdr)                Make it at least 14.49998pt, for example:
(fancyhdr)                \setlength{\headheight}{14.49998pt}.
(fancyhdr)                You might also make \topmargin smaller to compensate:

(fancyhdr)                \addtolength{\topmargin}{-2.49998pt}.

File: style/images/logo_small.png Graphic file (type png)
<use style/images/logo_small.png>
Package pdftex.def Info: style/images/logo_small.png  used on input line 39.
(pdftex.def)             Requested size: 51.21504pt x 41.80647pt.

Package xcolor Warning: Incompatible color definition on input line 39.


Package fancyhdr Warning: \footskip is too small (30.0pt): 
(fancyhdr)                Make it at least 46.15651pt, for example:
(fancyhdr)                \setlength{\footskip}{46.15651pt}.

[20 <./body/images/post26b.pdf> <./body/images/post26c.pdf

pdfTeX warning: /Library/TeX/texbin/pdflatex (file ./body/images/post26c.pdf): 
PDF inclusion: multiple pdfs with page group included in a single page
>]

Package xcolor Warning: Incompatible color definition on input line 39.


Package fancyhdr Warning: \headheight is too small (12.0pt): 
(fancyhdr)                Make it at least 14.49998pt, for example:
(fancyhdr)                \setlength{\headheight}{14.49998pt}.
(fancyhdr)                You might also make \topmargin smaller to compensate:

(fancyhdr)                \addtolength{\topmargin}{-2.49998pt}.

File: style/images/logo_small.png Graphic file (type png)
<use style/images/logo_small.png>
Package pdftex.def Info: style/images/logo_small.png  used on input line 39.
(pdftex.def)             Requested size: 51.21504pt x 41.80647pt.

Package xcolor Warning: Incompatible color definition on input line 39.


Package fancyhdr Warning: \footskip is too small (30.0pt): 
(fancyhdr)                Make it at least 46.15651pt, for example:
(fancyhdr)                \setlength{\footskip}{46.15651pt}.

[21 <./body/images/post26d.pdf> <./body/images/post26e.pdf

pdfTeX warning: /Library/TeX/texbin/pdflatex (file ./body/images/post26e.pdf): 
PDF inclusion: multiple pdfs with page group included in a single page
>]

Package xcolor Warning: Incompatible color definition on input line 39.


Package fancyhdr Warning: \headheight is too small (12.0pt): 
(fancyhdr)                Make it at least 14.49998pt, for example:
(fancyhdr)                \setlength{\headheight}{14.49998pt}.
(fancyhdr)                You might also make \topmargin smaller to compensate:

(fancyhdr)                \addtolength{\topmargin}{-2.49998pt}.

File: style/images/logo_small.png Graphic file (type png)
<use style/images/logo_small.png>
Package pdftex.def Info: style/images/logo_small.png  used on input line 39.
(pdftex.def)             Requested size: 51.21504pt x 41.80647pt.

Package xcolor Warning: Incompatible color definition on input line 39.


Package fancyhdr Warning: \footskip is too small (30.0pt): 
(fancyhdr)                Make it at least 46.15651pt, for example:
(fancyhdr)                \setlength{\footskip}{46.15651pt}.

[22 <./body/images/post26f.pdf>]

Package xcolor Warning: Incompatible color definition on input line 39.


Package fancyhdr Warning: \headheight is too small (12.0pt): 
(fancyhdr)                Make it at least 14.49998pt, for example:
(fancyhdr)                \setlength{\headheight}{14.49998pt}.
(fancyhdr)                You might also make \topmargin smaller to compensate:

(fancyhdr)                \addtolength{\topmargin}{-2.49998pt}.

File: style/images/logo_small.png Graphic file (type png)
<use style/images/logo_small.png>
Package pdftex.def Info: style/images/logo_small.png  used on input line 39.
(pdftex.def)             Requested size: 51.21504pt x 41.80647pt.

Package xcolor Warning: Incompatible color definition on input line 39.


Package fancyhdr Warning: \footskip is too small (30.0pt): 
(fancyhdr)                Make it at least 46.15651pt, for example:
(fancyhdr)                \setlength{\footskip}{46.15651pt}.

[23 <./body/images/post27.pdf> <./body/images/post28.pdf

pdfTeX warning: /Library/TeX/texbin/pdflatex (file ./body/images/post28.pdf): P
DF inclusion: multiple pdfs with page group included in a single page
> <./body/images/post29.png> <./body/images/post30.pdf

pdfTeX warning: /Library/TeX/texbin/pdflatex (file ./body/images/post30.pdf): P
DF inclusion: multiple pdfs with page group included in a single page
>]

Package xcolor Warning: Incompatible color definition on input line 39.


Package fancyhdr Warning: \headheight is too small (12.0pt): 
(fancyhdr)                Make it at least 14.49998pt, for example:
(fancyhdr)                \setlength{\headheight}{14.49998pt}.
(fancyhdr)                You might also make \topmargin smaller to compensate:

(fancyhdr)                \addtolength{\topmargin}{-2.49998pt}.

File: style/images/logo_small.png Graphic file (type png)
<use style/images/logo_small.png>
Package pdftex.def Info: style/images/logo_small.png  used on input line 39.
(pdftex.def)             Requested size: 51.21504pt x 41.80647pt.

Package xcolor Warning: Incompatible color definition on input line 39.


Package fancyhdr Warning: \footskip is too small (30.0pt): 
(fancyhdr)                Make it at least 46.15651pt, for example:
(fancyhdr)                \setlength{\footskip}{46.15651pt}.

[24 <./body/images/post31.pdf> <./body/images/post32.pdf

pdfTeX warning: /Library/TeX/texbin/pdflatex (file ./body/images/post32.pdf): P
DF inclusion: multiple pdfs with page group included in a single page
> <./body/images/post33.pdf

pdfTeX warning: /Library/TeX/texbin/pdflatex (file ./body/images/post33.pdf): P
DF inclusion: multiple pdfs with page group included in a single page
> <./body/images/post34.png>]

Package xcolor Warning: Incompatible color definition on input line 39.


Package fancyhdr Warning: \headheight is too small (12.0pt): 
(fancyhdr)                Make it at least 14.49998pt, for example:
(fancyhdr)                \setlength{\headheight}{14.49998pt}.
(fancyhdr)                You might also make \topmargin smaller to compensate:

(fancyhdr)                \addtolength{\topmargin}{-2.49998pt}.

File: style/images/logo_small.png Graphic file (type png)
<use style/images/logo_small.png>
Package pdftex.def Info: style/images/logo_small.png  used on input line 39.
(pdftex.def)             Requested size: 51.21504pt x 41.80647pt.

Package xcolor Warning: Incompatible color definition on input line 39.


Package fancyhdr Warning: \footskip is too small (30.0pt): 
(fancyhdr)                Make it at least 46.15651pt, for example:
(fancyhdr)                \setlength{\footskip}{46.15651pt}.

[25 <./body/images/post35.pdf> <./body/images/post36.pdf

pdfTeX warning: /Library/TeX/texbin/pdflatex (file ./body/images/post36.pdf): P
DF inclusion: multiple pdfs with page group included in a single page
> <./body/images/29c.jpg> <./body/images/post38.png> <./body/images/30b.jpg>]
(./body/pages/titre3/titre3.tex
<./body/images/enu02.pdf, id=656, 466.36734pt x 247.47456pt>
File: ./body/images/enu02.pdf Graphic file (type pdf)
<use ./body/images/enu02.pdf>
Package pdftex.def Info: ./body/images/enu02.pdf  used on input line 21.
(pdftex.def)             Requested size: 341.43307pt x 181.18735pt.
<./body/images/corr01.pdf, id=658, 345.29pt x 38.544pt>
File: ./body/images/corr01.pdf Graphic file (type pdf)
<use ./body/images/corr01.pdf>
Package pdftex.def Info: ./body/images/corr01.pdf  used on input line 43.
(pdftex.def)             Requested size: 341.43307pt x 38.11397pt.


LaTeX Warning: `!h' float specifier changed to `!ht'.

<./body/images/ayu01.png, id=662, 916.1728pt x 121.95563pt>
File: ./body/images/ayu01.png Graphic file (type png)
<use ./body/images/ayu01.png>
Package pdftex.def Info: ./body/images/ayu01.png  used on input line 55.
(pdftex.def)             Requested size: 432.48051pt x 57.5685pt.
<./body/images/ayu02.pdf, id=663, 61.028pt x 97.16301pt>
File: ./body/images/ayu02.pdf Graphic file (type pdf)
<use ./body/images/ayu02.pdf>
Package pdftex.def Info: ./body/images/ayu02.pdf  used on input line 64.
(pdftex.def)             Requested size: 68.28383pt x 108.72249pt.

Underfull \hbox (badness 10000) in paragraph at lines 65--65
\OT1/cmr/bx/n/10.95 Trans-late
 []

<./body/images/ayu03.png, id=664, 630.10406pt x 139.27031pt>
File: ./body/images/ayu03.png Graphic file (type png)
<use ./body/images/ayu03.png>
Package pdftex.def Info: ./body/images/ayu03.png  used on input line 69.
(pdftex.def)             Requested size: 373.3035pt x 82.5109pt.

LaTeX Warning: `!h' float specifier changed to `!ht'.

<./body/images/ayu02r.pdf, id=668, 61.028pt x 97.16301pt>
File: ./body/images/ayu02r.pdf Graphic file (type pdf)
<use ./body/images/ayu02r.pdf>
Package pdftex.def Info: ./body/images/ayu02r.pdf  used on input line 86.
(pdftex.def)             Requested size: 68.28383pt x 108.72249pt.
<./body/images/ayu04.pdf, id=669, 236.885pt x 366.97101pt>
File: ./body/images/ayu04.pdf Graphic file (type pdf)
<use ./body/images/ayu04.pdf>
Package pdftex.def Info: ./body/images/ayu04.pdf  used on input line 94.
(pdftex.def)             Requested size: 204.85846pt x 317.36955pt.
<./body/images/ayu05.pdf, id=670, 95.55699pt x 62.634pt>
File: ./body/images/ayu05.pdf Graphic file (type pdf)
<use ./body/images/ayu05.pdf>
Package pdftex.def Info: ./body/images/ayu05.pdf  used on input line 99.
(pdftex.def)             Requested size: 91.04742pt x 59.67876pt.

Package xcolor Warning: Incompatible color definition on input line 105.


Package fancyhdr Warning: \headheight is too small (12.0pt): 
(fancyhdr)                Make it at least 14.49998pt, for example:
(fancyhdr)                \setlength{\headheight}{14.49998pt}.
(fancyhdr)                You might also make \topmargin smaller to compensate:

(fancyhdr)                \addtolength{\topmargin}{-2.49998pt}.

File: style/images/logo_small.png Graphic file (type png)
<use style/images/logo_small.png>
Package pdftex.def Info: style/images/logo_small.png  used on input line 105.
(pdftex.def)             Requested size: 51.21504pt x 41.80647pt.

Package xcolor Warning: Incompatible color definition on input line 105.


Package fancyhdr Warning: \footskip is too small (30.0pt): 
(fancyhdr)                Make it at least 46.15651pt, for example:
(fancyhdr)                \setlength{\footskip}{46.15651pt}.

[26

 <./body/images/enu02.pdf>]

LaTeX Warning: `!h' float specifier changed to `!ht'.

<./body/images/ayu06.png, id=690, 441.90094pt x 38.39343pt>
File: ./body/images/ayu06.png Graphic file (type png)
<use ./body/images/ayu06.png>
Package pdftex.def Info: ./body/images/ayu06.png  used on input line 109.
(pdftex.def)             Requested size: 432.48051pt x 37.57666pt.

LaTeX Warning: `!h' float specifier changed to `!ht'.


Package xcolor Warning: Incompatible color definition on input line 115.


Package fancyhdr Warning: \headheight is too small (12.0pt): 
(fancyhdr)                Make it at least 14.49998pt, for example:
(fancyhdr)                \setlength{\headheight}{14.49998pt}.
(fancyhdr)                You might also make \topmargin smaller to compensate:

(fancyhdr)                \addtolength{\topmargin}{-2.49998pt}.

File: style/images/logo_small.png Graphic file (type png)
<use style/images/logo_small.png>
Package pdftex.def Info: style/images/logo_small.png  used on input line 115.
(pdftex.def)             Requested size: 51.21504pt x 41.80647pt.

Package xcolor Warning: Incompatible color definition on input line 115.


Package fancyhdr Warning: \footskip is too small (30.0pt): 
(fancyhdr)                Make it at least 46.15651pt, for example:
(fancyhdr)                \setlength{\footskip}{46.15651pt}.

[27 <./body/images/corr01.pdf> <./body/images/ayu01.png> <./body/images/ayu02.p
df

pdfTeX warning: /Library/TeX/texbin/pdflatex (file ./body/images/ayu02.pdf): PD
F inclusion: multiple pdfs with page group included in a single page
> <./body/images/ayu03.png>]

Package xcolor Warning: Incompatible color definition on input line 115.


Package fancyhdr Warning: \headheight is too small (12.0pt): 
(fancyhdr)                Make it at least 14.49998pt, for example:
(fancyhdr)                \setlength{\headheight}{14.49998pt}.
(fancyhdr)                You might also make \topmargin smaller to compensate:

(fancyhdr)                \addtolength{\topmargin}{-2.49998pt}.

File: style/images/logo_small.png Graphic file (type png)
<use style/images/logo_small.png>
Package pdftex.def Info: style/images/logo_small.png  used on input line 115.
(pdftex.def)             Requested size: 51.21504pt x 41.80647pt.

Package xcolor Warning: Incompatible color definition on input line 115.


Package fancyhdr Warning: \footskip is too small (30.0pt): 
(fancyhdr)                Make it at least 46.15651pt, for example:
(fancyhdr)                \setlength{\footskip}{46.15651pt}.

[28 <./body/images/ayu02r.pdf> <./body/images/ayu04.pdf

pdfTeX warning: /Library/TeX/texbin/pdflatex (file ./body/images/ayu04.pdf): PD
F inclusion: multiple pdfs with page group included in a single page
> <./body/images/ayu05.pdf

pdfTeX warning: /Library/TeX/texbin/pdflatex (file ./body/images/ayu05.pdf): PD
F inclusion: multiple pdfs with page group included in a single page
> <./body/images/ayu06.png>]
<./body/images/enu03.pdf, id=721, 581.35075pt x 210.04681pt>
File: ./body/images/enu03.pdf Graphic file (type pdf)
<use ./body/images/enu03.pdf>
Package pdftex.def Info: ./body/images/enu03.pdf  used on input line 147.
(pdftex.def)             Requested size: 432.48051pt x 156.25911pt.


Package xcolor Warning: Incompatible color definition on input line 164.


Package fancyhdr Warning: \headheight is too small (12.0pt): 
(fancyhdr)                Make it at least 14.49998pt, for example:
(fancyhdr)                \setlength{\headheight}{14.49998pt}.
(fancyhdr)                You might also make \topmargin smaller to compensate:

(fancyhdr)                \addtolength{\topmargin}{-2.49998pt}.

File: style/images/logo_small.png Graphic file (type png)
<use style/images/logo_small.png>
Package pdftex.def Info: style/images/logo_small.png  used on input line 164.
(pdftex.def)             Requested size: 51.21504pt x 41.80647pt.

Package xcolor Warning: Incompatible color definition on input line 164.


Package fancyhdr Warning: \footskip is too small (30.0pt): 
(fancyhdr)                Make it at least 46.15651pt, for example:
(fancyhdr)                \setlength{\footskip}{46.15651pt}.

[29

 <./body/images/enu03.pdf>]
<./body/images/enup01.pdf, id=747, 536.11792pt x 223.17194pt>
File: ./body/images/enup01.pdf Graphic file (type pdf)
<use ./body/images/enup01.pdf>
Package pdftex.def Info: ./body/images/enup01.pdf  used on input line 184.
(pdftex.def)             Requested size: 450.69417pt x 187.61977pt.


Package xcolor Warning: Incompatible color definition on input line 209.


Package fancyhdr Warning: \headheight is too small (12.0pt): 
(fancyhdr)                Make it at least 14.49998pt, for example:
(fancyhdr)                \setlength{\headheight}{14.49998pt}.
(fancyhdr)                You might also make \topmargin smaller to compensate:

(fancyhdr)                \addtolength{\topmargin}{-2.49998pt}.

File: style/images/logo_small.png Graphic file (type png)
<use style/images/logo_small.png>
Package pdftex.def Info: style/images/logo_small.png  used on input line 209.
(pdftex.def)             Requested size: 51.21504pt x 41.80647pt.

Package xcolor Warning: Incompatible color definition on input line 209.


Package fancyhdr Warning: \footskip is too small (30.0pt): 
(fancyhdr)                Make it at least 46.15651pt, for example:
(fancyhdr)                \setlength{\footskip}{46.15651pt}.

[30

 <./body/images/enup01.pdf>]
<./body/images/enup04.pdf, id=763, 520.6229pt x 277.80922pt>
File: ./body/images/enup04.pdf Graphic file (type pdf)
<use ./body/images/enup04.pdf>
Package pdftex.def Info: ./body/images/enup04.pdf  used on input line 231.
(pdftex.def)             Requested size: 455.24411pt x 242.9341pt.
)

Package xcolor Warning: Incompatible color definition on input line 43.


Package fancyhdr Warning: \headheight is too small (12.0pt): 
(fancyhdr)                Make it at least 14.49998pt, for example:
(fancyhdr)                \setlength{\headheight}{14.49998pt}.
(fancyhdr)                You might also make \topmargin smaller to compensate:

(fancyhdr)                \addtolength{\topmargin}{-2.49998pt}.

File: style/images/logo_small.png Graphic file (type png)
<use style/images/logo_small.png>
Package pdftex.def Info: style/images/logo_small.png  used on input line 43.
(pdftex.def)             Requested size: 51.21504pt x 41.80647pt.

Package xcolor Warning: Incompatible color definition on input line 43.


Package fancyhdr Warning: \footskip is too small (30.0pt): 
(fancyhdr)                Make it at least 46.15651pt, for example:
(fancyhdr)                \setlength{\footskip}{46.15651pt}.

[31

 <./body/images/enup04.pdf>]

Package xcolor Warning: Incompatible color definition on input line 43.


Package fancyhdr Warning: \headheight is too small (12.0pt): 
(fancyhdr)                Make it at least 14.49998pt, for example:
(fancyhdr)                \setlength{\headheight}{14.49998pt}.
(fancyhdr)                You might also make \topmargin smaller to compensate:

(fancyhdr)                \addtolength{\topmargin}{-2.49998pt}.

File: style/images/logo_small.png Graphic file (type png)
<use style/images/logo_small.png>
Package pdftex.def Info: style/images/logo_small.png  used on input line 43.
(pdftex.def)             Requested size: 51.21504pt x 41.80647pt.

Package xcolor Warning: Incompatible color definition on input line 43.


Package fancyhdr Warning: \footskip is too small (30.0pt): 
(fancyhdr)                Make it at least 46.15651pt, for example:
(fancyhdr)                \setlength{\footskip}{46.15651pt}.

[32] (./pracMCIC_2_eng.aux)

LaTeX Warning: There were undefined references.

Package rerunfilecheck Info: File `pracMCIC_2_eng.out' has not changed.
(rerunfilecheck)             Checksum: 477547C7DCA0C7CC0EEE8D9100216DD1;4378.
 ) 
Here is how much of TeX's memory you used:
 15845 strings out of 478268
 259887 string characters out of 5846346
 577246 words of memory out of 5000000
 33607 multiletter control sequences out of 15000+600000
 480644 words of font info for 68 fonts, out of 8000000 for 9000
 1141 hyphenation exceptions out of 8191
 65i,15n,66p,555b,627s stack positions out of 10000i,1000n,20000p,200000b,200000s
{/usr/local/texlive/2022/texmf-dist/fonts/enc/dvips/cm-super/cm-super-ts1.enc
}</usr/local/texlive/2022/texmf-dist/fonts/type1/public/amsfonts/cm/cmbsy10.pfb
></usr/local/texlive/2022/texmf-dist/fonts/type1/public/amsfonts/cm/cmbx10.pfb>
</usr/local/texlive/2022/texmf-dist/fonts/type1/public/amsfonts/cm/cmbx12.pfb><
/usr/local/texlive/2022/texmf-dist/fonts/type1/public/amsfonts/cm/cmmi12.pfb></
usr/local/texlive/2022/texmf-dist/fonts/type1/public/amsfonts/cm/cmmi8.pfb></us
r/local/texlive/2022/texmf-dist/fonts/type1/public/amsfonts/cm/cmmib10.pfb></us
r/local/texlive/2022/texmf-dist/fonts/type1/public/amsfonts/cm/cmr10.pfb></usr/
local/texlive/2022/texmf-dist/fonts/type1/public/amsfonts/cm/cmr12.pfb></usr/lo
cal/texlive/2022/texmf-dist/fonts/type1/public/amsfonts/cm/cmr8.pfb></usr/local
/texlive/2022/texmf-dist/fonts/type1/public/amsfonts/cm/cmsy10.pfb></usr/local/
texlive/2022/texmf-dist/fonts/type1/public/amsfonts/cm/cmsy8.pfb></usr/local/te
xlive/2022/texmf-dist/fonts/type1/public/amsfonts/cm/cmti10.pfb></usr/local/tex
live/2022/texmf-dist/fonts/type1/public/amsfonts/cm/cmti12.pfb></usr/local/texl
ive/2022/texmf-dist/fonts/type1/public/amsfonts/cm/cmtt12.pfb></usr/local/texli
ve/2022/texmf-dist/fonts/type1/public/cm-super/sfrm1200.pfb>
Output written on pracMCIC_2_eng.pdf (33 pages, 1749163 bytes).
PDF statistics:
 874 PDF objects out of 1000 (max. 8388607)
 603 compressed objects within 7 object streams
 116 named destinations out of 1000 (max. 500000)
 635 words of extra memory for PDF output out of 10000 (max. 10000000)

