This is pdfTeX, Version 3.141592653-2.6-1.40.24 (TeX Live 2022) (preloaded format=pdflatex 2022.10.21)  31 JAN 2023 20:42
entering extended mode
 restricted \write18 enabled.
 %&-line parsing enabled.
**pracMCIC_4-es.tex
(./pracMCIC_4-es.tex
LaTeX2e <2021-11-15> patch level 1
L3 programming layer <2022-02-24>
(/usr/local/texlive/2022/texmf-dist/tex/latex/base/article.cls
Document Class: article 2021/10/04 v1.4n Standard LaTeX document class
(/usr/local/texlive/2022/texmf-dist/tex/latex/base/size12.clo
File: size12.clo 2021/10/04 v1.4n Standard LaTeX file (size option)
)
\c@part=\count185
\c@section=\count186
\c@subsection=\count187
\c@subsubsection=\count188
\c@paragraph=\count189
\c@subparagraph=\count190
\c@figure=\count191
\c@table=\count192
\abovecaptionskip=\skip47
\belowcaptionskip=\skip48
\bibindent=\dimen138
) (./packages.tex (/usr/local/texlive/2022/texmf-dist/tex/latex/subfigure/subfi
gure.sty
Package: subfigure 2002/03/15 v2.1.5 subfigure package
\subfigtopskip=\skip49
\subfigcapskip=\skip50
\subfigcaptopadj=\dimen139
\subfigbottomskip=\skip51
\subfigcapmargin=\dimen140
\subfiglabelskip=\skip52
\c@subfigure=\count193
\c@lofdepth=\count194
\c@subtable=\count195
\c@lotdepth=\count196

****************************************
* Local config file subfigure.cfg used *
****************************************
(/usr/local/texlive/2022/texmf-dist/tex/latex/subfigure/subfigure.cfg)
\subfig@top=\skip53
\subfig@bottom=\skip54
)
(/usr/local/texlive/2022/texmf-dist/tex/latex/base/inputenc.sty
Package: inputenc 2021/02/14 v1.3d Input encoding file
\inpenc@prehook=\toks16
\inpenc@posthook=\toks17
)
(/usr/local/texlive/2022/texmf-dist/tex/latex/base/fontenc.sty
Package: fontenc 2021/04/29 v2.0v Standard LaTeX package
)
(/usr/local/texlive/2022/texmf-dist/tex/latex/graphics/graphicx.sty
Package: graphicx 2021/09/16 v1.2d Enhanced LaTeX Graphics (DPC,SPQR)

(/usr/local/texlive/2022/texmf-dist/tex/latex/graphics/keyval.sty
Package: keyval 2014/10/28 v1.15 key=value parser (DPC)
\KV@toks@=\toks18
)
(/usr/local/texlive/2022/texmf-dist/tex/latex/graphics/graphics.sty
Package: graphics 2021/03/04 v1.4d Standard LaTeX Graphics (DPC,SPQR)

(/usr/local/texlive/2022/texmf-dist/tex/latex/graphics/trig.sty
Package: trig 2021/08/11 v1.11 sin cos tan (DPC)
)
(/usr/local/texlive/2022/texmf-dist/tex/latex/graphics-cfg/graphics.cfg
File: graphics.cfg 2016/06/04 v1.11 sample graphics configuration
)
Package graphics Info: Driver file: dvips.def on input line 107.

(/usr/local/texlive/2022/texmf-dist/tex/latex/graphics-def/dvips.def
File: dvips.def 2017/06/20 v3.1d Graphics/color driver for dvips
))
\Gin@req@height=\dimen141
\Gin@req@width=\dimen142
)
(/usr/local/texlive/2022/texmf-dist/tex/latex/amsmath/amsmath.sty
Package: amsmath 2021/10/15 v2.17l AMS math features
\@mathmargin=\skip55

For additional information on amsmath, use the `?' option.
(/usr/local/texlive/2022/texmf-dist/tex/latex/amsmath/amstext.sty
Package: amstext 2021/08/26 v2.01 AMS text

(/usr/local/texlive/2022/texmf-dist/tex/latex/amsmath/amsgen.sty
File: amsgen.sty 1999/11/30 v2.0 generic functions
\@emptytoks=\toks19
\ex@=\dimen143
))
(/usr/local/texlive/2022/texmf-dist/tex/latex/amsmath/amsbsy.sty
Package: amsbsy 1999/11/29 v1.2d Bold Symbols
\pmbraise@=\dimen144
)
(/usr/local/texlive/2022/texmf-dist/tex/latex/amsmath/amsopn.sty
Package: amsopn 2021/08/26 v2.02 operator names
)
\inf@bad=\count197
LaTeX Info: Redefining \frac on input line 234.
\uproot@=\count198
\leftroot@=\count199
LaTeX Info: Redefining \overline on input line 399.
\classnum@=\count266
\DOTSCASE@=\count267
LaTeX Info: Redefining \ldots on input line 496.
LaTeX Info: Redefining \dots on input line 499.
LaTeX Info: Redefining \cdots on input line 620.
\Mathstrutbox@=\box50
\strutbox@=\box51
\big@size=\dimen145
LaTeX Font Info:    Redeclaring font encoding OML on input line 743.
LaTeX Font Info:    Redeclaring font encoding OMS on input line 744.
\macc@depth=\count268
\c@MaxMatrixCols=\count269
\dotsspace@=\muskip16
\c@parentequation=\count270
\dspbrk@lvl=\count271
\tag@help=\toks20
\row@=\count272
\column@=\count273
\maxfields@=\count274
\andhelp@=\toks21
\eqnshift@=\dimen146
\alignsep@=\dimen147
\tagshift@=\dimen148
\tagwidth@=\dimen149
\totwidth@=\dimen150
\lineht@=\dimen151
\@envbody=\toks22
\multlinegap=\skip56
\multlinetaggap=\skip57
\mathdisplay@stack=\toks23
LaTeX Info: Redefining \[ on input line 2938.
LaTeX Info: Redefining \] on input line 2939.
)
(/usr/local/texlive/2022/texmf-dist/tex/latex/amsfonts/amssymb.sty
Package: amssymb 2013/01/14 v3.01 AMS font symbols

(/usr/local/texlive/2022/texmf-dist/tex/latex/amsfonts/amsfonts.sty
Package: amsfonts 2013/01/14 v3.01 Basic AMSFonts support
\symAMSa=\mathgroup4
\symAMSb=\mathgroup5
LaTeX Font Info:    Redeclaring math symbol \hbar on input line 98.
LaTeX Font Info:    Overwriting math alphabet `\mathfrak' in version `bold'
(Font)                  U/euf/m/n --> U/euf/b/n on input line 106.
))
(/usr/local/texlive/2022/texmf-dist/tex/latex/amscls/amsthm.sty
Package: amsthm 2020/05/29 v2.20.6
\thm@style=\toks24
\thm@bodyfont=\toks25
\thm@headfont=\toks26
\thm@notefont=\toks27
\thm@headpunct=\toks28
\thm@preskip=\skip58
\thm@postskip=\skip59
\thm@headsep=\skip60
\dth@everypar=\toks29
)
(/usr/local/texlive/2022/texmf-dist/tex/latex/jknapltx/mathrsfs.sty
Package: mathrsfs 1996/01/01 Math RSFS package v1.0 (jk)
\symrsfs=\mathgroup6
)
(/usr/local/texlive/2022/texmf-dist/tex/latex/arydshln/arydshln.sty
Package: arydshln 2019/02/21 v1.76 
\dashlinedash=\dimen152
\dashlinegap=\dimen153
\adl@box=\box52
\adl@height=\dimen154
\adl@heightsave=\dimen155
\adl@depth=\dimen156
\adl@depthsave=\dimen157
\adl@finaldepth=\dimen158
\adl@columns=\count275
\adl@ncol=\count276
\adl@currentcolumn=\count277
\adl@currentcolumnsave=\count278
\adl@totalheight=\count279
\adl@totalheightsave=\count280
\adl@dash=\count281
\adl@gap=\count282
\adl@cla=\count283
\adl@clb=\count284
\adl@everyvbox=\toks30
\adl@LTpagetotal=\dimen159
) (./jgn.sty
Package: jgn 15/01/2012 Macros mecanet (J. Goicolea)
\zza=\count285
\zzb=\count286
\xxa=\count287
\yya=\count288
\xxb=\count289
\yyb=\count290
\xxc=\count291
\yyc=\count292
) (/usr/local/texlive/2022/texmf-dist/tex/latex/fancyhdr/fancyhdr.sty
Package: fancyhdr 2021/01/28 v4.0.1 Extensive control of page headers and foote
rs
\f@nch@headwidth=\skip61
\f@nch@O@elh=\skip62
\f@nch@O@erh=\skip63
\f@nch@O@olh=\skip64
\f@nch@O@orh=\skip65
\f@nch@O@elf=\skip66
\f@nch@O@erf=\skip67
\f@nch@O@olf=\skip68
\f@nch@O@orf=\skip69
)
(/usr/local/texlive/2022/texmf-dist/tex/latex/easy/easybmat.sty
Document Style `easybmat' v1.0 <2001/06/13>.
(/usr/local/texlive/2022/texmf-dist/tex/latex/easy/easy.sty
Document Style `easy' v1.1 <2001/05/31>.
Package: easy 2001/05/31 v1.1
\@easy@level=\count293
\@easy@ncol=\count294
\@easy@nrow=\count295
\@easy@cnt=\count296
\@easy@boxviii=\box53
\@easy@minxviii=\dimen160
\@easy@minyviii=\dimen161
\@easy@maxxviii=\dimen162
\@easy@maxyviii=\dimen163
\@easy@boxvii=\box54
\@easy@minxvii=\dimen164
\@easy@minyvii=\dimen165
\@easy@maxxvii=\dimen166
\@easy@maxyvii=\dimen167
\@easy@boxvi=\box55
\@easy@minxvi=\dimen168
\@easy@minyvi=\dimen169
\@easy@maxxvi=\dimen170
\@easy@maxyvi=\dimen171
\@easy@boxv=\box56
\@easy@minxv=\dimen172
\@easy@minyv=\dimen173
\@easy@maxxv=\dimen174
\@easy@maxyv=\dimen175
\@easy@boxiv=\box57
\@easy@minxiv=\dimen176
\@easy@minyiv=\dimen177
\@easy@maxxiv=\dimen178
\@easy@maxyiv=\dimen179
\@easy@boxiii=\box58
\@easy@minxiii=\dimen180
\@easy@minyiii=\dimen181
\@easy@maxxiii=\dimen182
\@easy@maxyiii=\dimen183
\@easy@boxii=\box59
\@easy@minxii=\dimen184
\@easy@minyii=\dimen185
\@easy@maxxii=\dimen186
\@easy@maxyii=\dimen187
\@easy@boxi=\box60
\@easy@minxi=\dimen188
\@easy@minyi=\dimen189
\@easy@maxxi=\dimen190
\@easy@maxyi=\dimen191
\@easy@hsizexxx=\dimen192
\@easy@vsizexxx=\dimen193
\@easy@hsizexxix=\dimen194
\@easy@vsizexxix=\dimen195
\@easy@hsizexxviii=\dimen196
\@easy@vsizexxviii=\dimen197
\@easy@hsizexxvii=\dimen198
\@easy@vsizexxvii=\dimen199
\@easy@hsizexxvi=\dimen256
\@easy@vsizexxvi=\dimen257
\@easy@hsizexxv=\dimen258
\@easy@vsizexxv=\dimen259
\@easy@hsizexxiv=\dimen260
\@easy@vsizexxiv=\dimen261
\@easy@hsizexxiii=\dimen262
\@easy@vsizexxiii=\dimen263
\@easy@hsizexxii=\dimen264
\@easy@vsizexxii=\dimen265
\@easy@hsizexxi=\dimen266
\@easy@vsizexxi=\dimen267
\@easy@hsizexx=\dimen268
\@easy@vsizexx=\dimen269
\@easy@hsizexix=\dimen270
\@easy@vsizexix=\dimen271
\@easy@hsizexviii=\dimen272
\@easy@vsizexviii=\dimen273
\@easy@hsizexvii=\dimen274
\@easy@vsizexvii=\dimen275
\@easy@hsizexvi=\dimen276
\@easy@vsizexvi=\dimen277
\@easy@hsizexv=\dimen278
\@easy@vsizexv=\dimen279
\@easy@hsizexiv=\dimen280
\@easy@vsizexiv=\dimen281
\@easy@hsizexiii=\dimen282
\@easy@vsizexiii=\dimen283
\@easy@hsizexii=\dimen284
\@easy@vsizexii=\dimen285
\@easy@hsizexi=\dimen286
\@easy@vsizexi=\dimen287
\@easy@hsizex=\dimen288
\@easy@vsizex=\dimen289
\@easy@hsizeix=\dimen290
\@easy@vsizeix=\dimen291
\@easy@hsizeviii=\dimen292
\@easy@vsizeviii=\dimen293
\@easy@hsizevii=\dimen294
\@easy@vsizevii=\dimen295
\@easy@hsizevi=\dimen296
\@easy@vsizevi=\dimen297
\@easy@hsizev=\dimen298
\@easy@vsizev=\dimen299
\@easy@hsizeiv=\dimen300
\@easy@vsizeiv=\dimen301
\@easy@hsizeiii=\dimen302
\@easy@vsizeiii=\dimen303
\@easy@hsizeii=\dimen304
\@easy@vsizeii=\dimen305
\@easy@hsizei=\dimen306
\@easy@vsizei=\dimen307
\@easy@dash@len=\dimen308
\@easy@dash@sep=\dimen309
)
Package: easybmat 2001/05/31 v1.1
\@bmat@size@rule=\dimen310
\@bmat@size@dash=\dimen311
) (/usr/local/texlive/2022/texmf-dist/tex/latex/adjustbox/adjustbox.sty
Package: adjustbox 2020/08/19 v1.3 Adjusting TeX boxes (trim, clip, ...)

(/usr/local/texlive/2022/texmf-dist/tex/latex/xkeyval/xkeyval.sty
Package: xkeyval 2020/11/20 v2.8 package option processing (HA)

(/usr/local/texlive/2022/texmf-dist/tex/generic/xkeyval/xkeyval.tex
(/usr/local/texlive/2022/texmf-dist/tex/generic/xkeyval/xkvutils.tex
\XKV@toks=\toks31
\XKV@tempa@toks=\toks32
)
\XKV@depth=\count297
File: xkeyval.tex 2014/12/03 v2.7a key=value parser (HA)
))
(/usr/local/texlive/2022/texmf-dist/tex/latex/adjustbox/adjcalc.sty
Package: adjcalc 2012/05/16 v1.1 Provides advanced setlength with multiple back
-ends (calc, etex, pgfmath)
)
(/usr/local/texlive/2022/texmf-dist/tex/latex/adjustbox/trimclip.sty
Package: trimclip 2020/08/19 v1.2 Trim and clip general TeX material

(/usr/local/texlive/2022/texmf-dist/tex/latex/collectbox/collectbox.sty
Package: collectbox 2012/05/17 v0.4b Collect macro arguments as boxes
\collectedbox=\box61
)
\tc@llx=\dimen312
\tc@lly=\dimen313
\tc@urx=\dimen314
\tc@ury=\dimen315
Package trimclip Info: Using driver 'tc-dvips.def'.

(/usr/local/texlive/2022/texmf-dist/tex/latex/adjustbox/tc-dvips.def
File: tc-dvips.def 2019/01/04 v2.2 Clipping driver for dvips
))
\adjbox@Width=\dimen316
\adjbox@Height=\dimen317
\adjbox@Depth=\dimen318
\adjbox@Totalheight=\dimen319
\adjbox@pwidth=\dimen320
\adjbox@pheight=\dimen321
\adjbox@pdepth=\dimen322
\adjbox@ptotalheight=\dimen323

(/usr/local/texlive/2022/texmf-dist/tex/latex/ifoddpage/ifoddpage.sty
Package: ifoddpage 2016/04/23 v1.1 Conditionals for odd/even page detection
\c@checkoddpage=\count298
)
(/usr/local/texlive/2022/texmf-dist/tex/latex/varwidth/varwidth.sty
Package: varwidth 2009/03/30 ver 0.92;  Variable-width minipages
\@vwid@box=\box62
\sift@deathcycles=\count299
\@vwid@loff=\dimen324
\@vwid@roff=\dimen325
))
(/usr/local/texlive/2022/texmf-dist/tex/generic/babel/babel.sty
Package: babel 2022/02/26 3.73 The Babel package
\babel@savecnt=\count300
\U@D=\dimen326
\l@unhyphenated=\language87

(/usr/local/texlive/2022/texmf-dist/tex/generic/babel/txtbabel.def)
\bbl@readstream=\read2
\bbl@dirlevel=\count301

(/usr/local/texlive/2022/texmf-dist/tex/generic/babel-spanish/spanish.ldf
Language: spanish.ldf 2021/05/27 v5.0q Spanish support from the babel system
\es@quottoks=\toks33
\es@quotdepth=\count302
))
(/usr/local/texlive/2022/texmf-dist/tex/latex/pdfpages/pdfpages.sty
Package: pdfpages 2022/01/29 v0.5u Insert pages of external PDF documents (AM)

(/usr/local/texlive/2022/texmf-dist/tex/latex/base/ifthen.sty
Package: ifthen 2020/11/24 v1.1c Standard LaTeX ifthen package (DPC)
)
(/usr/local/texlive/2022/texmf-dist/tex/latex/tools/calc.sty
Package: calc 2017/05/25 v4.3 Infix arithmetic (KKT,FJ)
\calc@Acount=\count303
\calc@Bcount=\count304
\calc@Adimen=\dimen327
\calc@Bdimen=\dimen328
\calc@Askip=\skip70
\calc@Bskip=\skip71
LaTeX Info: Redefining \setlength on input line 80.
LaTeX Info: Redefining \addtolength on input line 81.
\calc@Ccount=\count305
\calc@Cskip=\skip72
)
(/usr/local/texlive/2022/texmf-dist/tex/latex/eso-pic/eso-pic.sty
Package: eso-pic 2020/10/14 v3.0a eso-pic (RN)
\ESO@tempdima=\dimen329
\ESO@tempdimb=\dimen330

(/usr/local/texlive/2022/texmf-dist/tex/latex/xcolor/xcolor.sty
Package: xcolor 2021/10/31 v2.13 LaTeX color extensions (UK)

(/usr/local/texlive/2022/texmf-dist/tex/latex/graphics-cfg/color.cfg
File: color.cfg 2016/01/02 v1.6 sample color configuration
)
Package xcolor Info: Driver file: pdftex.def on input line 227.

(/usr/local/texlive/2022/texmf-dist/tex/latex/graphics-def/pdftex.def
File: pdftex.def 2020/10/05 v1.2a Graphics/color driver for pdftex
)
Package xcolor Info: Model `cmy' substituted by `cmy0' on input line 1352.
Package xcolor Info: Model `RGB' extended on input line 1368.
Package xcolor Info: Model `HTML' substituted by `rgb' on input line 1370.
Package xcolor Info: Model `Hsb' substituted by `hsb' on input line 1371.
Package xcolor Info: Model `tHsb' substituted by `hsb' on input line 1372.
Package xcolor Info: Model `HSB' substituted by `hsb' on input line 1373.
Package xcolor Info: Model `Gray' substituted by `gray' on input line 1374.
Package xcolor Info: Model `wave' substituted by `hsb' on input line 1375.
))
\AM@pagewidth=\dimen331
\AM@pageheight=\dimen332
\AM@fboxrule=\dimen333

(/usr/local/texlive/2022/texmf-dist/tex/latex/pdfpages/pppdftex.def
File: pppdftex.def 2022/01/29 v0.5u Pdfpages driver for pdfTeX (AM)
)
\pdfpages@includegraphics@status=\count306
\AM@pagebox=\box63
\AM@global@opts=\toks34
\AM@pagecnt=\count307
\AM@toc@title=\toks35
\c@AM@survey=\count308
\AM@templatesizebox=\box64
)
(/usr/local/texlive/2022/texmf-dist/tex/latex/geometry/geometry.sty
Package: geometry 2020/01/02 v5.9 Page Geometry

(/usr/local/texlive/2022/texmf-dist/tex/generic/iftex/ifvtex.sty
Package: ifvtex 2019/10/25 v1.7 ifvtex legacy package. Use iftex instead.

(/usr/local/texlive/2022/texmf-dist/tex/generic/iftex/iftex.sty
Package: iftex 2022/02/03 v1.0f TeX engine tests
))
\Gm@cnth=\count309
\Gm@cntv=\count310
\c@Gm@tempcnt=\count311
\Gm@bindingoffset=\dimen334
\Gm@wd@mp=\dimen335
\Gm@odd@mp=\dimen336
\Gm@even@mp=\dimen337
\Gm@layoutwidth=\dimen338
\Gm@layoutheight=\dimen339
\Gm@layouthoffset=\dimen340
\Gm@layoutvoffset=\dimen341
\Gm@dimlist=\toks36
)
(/usr/local/texlive/2022/texmf-dist/tex/latex/hyperref/hyperref.sty
Package: hyperref 2022-02-21 v7.00n Hypertext links for LaTeX

(/usr/local/texlive/2022/texmf-dist/tex/generic/ltxcmds/ltxcmds.sty
Package: ltxcmds 2020-05-10 v1.25 LaTeX kernel commands for general use (HO)
)
(/usr/local/texlive/2022/texmf-dist/tex/generic/pdftexcmds/pdftexcmds.sty
Package: pdftexcmds 2020-06-27 v0.33 Utility functions of pdfTeX for LuaTeX (HO
)

(/usr/local/texlive/2022/texmf-dist/tex/generic/infwarerr/infwarerr.sty
Package: infwarerr 2019/12/03 v1.5 Providing info/warning/error messages (HO)
)
Package pdftexcmds Info: \pdf@primitive is available.
Package pdftexcmds Info: \pdf@ifprimitive is available.
Package pdftexcmds Info: \pdfdraftmode found.
)
(/usr/local/texlive/2022/texmf-dist/tex/generic/kvsetkeys/kvsetkeys.sty
Package: kvsetkeys 2019/12/15 v1.18 Key value parser (HO)
)
(/usr/local/texlive/2022/texmf-dist/tex/generic/kvdefinekeys/kvdefinekeys.sty
Package: kvdefinekeys 2019-12-19 v1.6 Define keys (HO)
)
(/usr/local/texlive/2022/texmf-dist/tex/generic/pdfescape/pdfescape.sty
Package: pdfescape 2019/12/09 v1.15 Implements pdfTeX's escape features (HO)
)
(/usr/local/texlive/2022/texmf-dist/tex/latex/hycolor/hycolor.sty
Package: hycolor 2020-01-27 v1.10 Color options for hyperref/bookmark (HO)
)
(/usr/local/texlive/2022/texmf-dist/tex/latex/letltxmacro/letltxmacro.sty
Package: letltxmacro 2019/12/03 v1.6 Let assignment for LaTeX macros (HO)
)
(/usr/local/texlive/2022/texmf-dist/tex/latex/auxhook/auxhook.sty
Package: auxhook 2019-12-17 v1.6 Hooks for auxiliary files (HO)
)
(/usr/local/texlive/2022/texmf-dist/tex/latex/kvoptions/kvoptions.sty
Package: kvoptions 2020-10-07 v3.14 Key value format for package options (HO)
)
\@linkdim=\dimen342
\Hy@linkcounter=\count312
\Hy@pagecounter=\count313

(/usr/local/texlive/2022/texmf-dist/tex/latex/hyperref/pd1enc.def
File: pd1enc.def 2022-02-21 v7.00n Hyperref: PDFDocEncoding definition (HO)
Now handling font encoding PD1 ...
... no UTF-8 mapping file for font encoding PD1
)
(/usr/local/texlive/2022/texmf-dist/tex/generic/intcalc/intcalc.sty
Package: intcalc 2019/12/15 v1.3 Expandable calculations with integers (HO)
)
(/usr/local/texlive/2022/texmf-dist/tex/generic/etexcmds/etexcmds.sty
Package: etexcmds 2019/12/15 v1.7 Avoid name clashes with e-TeX commands (HO)
)
\Hy@SavedSpaceFactor=\count314

(/usr/local/texlive/2022/texmf-dist/tex/latex/hyperref/puenc.def
File: puenc.def 2022-02-21 v7.00n Hyperref: PDF Unicode definition (HO)
Now handling font encoding PU ...
... no UTF-8 mapping file for font encoding PU
)
Package hyperref Info: Hyper figures OFF on input line 4137.
Package hyperref Info: Link nesting OFF on input line 4142.
Package hyperref Info: Hyper index ON on input line 4145.
Package hyperref Info: Plain pages OFF on input line 4152.
Package hyperref Info: Backreferencing OFF on input line 4157.
Package hyperref Info: Implicit mode ON; LaTeX internals redefined.
Package hyperref Info: Bookmarks ON on input line 4390.
\c@Hy@tempcnt=\count315

(/usr/local/texlive/2022/texmf-dist/tex/latex/url/url.sty
\Urlmuskip=\muskip17
Package: url 2013/09/16  ver 3.4  Verb mode for urls, etc.
)
LaTeX Info: Redefining \url on input line 4749.
\XeTeXLinkMargin=\dimen343

(/usr/local/texlive/2022/texmf-dist/tex/generic/bitset/bitset.sty
Package: bitset 2019/12/09 v1.3 Handle bit-vector datatype (HO)

(/usr/local/texlive/2022/texmf-dist/tex/generic/bigintcalc/bigintcalc.sty
Package: bigintcalc 2019/12/15 v1.5 Expandable calculations on big integers (HO
)
))
\Fld@menulength=\count316
\Field@Width=\dimen344
\Fld@charsize=\dimen345
Package hyperref Info: Hyper figures OFF on input line 6027.
Package hyperref Info: Link nesting OFF on input line 6032.
Package hyperref Info: Hyper index ON on input line 6035.
Package hyperref Info: backreferencing OFF on input line 6042.
Package hyperref Info: Link coloring OFF on input line 6047.
Package hyperref Info: Link coloring with OCG OFF on input line 6052.
Package hyperref Info: PDF/A mode OFF on input line 6057.
LaTeX Info: Redefining \ref on input line 6097.
LaTeX Info: Redefining \pageref on input line 6101.

(/usr/local/texlive/2022/texmf-dist/tex/latex/base/atbegshi-ltx.sty
Package: atbegshi-ltx 2021/01/10 v1.0c Emulation of the original atbegshi
package with kernel methods
)
\Hy@abspage=\count317
\c@Item=\count318
\c@Hfootnote=\count319
)
Package hyperref Info: Driver (autodetected): hpdftex.

(/usr/local/texlive/2022/texmf-dist/tex/latex/hyperref/hpdftex.def
File: hpdftex.def 2022-02-21 v7.00n Hyperref driver for pdfTeX

(/usr/local/texlive/2022/texmf-dist/tex/latex/base/atveryend-ltx.sty
Package: atveryend-ltx 2020/08/19 v1.0a Emulation of the original atveryend pac
kage
with kernel methods
)
\Fld@listcount=\count320
\c@bookmark@seq@number=\count321

(/usr/local/texlive/2022/texmf-dist/tex/latex/rerunfilecheck/rerunfilecheck.sty
Package: rerunfilecheck 2019/12/05 v1.9 Rerun checks for auxiliary files (HO)

(/usr/local/texlive/2022/texmf-dist/tex/generic/uniquecounter/uniquecounter.sty
Package: uniquecounter 2019/12/15 v1.4 Provide unlimited unique counter (HO)
)
Package uniquecounter Info: New unique counter `rerunfilecheck' on input line 2
86.
)
\Hy@SectionHShift=\skip73
) (/usr/local/texlive/2022/texmf-dist/tex/latex/bera/beramono.sty
Package: beramono 2004/01/31 (WaS)
)
(/usr/local/texlive/2022/texmf-dist/tex/latex/float/float.sty
Package: float 2001/11/08 v1.3d Float enhancements (AL)
\c@float@type=\count322
\float@exts=\toks37
\float@box=\box65
\@float@everytoks=\toks38
\@floatcapt=\box66
)
(/usr/local/texlive/2022/texmf-dist/tex/latex/upquote/upquote.sty
Package: upquote 2012/04/19 v1.3 upright-quote and grave-accent glyphs in verba
tim

(/usr/local/texlive/2022/texmf-dist/tex/latex/base/textcomp.sty
Package: textcomp 2020/02/02 v2.0n Standard LaTeX package
))
(/usr/local/texlive/2022/texmf-dist/tex/latex/tools/longtable.sty
Package: longtable 2021-09-01 v4.17 Multi-page Table package (DPC)
\LTleft=\skip74
\LTright=\skip75
\LTpre=\skip76
\LTpost=\skip77
\LTchunksize=\count323
\LTcapwidth=\dimen346
\LT@head=\box67
\LT@firsthead=\box68
\LT@foot=\box69
\LT@lastfoot=\box70
\LT@gbox=\box71
\LT@cols=\count324
\LT@rows=\count325
\c@LT@tables=\count326
\c@LT@chunks=\count327
\LT@p@ftn=\toks39
)
(/usr/local/texlive/2022/texmf-dist/tex/latex/tools/bm.sty
Package: bm 2021/04/25 v1.2e Bold Symbol Support (DPC/FMi)
\symboldoperators=\mathgroup7
\symboldletters=\mathgroup8
\symboldsymbols=\mathgroup9
Package bm Info: No bold for \OMX/cmex/m/n, using \pmb.
Package bm Info: No bold for \U/msa/m/n, using \pmb.
Package bm Info: No bold for \U/msb/m/n, using \pmb.
Package bm Info: No bold for \U/rsfs/m/n, using \pmb.
LaTeX Font Info:    Redeclaring math alphabet \mathbf on input line 149.
LaTeX Info: Redefining \bm on input line 218.
)
(/usr/local/texlive/2022/texmf-dist/tex/latex/wrapfig/wrapfig.sty
\wrapoverhang=\dimen347
\WF@size=\dimen348
\c@WF@wrappedlines=\count328
\WF@box=\box72
\WF@everypar=\toks40
Package: wrapfig 2003/01/31  v 3.6
)
(/usr/local/texlive/2022/texmf-dist/tex/latex/tcolorbox/tcolorbox.sty
Package: tcolorbox 2022/01/07 version 5.0.2 text color boxes

(/usr/local/texlive/2022/texmf-dist/tex/latex/pgf/basiclayer/pgf.sty
(/usr/local/texlive/2022/texmf-dist/tex/latex/pgf/utilities/pgfrcs.sty
(/usr/local/texlive/2022/texmf-dist/tex/generic/pgf/utilities/pgfutil-common.te
x
\pgfutil@everybye=\toks41
\pgfutil@tempdima=\dimen349
\pgfutil@tempdimb=\dimen350

(/usr/local/texlive/2022/texmf-dist/tex/generic/pgf/utilities/pgfutil-common-li
sts.tex))
(/usr/local/texlive/2022/texmf-dist/tex/generic/pgf/utilities/pgfutil-latex.def
\pgfutil@abb=\box73
) (/usr/local/texlive/2022/texmf-dist/tex/generic/pgf/utilities/pgfrcs.code.tex
(/usr/local/texlive/2022/texmf-dist/tex/generic/pgf/pgf.revision.tex)
Package: pgfrcs 2021/05/15 v3.1.9a (3.1.9a)
))
Package: pgf 2021/05/15 v3.1.9a (3.1.9a)

(/usr/local/texlive/2022/texmf-dist/tex/latex/pgf/basiclayer/pgfcore.sty
(/usr/local/texlive/2022/texmf-dist/tex/latex/pgf/systemlayer/pgfsys.sty
(/usr/local/texlive/2022/texmf-dist/tex/generic/pgf/systemlayer/pgfsys.code.tex
Package: pgfsys 2021/05/15 v3.1.9a (3.1.9a)
(/usr/local/texlive/2022/texmf-dist/tex/generic/pgf/utilities/pgfkeys.code.tex
\pgfkeys@pathtoks=\toks42
\pgfkeys@temptoks=\toks43

(/usr/local/texlive/2022/texmf-dist/tex/generic/pgf/utilities/pgfkeysfiltered.c
ode.tex
\pgfkeys@tmptoks=\toks44
))
\pgf@x=\dimen351
\pgf@y=\dimen352
\pgf@xa=\dimen353
\pgf@ya=\dimen354
\pgf@xb=\dimen355
\pgf@yb=\dimen356
\pgf@xc=\dimen357
\pgf@yc=\dimen358
\pgf@xd=\dimen359
\pgf@yd=\dimen360
\w@pgf@writea=\write3
\r@pgf@reada=\read3
\c@pgf@counta=\count329
\c@pgf@countb=\count330
\c@pgf@countc=\count331
\c@pgf@countd=\count332
\t@pgf@toka=\toks45
\t@pgf@tokb=\toks46
\t@pgf@tokc=\toks47
\pgf@sys@id@count=\count333

(/usr/local/texlive/2022/texmf-dist/tex/generic/pgf/systemlayer/pgf.cfg
File: pgf.cfg 2021/05/15 v3.1.9a (3.1.9a)
)
Driver file for pgf: pgfsys-pdftex.def

(/usr/local/texlive/2022/texmf-dist/tex/generic/pgf/systemlayer/pgfsys-pdftex.d
ef
File: pgfsys-pdftex.def 2021/05/15 v3.1.9a (3.1.9a)

(/usr/local/texlive/2022/texmf-dist/tex/generic/pgf/systemlayer/pgfsys-common-p
df.def
File: pgfsys-common-pdf.def 2021/05/15 v3.1.9a (3.1.9a)
)))
(/usr/local/texlive/2022/texmf-dist/tex/generic/pgf/systemlayer/pgfsyssoftpath.
code.tex
File: pgfsyssoftpath.code.tex 2021/05/15 v3.1.9a (3.1.9a)
\pgfsyssoftpath@smallbuffer@items=\count334
\pgfsyssoftpath@bigbuffer@items=\count335
)
(/usr/local/texlive/2022/texmf-dist/tex/generic/pgf/systemlayer/pgfsysprotocol.
code.tex
File: pgfsysprotocol.code.tex 2021/05/15 v3.1.9a (3.1.9a)
))
(/usr/local/texlive/2022/texmf-dist/tex/generic/pgf/basiclayer/pgfcore.code.tex
Package: pgfcore 2021/05/15 v3.1.9a (3.1.9a)
(/usr/local/texlive/2022/texmf-dist/tex/generic/pgf/math/pgfmath.code.tex
(/usr/local/texlive/2022/texmf-dist/tex/generic/pgf/math/pgfmathcalc.code.tex
(/usr/local/texlive/2022/texmf-dist/tex/generic/pgf/math/pgfmathutil.code.tex)
(/usr/local/texlive/2022/texmf-dist/tex/generic/pgf/math/pgfmathparser.code.tex
\pgfmath@dimen=\dimen361
\pgfmath@count=\count336
\pgfmath@box=\box74
\pgfmath@toks=\toks48
\pgfmath@stack@operand=\toks49
\pgfmath@stack@operation=\toks50
)
(/usr/local/texlive/2022/texmf-dist/tex/generic/pgf/math/pgfmathfunctions.code.
tex
(/usr/local/texlive/2022/texmf-dist/tex/generic/pgf/math/pgfmathfunctions.basic
.code.tex)
(/usr/local/texlive/2022/texmf-dist/tex/generic/pgf/math/pgfmathfunctions.trigo
nometric.code.tex)
(/usr/local/texlive/2022/texmf-dist/tex/generic/pgf/math/pgfmathfunctions.rando
m.code.tex)
(/usr/local/texlive/2022/texmf-dist/tex/generic/pgf/math/pgfmathfunctions.compa
rison.code.tex)
(/usr/local/texlive/2022/texmf-dist/tex/generic/pgf/math/pgfmathfunctions.base.
code.tex)
(/usr/local/texlive/2022/texmf-dist/tex/generic/pgf/math/pgfmathfunctions.round
.code.tex)
(/usr/local/texlive/2022/texmf-dist/tex/generic/pgf/math/pgfmathfunctions.misc.
code.tex)
(/usr/local/texlive/2022/texmf-dist/tex/generic/pgf/math/pgfmathfunctions.integ
erarithmetics.code.tex)))
(/usr/local/texlive/2022/texmf-dist/tex/generic/pgf/math/pgfmathfloat.code.tex
\c@pgfmathroundto@lastzeros=\count337
)) (/usr/local/texlive/2022/texmf-dist/tex/generic/pgf/math/pgfint.code.tex)
(/usr/local/texlive/2022/texmf-dist/tex/generic/pgf/basiclayer/pgfcorepoints.co
de.tex
File: pgfcorepoints.code.tex 2021/05/15 v3.1.9a (3.1.9a)
\pgf@picminx=\dimen362
\pgf@picmaxx=\dimen363
\pgf@picminy=\dimen364
\pgf@picmaxy=\dimen365
\pgf@pathminx=\dimen366
\pgf@pathmaxx=\dimen367
\pgf@pathminy=\dimen368
\pgf@pathmaxy=\dimen369
\pgf@xx=\dimen370
\pgf@xy=\dimen371
\pgf@yx=\dimen372
\pgf@yy=\dimen373
\pgf@zx=\dimen374
\pgf@zy=\dimen375
)
(/usr/local/texlive/2022/texmf-dist/tex/generic/pgf/basiclayer/pgfcorepathconst
ruct.code.tex
File: pgfcorepathconstruct.code.tex 2021/05/15 v3.1.9a (3.1.9a)
\pgf@path@lastx=\dimen376
\pgf@path@lasty=\dimen377
)
(/usr/local/texlive/2022/texmf-dist/tex/generic/pgf/basiclayer/pgfcorepathusage
.code.tex
File: pgfcorepathusage.code.tex 2021/05/15 v3.1.9a (3.1.9a)
\pgf@shorten@end@additional=\dimen378
\pgf@shorten@start@additional=\dimen379
)
(/usr/local/texlive/2022/texmf-dist/tex/generic/pgf/basiclayer/pgfcorescopes.co
de.tex
File: pgfcorescopes.code.tex 2021/05/15 v3.1.9a (3.1.9a)
\pgfpic=\box75
\pgf@hbox=\box76
\pgf@layerbox@main=\box77
\pgf@picture@serial@count=\count338
)
(/usr/local/texlive/2022/texmf-dist/tex/generic/pgf/basiclayer/pgfcoregraphicst
ate.code.tex
File: pgfcoregraphicstate.code.tex 2021/05/15 v3.1.9a (3.1.9a)
\pgflinewidth=\dimen380
)
(/usr/local/texlive/2022/texmf-dist/tex/generic/pgf/basiclayer/pgfcoretransform
ations.code.tex
File: pgfcoretransformations.code.tex 2021/05/15 v3.1.9a (3.1.9a)
\pgf@pt@x=\dimen381
\pgf@pt@y=\dimen382
\pgf@pt@temp=\dimen383
)
(/usr/local/texlive/2022/texmf-dist/tex/generic/pgf/basiclayer/pgfcorequick.cod
e.tex
File: pgfcorequick.code.tex 2021/05/15 v3.1.9a (3.1.9a)
)
(/usr/local/texlive/2022/texmf-dist/tex/generic/pgf/basiclayer/pgfcoreobjects.c
ode.tex
File: pgfcoreobjects.code.tex 2021/05/15 v3.1.9a (3.1.9a)
)
(/usr/local/texlive/2022/texmf-dist/tex/generic/pgf/basiclayer/pgfcorepathproce
ssing.code.tex
File: pgfcorepathprocessing.code.tex 2021/05/15 v3.1.9a (3.1.9a)
)
(/usr/local/texlive/2022/texmf-dist/tex/generic/pgf/basiclayer/pgfcorearrows.co
de.tex
File: pgfcorearrows.code.tex 2021/05/15 v3.1.9a (3.1.9a)
\pgfarrowsep=\dimen384
)
(/usr/local/texlive/2022/texmf-dist/tex/generic/pgf/basiclayer/pgfcoreshade.cod
e.tex
File: pgfcoreshade.code.tex 2021/05/15 v3.1.9a (3.1.9a)
\pgf@max=\dimen385
\pgf@sys@shading@range@num=\count339
\pgf@shadingcount=\count340
)
(/usr/local/texlive/2022/texmf-dist/tex/generic/pgf/basiclayer/pgfcoreimage.cod
e.tex
File: pgfcoreimage.code.tex 2021/05/15 v3.1.9a (3.1.9a)

(/usr/local/texlive/2022/texmf-dist/tex/generic/pgf/basiclayer/pgfcoreexternal.
code.tex
File: pgfcoreexternal.code.tex 2021/05/15 v3.1.9a (3.1.9a)
\pgfexternal@startupbox=\box78
))
(/usr/local/texlive/2022/texmf-dist/tex/generic/pgf/basiclayer/pgfcorelayers.co
de.tex
File: pgfcorelayers.code.tex 2021/05/15 v3.1.9a (3.1.9a)
)
(/usr/local/texlive/2022/texmf-dist/tex/generic/pgf/basiclayer/pgfcoretranspare
ncy.code.tex
File: pgfcoretransparency.code.tex 2021/05/15 v3.1.9a (3.1.9a)
)
(/usr/local/texlive/2022/texmf-dist/tex/generic/pgf/basiclayer/pgfcorepatterns.
code.tex
File: pgfcorepatterns.code.tex 2021/05/15 v3.1.9a (3.1.9a)
)
(/usr/local/texlive/2022/texmf-dist/tex/generic/pgf/basiclayer/pgfcorerdf.code.
tex
File: pgfcorerdf.code.tex 2021/05/15 v3.1.9a (3.1.9a)
)))
(/usr/local/texlive/2022/texmf-dist/tex/generic/pgf/modules/pgfmoduleshapes.cod
e.tex
File: pgfmoduleshapes.code.tex 2021/05/15 v3.1.9a (3.1.9a)
\pgfnodeparttextbox=\box79
)
(/usr/local/texlive/2022/texmf-dist/tex/generic/pgf/modules/pgfmoduleplot.code.
tex
File: pgfmoduleplot.code.tex 2021/05/15 v3.1.9a (3.1.9a)
)
(/usr/local/texlive/2022/texmf-dist/tex/latex/pgf/compatibility/pgfcomp-version
-0-65.sty
Package: pgfcomp-version-0-65 2021/05/15 v3.1.9a (3.1.9a)
\pgf@nodesepstart=\dimen386
\pgf@nodesepend=\dimen387
)
(/usr/local/texlive/2022/texmf-dist/tex/latex/pgf/compatibility/pgfcomp-version
-1-18.sty
Package: pgfcomp-version-1-18 2021/05/15 v3.1.9a (3.1.9a)
)) (/usr/local/texlive/2022/texmf-dist/tex/latex/tools/verbatim.sty
Package: verbatim 2020-07-07 v1.5u LaTeX2e package for verbatim enhancements
\every@verbatim=\toks51
\verbatim@line=\toks52
\verbatim@in@stream=\read4
)
(/usr/local/texlive/2022/texmf-dist/tex/latex/environ/environ.sty
Package: environ 2014/05/04 v0.3 A new way to define environments

(/usr/local/texlive/2022/texmf-dist/tex/latex/trimspaces/trimspaces.sty
Package: trimspaces 2009/09/17 v1.1 Trim spaces around a token list
))
(/usr/local/texlive/2022/texmf-dist/tex/latex/etoolbox/etoolbox.sty
Package: etoolbox 2020/10/05 v2.5k e-TeX tools for LaTeX (JAW)
\etb@tempcnta=\count341
)
\tcb@titlebox=\box80
\tcb@upperbox=\box81
\tcb@lowerbox=\box82
\tcb@phantombox=\box83
\c@tcbbreakpart=\count342
\c@tcblayer=\count343
\c@tcolorbox@number=\count344
\tcb@temp=\box84
\tcb@temp=\box85
\tcb@temp=\box86
\tcb@temp=\box87
)
(/usr/local/texlive/2022/texmf-dist/tex/latex/tools/multicol.sty
Package: multicol 2021/10/28 v1.9b multicolumn formatting (FMi)
\c@tracingmulticols=\count345
\mult@box=\box88
\multicol@leftmargin=\dimen388
\c@unbalance=\count346
\c@collectmore=\count347
\doublecol@number=\count348
\multicoltolerance=\count349
\multicolpretolerance=\count350
\full@width=\dimen389
\page@free=\dimen390
\premulticols=\dimen391
\postmulticols=\dimen392
\multicolsep=\skip78
\multicolbaselineskip=\skip79
\partial@page=\box89
\last@line=\box90
\maxbalancingoverflow=\dimen393
\mult@rightbox=\box91
\mult@grightbox=\box92
\mult@firstbox=\box93
\mult@gfirstbox=\box94
\@tempa=\box95
\@tempa=\box96
\@tempa=\box97
\@tempa=\box98
\@tempa=\box99
\@tempa=\box100
\@tempa=\box101
\@tempa=\box102
\@tempa=\box103
\@tempa=\box104
\@tempa=\box105
\@tempa=\box106
\@tempa=\box107
\@tempa=\box108
\@tempa=\box109
\@tempa=\box110
\@tempa=\box111
\@tempa=\box112
\@tempa=\box113
\@tempa=\box114
\@tempa=\box115
\@tempa=\box116
\@tempa=\box117
\@tempa=\box118
\@tempa=\box119
\@tempa=\box120
\@tempa=\box121
\@tempa=\box122
\@tempa=\box123
\@tempa=\box124
\@tempa=\box125
\@tempa=\box126
\@tempa=\box127
\@tempa=\box128
\@tempa=\box129
\@tempa=\box130
\c@minrows=\count351
\c@columnbadness=\count352
\c@finalcolumnbadness=\count353
\last@try=\dimen394
\multicolovershoot=\dimen395
\multicolundershoot=\dimen396
\mult@nat@firstbox=\box131
\colbreak@box=\box132
\mc@col@check@num=\count354
)
(/usr/local/texlive/2022/texmf-dist/tex/latex/listings/listings.sty
\lst@mode=\count355
\lst@gtempboxa=\box133
\lst@token=\toks53
\lst@length=\count356
\lst@currlwidth=\dimen397
\lst@column=\count357
\lst@pos=\count358
\lst@lostspace=\dimen398
\lst@width=\dimen399
\lst@newlines=\count359
\lst@lineno=\count360
\lst@maxwidth=\dimen400

(/usr/local/texlive/2022/texmf-dist/tex/latex/listings/lstmisc.sty
File: lstmisc.sty 2020/03/24 1.8d (Carsten Heinz)
\c@lstnumber=\count361
\lst@skipnumbers=\count362
\lst@framebox=\box134
)
(/usr/local/texlive/2022/texmf-dist/tex/latex/listings/listings.cfg
File: listings.cfg 2020/03/24 1.8d listings configuration
))
Package: listings 2020/03/24 1.8d (Carsten Heinz)

(/usr/local/texlive/2022/texmf-dist/tex/latex/caption/caption.sty
Package: caption 2022/03/01 v3.6b Customizing captions (AR)

(/usr/local/texlive/2022/texmf-dist/tex/latex/caption/caption3.sty
Package: caption3 2022/03/17 v2.3b caption3 kernel (AR)
\caption@tempdima=\dimen401
\captionmargin=\dimen402
\caption@leftmargin=\dimen403
\caption@rightmargin=\dimen404
\caption@width=\dimen405
\caption@indent=\dimen406
\caption@parindent=\dimen407
\caption@hangindent=\dimen408
Package caption Info: Standard document class detected.
)
\c@caption@flags=\count363
\c@continuedfloat=\count364
Package caption Info: float package is loaded.
Package caption Info: hyperref package is loaded.
Package caption Info: listings package is loaded.
Package caption Info: longtable package is loaded.

(/usr/local/texlive/2022/texmf-dist/tex/latex/caption/ltcaption.sty
Package: ltcaption 2021/01/08 v1.4c longtable captions (AR)
)
Package caption Info: subfigure package is loaded.
Package caption Info: wrapfig package is loaded.
))
(./newcommands.tex)
Package hyperref Info: Option `colorlinks' set `true' on input line 14.
Package hyperref Info: Option `breaklinks' set `true' on input line 14.


Package hyperref Warning: Option `backref' has already been used,
(hyperref)                setting the option has no effect on input line 14.

Package hyperref Info: Option `bookmarksnumbered' set `true' on input line 14.
LaTeX Info: Redefining \. on input line 17.
LaTeX Info: Redefining \% on input line 17.
(/usr/local/texlive/2022/texmf-dist/tex/latex/l3backend/l3backend-pdftex.def
File: l3backend-pdftex.def 2022-02-07 L3 backend support: PDF output (pdfTeX)
\l__color_backend_stack_int=\count365
\l__pdf_internal_box=\box135
)
(./pracMCIC_4-es.aux
LaTeX Info: Redefining \. on input line 22.
LaTeX Info: Redefining \% on input line 22.
LaTeX Info: Redefining \. on input line 23.
LaTeX Info: Redefining \% on input line 23.
)
\openout1 = `pracMCIC_4-es.aux'.

LaTeX Font Info:    Checking defaults for OML/cmm/m/it on input line 32.
LaTeX Font Info:    ... okay on input line 32.
LaTeX Font Info:    Checking defaults for OMS/cmsy/m/n on input line 32.
LaTeX Font Info:    ... okay on input line 32.
LaTeX Font Info:    Checking defaults for OT1/cmr/m/n on input line 32.
LaTeX Font Info:    ... okay on input line 32.
LaTeX Font Info:    Checking defaults for T1/cmr/m/n on input line 32.
LaTeX Font Info:    ... okay on input line 32.
LaTeX Font Info:    Checking defaults for TS1/cmr/m/n on input line 32.
LaTeX Font Info:    ... okay on input line 32.
LaTeX Font Info:    Checking defaults for OMX/cmex/m/n on input line 32.
LaTeX Font Info:    ... okay on input line 32.
LaTeX Font Info:    Checking defaults for U/cmr/m/n on input line 32.
LaTeX Font Info:    ... okay on input line 32.
LaTeX Font Info:    Checking defaults for PD1/pdf/m/n on input line 32.
LaTeX Font Info:    ... okay on input line 32.
LaTeX Font Info:    Checking defaults for PU/pdf/m/n on input line 32.
LaTeX Font Info:    ... okay on input line 32.
LaTeX Info: Redefining \. on input line 32.
LaTeX Info: Redefining \% on input line 32.

(/usr/local/texlive/2022/texmf-dist/tex/context/base/mkii/supp-pdf.mkii
[Loading MPS to PDF converter (version 2006.09.02).]
\scratchcounter=\count366
\scratchdimen=\dimen409
\scratchbox=\box136
\nofMPsegments=\count367
\nofMParguments=\count368
\everyMPshowfont=\toks54
\MPscratchCnt=\count369
\MPscratchDim=\dimen410
\MPnumerator=\count370
\makeMPintoPDFobject=\count371
\everyMPtoPDFconversion=\toks55
) (/usr/local/texlive/2022/texmf-dist/tex/latex/epstopdf-pkg/epstopdf-base.sty
Package: epstopdf-base 2020-01-24 v2.11 Base part for package epstopdf
Package epstopdf-base Info: Redefining graphics rule for `.eps' on input line 4
85.

(/usr/local/texlive/2022/texmf-dist/tex/latex/latexconfig/epstopdf-sys.cfg
File: epstopdf-sys.cfg 2010/07/13 v1.3 Configuration of (r)epstopdf for TeX Liv
e
))
(/usr/local/texlive/2022/texmf-dist/tex/latex/pdflscape/pdflscape.sty
Package: pdflscape 2019/12/05 v0.12 Display of landscape pages in PDF (HO)

(/usr/local/texlive/2022/texmf-dist/tex/latex/graphics/lscape.sty
Package: lscape 2020/05/28 v3.02 Landscape Pages (DPC)
)
Package pdflscape Info: Auto-detected driver: pdftex on input line 81.
)
*geometry* driver: auto-detecting
*geometry* detected driver: pdftex
*geometry* verbose mode - [ preamble ] result:
* driver: pdftex
* paper: a4paper
* layout: <same size as paper>
* layoutoffset:(h,v)=(0.0pt,0.0pt)
* modes: 
* h-part:(L,W,R)=(56.9055pt, 483.69684pt, 56.90553pt)
* v-part:(T,H,B)=(71.13188pt, 725.54527pt, 48.36969pt)
* \paperwidth=597.50787pt
* \paperheight=845.04684pt
* \textwidth=483.69684pt
* \textheight=725.54527pt
* \oddsidemargin=-15.36449pt
* \evensidemargin=-15.36449pt
* \topmargin=-38.1381pt
* \headheight=12.0pt
* \headsep=25.0pt
* \topskip=12.0pt
* \footskip=30.0pt
* \marginparwidth=35.0pt
* \marginparsep=10.0pt
* \columnsep=10.0pt
* \skip\footins=10.8pt plus 4.0pt minus 2.0pt
* \hoffset=0.0pt
* \voffset=0.0pt
* \mag=1000
* \@twocolumnfalse
* \@twosidefalse
* \@mparswitchfalse
* \@reversemarginfalse
* (1in=72.27pt=25.4mm, 1cm=28.453pt)

Package hyperref Info: Link coloring ON on input line 32.
(/usr/local/texlive/2022/texmf-dist/tex/latex/hyperref/nameref.sty
Package: nameref 2021-04-02 v2.47 Cross-referencing by name of section

(/usr/local/texlive/2022/texmf-dist/tex/latex/refcount/refcount.sty
Package: refcount 2019/12/15 v3.6 Data extraction from label references (HO)
)
(/usr/local/texlive/2022/texmf-dist/tex/generic/gettitlestring/gettitlestring.s
ty
Package: gettitlestring 2019/12/15 v1.6 Cleanup title references (HO)
)
\c@section@level=\count372
)
LaTeX Info: Redefining \ref on input line 32.
LaTeX Info: Redefining \pageref on input line 32.
LaTeX Info: Redefining \nameref on input line 32.
 (./pracMCIC_4-es.out) (./pracMCIC_4-es.out)
\@outlinefile=\write4
\openout4 = `pracMCIC_4-es.out'.

\c@lstlisting=\count373
Package caption Info: Begin \AtBeginDocument code.
Package caption Info: End \AtBeginDocument code.
<figs/boveda2017-5.pdf, id=75, 693.59125pt x 475.7775pt>
File: figs/boveda2017-5.pdf Graphic file (type pdf)
<use figs/boveda2017-5.pdf>
Package pdftex.def Info: figs/boveda2017-5.pdf  used on input line 49.
(pdftex.def)             Requested size: 346.79477pt x 237.88815pt.
LaTeX Font Info:    Trying to load font information for U+msa on input line 49.


(/usr/local/texlive/2022/texmf-dist/tex/latex/amsfonts/umsa.fd
File: umsa.fd 2013/01/14 v3.01 AMS symbols A
)
LaTeX Font Info:    Trying to load font information for U+msb on input line 49.


(/usr/local/texlive/2022/texmf-dist/tex/latex/amsfonts/umsb.fd
File: umsb.fd 2013/01/14 v3.01 AMS symbols B
)
LaTeX Font Info:    Trying to load font information for U+rsfs on input line 49
.

(/usr/local/texlive/2022/texmf-dist/tex/latex/jknapltx/ursfs.fd
File: ursfs.fd 1998/03/24 rsfs font definition file (jk)
)
(./pracMCIC_4-es.toc
LaTeX Info: Redefining \. on input line 1.
LaTeX Info: Redefining \% on input line 1.
LaTeX Info: Redefining \. on input line 2.
LaTeX Info: Redefining \% on input line 2.
LaTeX Font Info:    Trying to load font information for T1+fvm on input line 6.


(/usr/local/texlive/2022/texmf-dist/tex/latex/bera/t1fvm.fd
File: t1fvm.fd 2004/09/07 scalable font definitions for T1/fvm.
)
LaTeX Font Info:    Font shape `T1/fvm/m/n' will be
(Font)              scaled to size 10.79993pt on input line 6.
LaTeX Font Info:    Font shape `T1/fvm/b/n' will be
(Font)              scaled to size 10.79993pt on input line 19.
 [1
Non-PDF special ignored!
<special> papersize=597.50787pt,845.04684pt

{/usr/local/texlive/2022/texmf-var/fonts/map/pdftex/updmap/pdftex.map} <./figs/
boveda2017-5.pdf>])
\tf@toc=\write5
\openout5 = `pracMCIC_4-es.toc'.

<figs/boveda_scordelis-lo.pdf, id=133, 281.83504pt x 218.90102pt>
File: figs/boveda_scordelis-lo.pdf Graphic file (type pdf)
<use figs/boveda_scordelis-lo.pdf>
Package pdftex.def Info: figs/boveda_scordelis-lo.pdf  used on input line 60.
(pdftex.def)             Requested size: 241.84842pt x 187.84703pt.
LaTeX Font Info:    Font shape `T1/fvm/b/n' will be
(Font)              scaled to size 12.9599pt on input line 89.
<capturas/01-python-calculos-aux.png, id=135, 352.31625pt x 138.5175pt>
File: capturas/01-python-calculos-aux.png Graphic file (type png)
<use capturas/01-python-calculos-aux.png>
Package pdftex.def Info: capturas/01-python-calculos-aux.png  used on input lin
e 93.
(pdftex.def)             Requested size: 176.15768pt x 69.25858pt.
LaTeX Info: Redefining \. on input line 97.
LaTeX Info: Redefining \% on input line 97.
LaTeX Font Info:    Trying to load font information for T1+cmss on input line 9
7.

(/usr/local/texlive/2022/texmf-dist/tex/latex/base/t1cmss.fd
File: t1cmss.fd 2019/12/16 v2.5j Standard LaTeX font definitions
)

Package fancyhdr Warning: \headheight is too small (12.0pt): 
(fancyhdr)                Make it at least 14.49998pt, for example:
(fancyhdr)                \setlength{\headheight}{14.49998pt}.
(fancyhdr)                You might also make \topmargin smaller to compensate:

(fancyhdr)                \addtolength{\topmargin}{-2.49998pt}.

[2 <./figs/boveda_scordelis-lo.pdf>]
<capturas/02-partx.png, id=206, 335.2525pt x 488.82625pt>
File: capturas/02-partx.png Graphic file (type png)
<use capturas/02-partx.png>
Package pdftex.def Info: capturas/02-partx.png  used on input line 109.
(pdftex.def)             Requested size: 134.09862pt x 195.52702pt.
<capturas/03-partx.png, id=208, 94.3525pt x 191.71625pt>
File: capturas/03-partx.png Graphic file (type png)
<use capturas/03-partx.png>
Package pdftex.def Info: capturas/03-partx.png  used on input line 113.
(pdftex.def)             Requested size: 37.74031pt x 76.68513pt.
<capturas/04-part.png, id=209, 454.69875pt x 67.25125pt>
File: capturas/04-part.png Graphic file (type png)
<use capturas/04-part.png>
Package pdftex.def Info: capturas/04-part.png  used on input line 117.
(pdftex.def)             Requested size: 181.87627pt x 26.90001pt.
<capturas/05-part.png, id=213, 320.19624pt x 55.20625pt>
File: capturas/05-part.png Graphic file (type png)
<use capturas/05-part.png>
Package pdftex.def Info: capturas/05-part.png  used on input line 128.
(pdftex.def)             Requested size: 160.09772pt x 27.60304pt.
<capturas/06-partx.png, id=214, 404.51125pt x 276.03125pt>
File: capturas/06-partx.png Graphic file (type png)
<use capturas/06-partx.png>
Package pdftex.def Info: capturas/06-partx.png  used on input line 129.
(pdftex.def)             Requested size: 202.25513pt x 138.01527pt.
<capturas/07-part.png, id=215, 1351.0475pt x 991.705pt>
File: capturas/07-part.png Graphic file (type png)
<use capturas/07-part.png>
Package pdftex.def Info: capturas/07-part.png  used on input line 135.
(pdftex.def)             Requested size: 472.87372pt x 347.10196pt.
LaTeX Info: Redefining \. on input line 139.
LaTeX Info: Redefining \% on input line 139.


Package fancyhdr Warning: \headheight is too small (12.0pt): 
(fancyhdr)                Make it at least 14.49998pt, for example:
(fancyhdr)                \setlength{\headheight}{14.49998pt}.
(fancyhdr)                You might also make \topmargin smaller to compensate:

(fancyhdr)                \addtolength{\topmargin}{-2.49998pt}.

[3 <./capturas/01-python-calculos-aux.png> <./capturas/02-partx.png> <./captura
s/03-partx.png> <./capturas/04-part.png>]
LaTeX Info: Redefining \. on input line 139.
LaTeX Info: Redefining \% on input line 139.


Package fancyhdr Warning: \headheight is too small (12.0pt): 
(fancyhdr)                Make it at least 14.49998pt, for example:
(fancyhdr)                \setlength{\headheight}{14.49998pt}.
(fancyhdr)                You might also make \topmargin smaller to compensate:

(fancyhdr)                \addtolength{\topmargin}{-2.49998pt}.

[4 <./capturas/05-part.png> <./capturas/06-partx.png> <./capturas/07-part.png>]
<capturas/08-propertyx.png, id=240, 169.63374pt x 148.555pt>
File: capturas/08-propertyx.png Graphic file (type png)
<use capturas/08-propertyx.png>
Package pdftex.def Info: capturas/08-propertyx.png  used on input line 148.
(pdftex.def)             Requested size: 84.81665pt x 74.27731pt.
<capturas/09-property-x.png, id=241, 515.9275pt x 681.54625pt>
File: capturas/09-property-x.png Graphic file (type png)
<use capturas/09-property-x.png>
Package pdftex.def Info: capturas/09-property-x.png  used on input line 149.
(pdftex.def)             Requested size: 257.96312pt x 340.7723pt.
<capturas/10-property-x.png, id=244, 354.32375pt x 262.9825pt>
File: capturas/10-property-x.png Graphic file (type png)
<use capturas/10-property-x.png>
Package pdftex.def Info: capturas/10-property-x.png  used on input line 160.
(pdftex.def)             Requested size: 141.72697pt x 105.19113pt.
<capturas/02a_shell-thickness-type-selection-x.png, id=245, 525.965pt x 411.537
5pt>
File: capturas/02a_shell-thickness-type-selection-x.png Graphic file (type png)

<use capturas/02a_shell-thickness-type-selection-x.png>
Package pdftex.def Info: capturas/02a_shell-thickness-type-selection-x.png  use
d on input line 164.
(pdftex.def)             Requested size: 210.38226pt x 164.61208pt.
<capturas/03a_assign-section-icon.png, id=246, 68.255pt x 29.10875pt>
File: capturas/03a_assign-section-icon.png Graphic file (type png)
<use capturas/03a_assign-section-icon.png>
Package pdftex.def Info: capturas/03a_assign-section-icon.png  used on input li
ne 174.
(pdftex.def)             Requested size: 40.95331pt x 17.46538pt.
<capturas/04a_select-region-to-assign-section.png, id=247, 850.17625pt x 555.07
375pt>
File: capturas/04a_select-region-to-assign-section.png Graphic file (type png)
<use capturas/04a_select-region-to-assign-section.png>
Package pdftex.def Info: capturas/04a_select-region-to-assign-section.png  used
 on input line 178.
(pdftex.def)             Requested size: 340.06447pt x 222.02556pt.
<capturas/13-property.png, id=248, 423.5825pt x 432.61626pt>
File: capturas/13-property.png Graphic file (type png)
<use capturas/13-property.png>
Package pdftex.def Info: capturas/13-property.png  used on input line 179.
(pdftex.def)             Requested size: 169.43pt x 173.04343pt.
<capturas/05a_section-assigned.png, id=249, 846.16125pt x 577.15625pt>
File: capturas/05a_section-assigned.png Graphic file (type png)
<use capturas/05a_section-assigned.png>
Package pdftex.def Info: capturas/05a_section-assigned.png  used on input line 
180.
(pdftex.def)             Requested size: 253.85033pt x 173.14821pt.
LaTeX Info: Redefining \. on input line 184.
LaTeX Info: Redefining \% on input line 184.

Package fancyhdr Warning: \headheight is too small (12.0pt): 
(fancyhdr)                Make it at least 14.49998pt, for example:
(fancyhdr)                \setlength{\headheight}{14.49998pt}.
(fancyhdr)                You might also make \topmargin smaller to compensate:

(fancyhdr)                \addtolength{\topmargin}{-2.49998pt}.

[5

 <./capturas/08-propertyx.png> <./capturas/09-property-x.png>]
LaTeX Info: Redefining \. on input line 184.
LaTeX Info: Redefining \% on input line 184.


Package fancyhdr Warning: \headheight is too small (12.0pt): 
(fancyhdr)                Make it at least 14.49998pt, for example:
(fancyhdr)                \setlength{\headheight}{14.49998pt}.
(fancyhdr)                You might also make \topmargin smaller to compensate:

(fancyhdr)                \addtolength{\topmargin}{-2.49998pt}.

[6 <./capturas/10-property-x.png> <./capturas/02a_shell-thickness-type-selectio
n-x.png> <./capturas/03a_assign-section-icon.png> <./capturas/04a_select-region
-to-assign-section.png> <./capturas/13-property.png> <./capturas/05a_section-as
signed.png>]
<capturas/14-assembly.png, id=276, 376.40625pt x 422.57875pt>
File: capturas/14-assembly.png Graphic file (type png)
<use capturas/14-assembly.png>
Package pdftex.def Info: capturas/14-assembly.png  used on input line 191.
(pdftex.def)             Requested size: 150.55983pt x 169.0285pt.
<capturas/15-step.png, id=279, 337.26pt x 441.65pt>
File: capturas/15-step.png Graphic file (type png)
<use capturas/15-step.png>
Package pdftex.def Info: capturas/15-step.png  used on input line 203.
(pdftex.def)             Requested size: 134.9016pt x 176.65686pt.
<capturas/16-step.png, id=280, 658.46pt x 572.1375pt>
File: capturas/16-step.png Graphic file (type png)
<use capturas/16-step.png>
Package pdftex.def Info: capturas/16-step.png  used on input line 204.
(pdftex.def)             Requested size: 263.37933pt x 228.85094pt.
<capturas/16a-step-x.png, id=281, 1071.00125pt x 714.67pt>
File: capturas/16a-step-x.png Graphic file (type png)
<use capturas/16a-step-x.png>
Package pdftex.def Info: capturas/16a-step-x.png  used on input line 210.
(pdftex.def)             Requested size: 428.39291pt x 285.86293pt.
LaTeX Info: Redefining \. on input line 214.
LaTeX Info: Redefining \% on input line 214.


Package fancyhdr Warning: \headheight is too small (12.0pt): 
(fancyhdr)                Make it at least 14.49998pt, for example:
(fancyhdr)                \setlength{\headheight}{14.49998pt}.
(fancyhdr)                You might also make \topmargin smaller to compensate:

(fancyhdr)                \addtolength{\topmargin}{-2.49998pt}.

[7

 <./capturas/14-assembly.png> <./capturas/15-step.png> <./capturas/16-step.png>
]
LaTeX Info: Redefining \. on input line 214.
LaTeX Info: Redefining \% on input line 214.


Package fancyhdr Warning: \headheight is too small (12.0pt): 
(fancyhdr)                Make it at least 14.49998pt, for example:
(fancyhdr)                \setlength{\headheight}{14.49998pt}.
(fancyhdr)                You might also make \topmargin smaller to compensate:

(fancyhdr)                \addtolength{\topmargin}{-2.49998pt}.

[8 <./capturas/16a-step-x.png>]
<capturas/17-load-x.png, id=299, 415.5525pt x 392.46625pt>
File: capturas/17-load-x.png Graphic file (type png)
<use capturas/17-load-x.png>
Package pdftex.def Info: capturas/17-load-x.png  used on input line 224.
(pdftex.def)             Requested size: 207.77574pt x 196.23264pt.
<capturas/18-load.png, id=300, 417.56pt x 60.225pt>
File: capturas/18-load.png Graphic file (type png)
<use capturas/18-load.png>
Package pdftex.def Info: capturas/18-load.png  used on input line 225.
(pdftex.def)             Requested size: 208.77948pt x 30.11241pt.
<capturas/19-load-x.png, id=301, 497.86pt x 343.2825pt>
File: capturas/19-load-x.png Graphic file (type png)
<use capturas/19-load-x.png>
Package pdftex.def Info: capturas/19-load-x.png  used on input line 226.
(pdftex.def)             Requested size: 199.14047pt x 137.31056pt.
<capturas/20-bodyforce-shell.png, id=302, 844.15375pt x 586.19pt>
File: capturas/20-bodyforce-shell.png Graphic file (type png)
<use capturas/20-bodyforce-shell.png>
Package pdftex.def Info: capturas/20-bodyforce-shell.png  used on input line 22
7.
(pdftex.def)             Requested size: 253.24808pt x 175.85835pt.
<capturas/25-load-x.png, id=304, 919.435pt x 627.34375pt>
File: capturas/25-load-x.png Graphic file (type png)
<use capturas/25-load-x.png>
Package pdftex.def Info: capturas/25-load-x.png  used on input line 238.
(pdftex.def)             Requested size: 229.85818pt x 156.83554pt.
<capturas/26-load-x.png, id=305, 849.1725pt x 586.19pt>
File: capturas/26-load-x.png Graphic file (type png)
<use capturas/26-load-x.png>
Package pdftex.def Info: capturas/26-load-x.png  used on input line 239.
(pdftex.def)             Requested size: 212.2926pt x 146.54713pt.
<capturas/27a-load-x.png, id=307, 913.4125pt x 628.3475pt>
File: capturas/27a-load-x.png Graphic file (type png)
<use capturas/27a-load-x.png>
Package pdftex.def Info: capturas/27a-load-x.png  used on input line 248.
(pdftex.def)             Requested size: 228.35257pt x 157.08649pt.
<capturas/27b-load-x.png, id=308, 847.165pt x 586.19pt>
File: capturas/27b-load-x.png Graphic file (type png)
<use capturas/27b-load-x.png>
Package pdftex.def Info: capturas/27b-load-x.png  used on input line 249.
(pdftex.def)             Requested size: 211.79073pt x 146.54713pt.
<capturas/28b-load-x.png, id=311, 917.4275pt x 630.355pt>
File: capturas/28b-load-x.png Graphic file (type png)
<use capturas/28b-load-x.png>
Package pdftex.def Info: capturas/28b-load-x.png  used on input line 259.
(pdftex.def)             Requested size: 229.35631pt x 157.58836pt.
<capturas/28c-load-x.png, id=312, 849.1725pt x 587.19376pt>
File: capturas/28c-load-x.png Graphic file (type png)
<use capturas/28c-load-x.png>
Package pdftex.def Info: capturas/28c-load-x.png  used on input line 260.
(pdftex.def)             Requested size: 212.2926pt x 146.79808pt.
LaTeX Info: Redefining \. on input line 264.
LaTeX Info: Redefining \% on input line 264.


Package fancyhdr Warning: \headheight is too small (12.0pt): 
(fancyhdr)                Make it at least 14.49998pt, for example:
(fancyhdr)                \setlength{\headheight}{14.49998pt}.
(fancyhdr)                You might also make \topmargin smaller to compensate:

(fancyhdr)                \addtolength{\topmargin}{-2.49998pt}.

[9

 <./capturas/17-load-x.png> <./capturas/18-load.png> <./capturas/19-load-x.png>
 <./capturas/20-bodyforce-shell.png>]
LaTeX Info: Redefining \. on input line 264.
LaTeX Info: Redefining \% on input line 264.


Package fancyhdr Warning: \headheight is too small (12.0pt): 
(fancyhdr)                Make it at least 14.49998pt, for example:
(fancyhdr)                \setlength{\headheight}{14.49998pt}.
(fancyhdr)                You might also make \topmargin smaller to compensate:

(fancyhdr)                \addtolength{\topmargin}{-2.49998pt}.

[10 <./capturas/25-load-x.png> <./capturas/26-load-x.png> <./capturas/27a-load-
x.png> <./capturas/27b-load-x.png> <./capturas/28b-load-x.png> <./capturas/28c-
load-x.png>]
<capturas/29-mesh.png, id=348, 442.65375pt x 379.4175pt>
File: capturas/29-mesh.png Graphic file (type png)
<use capturas/29-mesh.png>
Package pdftex.def Info: capturas/29-mesh.png  used on input line 280.
(pdftex.def)             Requested size: 241.84842pt x 207.30237pt.

Overfull \hbox (4.83432pt too wide) in paragraph at lines 280--280
[][] 
 []

<capturas/30-mesh-x.png, id=349, 510.90875pt x 353.32pt>
File: capturas/30-mesh-x.png Graphic file (type png)
<use capturas/30-mesh-x.png>
Package pdftex.def Info: capturas/30-mesh-x.png  used on input line 286.
(pdftex.def)             Requested size: 241.84842pt x 167.24649pt.

Overfull \hbox (4.83432pt too wide) in paragraph at lines 286--286
[][] 
 []


Overfull \hbox (2.07849pt too wide) in paragraph at lines 280--287
[][] [] 
 []

<capturas/31-mesh.png, id=351, 885.3075pt x 735.74875pt>
File: capturas/31-mesh.png Graphic file (type png)
<use capturas/31-mesh.png>
Package pdftex.def Info: capturas/31-mesh.png  used on input line 294.
(pdftex.def)             Requested size: 292.15237pt x 242.79784pt.
<capturas/33a-mesh-x.png, id=353, 919.435pt x 625.33624pt>
File: capturas/33a-mesh-x.png Graphic file (type png)
<use capturas/33a-mesh-x.png>
Package pdftex.def Info: capturas/33a-mesh-x.png  used on input line 304.
(pdftex.def)             Requested size: 229.85818pt x 156.33368pt.
<capturas/33b-mesh-x.png, id=354, 917.4275pt x 629.35126pt>
File: capturas/33b-mesh-x.png Graphic file (type png)
<use capturas/33b-mesh-x.png>
Package pdftex.def Info: capturas/33b-mesh-x.png  used on input line 305.
(pdftex.def)             Requested size: 229.35631pt x 157.33742pt.
<capturas/36-mesh-x.png, id=356, 914.41624pt x 627.34375pt>
File: capturas/36-mesh-x.png Graphic file (type png)
<use capturas/36-mesh-x.png>
Package pdftex.def Info: capturas/36-mesh-x.png  used on input line 312.
(pdftex.def)             Requested size: 274.32698pt x 188.20457pt.
LaTeX Info: Redefining \. on input line 317.
LaTeX Info: Redefining \% on input line 317.

Package fancyhdr Warning: \headheight is too small (12.0pt): 
(fancyhdr)                Make it at least 14.49998pt, for example:
(fancyhdr)                \setlength{\headheight}{14.49998pt}.
(fancyhdr)                You might also make \topmargin smaller to compensate:

(fancyhdr)                \addtolength{\topmargin}{-2.49998pt}.

[11

 <./capturas/29-mesh.png> <./capturas/30-mesh-x.png> <./capturas/31-mesh.png>]
<capturas/37-job.png, id=367, 629.35126pt x 436.63126pt>
File: capturas/37-job.png Graphic file (type png)
<use capturas/37-job.png>
Package pdftex.def Info: capturas/37-job.png  used on input line 324.
(pdftex.def)             Requested size: 314.67485pt x 218.3151pt.
<capturas/38-job.png, id=369, 653.44125pt x 294.09875pt>
File: capturas/38-job.png Graphic file (type png)
<use capturas/38-job.png>
Package pdftex.def Info: capturas/38-job.png  used on input line 333.
(pdftex.def)             Requested size: 326.71982pt x 147.04901pt.
<capturas2019/a_fig23.png, id=372, 805.0075pt x 499.8675pt>
File: capturas2019/a_fig23.png Graphic file (type png)
<use capturas2019/a_fig23.png>
Package pdftex.def Info: capturas2019/a_fig23.png  used on input line 348.
(pdftex.def)             Requested size: 362.25003pt x 224.9383pt.
<capturas2019/a_fig24p.png, id=373, 866.23625pt x 460.72125pt>
File: capturas2019/a_fig24p.png Graphic file (type png)
<use capturas2019/a_fig24p.png>
Package pdftex.def Info: capturas2019/a_fig24p.png  used on input line 355.
(pdftex.def)             Requested size: 389.80272pt x 207.32265pt.
LaTeX Info: Redefining \. on input line 359.
LaTeX Info: Redefining \% on input line 359.


Package fancyhdr Warning: \headheight is too small (12.0pt): 
(fancyhdr)                Make it at least 14.49998pt, for example:
(fancyhdr)                \setlength{\headheight}{14.49998pt}.
(fancyhdr)                You might also make \topmargin smaller to compensate:

(fancyhdr)                \addtolength{\topmargin}{-2.49998pt}.

[12 <./capturas/33a-mesh-x.png> <./capturas/33b-mesh-x.png> <./capturas/36-mesh
-x.png>]
LaTeX Info: Redefining \. on input line 359.
LaTeX Info: Redefining \% on input line 359.


Package fancyhdr Warning: \headheight is too small (12.0pt): 
(fancyhdr)                Make it at least 14.49998pt, for example:
(fancyhdr)                \setlength{\headheight}{14.49998pt}.
(fancyhdr)                You might also make \topmargin smaller to compensate:

(fancyhdr)                \addtolength{\topmargin}{-2.49998pt}.

[13 <./capturas/37-job.png> <./capturas/38-job.png> <./capturas2019/a_fig23.png
>]
LaTeX Info: Redefining \. on input line 359.
LaTeX Info: Redefining \% on input line 359.


Package fancyhdr Warning: \headheight is too small (12.0pt): 
(fancyhdr)                Make it at least 14.49998pt, for example:
(fancyhdr)                \setlength{\headheight}{14.49998pt}.
(fancyhdr)                You might also make \topmargin smaller to compensate:

(fancyhdr)                \addtolength{\topmargin}{-2.49998pt}.

[14 <./capturas2019/a_fig24p.png>]
<capturas/40-part-solid.png, id=400, 1340.00626pt x 954.56625pt>
File: capturas/40-part-solid.png Graphic file (type png)
<use capturas/40-part-solid.png>
Package pdftex.def Info: capturas/40-part-solid.png  used on input line 369.
(pdftex.def)             Requested size: 402.00497pt x 286.37209pt.
<capturas/41-load-solid.png, id=402, 889.3225pt x 751.80875pt>
File: capturas/41-load-solid.png Graphic file (type png)
<use capturas/41-load-solid.png>
Package pdftex.def Info: capturas/41-load-solid.png  used on input line 378.
(pdftex.def)             Requested size: 266.7988pt x 225.54436pt.
<capturas/42-mesh-solid.png, id=407, 504.88625pt x 386.44376pt>
File: capturas/42-mesh-solid.png Graphic file (type png)
<use capturas/42-mesh-solid.png>
Package pdftex.def Info: capturas/42-mesh-solid.png  used on input line 399.
(pdftex.def)             Requested size: 188.64146pt x 144.38535pt.
<capturas/43-mesh-solid.png, id=408, 788.9475pt x 628.3475pt>
File: capturas/43-mesh-solid.png Graphic file (type png)
<use capturas/43-mesh-solid.png>
Package pdftex.def Info: capturas/43-mesh-solid.png  used on input line 405.
(pdftex.def)             Requested size: 285.37935pt x 227.28835pt.

Overfull \hbox (2.0711pt too wide) in paragraph at lines 399--406
[][] [] 
 []

<capturas/44-mesh-solid.png, id=409, 466.74374pt x 327.2225pt>
File: capturas/44-mesh-solid.png Graphic file (type png)
<use capturas/44-mesh-solid.png>
Package pdftex.def Info: capturas/44-mesh-solid.png  used on input line 409.
(pdftex.def)             Requested size: 233.37129pt x 163.61084pt.
<capturas/45-mesh-solid.png, id=410, 834.11626pt x 599.23875pt>
File: capturas/45-mesh-solid.png Graphic file (type png)
<use capturas/45-mesh-solid.png>
Package pdftex.def Info: capturas/45-mesh-solid.png  used on input line 415.
(pdftex.def)             Requested size: 375.34885pt x 269.65494pt.
LaTeX Info: Redefining \. on input line 422.
LaTeX Info: Redefining \% on input line 422.

Package fancyhdr Warning: \headheight is too small (12.0pt): 
(fancyhdr)                Make it at least 14.49998pt, for example:
(fancyhdr)                \setlength{\headheight}{14.49998pt}.
(fancyhdr)                You might also make \topmargin smaller to compensate:

(fancyhdr)                \addtolength{\topmargin}{-2.49998pt}.

[15

 <./capturas/40-part-solid.png>]
LaTeX Info: Redefining \. on input line 422.
LaTeX Info: Redefining \% on input line 422.


Package fancyhdr Warning: \headheight is too small (12.0pt): 
(fancyhdr)                Make it at least 14.49998pt, for example:
(fancyhdr)                \setlength{\headheight}{14.49998pt}.
(fancyhdr)                You might also make \topmargin smaller to compensate:

(fancyhdr)                \addtolength{\topmargin}{-2.49998pt}.

[16 <./capturas/41-load-solid.png> <./capturas/42-mesh-solid.png> <./capturas/4
3-mesh-solid.png>]
LaTeX Info: Redefining \. on input line 427.
LaTeX Info: Redefining \% on input line 427.


Package fancyhdr Warning: \headheight is too small (12.0pt): 
(fancyhdr)                Make it at least 14.49998pt, for example:
(fancyhdr)                \setlength{\headheight}{14.49998pt}.
(fancyhdr)                You might also make \topmargin smaller to compensate:

(fancyhdr)                \addtolength{\topmargin}{-2.49998pt}.

[17 <./capturas/44-mesh-solid.png> <./capturas/45-mesh-solid.png>]
LaTeX Info: Redefining \. on input line 428.
LaTeX Info: Redefining \% on input line 428.


Package fancyhdr Warning: \headheight is too small (12.0pt): 
(fancyhdr)                Make it at least 14.49998pt, for example:
(fancyhdr)                \setlength{\headheight}{14.49998pt}.
(fancyhdr)                You might also make \topmargin smaller to compensate:

(fancyhdr)                \addtolength{\topmargin}{-2.49998pt}.

[18]
LaTeX Font Info:    Font shape `T1/fvm/b/n' will be
(Font)              scaled to size 15.55188pt on input line 430.
<figs/prac3_lamina1_fig.png, id=439, 1541.76pt x 1158.3275pt>
File: figs/prac3_lamina1_fig.png Graphic file (type png)
<use figs/prac3_lamina1_fig.png>
Package pdftex.def Info: figs/prac3_lamina1_fig.png  used on input line 444.
(pdftex.def)             Requested size: 385.43906pt x 289.58116pt.
LaTeX Info: Redefining \. on input line 467.
LaTeX Info: Redefining \% on input line 467.


Package fancyhdr Warning: \headheight is too small (12.0pt): 
(fancyhdr)                Make it at least 14.49998pt, for example:
(fancyhdr)                \setlength{\headheight}{14.49998pt}.
(fancyhdr)                You might also make \topmargin smaller to compensate:

(fancyhdr)                \addtolength{\topmargin}{-2.49998pt}.

[19

 <./figs/prac3_lamina1_fig.png>]
<figs/prac3_lamina2_fig.png, id=452, 1541.76pt x 833.1125pt>
File: figs/prac3_lamina2_fig.png Graphic file (type png)
<use figs/prac3_lamina2_fig.png>
Package pdftex.def Info: figs/prac3_lamina2_fig.png  used on input line 489.
(pdftex.def)             Requested size: 385.43906pt x 208.27762pt.
LaTeX Info: Redefining \. on input line 510.
LaTeX Info: Redefining \% on input line 510.


Package fancyhdr Warning: \headheight is too small (12.0pt): 
(fancyhdr)                Make it at least 14.49998pt, for example:
(fancyhdr)                \setlength{\headheight}{14.49998pt}.
(fancyhdr)                You might also make \topmargin smaller to compensate:

(fancyhdr)                \addtolength{\topmargin}{-2.49998pt}.

[20 <./figs/prac3_lamina2_fig.png>]
<capturas2019/a_fig31a.png, id=466, 308.15125pt x 376.40625pt>
File: capturas2019/a_fig31a.png Graphic file (type png)
<use capturas2019/a_fig31a.png>
Package pdftex.def Info: capturas2019/a_fig31a.png  used on input line 526.
(pdftex.def)             Requested size: 154.07524pt x 188.20265pt.
<capturas2019/a_fig31b.png, id=467, 184.69pt x 475.7775pt>
File: capturas2019/a_fig31b.png Graphic file (type png)
<use capturas2019/a_fig31b.png>
Package pdftex.def Info: capturas2019/a_fig31b.png  used on input line 527.
(pdftex.def)             Requested size: 92.34476pt x 237.88815pt.
<capturas2019/a_fig32.png, id=472, 947.54pt x 417.56pt>
File: capturas2019/a_fig32.png Graphic file (type png)
<use capturas2019/a_fig32.png>
Package pdftex.def Info: capturas2019/a_fig32.png  used on input line 541.
(pdftex.def)             Requested size: 426.38905pt x 187.90025pt.
<capturas2019/a_fig33.png, id=473, 947.54pt x 585.18625pt>
File: capturas2019/a_fig33.png Graphic file (type png)
<use capturas2019/a_fig33.png>
Package pdftex.def Info: capturas2019/a_fig33.png  used on input line 549.
(pdftex.def)             Requested size: 426.38905pt x 263.33138pt.
<capturas2019/a_fig34.png, id=475, 947.54pt x 464.73625pt>
File: capturas2019/a_fig34.png Graphic file (type png)
<use capturas2019/a_fig34.png>
Package pdftex.def Info: capturas2019/a_fig34.png  used on input line 560.
(pdftex.def)             Requested size: 426.38905pt x 209.12938pt.
LaTeX Info: Redefining \. on input line 566.
LaTeX Info: Redefining \% on input line 566.


Package fancyhdr Warning: \headheight is too small (12.0pt): 
(fancyhdr)                Make it at least 14.49998pt, for example:
(fancyhdr)                \setlength{\headheight}{14.49998pt}.
(fancyhdr)                You might also make \topmargin smaller to compensate:

(fancyhdr)                \addtolength{\topmargin}{-2.49998pt}.

[21 <./capturas2019/a_fig31a.png> <./capturas2019/a_fig31b.png>]
LaTeX Info: Redefining \. on input line 566.
LaTeX Info: Redefining \% on input line 566.


Package fancyhdr Warning: \headheight is too small (12.0pt): 
(fancyhdr)                Make it at least 14.49998pt, for example:
(fancyhdr)                \setlength{\headheight}{14.49998pt}.
(fancyhdr)                You might also make \topmargin smaller to compensate:

(fancyhdr)                \addtolength{\topmargin}{-2.49998pt}.

[22 <./capturas2019/a_fig32.png> <./capturas2019/a_fig33.png>]
LaTeX Info: Redefining \. on input line 566.
LaTeX Info: Redefining \% on input line 566.


Package fancyhdr Warning: \headheight is too small (12.0pt): 
(fancyhdr)                Make it at least 14.49998pt, for example:
(fancyhdr)                \setlength{\headheight}{14.49998pt}.
(fancyhdr)                You might also make \topmargin smaller to compensate:

(fancyhdr)                \addtolength{\topmargin}{-2.49998pt}.

[23 <./capturas2019/a_fig34.png>]
<capturas2019/a_fig35.png, id=505, 711.65875pt x 516.93124pt>
File: capturas2019/a_fig35.png Graphic file (type png)
<use capturas2019/a_fig35.png>
Package pdftex.def Info: capturas2019/a_fig35.png  used on input line 583.
(pdftex.def)             Requested size: 320.24347pt x 232.6169pt.
<capturas2019/a_fig36a.png, id=508, 251.94125pt x 215.80624pt>
File: capturas2019/a_fig36a.png Graphic file (type png)
<use capturas2019/a_fig36a.png>
Package pdftex.def Info: capturas2019/a_fig36a.png  used on input line 595.
(pdftex.def)             Requested size: 113.37251pt x 97.11191pt.
<capturas2019/a_fig36b.png, id=509, 423.5825pt x 347.2975pt>
File: capturas2019/a_fig36b.png Graphic file (type png)
<use capturas2019/a_fig36b.png>
Package pdftex.def Info: capturas2019/a_fig36b.png  used on input line 597.
(pdftex.def)             Requested size: 190.61037pt x 156.28242pt.
<capturas2019/a_fig37-2.png, id=511, 941.5175pt x 493.845pt>
File: capturas2019/a_fig37-2.png Graphic file (type png)
<use capturas2019/a_fig37-2.png>
Package pdftex.def Info: capturas2019/a_fig37-2.png  used on input line 607.
(pdftex.def)             Requested size: 423.67897pt x 222.22818pt.
LaTeX Info: Redefining \. on input line 612.
LaTeX Info: Redefining \% on input line 612.


Package fancyhdr Warning: \headheight is too small (12.0pt): 
(fancyhdr)                Make it at least 14.49998pt, for example:
(fancyhdr)                \setlength{\headheight}{14.49998pt}.
(fancyhdr)                You might also make \topmargin smaller to compensate:

(fancyhdr)                \addtolength{\topmargin}{-2.49998pt}.

[24

 <./capturas2019/a_fig35.png>]
LaTeX Info: Redefining \. on input line 612.
LaTeX Info: Redefining \% on input line 612.


Package fancyhdr Warning: \headheight is too small (12.0pt): 
(fancyhdr)                Make it at least 14.49998pt, for example:
(fancyhdr)                \setlength{\headheight}{14.49998pt}.
(fancyhdr)                You might also make \topmargin smaller to compensate:

(fancyhdr)                \addtolength{\topmargin}{-2.49998pt}.

[25 <./capturas2019/a_fig36a.png> <./capturas2019/a_fig36b.png> <./capturas2019
/a_fig37-2.png>]
<capturas2019/a_fig38.png, id=532, 943.525pt x 439.6425pt>
File: capturas2019/a_fig38.png Graphic file (type png)
<use capturas2019/a_fig38.png>
Package pdftex.def Info: capturas2019/a_fig38.png  used on input line 619.
(pdftex.def)             Requested size: 424.58232pt x 197.8373pt.
<capturas2019/a_fig39a.png, id=535, 169.63374pt x 280.04625pt>
File: capturas2019/a_fig39a.png Graphic file (type png)
<use capturas2019/a_fig39a.png>
Package pdftex.def Info: capturas2019/a_fig39a.png  used on input line 630.
(pdftex.def)             Requested size: 76.33447pt x 126.01964pt.
<capturas2019/a_fig39pb.png, id=536, 475.7775pt x 602.25pt>
File: capturas2019/a_fig39pb.png Graphic file (type png)
<use capturas2019/a_fig39pb.png>
Package pdftex.def Info: capturas2019/a_fig39pb.png  used on input line 632.
(pdftex.def)             Requested size: 214.09789pt x 271.01pt.
<capturas2019/a_fig40pa.png, id=540, 540.0175pt x 674.52pt>
File: capturas2019/a_fig40pa.png Graphic file (type png)
<use capturas2019/a_fig40pa.png>
Package pdftex.def Info: capturas2019/a_fig40pa.png  used on input line 644.
(pdftex.def)             Requested size: 243.00562pt x 303.53119pt.
<capturas2019/a_fig40pb.png, id=541, 368.37625pt x 596.2275pt>
File: capturas2019/a_fig40pb.png Graphic file (type png)
<use capturas2019/a_fig40pb.png>
Package pdftex.def Info: capturas2019/a_fig40pb.png  used on input line 646.
(pdftex.def)             Requested size: 165.76778pt x 268.2999pt.
<capturas2019/a_fig41p2a.png, id=542, 439.6425pt x 554.07pt>
File: capturas2019/a_fig41p2a.png Graphic file (type png)
<use capturas2019/a_fig41p2a.png>
Package pdftex.def Info: capturas2019/a_fig41p2a.png  used on input line 653.
(pdftex.def)             Requested size: 153.87717pt x 193.9274pt.
<capturas2019/a_fig41p2.png, id=543, 871.255pt x 465.74pt>
File: capturas2019/a_fig41p2.png Graphic file (type png)
<use capturas2019/a_fig41p2.png>
Package pdftex.def Info: capturas2019/a_fig41p2.png  used on input line 655.
(pdftex.def)             Requested size: 304.94382pt x 163.01143pt.
LaTeX Info: Redefining \. on input line 659.
LaTeX Info: Redefining \% on input line 659.


Package fancyhdr Warning: \headheight is too small (12.0pt): 
(fancyhdr)                Make it at least 14.49998pt, for example:
(fancyhdr)                \setlength{\headheight}{14.49998pt}.
(fancyhdr)                You might also make \topmargin smaller to compensate:

(fancyhdr)                \addtolength{\topmargin}{-2.49998pt}.

[26

 <./capturas2019/a_fig38.png> <./capturas2019/a_fig39a.png> <./capturas2019/a_f
ig39pb.png>]
<capturas2019/a_fig42p.png, id=558, 934.49126pt x 438.63875pt>
File: capturas2019/a_fig42p.png Graphic file (type png)
<use capturas2019/a_fig42p.png>
Package pdftex.def Info: capturas2019/a_fig42p.png  used on input line 666.
(pdftex.def)             Requested size: 420.51718pt x 197.3856pt.
<fm/Fig-5_Analitico_Reacc_Vertical.png, id=561, 341.47575pt x 234.8775pt>
File: fm/Fig-5_Analitico_Reacc_Vertical.png Graphic file (type png)
<use fm/Fig-5_Analitico_Reacc_Vertical.png>
Package pdftex.def Info: fm/Fig-5_Analitico_Reacc_Vertical.png  used on input l
ine 677.
(pdftex.def)             Requested size: 341.47491pt x 234.87692pt.
<capturas2019/a_fig44p1.png, id=562, 200.75pt x 467.7475pt>
File: capturas2019/a_fig44p1.png Graphic file (type png)
<use capturas2019/a_fig44p1.png>
Package pdftex.def Info: capturas2019/a_fig44p1.png  used on input line 684.
(pdftex.def)             Requested size: 90.33665pt x 210.48442pt.
LaTeX Info: Redefining \. on input line 688.
LaTeX Info: Redefining \% on input line 688.


Package fancyhdr Warning: \headheight is too small (12.0pt): 
(fancyhdr)                Make it at least 14.49998pt, for example:
(fancyhdr)                \setlength{\headheight}{14.49998pt}.
(fancyhdr)                You might also make \topmargin smaller to compensate:

(fancyhdr)                \addtolength{\topmargin}{-2.49998pt}.

[27 <./capturas2019/a_fig40pa.png> <./capturas2019/a_fig40pb.png> <./capturas20
19/a_fig41p2a.png> <./capturas2019/a_fig41p2.png>]
<fm/Fig-7_Kinematic_constraint.png, id=577, 1108.14pt x 648.62325pt>
File: fm/Fig-7_Kinematic_constraint.png Graphic file (type png)
<use fm/Fig-7_Kinematic_constraint.png>
Package pdftex.def Info: fm/Fig-7_Kinematic_constraint.png  used on input line 
695.
(pdftex.def)             Requested size: 435.32419pt x 254.80292pt.
<fm/Fig-8_BC_Nodo_Maestro.png, id=579, 1103.322pt x 647.41875pt>
File: fm/Fig-8_BC_Nodo_Maestro.png Graphic file (type png)
<use fm/Fig-8_BC_Nodo_Maestro.png>
Package pdftex.def Info: fm/Fig-8_BC_Nodo_Maestro.png  used on input line 703.
(pdftex.def)             Requested size: 435.32419pt x 255.43617pt.
<fm/Fig-9_Kinematic_Reacc_Vertical.png, id=581, 341.47575pt x 234.8775pt>
File: fm/Fig-9_Kinematic_Reacc_Vertical.png Graphic file (type png)
<use fm/Fig-9_Kinematic_Reacc_Vertical.png>
Package pdftex.def Info: fm/Fig-9_Kinematic_Reacc_Vertical.png  used on input l
ine 711.
(pdftex.def)             Requested size: 435.32419pt x 299.43439pt.
LaTeX Info: Redefining \. on input line 719.
LaTeX Info: Redefining \% on input line 719.


Package fancyhdr Warning: \headheight is too small (12.0pt): 
(fancyhdr)                Make it at least 14.49998pt, for example:
(fancyhdr)                \setlength{\headheight}{14.49998pt}.
(fancyhdr)                You might also make \topmargin smaller to compensate:

(fancyhdr)                \addtolength{\topmargin}{-2.49998pt}.

[28 <./capturas2019/a_fig42p.png> <./fm/Fig-5_Analitico_Reacc_Vertical.png>]
LaTeX Info: Redefining \. on input line 719.
LaTeX Info: Redefining \% on input line 719.


Package fancyhdr Warning: \headheight is too small (12.0pt): 
(fancyhdr)                Make it at least 14.49998pt, for example:
(fancyhdr)                \setlength{\headheight}{14.49998pt}.
(fancyhdr)                You might also make \topmargin smaller to compensate:

(fancyhdr)                \addtolength{\topmargin}{-2.49998pt}.

[29 <./capturas2019/a_fig44p1.png> <./fm/Fig-7_Kinematic_constraint.png>]
LaTeX Info: Redefining \. on input line 719.
LaTeX Info: Redefining \% on input line 719.


Package fancyhdr Warning: \headheight is too small (12.0pt): 
(fancyhdr)                Make it at least 14.49998pt, for example:
(fancyhdr)                \setlength{\headheight}{14.49998pt}.
(fancyhdr)                You might also make \topmargin smaller to compensate:

(fancyhdr)                \addtolength{\topmargin}{-2.49998pt}.

[30 <./fm/Fig-8_BC_Nodo_Maestro.png> <./fm/Fig-9_Kinematic_Reacc_Vertical.png>]
<./figs/prop.png, id=606, 605.26125pt x 628.3475pt>
File: ./figs/prop.png Graphic file (type png)
<use ./figs/prop.png>
Package pdftex.def Info: ./figs/prop.png  used on input line 727.
(pdftex.def)             Requested size: 266.03473pt x 276.18611pt.
LaTeX Info: Redefining \. on input line 758.
LaTeX Info: Redefining \% on input line 758.

Package fancyhdr Warning: \headheight is too small (12.0pt): 
(fancyhdr)                Make it at least 14.49998pt, for example:
(fancyhdr)                \setlength{\headheight}{14.49998pt}.
(fancyhdr)                You might also make \topmargin smaller to compensate:

(fancyhdr)                \addtolength{\topmargin}{-2.49998pt}.

[31

 <./figs/prop.png>]
LaTeX Info: Redefining \. on input line 798.
LaTeX Info: Redefining \% on input line 798.


Package fancyhdr Warning: \headheight is too small (12.0pt): 
(fancyhdr)                Make it at least 14.49998pt, for example:
(fancyhdr)                \setlength{\headheight}{14.49998pt}.
(fancyhdr)                You might also make \topmargin smaller to compensate:

(fancyhdr)                \addtolength{\topmargin}{-2.49998pt}.

[32] (./pracMCIC_4-es.aux
LaTeX Info: Redefining \. on input line 22.
LaTeX Info: Redefining \% on input line 22.
LaTeX Info: Redefining \. on input line 23.
LaTeX Info: Redefining \% on input line 23.
)

LaTeX Warning: Label(s) may have changed. Rerun to get cross-references right.

Package rerunfilecheck Info: File `pracMCIC_4-es.out' has not changed.
(rerunfilecheck)             Checksum: 1E0E7652D815E5DEAA881182CDE8FEA4;3020.
 ) 
Here is how much of TeX's memory you used:
 28374 strings out of 478268
 517662 string characters out of 5846346
 788670 words of memory out of 5000000
 45819 multiletter control sequences out of 15000+600000
 498234 words of font info for 106 fonts, out of 8000000 for 9000
 1141 hyphenation exceptions out of 8191
 88i,11n,120p,622b,632s stack positions out of 10000i,1000n,20000p,200000b,200000s
{/usr/local/texlive/2022/texmf-dist/fonts/enc/dvips/cm-super/cm-super-t1.enc}
{/usr/local/texlive/2022/texmf-dist/fonts/enc/dvips/base/8r.enc}</usr/local/tex
live/2022/texmf-dist/fonts/type1/public/amsfonts/cm/cmbx12.pfb></usr/local/texl
ive/2022/texmf-dist/fonts/type1/public/amsfonts/cm/cmcsc10.pfb></usr/local/texl
ive/2022/texmf-dist/fonts/type1/public/amsfonts/cm/cmmi12.pfb></usr/local/texli
ve/2022/texmf-dist/fonts/type1/public/amsfonts/cm/cmmi8.pfb></usr/local/texlive
/2022/texmf-dist/fonts/type1/public/amsfonts/cm/cmr12.pfb></usr/local/texlive/2
022/texmf-dist/fonts/type1/public/amsfonts/cm/cmr8.pfb></usr/local/texlive/2022
/texmf-dist/fonts/type1/public/amsfonts/cm/cmsy10.pfb></usr/local/texlive/2022/
texmf-dist/fonts/type1/public/amsfonts/cm/cmsy8.pfb></usr/local/texlive/2022/te
xmf-dist/fonts/type1/public/amsfonts/cm/cmtt12.pfb></usr/local/texlive/2022/tex
mf-dist/fonts/type1/public/bera/fvmb8a.pfb></usr/local/texlive/2022/texmf-dist/
fonts/type1/public/bera/fvmr8a.pfb></usr/local/texlive/2022/texmf-dist/fonts/ty
pe1/public/cm-super/sfbx1200.pfb></usr/local/texlive/2022/texmf-dist/fonts/type
1/public/cm-super/sfbx1440.pfb></usr/local/texlive/2022/texmf-dist/fonts/type1/
public/cm-super/sfbx1728.pfb></usr/local/texlive/2022/texmf-dist/fonts/type1/pu
blic/cm-super/sfcc1095.pfb></usr/local/texlive/2022/texmf-dist/fonts/type1/publ
ic/cm-super/sfcc1200.pfb></usr/local/texlive/2022/texmf-dist/fonts/type1/public
/cm-super/sfrm1000.pfb></usr/local/texlive/2022/texmf-dist/fonts/type1/public/c
m-super/sfrm1200.pfb></usr/local/texlive/2022/texmf-dist/fonts/type1/public/cm-
super/sfrm1440.pfb></usr/local/texlive/2022/texmf-dist/fonts/type1/public/cm-su
per/sfss1200.pfb></usr/local/texlive/2022/texmf-dist/fonts/type1/public/cm-supe
r/sfti1000.pfb></usr/local/texlive/2022/texmf-dist/fonts/type1/public/cm-super/
sfti1200.pfb>
Output written on pracMCIC_4-es.pdf (32 pages, 7065459 bytes).
PDF statistics:
 741 PDF objects out of 1000 (max. 8388607)
 528 compressed objects within 6 object streams
 164 named destinations out of 1000 (max. 500000)
 509 words of extra memory for PDF output out of 10000 (max. 10000000)

