This is pdfTeX, Version 3.141592653-2.6-1.40.22 (TeX Live 2021) (preloaded format=pdflatex 2022.1.31)  23 FEB 2022 21:17
entering extended mode
 restricted \write18 enabled.
 %&-line parsing enabled.
**pracMCIC_4-en.tex
(./pracMCIC_4-en.tex
LaTeX2e <2020-10-01> patch level 4
L3 programming layer <2021-02-18>
(/usr/local/texlive/2021/texmf-dist/tex/latex/base/article.cls
Document Class: article 2020/04/10 v1.4m Standard LaTeX document class
(/usr/local/texlive/2021/texmf-dist/tex/latex/base/size12.clo
File: size12.clo 2020/04/10 v1.4m Standard LaTeX file (size option)
)
\c@part=\count179
\c@section=\count180
\c@subsection=\count181
\c@subsubsection=\count182
\c@paragraph=\count183
\c@subparagraph=\count184
\c@figure=\count185
\c@table=\count186
\abovecaptionskip=\skip47
\belowcaptionskip=\skip48
\bibindent=\dimen138
)
(/usr/local/texlive/2021/texmf-dist/tex/generic/babel/babel.sty
Package: babel 2021/03/24 3.56 The Babel package

(/usr/local/texlive/2021/texmf-dist/tex/generic/babel/babel.def
File: babel.def 2021/03/24 3.56 Babel common definitions
\babel@savecnt=\count187
\U@D=\dimen139
\l@babelnohyphens=\language87

(/usr/local/texlive/2021/texmf-dist/tex/generic/babel/txtbabel.def)
\bbl@readstream=\read2
)
\bbl@dirlevel=\count188

(/usr/local/texlive/2021/texmf-dist/tex/generic/babel-english/english.ldf
Language: english 2017/06/06 v3.3r English support from the babel system
Package babel Info: \l@canadian = using hyphenrules for english
(babel)             (\language0) on input line 102.
Package babel Info: \l@australian = using hyphenrules for ukenglish
(babel)             (\language21) on input line 105.
Package babel Info: \l@newzealand = using hyphenrules for ukenglish
(babel)             (\language21) on input line 108.
))
(./packages.tex
(/usr/local/texlive/2021/texmf-dist/tex/latex/subfigure/subfigure.sty
Package: subfigure 2002/03/15 v2.1.5 subfigure package
\subfigtopskip=\skip49
\subfigcapskip=\skip50
\subfigcaptopadj=\dimen140
\subfigbottomskip=\skip51
\subfigcapmargin=\dimen141
\subfiglabelskip=\skip52
\c@subfigure=\count189
\c@lofdepth=\count190
\c@subtable=\count191
\c@lotdepth=\count192

****************************************
* Local config file subfigure.cfg used *
****************************************
(/usr/local/texlive/2021/texmf-dist/tex/latex/subfigure/subfigure.cfg)
\subfig@top=\skip53
\subfig@bottom=\skip54
)
(/usr/local/texlive/2021/texmf-dist/tex/latex/base/inputenc.sty
Package: inputenc 2020/08/01 v1.3d Input encoding file
\inpenc@prehook=\toks15
\inpenc@posthook=\toks16

(/usr/local/texlive/2021/texmf-dist/tex/latex/base/latin1.def
File: latin1.def 2020/08/01 v1.3d Input encoding file
))
(/usr/local/texlive/2021/texmf-dist/tex/latex/base/fontenc.sty
Package: fontenc 2020/08/10 v2.0s Standard LaTeX package
)
(/usr/local/texlive/2021/texmf-dist/tex/latex/graphics/graphicx.sty
Package: graphicx 2020/09/09 v1.2b Enhanced LaTeX Graphics (DPC,SPQR)

(/usr/local/texlive/2021/texmf-dist/tex/latex/graphics/keyval.sty
Package: keyval 2014/10/28 v1.15 key=value parser (DPC)
\KV@toks@=\toks17
)
(/usr/local/texlive/2021/texmf-dist/tex/latex/graphics/graphics.sty
Package: graphics 2020/08/30 v1.4c Standard LaTeX Graphics (DPC,SPQR)

(/usr/local/texlive/2021/texmf-dist/tex/latex/graphics/trig.sty
Package: trig 2016/01/03 v1.10 sin cos tan (DPC)
)
(/usr/local/texlive/2021/texmf-dist/tex/latex/graphics-cfg/graphics.cfg
File: graphics.cfg 2016/06/04 v1.11 sample graphics configuration
)
Package graphics Info: Driver file: dvips.def on input line 105.

(/usr/local/texlive/2021/texmf-dist/tex/latex/graphics-def/dvips.def
File: dvips.def 2017/06/20 v3.1d Graphics/color driver for dvips
))
\Gin@req@height=\dimen142
\Gin@req@width=\dimen143
)
(/usr/local/texlive/2021/texmf-dist/tex/latex/amsmath/amsmath.sty
Package: amsmath 2020/09/23 v2.17i AMS math features
\@mathmargin=\skip55

For additional information on amsmath, use the `?' option.
(/usr/local/texlive/2021/texmf-dist/tex/latex/amsmath/amstext.sty
Package: amstext 2000/06/29 v2.01 AMS text

(/usr/local/texlive/2021/texmf-dist/tex/latex/amsmath/amsgen.sty
File: amsgen.sty 1999/11/30 v2.0 generic functions
\@emptytoks=\toks18
\ex@=\dimen144
))
(/usr/local/texlive/2021/texmf-dist/tex/latex/amsmath/amsbsy.sty
Package: amsbsy 1999/11/29 v1.2d Bold Symbols
\pmbraise@=\dimen145
)
(/usr/local/texlive/2021/texmf-dist/tex/latex/amsmath/amsopn.sty
Package: amsopn 2016/03/08 v2.02 operator names
)
\inf@bad=\count193
LaTeX Info: Redefining \frac on input line 234.
\uproot@=\count194
\leftroot@=\count195
LaTeX Info: Redefining \overline on input line 399.
\classnum@=\count196
\DOTSCASE@=\count197
LaTeX Info: Redefining \ldots on input line 496.
LaTeX Info: Redefining \dots on input line 499.
LaTeX Info: Redefining \cdots on input line 620.
\Mathstrutbox@=\box47
\strutbox@=\box48
\big@size=\dimen146
LaTeX Font Info:    Redeclaring font encoding OML on input line 743.
LaTeX Font Info:    Redeclaring font encoding OMS on input line 744.
\macc@depth=\count198
\c@MaxMatrixCols=\count199
\dotsspace@=\muskip16
\c@parentequation=\count266
\dspbrk@lvl=\count267
\tag@help=\toks19
\row@=\count268
\column@=\count269
\maxfields@=\count270
\andhelp@=\toks20
\eqnshift@=\dimen147
\alignsep@=\dimen148
\tagshift@=\dimen149
\tagwidth@=\dimen150
\totwidth@=\dimen151
\lineht@=\dimen152
\@envbody=\toks21
\multlinegap=\skip56
\multlinetaggap=\skip57
\mathdisplay@stack=\toks22
LaTeX Info: Redefining \[ on input line 2923.
LaTeX Info: Redefining \] on input line 2924.
)
(/usr/local/texlive/2021/texmf-dist/tex/latex/amsfonts/amssymb.sty
Package: amssymb 2013/01/14 v3.01 AMS font symbols

(/usr/local/texlive/2021/texmf-dist/tex/latex/amsfonts/amsfonts.sty
Package: amsfonts 2013/01/14 v3.01 Basic AMSFonts support
\symAMSa=\mathgroup4
\symAMSb=\mathgroup5
LaTeX Font Info:    Redeclaring math symbol \hbar on input line 98.
LaTeX Font Info:    Overwriting math alphabet `\mathfrak' in version `bold'
(Font)                  U/euf/m/n --> U/euf/b/n on input line 106.
))
(/usr/local/texlive/2021/texmf-dist/tex/latex/amscls/amsthm.sty
Package: amsthm 2020/05/29 v2.20.6
\thm@style=\toks23
\thm@bodyfont=\toks24
\thm@headfont=\toks25
\thm@notefont=\toks26
\thm@headpunct=\toks27
\thm@preskip=\skip58
\thm@postskip=\skip59
\thm@headsep=\skip60
\dth@everypar=\toks28
)
(/usr/local/texlive/2021/texmf-dist/tex/latex/jknapltx/mathrsfs.sty
Package: mathrsfs 1996/01/01 Math RSFS package v1.0 (jk)
\symrsfs=\mathgroup6
)
(/usr/local/texlive/2021/texmf-dist/tex/latex/arydshln/arydshln.sty
Package: arydshln 2019/02/21 v1.76 
\dashlinedash=\dimen153
\dashlinegap=\dimen154
\adl@box=\box49
\adl@height=\dimen155
\adl@heightsave=\dimen156
\adl@depth=\dimen157
\adl@depthsave=\dimen158
\adl@finaldepth=\dimen159
\adl@columns=\count271
\adl@ncol=\count272
\adl@currentcolumn=\count273
\adl@currentcolumnsave=\count274
\adl@totalheight=\count275
\adl@totalheightsave=\count276
\adl@dash=\count277
\adl@gap=\count278
\adl@cla=\count279
\adl@clb=\count280
\adl@everyvbox=\toks29
\adl@LTpagetotal=\dimen160
) (./jgn.sty
Package: jgn 15/01/2012 Macros mecanet (J. Goicolea)
\zza=\count281
\zzb=\count282
\xxa=\count283
\yya=\count284
\xxb=\count285
\yyb=\count286
\xxc=\count287
\yyc=\count288
) (/usr/local/texlive/2021/texmf-dist/tex/latex/fancyhdr/fancyheadings.sty
Package: fancyheadings 2021/01/28 v4.0.1 Legacy package to call fancyhdr


Package fancyheadings Warning: Please stop using fancyheadings!
(fancyheadings)                Use fancyhdr instead.
(fancyheadings)                We will call fancyhdr with the very same
(fancyheadings)                options you passed to fancyheadings.
(fancyheadings)                
(fancyheadings)                fancyhdr is 99 percent compatible with
(fancyheadings)                fancyheadings. The only incompatibility is
(fancyheadings)                that \headrulewidth and \footrulewidth and
(fancyheadings)                their \plain... versions are no longer length
(fancyheadings)                parameters, but normal macros (to be changed
(fancyheadings)                with \renewcommand rather than \setlength)..

(/usr/local/texlive/2021/texmf-dist/tex/latex/fancyhdr/fancyhdr.sty
Package: fancyhdr 2021/01/28 v4.0.1 Extensive control of page headers and foote
rs
\f@nch@headwidth=\skip61
\f@nch@O@elh=\skip62
\f@nch@O@erh=\skip63
\f@nch@O@olh=\skip64
\f@nch@O@orh=\skip65
\f@nch@O@elf=\skip66
\f@nch@O@erf=\skip67
\f@nch@O@olf=\skip68
\f@nch@O@orf=\skip69
))
(/usr/local/texlive/2021/texmf-dist/tex/latex/easy/easybmat.sty
Document Style `easybmat' v1.0 <2001/06/13>.
(/usr/local/texlive/2021/texmf-dist/tex/latex/easy/easy.sty
Document Style `easy' v1.1 <2001/05/31>.
Package: easy 2001/05/31 v1.1
\@easy@level=\count289
\@easy@ncol=\count290
\@easy@nrow=\count291
\@easy@cnt=\count292
\@easy@boxviii=\box50
\@easy@minxviii=\dimen161
\@easy@minyviii=\dimen162
\@easy@maxxviii=\dimen163
\@easy@maxyviii=\dimen164
\@easy@boxvii=\box51
\@easy@minxvii=\dimen165
\@easy@minyvii=\dimen166
\@easy@maxxvii=\dimen167
\@easy@maxyvii=\dimen168
\@easy@boxvi=\box52
\@easy@minxvi=\dimen169
\@easy@minyvi=\dimen170
\@easy@maxxvi=\dimen171
\@easy@maxyvi=\dimen172
\@easy@boxv=\box53
\@easy@minxv=\dimen173
\@easy@minyv=\dimen174
\@easy@maxxv=\dimen175
\@easy@maxyv=\dimen176
\@easy@boxiv=\box54
\@easy@minxiv=\dimen177
\@easy@minyiv=\dimen178
\@easy@maxxiv=\dimen179
\@easy@maxyiv=\dimen180
\@easy@boxiii=\box55
\@easy@minxiii=\dimen181
\@easy@minyiii=\dimen182
\@easy@maxxiii=\dimen183
\@easy@maxyiii=\dimen184
\@easy@boxii=\box56
\@easy@minxii=\dimen185
\@easy@minyii=\dimen186
\@easy@maxxii=\dimen187
\@easy@maxyii=\dimen188
\@easy@boxi=\box57
\@easy@minxi=\dimen189
\@easy@minyi=\dimen190
\@easy@maxxi=\dimen191
\@easy@maxyi=\dimen192
\@easy@hsizexxx=\dimen193
\@easy@vsizexxx=\dimen194
\@easy@hsizexxix=\dimen195
\@easy@vsizexxix=\dimen196
\@easy@hsizexxviii=\dimen197
\@easy@vsizexxviii=\dimen198
\@easy@hsizexxvii=\dimen199
\@easy@vsizexxvii=\dimen256
\@easy@hsizexxvi=\dimen257
\@easy@vsizexxvi=\dimen258
\@easy@hsizexxv=\dimen259
\@easy@vsizexxv=\dimen260
\@easy@hsizexxiv=\dimen261
\@easy@vsizexxiv=\dimen262
\@easy@hsizexxiii=\dimen263
\@easy@vsizexxiii=\dimen264
\@easy@hsizexxii=\dimen265
\@easy@vsizexxii=\dimen266
\@easy@hsizexxi=\dimen267
\@easy@vsizexxi=\dimen268
\@easy@hsizexx=\dimen269
\@easy@vsizexx=\dimen270
\@easy@hsizexix=\dimen271
\@easy@vsizexix=\dimen272
\@easy@hsizexviii=\dimen273
\@easy@vsizexviii=\dimen274
\@easy@hsizexvii=\dimen275
\@easy@vsizexvii=\dimen276
\@easy@hsizexvi=\dimen277
\@easy@vsizexvi=\dimen278
\@easy@hsizexv=\dimen279
\@easy@vsizexv=\dimen280
\@easy@hsizexiv=\dimen281
\@easy@vsizexiv=\dimen282
\@easy@hsizexiii=\dimen283
\@easy@vsizexiii=\dimen284
\@easy@hsizexii=\dimen285
\@easy@vsizexii=\dimen286
\@easy@hsizexi=\dimen287
\@easy@vsizexi=\dimen288
\@easy@hsizex=\dimen289
\@easy@vsizex=\dimen290
\@easy@hsizeix=\dimen291
\@easy@vsizeix=\dimen292
\@easy@hsizeviii=\dimen293
\@easy@vsizeviii=\dimen294
\@easy@hsizevii=\dimen295
\@easy@vsizevii=\dimen296
\@easy@hsizevi=\dimen297
\@easy@vsizevi=\dimen298
\@easy@hsizev=\dimen299
\@easy@vsizev=\dimen300
\@easy@hsizeiv=\dimen301
\@easy@vsizeiv=\dimen302
\@easy@hsizeiii=\dimen303
\@easy@vsizeiii=\dimen304
\@easy@hsizeii=\dimen305
\@easy@vsizeii=\dimen306
\@easy@hsizei=\dimen307
\@easy@vsizei=\dimen308
\@easy@dash@len=\dimen309
\@easy@dash@sep=\dimen310
)
Package: easybmat 2001/05/31 v1.1
\@bmat@size@rule=\dimen311
\@bmat@size@dash=\dimen312
) (/usr/local/texlive/2021/texmf-dist/tex/latex/adjustbox/adjustbox.sty
Package: adjustbox 2020/08/19 v1.3 Adjusting TeX boxes (trim, clip, ...)

(/usr/local/texlive/2021/texmf-dist/tex/latex/xkeyval/xkeyval.sty
Package: xkeyval 2020/11/20 v2.8 package option processing (HA)

(/usr/local/texlive/2021/texmf-dist/tex/generic/xkeyval/xkeyval.tex
(/usr/local/texlive/2021/texmf-dist/tex/generic/xkeyval/xkvutils.tex
\XKV@toks=\toks30
\XKV@tempa@toks=\toks31
)
\XKV@depth=\count293
File: xkeyval.tex 2014/12/03 v2.7a key=value parser (HA)
))
(/usr/local/texlive/2021/texmf-dist/tex/latex/adjustbox/adjcalc.sty
Package: adjcalc 2012/05/16 v1.1 Provides advanced setlength with multiple back
-ends (calc, etex, pgfmath)
)
(/usr/local/texlive/2021/texmf-dist/tex/latex/adjustbox/trimclip.sty
Package: trimclip 2020/08/19 v1.2 Trim and clip general TeX material

(/usr/local/texlive/2021/texmf-dist/tex/latex/collectbox/collectbox.sty
Package: collectbox 2012/05/17 v0.4b Collect macro arguments as boxes
\collectedbox=\box58
)
\tc@llx=\dimen313
\tc@lly=\dimen314
\tc@urx=\dimen315
\tc@ury=\dimen316
Package trimclip Info: Using driver 'tc-dvips.def'.

(/usr/local/texlive/2021/texmf-dist/tex/latex/adjustbox/tc-dvips.def
File: tc-dvips.def 2019/01/04 v2.2 Clipping driver for dvips
))
\adjbox@Width=\dimen317
\adjbox@Height=\dimen318
\adjbox@Depth=\dimen319
\adjbox@Totalheight=\dimen320
\adjbox@pwidth=\dimen321
\adjbox@pheight=\dimen322
\adjbox@pdepth=\dimen323
\adjbox@ptotalheight=\dimen324

(/usr/local/texlive/2021/texmf-dist/tex/latex/ifoddpage/ifoddpage.sty
Package: ifoddpage 2016/04/23 v1.1 Conditionals for odd/even page detection
\c@checkoddpage=\count294
)
(/usr/local/texlive/2021/texmf-dist/tex/latex/varwidth/varwidth.sty
Package: varwidth 2009/03/30 ver 0.92;  Variable-width minipages
\@vwid@box=\box59
\sift@deathcycles=\count295
\@vwid@loff=\dimen325
\@vwid@roff=\dimen326
))
(/usr/local/texlive/2021/texmf-dist/tex/latex/pdfpages/pdfpages.sty
Package: pdfpages 2021/03/06 v0.5t Insert pages of external PDF documents (AM)

(/usr/local/texlive/2021/texmf-dist/tex/latex/base/ifthen.sty
Package: ifthen 2014/09/29 v1.1c Standard LaTeX ifthen package (DPC)
)
(/usr/local/texlive/2021/texmf-dist/tex/latex/tools/calc.sty
Package: calc 2017/05/25 v4.3 Infix arithmetic (KKT,FJ)
\calc@Acount=\count296
\calc@Bcount=\count297
\calc@Adimen=\dimen327
\calc@Bdimen=\dimen328
\calc@Askip=\skip70
\calc@Bskip=\skip71
LaTeX Info: Redefining \setlength on input line 80.
LaTeX Info: Redefining \addtolength on input line 81.
\calc@Ccount=\count298
\calc@Cskip=\skip72
)
(/usr/local/texlive/2021/texmf-dist/tex/latex/eso-pic/eso-pic.sty
Package: eso-pic 2020/10/14 v3.0a eso-pic (RN)
\ESO@tempdima=\dimen329
\ESO@tempdimb=\dimen330

(/usr/local/texlive/2021/texmf-dist/tex/latex/xcolor/xcolor.sty
Package: xcolor 2016/05/11 v2.12 LaTeX color extensions (UK)

(/usr/local/texlive/2021/texmf-dist/tex/latex/graphics-cfg/color.cfg
File: color.cfg 2016/01/02 v1.6 sample color configuration
)
Package xcolor Info: Driver file: pdftex.def on input line 225.

(/usr/local/texlive/2021/texmf-dist/tex/latex/graphics-def/pdftex.def
File: pdftex.def 2020/10/05 v1.2a Graphics/color driver for pdftex
)
Package xcolor Info: Model `cmy' substituted by `cmy0' on input line 1348.
Package xcolor Info: Model `RGB' extended on input line 1364.
Package xcolor Info: Model `HTML' substituted by `rgb' on input line 1366.
Package xcolor Info: Model `Hsb' substituted by `hsb' on input line 1367.
Package xcolor Info: Model `tHsb' substituted by `hsb' on input line 1368.
Package xcolor Info: Model `HSB' substituted by `hsb' on input line 1369.
Package xcolor Info: Model `Gray' substituted by `gray' on input line 1370.
Package xcolor Info: Model `wave' substituted by `hsb' on input line 1371.
))
\AM@pagewidth=\dimen331
\AM@pageheight=\dimen332
\AM@fboxrule=\dimen333

(/usr/local/texlive/2021/texmf-dist/tex/latex/pdfpages/pppdftex.def
File: pppdftex.def 2021/03/06 v0.5t Pdfpages driver for pdfTeX (AM)
)
\pdfpages@includegraphics@status=\count299
\AM@pagebox=\box60
\AM@global@opts=\toks32
\AM@pagecnt=\count300
\AM@toc@title=\toks33
\c@AM@survey=\count301
\AM@templatesizebox=\box61
)
(/usr/local/texlive/2021/texmf-dist/tex/latex/geometry/geometry.sty
Package: geometry 2020/01/02 v5.9 Page Geometry

(/usr/local/texlive/2021/texmf-dist/tex/generic/iftex/ifvtex.sty
Package: ifvtex 2019/10/25 v1.7 ifvtex legacy package. Use iftex instead.

(/usr/local/texlive/2021/texmf-dist/tex/generic/iftex/iftex.sty
Package: iftex 2020/03/06 v1.0d TeX engine tests
))
\Gm@cnth=\count302
\Gm@cntv=\count303
\c@Gm@tempcnt=\count304
\Gm@bindingoffset=\dimen334
\Gm@wd@mp=\dimen335
\Gm@odd@mp=\dimen336
\Gm@even@mp=\dimen337
\Gm@layoutwidth=\dimen338
\Gm@layoutheight=\dimen339
\Gm@layouthoffset=\dimen340
\Gm@layoutvoffset=\dimen341
\Gm@dimlist=\toks34
)
(/usr/local/texlive/2021/texmf-dist/tex/latex/hyperref/hyperref.sty
Package: hyperref 2021-02-27 v7.00k Hypertext links for LaTeX

(/usr/local/texlive/2021/texmf-dist/tex/generic/ltxcmds/ltxcmds.sty
Package: ltxcmds 2020-05-10 v1.25 LaTeX kernel commands for general use (HO)
)
(/usr/local/texlive/2021/texmf-dist/tex/generic/pdftexcmds/pdftexcmds.sty
Package: pdftexcmds 2020-06-27 v0.33 Utility functions of pdfTeX for LuaTeX (HO
)

(/usr/local/texlive/2021/texmf-dist/tex/generic/infwarerr/infwarerr.sty
Package: infwarerr 2019/12/03 v1.5 Providing info/warning/error messages (HO)
)
Package pdftexcmds Info: \pdf@primitive is available.
Package pdftexcmds Info: \pdf@ifprimitive is available.
Package pdftexcmds Info: \pdfdraftmode found.
)
(/usr/local/texlive/2021/texmf-dist/tex/generic/kvsetkeys/kvsetkeys.sty
Package: kvsetkeys 2019/12/15 v1.18 Key value parser (HO)
)
(/usr/local/texlive/2021/texmf-dist/tex/generic/kvdefinekeys/kvdefinekeys.sty
Package: kvdefinekeys 2019-12-19 v1.6 Define keys (HO)
)
(/usr/local/texlive/2021/texmf-dist/tex/generic/pdfescape/pdfescape.sty
Package: pdfescape 2019/12/09 v1.15 Implements pdfTeX's escape features (HO)
)
(/usr/local/texlive/2021/texmf-dist/tex/latex/hycolor/hycolor.sty
Package: hycolor 2020-01-27 v1.10 Color options for hyperref/bookmark (HO)
)
(/usr/local/texlive/2021/texmf-dist/tex/latex/letltxmacro/letltxmacro.sty
Package: letltxmacro 2019/12/03 v1.6 Let assignment for LaTeX macros (HO)
)
(/usr/local/texlive/2021/texmf-dist/tex/latex/auxhook/auxhook.sty
Package: auxhook 2019-12-17 v1.6 Hooks for auxiliary files (HO)
)
(/usr/local/texlive/2021/texmf-dist/tex/latex/kvoptions/kvoptions.sty
Package: kvoptions 2020-10-07 v3.14 Key value format for package options (HO)
)
\@linkdim=\dimen342
\Hy@linkcounter=\count305
\Hy@pagecounter=\count306

(/usr/local/texlive/2021/texmf-dist/tex/latex/hyperref/pd1enc.def
File: pd1enc.def 2021-02-27 v7.00k Hyperref: PDFDocEncoding definition (HO)
Now handling font encoding PD1 ...
... no UTF-8 mapping file for font encoding PD1
)
(/usr/local/texlive/2021/texmf-dist/tex/latex/hyperref/hyperref-langpatches.def
File: hyperref-langpatches.def 2021-02-27 v7.00k Hyperref: patches for babel la
nguages
) (/usr/local/texlive/2021/texmf-dist/tex/generic/intcalc/intcalc.sty
Package: intcalc 2019/12/15 v1.3 Expandable calculations with integers (HO)
)
(/usr/local/texlive/2021/texmf-dist/tex/generic/etexcmds/etexcmds.sty
Package: etexcmds 2019/12/15 v1.7 Avoid name clashes with e-TeX commands (HO)
)
\Hy@SavedSpaceFactor=\count307

(/usr/local/texlive/2021/texmf-dist/tex/latex/hyperref/puenc.def
File: puenc.def 2021-02-27 v7.00k Hyperref: PDF Unicode definition (HO)
Now handling font encoding PU ...
... no UTF-8 mapping file for font encoding PU
)
Package hyperref Info: Hyper figures OFF on input line 4192.
Package hyperref Info: Link nesting OFF on input line 4197.
Package hyperref Info: Hyper index ON on input line 4200.
Package hyperref Info: Plain pages OFF on input line 4207.
Package hyperref Info: Backreferencing OFF on input line 4212.
Package hyperref Info: Implicit mode ON; LaTeX internals redefined.
Package hyperref Info: Bookmarks ON on input line 4445.
\c@Hy@tempcnt=\count308

(/usr/local/texlive/2021/texmf-dist/tex/latex/url/url.sty
\Urlmuskip=\muskip17
Package: url 2013/09/16  ver 3.4  Verb mode for urls, etc.
)
LaTeX Info: Redefining \url on input line 4804.
\XeTeXLinkMargin=\dimen343

(/usr/local/texlive/2021/texmf-dist/tex/generic/bitset/bitset.sty
Package: bitset 2019/12/09 v1.3 Handle bit-vector datatype (HO)

(/usr/local/texlive/2021/texmf-dist/tex/generic/bigintcalc/bigintcalc.sty
Package: bigintcalc 2019/12/15 v1.5 Expandable calculations on big integers (HO
)
))
\Fld@menulength=\count309
\Field@Width=\dimen344
\Fld@charsize=\dimen345
Package hyperref Info: Hyper figures OFF on input line 6075.
Package hyperref Info: Link nesting OFF on input line 6080.
Package hyperref Info: Hyper index ON on input line 6083.
Package hyperref Info: backreferencing OFF on input line 6090.
Package hyperref Info: Link coloring OFF on input line 6095.
Package hyperref Info: Link coloring with OCG OFF on input line 6100.
Package hyperref Info: PDF/A mode OFF on input line 6105.
LaTeX Info: Redefining \ref on input line 6145.
LaTeX Info: Redefining \pageref on input line 6149.

(/usr/local/texlive/2021/texmf-dist/tex/latex/base/atbegshi-ltx.sty
Package: atbegshi-ltx 2020/08/17 v1.0a Emulation of the original atbegshi packa
ge
with kernel methods
)
\Hy@abspage=\count310
\c@Item=\count311
\c@Hfootnote=\count312
)
Package hyperref Info: Driver (autodetected): hpdftex.

(/usr/local/texlive/2021/texmf-dist/tex/latex/hyperref/hpdftex.def
File: hpdftex.def 2021-02-27 v7.00k Hyperref driver for pdfTeX

(/usr/local/texlive/2021/texmf-dist/tex/latex/base/atveryend-ltx.sty
Package: atveryend-ltx 2020/08/19 v1.0a Emulation of the original atvery packag
e
with kernel methods
)
\Fld@listcount=\count313
\c@bookmark@seq@number=\count314

(/usr/local/texlive/2021/texmf-dist/tex/latex/rerunfilecheck/rerunfilecheck.sty
Package: rerunfilecheck 2019/12/05 v1.9 Rerun checks for auxiliary files (HO)

(/usr/local/texlive/2021/texmf-dist/tex/generic/uniquecounter/uniquecounter.sty
Package: uniquecounter 2019/12/15 v1.4 Provide unlimited unique counter (HO)
)
Package uniquecounter Info: New unique counter `rerunfilecheck' on input line 2
86.
)
\Hy@SectionHShift=\skip73
) (/usr/local/texlive/2021/texmf-dist/tex/latex/bera/beramono.sty
Package: beramono 2004/01/31 (WaS)
)
(/usr/local/texlive/2021/texmf-dist/tex/latex/float/float.sty
Package: float 2001/11/08 v1.3d Float enhancements (AL)
\c@float@type=\count315
\float@exts=\toks35
\float@box=\box62
\@float@everytoks=\toks36
\@floatcapt=\box63
)
(/usr/local/texlive/2021/texmf-dist/tex/latex/upquote/upquote.sty
Package: upquote 2012/04/19 v1.3 upright-quote and grave-accent glyphs in verba
tim

(/usr/local/texlive/2021/texmf-dist/tex/latex/base/textcomp.sty
Package: textcomp 2020/02/02 v2.0n Standard LaTeX package
))
(/usr/local/texlive/2021/texmf-dist/tex/latex/tools/longtable.sty
Package: longtable 2020/01/07 v4.13 Multi-page Table package (DPC)
\LTleft=\skip74
\LTright=\skip75
\LTpre=\skip76
\LTpost=\skip77
\LTchunksize=\count316
\LTcapwidth=\dimen346
\LT@head=\box64
\LT@firsthead=\box65
\LT@foot=\box66
\LT@lastfoot=\box67
\LT@cols=\count317
\LT@rows=\count318
\c@LT@tables=\count319
\c@LT@chunks=\count320
\LT@p@ftn=\toks37
)
(/usr/local/texlive/2021/texmf-dist/tex/latex/tools/bm.sty
Package: bm 2019/07/24 v1.2d Bold Symbol Support (DPC/FMi)
\symboldoperators=\mathgroup7
\symboldletters=\mathgroup8
\symboldsymbols=\mathgroup9
LaTeX Font Info:    Redeclaring math alphabet \mathbf on input line 141.
LaTeX Info: Redefining \bm on input line 209.
)
(/usr/local/texlive/2021/texmf-dist/tex/latex/wrapfig/wrapfig.sty
\wrapoverhang=\dimen347
\WF@size=\dimen348
\c@WF@wrappedlines=\count321
\WF@box=\box68
\WF@everypar=\toks38
Package: wrapfig 2003/01/31  v 3.6
)
(/usr/local/texlive/2021/texmf-dist/tex/latex/tcolorbox/tcolorbox.sty
Package: tcolorbox 2020/10/09 version 4.42 text color boxes

(/usr/local/texlive/2021/texmf-dist/tex/latex/pgf/basiclayer/pgf.sty
(/usr/local/texlive/2021/texmf-dist/tex/latex/pgf/utilities/pgfrcs.sty
(/usr/local/texlive/2021/texmf-dist/tex/generic/pgf/utilities/pgfutil-common.te
x
\pgfutil@everybye=\toks39
\pgfutil@tempdima=\dimen349
\pgfutil@tempdimb=\dimen350

(/usr/local/texlive/2021/texmf-dist/tex/generic/pgf/utilities/pgfutil-common-li
sts.tex))
(/usr/local/texlive/2021/texmf-dist/tex/generic/pgf/utilities/pgfutil-latex.def
\pgfutil@abb=\box69
) (/usr/local/texlive/2021/texmf-dist/tex/generic/pgf/utilities/pgfrcs.code.tex
(/usr/local/texlive/2021/texmf-dist/tex/generic/pgf/pgf.revision.tex)
Package: pgfrcs 2020/12/27 v3.1.8b (3.1.8b)
))
Package: pgf 2020/12/27 v3.1.8b (3.1.8b)

(/usr/local/texlive/2021/texmf-dist/tex/latex/pgf/basiclayer/pgfcore.sty
(/usr/local/texlive/2021/texmf-dist/tex/latex/pgf/systemlayer/pgfsys.sty
(/usr/local/texlive/2021/texmf-dist/tex/generic/pgf/systemlayer/pgfsys.code.tex
Package: pgfsys 2020/12/27 v3.1.8b (3.1.8b)
(/usr/local/texlive/2021/texmf-dist/tex/generic/pgf/utilities/pgfkeys.code.tex
\pgfkeys@pathtoks=\toks40
\pgfkeys@temptoks=\toks41

(/usr/local/texlive/2021/texmf-dist/tex/generic/pgf/utilities/pgfkeysfiltered.c
ode.tex
\pgfkeys@tmptoks=\toks42
))
\pgf@x=\dimen351
\pgf@y=\dimen352
\pgf@xa=\dimen353
\pgf@ya=\dimen354
\pgf@xb=\dimen355
\pgf@yb=\dimen356
\pgf@xc=\dimen357
\pgf@yc=\dimen358
\pgf@xd=\dimen359
\pgf@yd=\dimen360
\w@pgf@writea=\write3
\r@pgf@reada=\read3
\c@pgf@counta=\count322
\c@pgf@countb=\count323
\c@pgf@countc=\count324
\c@pgf@countd=\count325
\t@pgf@toka=\toks43
\t@pgf@tokb=\toks44
\t@pgf@tokc=\toks45
\pgf@sys@id@count=\count326

(/usr/local/texlive/2021/texmf-dist/tex/generic/pgf/systemlayer/pgf.cfg
File: pgf.cfg 2020/12/27 v3.1.8b (3.1.8b)
)
Driver file for pgf: pgfsys-pdftex.def

(/usr/local/texlive/2021/texmf-dist/tex/generic/pgf/systemlayer/pgfsys-pdftex.d
ef
File: pgfsys-pdftex.def 2020/12/27 v3.1.8b (3.1.8b)

(/usr/local/texlive/2021/texmf-dist/tex/generic/pgf/systemlayer/pgfsys-common-p
df.def
File: pgfsys-common-pdf.def 2020/12/27 v3.1.8b (3.1.8b)
)))
(/usr/local/texlive/2021/texmf-dist/tex/generic/pgf/systemlayer/pgfsyssoftpath.
code.tex
File: pgfsyssoftpath.code.tex 2020/12/27 v3.1.8b (3.1.8b)
\pgfsyssoftpath@smallbuffer@items=\count327
\pgfsyssoftpath@bigbuffer@items=\count328
)
(/usr/local/texlive/2021/texmf-dist/tex/generic/pgf/systemlayer/pgfsysprotocol.
code.tex
File: pgfsysprotocol.code.tex 2020/12/27 v3.1.8b (3.1.8b)
))
(/usr/local/texlive/2021/texmf-dist/tex/generic/pgf/basiclayer/pgfcore.code.tex
Package: pgfcore 2020/12/27 v3.1.8b (3.1.8b)
(/usr/local/texlive/2021/texmf-dist/tex/generic/pgf/math/pgfmath.code.tex
(/usr/local/texlive/2021/texmf-dist/tex/generic/pgf/math/pgfmathcalc.code.tex
(/usr/local/texlive/2021/texmf-dist/tex/generic/pgf/math/pgfmathutil.code.tex)
(/usr/local/texlive/2021/texmf-dist/tex/generic/pgf/math/pgfmathparser.code.tex
\pgfmath@dimen=\dimen361
\pgfmath@count=\count329
\pgfmath@box=\box70
\pgfmath@toks=\toks46
\pgfmath@stack@operand=\toks47
\pgfmath@stack@operation=\toks48
)
(/usr/local/texlive/2021/texmf-dist/tex/generic/pgf/math/pgfmathfunctions.code.
tex
(/usr/local/texlive/2021/texmf-dist/tex/generic/pgf/math/pgfmathfunctions.basic
.code.tex)
(/usr/local/texlive/2021/texmf-dist/tex/generic/pgf/math/pgfmathfunctions.trigo
nometric.code.tex)
(/usr/local/texlive/2021/texmf-dist/tex/generic/pgf/math/pgfmathfunctions.rando
m.code.tex)
(/usr/local/texlive/2021/texmf-dist/tex/generic/pgf/math/pgfmathfunctions.compa
rison.code.tex)
(/usr/local/texlive/2021/texmf-dist/tex/generic/pgf/math/pgfmathfunctions.base.
code.tex)
(/usr/local/texlive/2021/texmf-dist/tex/generic/pgf/math/pgfmathfunctions.round
.code.tex)
(/usr/local/texlive/2021/texmf-dist/tex/generic/pgf/math/pgfmathfunctions.misc.
code.tex)
(/usr/local/texlive/2021/texmf-dist/tex/generic/pgf/math/pgfmathfunctions.integ
erarithmetics.code.tex)))
(/usr/local/texlive/2021/texmf-dist/tex/generic/pgf/math/pgfmathfloat.code.tex
\c@pgfmathroundto@lastzeros=\count330
)) (/usr/local/texlive/2021/texmf-dist/tex/generic/pgf/math/pgfint.code.tex)
(/usr/local/texlive/2021/texmf-dist/tex/generic/pgf/basiclayer/pgfcorepoints.co
de.tex
File: pgfcorepoints.code.tex 2020/12/27 v3.1.8b (3.1.8b)
\pgf@picminx=\dimen362
\pgf@picmaxx=\dimen363
\pgf@picminy=\dimen364
\pgf@picmaxy=\dimen365
\pgf@pathminx=\dimen366
\pgf@pathmaxx=\dimen367
\pgf@pathminy=\dimen368
\pgf@pathmaxy=\dimen369
\pgf@xx=\dimen370
\pgf@xy=\dimen371
\pgf@yx=\dimen372
\pgf@yy=\dimen373
\pgf@zx=\dimen374
\pgf@zy=\dimen375
)
(/usr/local/texlive/2021/texmf-dist/tex/generic/pgf/basiclayer/pgfcorepathconst
ruct.code.tex
File: pgfcorepathconstruct.code.tex 2020/12/27 v3.1.8b (3.1.8b)
\pgf@path@lastx=\dimen376
\pgf@path@lasty=\dimen377
)
(/usr/local/texlive/2021/texmf-dist/tex/generic/pgf/basiclayer/pgfcorepathusage
.code.tex
File: pgfcorepathusage.code.tex 2020/12/27 v3.1.8b (3.1.8b)
\pgf@shorten@end@additional=\dimen378
\pgf@shorten@start@additional=\dimen379
)
(/usr/local/texlive/2021/texmf-dist/tex/generic/pgf/basiclayer/pgfcorescopes.co
de.tex
File: pgfcorescopes.code.tex 2020/12/27 v3.1.8b (3.1.8b)
\pgfpic=\box71
\pgf@hbox=\box72
\pgf@layerbox@main=\box73
\pgf@picture@serial@count=\count331
)
(/usr/local/texlive/2021/texmf-dist/tex/generic/pgf/basiclayer/pgfcoregraphicst
ate.code.tex
File: pgfcoregraphicstate.code.tex 2020/12/27 v3.1.8b (3.1.8b)
\pgflinewidth=\dimen380
)
(/usr/local/texlive/2021/texmf-dist/tex/generic/pgf/basiclayer/pgfcoretransform
ations.code.tex
File: pgfcoretransformations.code.tex 2020/12/27 v3.1.8b (3.1.8b)
\pgf@pt@x=\dimen381
\pgf@pt@y=\dimen382
\pgf@pt@temp=\dimen383
)
(/usr/local/texlive/2021/texmf-dist/tex/generic/pgf/basiclayer/pgfcorequick.cod
e.tex
File: pgfcorequick.code.tex 2020/12/27 v3.1.8b (3.1.8b)
)
(/usr/local/texlive/2021/texmf-dist/tex/generic/pgf/basiclayer/pgfcoreobjects.c
ode.tex
File: pgfcoreobjects.code.tex 2020/12/27 v3.1.8b (3.1.8b)
)
(/usr/local/texlive/2021/texmf-dist/tex/generic/pgf/basiclayer/pgfcorepathproce
ssing.code.tex
File: pgfcorepathprocessing.code.tex 2020/12/27 v3.1.8b (3.1.8b)
)
(/usr/local/texlive/2021/texmf-dist/tex/generic/pgf/basiclayer/pgfcorearrows.co
de.tex
File: pgfcorearrows.code.tex 2020/12/27 v3.1.8b (3.1.8b)
\pgfarrowsep=\dimen384
)
(/usr/local/texlive/2021/texmf-dist/tex/generic/pgf/basiclayer/pgfcoreshade.cod
e.tex
File: pgfcoreshade.code.tex 2020/12/27 v3.1.8b (3.1.8b)
\pgf@max=\dimen385
\pgf@sys@shading@range@num=\count332
\pgf@shadingcount=\count333
)
(/usr/local/texlive/2021/texmf-dist/tex/generic/pgf/basiclayer/pgfcoreimage.cod
e.tex
File: pgfcoreimage.code.tex 2020/12/27 v3.1.8b (3.1.8b)

(/usr/local/texlive/2021/texmf-dist/tex/generic/pgf/basiclayer/pgfcoreexternal.
code.tex
File: pgfcoreexternal.code.tex 2020/12/27 v3.1.8b (3.1.8b)
\pgfexternal@startupbox=\box74
))
(/usr/local/texlive/2021/texmf-dist/tex/generic/pgf/basiclayer/pgfcorelayers.co
de.tex
File: pgfcorelayers.code.tex 2020/12/27 v3.1.8b (3.1.8b)
)
(/usr/local/texlive/2021/texmf-dist/tex/generic/pgf/basiclayer/pgfcoretranspare
ncy.code.tex
File: pgfcoretransparency.code.tex 2020/12/27 v3.1.8b (3.1.8b)
)
(/usr/local/texlive/2021/texmf-dist/tex/generic/pgf/basiclayer/pgfcorepatterns.
code.tex
File: pgfcorepatterns.code.tex 2020/12/27 v3.1.8b (3.1.8b)
)
(/usr/local/texlive/2021/texmf-dist/tex/generic/pgf/basiclayer/pgfcorerdf.code.
tex
File: pgfcorerdf.code.tex 2020/12/27 v3.1.8b (3.1.8b)
)))
(/usr/local/texlive/2021/texmf-dist/tex/generic/pgf/modules/pgfmoduleshapes.cod
e.tex
File: pgfmoduleshapes.code.tex 2020/12/27 v3.1.8b (3.1.8b)
\pgfnodeparttextbox=\box75
)
(/usr/local/texlive/2021/texmf-dist/tex/generic/pgf/modules/pgfmoduleplot.code.
tex
File: pgfmoduleplot.code.tex 2020/12/27 v3.1.8b (3.1.8b)
)
(/usr/local/texlive/2021/texmf-dist/tex/latex/pgf/compatibility/pgfcomp-version
-0-65.sty
Package: pgfcomp-version-0-65 2020/12/27 v3.1.8b (3.1.8b)
\pgf@nodesepstart=\dimen386
\pgf@nodesepend=\dimen387
)
(/usr/local/texlive/2021/texmf-dist/tex/latex/pgf/compatibility/pgfcomp-version
-1-18.sty
Package: pgfcomp-version-1-18 2020/12/27 v3.1.8b (3.1.8b)
)) (/usr/local/texlive/2021/texmf-dist/tex/latex/tools/verbatim.sty
Package: verbatim 2020-07-07 v1.5u LaTeX2e package for verbatim enhancements
\every@verbatim=\toks49
\verbatim@line=\toks50
\verbatim@in@stream=\read4
)
(/usr/local/texlive/2021/texmf-dist/tex/latex/environ/environ.sty
Package: environ 2014/05/04 v0.3 A new way to define environments

(/usr/local/texlive/2021/texmf-dist/tex/latex/trimspaces/trimspaces.sty
Package: trimspaces 2009/09/17 v1.1 Trim spaces around a token list
))
(/usr/local/texlive/2021/texmf-dist/tex/latex/etoolbox/etoolbox.sty
Package: etoolbox 2020/10/05 v2.5k e-TeX tools for LaTeX (JAW)
\etb@tempcnta=\count334
)
\tcb@titlebox=\box76
\tcb@upperbox=\box77
\tcb@lowerbox=\box78
\tcb@phantombox=\box79
\c@tcbbreakpart=\count335
\c@tcblayer=\count336
\c@tcolorbox@number=\count337
\tcb@temp=\box80
\tcb@temp=\box81
\tcb@temp=\box82
\tcb@temp=\box83
\tcb@out=\write4
\tcb@record@out=\write5
)
(/usr/local/texlive/2021/texmf-dist/tex/latex/tools/multicol.sty
Package: multicol 2019/12/09 v1.8y multicolumn formatting (FMi)
\c@tracingmulticols=\count338
\mult@box=\box84
\multicol@leftmargin=\dimen388
\c@unbalance=\count339
\c@collectmore=\count340
\doublecol@number=\count341
\multicoltolerance=\count342
\multicolpretolerance=\count343
\full@width=\dimen389
\page@free=\dimen390
\premulticols=\dimen391
\postmulticols=\dimen392
\multicolsep=\skip78
\multicolbaselineskip=\skip79
\partial@page=\box85
\last@line=\box86
\maxbalancingoverflow=\dimen393
\mult@rightbox=\box87
\mult@grightbox=\box88
\mult@gfirstbox=\box89
\mult@firstbox=\box90
\@tempa=\box91
\@tempa=\box92
\@tempa=\box93
\@tempa=\box94
\@tempa=\box95
\@tempa=\box96
\@tempa=\box97
\@tempa=\box98
\@tempa=\box99
\@tempa=\box100
\@tempa=\box101
\@tempa=\box102
\@tempa=\box103
\@tempa=\box104
\@tempa=\box105
\@tempa=\box106
\@tempa=\box107
\@tempa=\box108
\@tempa=\box109
\@tempa=\box110
\@tempa=\box111
\@tempa=\box112
\@tempa=\box113
\@tempa=\box114
\@tempa=\box115
\@tempa=\box116
\@tempa=\box117
\@tempa=\box118
\@tempa=\box119
\@tempa=\box120
\@tempa=\box121
\@tempa=\box122
\@tempa=\box123
\@tempa=\box124
\@tempa=\box125
\@tempa=\box126
\@tempa=\box127
\c@minrows=\count344
\c@columnbadness=\count345
\c@finalcolumnbadness=\count346
\last@try=\dimen394
\multicolovershoot=\dimen395
\multicolundershoot=\dimen396
\mult@nat@firstbox=\box128
\colbreak@box=\box129
\mc@col@check@num=\count347
)
(/usr/local/texlive/2021/texmf-dist/tex/latex/listings/listings.sty
\lst@mode=\count348
\lst@gtempboxa=\box130
\lst@token=\toks51
\lst@length=\count349
\lst@currlwidth=\dimen397
\lst@column=\count350
\lst@pos=\count351
\lst@lostspace=\dimen398
\lst@width=\dimen399
\lst@newlines=\count352
\lst@lineno=\count353
\lst@maxwidth=\dimen400

(/usr/local/texlive/2021/texmf-dist/tex/latex/listings/lstmisc.sty
File: lstmisc.sty 2020/03/24 1.8d (Carsten Heinz)
\c@lstnumber=\count354
\lst@skipnumbers=\count355
\lst@framebox=\box131
)
(/usr/local/texlive/2021/texmf-dist/tex/latex/listings/listings.cfg
File: listings.cfg 2020/03/24 1.8d listings configuration
))
Package: listings 2020/03/24 1.8d (Carsten Heinz)

(/usr/local/texlive/2021/texmf-dist/tex/latex/caption/caption.sty
Package: caption 2020/10/26 v3.5g Customizing captions (AR)

(/usr/local/texlive/2021/texmf-dist/tex/latex/caption/caption3.sty
Package: caption3 2020/10/21 v2.2e caption3 kernel (AR)
\captionmargin=\dimen401
\captionmargin@=\dimen402
\captionwidth=\dimen403
\caption@tempdima=\dimen404
\caption@indent=\dimen405
\caption@parindent=\dimen406
\caption@hangindent=\dimen407
Package caption Info: Standard document class detected.
)
\c@caption@flags=\count356
\c@continuedfloat=\count357
Package caption Info: float package is loaded.
Package caption Info: hyperref package is loaded.
Package caption Info: listings package is loaded.
Package caption Info: longtable package is loaded.

(/usr/local/texlive/2021/texmf-dist/tex/latex/caption/ltcaption.sty
Package: ltcaption 2020/05/30 v1.4b longtable captions (AR)
)
Package caption Info: subfigure package is loaded.
Package caption Info: wrapfig package is loaded.
))
(./newcommands.tex)
Package hyperref Info: Option `colorlinks' set `true' on input line 14.
Package hyperref Info: Option `breaklinks' set `true' on input line 14.


Package hyperref Warning: Option `backref' has already been used,
(hyperref)                setting the option has no effect on input line 14.

Package hyperref Info: Option `bookmarksnumbered' set `true' on input line 14.
Package hyperref Info: Option `colorlinks' set `true' on input line 20.
Package hyperref Info: Option `breaklinks' set `true' on input line 20.

Package hyperref Warning: Option `backref' has already been used,
(hyperref)                setting the option has no effect on input line 20.

Package hyperref Info: Option `bookmarksnumbered' set `true' on input line 20.
(/usr/local/texlive/2021/texmf-dist/tex/latex/l3backend/l3backend-pdftex.def
File: l3backend-pdftex.def 2021-03-18 L3 backend support: PDF output (pdfTeX)
\l__color_backend_stack_int=\count358
\l__pdf_internal_box=\box132
)
(./pracMCIC_4-en.aux)
\openout1 = `pracMCIC_4-en.aux'.

LaTeX Font Info:    Checking defaults for OML/cmm/m/it on input line 39.
LaTeX Font Info:    ... okay on input line 39.
LaTeX Font Info:    Checking defaults for OMS/cmsy/m/n on input line 39.
LaTeX Font Info:    ... okay on input line 39.
LaTeX Font Info:    Checking defaults for OT1/cmr/m/n on input line 39.
LaTeX Font Info:    ... okay on input line 39.
LaTeX Font Info:    Checking defaults for T1/cmr/m/n on input line 39.
LaTeX Font Info:    ... okay on input line 39.
LaTeX Font Info:    Checking defaults for TS1/cmr/m/n on input line 39.
LaTeX Font Info:    ... okay on input line 39.
LaTeX Font Info:    Checking defaults for OMX/cmex/m/n on input line 39.
LaTeX Font Info:    ... okay on input line 39.
LaTeX Font Info:    Checking defaults for U/cmr/m/n on input line 39.
LaTeX Font Info:    ... okay on input line 39.
LaTeX Font Info:    Checking defaults for PD1/pdf/m/n on input line 39.
LaTeX Font Info:    ... okay on input line 39.
LaTeX Font Info:    Checking defaults for PU/pdf/m/n on input line 39.
LaTeX Font Info:    ... okay on input line 39.

(/usr/local/texlive/2021/texmf-dist/tex/context/base/mkii/supp-pdf.mkii
[Loading MPS to PDF converter (version 2006.09.02).]
\scratchcounter=\count359
\scratchdimen=\dimen408
\scratchbox=\box133
\nofMPsegments=\count360
\nofMParguments=\count361
\everyMPshowfont=\toks52
\MPscratchCnt=\count362
\MPscratchDim=\dimen409
\MPnumerator=\count363
\makeMPintoPDFobject=\count364
\everyMPtoPDFconversion=\toks53
) (/usr/local/texlive/2021/texmf-dist/tex/latex/epstopdf-pkg/epstopdf-base.sty
Package: epstopdf-base 2020-01-24 v2.11 Base part for package epstopdf
Package epstopdf-base Info: Redefining graphics rule for `.eps' on input line 4
85.

(/usr/local/texlive/2021/texmf-dist/tex/latex/latexconfig/epstopdf-sys.cfg
File: epstopdf-sys.cfg 2010/07/13 v1.3 Configuration of (r)epstopdf for TeX Liv
e
))
(/usr/local/texlive/2021/texmf-dist/tex/latex/pdflscape/pdflscape.sty
Package: pdflscape 2019/12/05 v0.12 Display of landscape pages in PDF (HO)

(/usr/local/texlive/2021/texmf-dist/tex/latex/graphics/lscape.sty
Package: lscape 2020/05/28 v3.02 Landscape Pages (DPC)
)
Package pdflscape Info: Auto-detected driver: pdftex on input line 81.
)
*geometry* driver: auto-detecting
*geometry* detected driver: pdftex
*geometry* verbose mode - [ preamble ] result:
* driver: pdftex
* paper: a4paper
* layout: <same size as paper>
* layoutoffset:(h,v)=(0.0pt,0.0pt)
* modes: 
* h-part:(L,W,R)=(56.9055pt, 483.69684pt, 56.90553pt)
* v-part:(T,H,B)=(71.13188pt, 725.54527pt, 48.36969pt)
* \paperwidth=597.50787pt
* \paperheight=845.04684pt
* \textwidth=483.69684pt
* \textheight=725.54527pt
* \oddsidemargin=-15.36449pt
* \evensidemargin=-15.36449pt
* \topmargin=-38.1381pt
* \headheight=12.0pt
* \headsep=25.0pt
* \topskip=12.0pt
* \footskip=30.0pt
* \marginparwidth=35.0pt
* \marginparsep=10.0pt
* \columnsep=10.0pt
* \skip\footins=10.8pt plus 4.0pt minus 2.0pt
* \hoffset=0.0pt
* \voffset=0.0pt
* \mag=1000
* \@twocolumnfalse
* \@twosidefalse
* \@mparswitchfalse
* \@reversemarginfalse
* (1in=72.27pt=25.4mm, 1cm=28.453pt)

Package hyperref Info: Link coloring ON on input line 39.
(/usr/local/texlive/2021/texmf-dist/tex/latex/hyperref/nameref.sty
Package: nameref 2021-04-02 v2.47 Cross-referencing by name of section

(/usr/local/texlive/2021/texmf-dist/tex/latex/refcount/refcount.sty
Package: refcount 2019/12/15 v3.6 Data extraction from label references (HO)
)
(/usr/local/texlive/2021/texmf-dist/tex/generic/gettitlestring/gettitlestring.s
ty
Package: gettitlestring 2019/12/15 v1.6 Cleanup title references (HO)
)
\c@section@level=\count365
)
LaTeX Info: Redefining \ref on input line 39.
LaTeX Info: Redefining \pageref on input line 39.
LaTeX Info: Redefining \nameref on input line 39.
 (./pracMCIC_4-en.out) (./pracMCIC_4-en.out)
\@outlinefile=\write6
\openout6 = `pracMCIC_4-en.out'.

\c@lstlisting=\count366
Package caption Info: Begin \AtBeginDocument code.
Package caption Info: End \AtBeginDocument code.
<figs/boveda2017-5.pdf, id=75, 693.59125pt x 475.7775pt>
File: figs/boveda2017-5.pdf Graphic file (type pdf)
<use figs/boveda2017-5.pdf>
Package pdftex.def Info: figs/boveda2017-5.pdf  used on input line 56.
(pdftex.def)             Requested size: 346.79477pt x 237.88815pt.
LaTeX Font Info:    Trying to load font information for U+msa on input line 56.


(/usr/local/texlive/2021/texmf-dist/tex/latex/amsfonts/umsa.fd
File: umsa.fd 2013/01/14 v3.01 AMS symbols A
)
LaTeX Font Info:    Trying to load font information for U+msb on input line 56.


(/usr/local/texlive/2021/texmf-dist/tex/latex/amsfonts/umsb.fd
File: umsb.fd 2013/01/14 v3.01 AMS symbols B
)
LaTeX Font Info:    Trying to load font information for U+rsfs on input line 56
.

(/usr/local/texlive/2021/texmf-dist/tex/latex/jknapltx/ursfs.fd
File: ursfs.fd 1998/03/24 rsfs font definition file (jk)
)
(./pracMCIC_4-en.toc
LaTeX Font Info:    Trying to load font information for T1+fvm on input line 5.


(/usr/local/texlive/2021/texmf-dist/tex/latex/bera/t1fvm.fd
File: t1fvm.fd 2004/09/07 scalable font definitions for T1/fvm.
)
LaTeX Font Info:    Font shape `T1/fvm/m/n' will be
(Font)              scaled to size 10.79993pt on input line 5.
LaTeX Font Info:    Font shape `T1/fvm/b/n' will be
(Font)              scaled to size 10.79993pt on input line 18.
 [1
Non-PDF special ignored!
<special> papersize=597.50787pt,845.04684pt

{/usr/local/texlive/2021/texmf-var/fonts/map/pdftex/updmap/pdftex.map} <./figs/
boveda2017-5.pdf>])
\tf@toc=\write7
\openout7 = `pracMCIC_4-en.toc'.

<figs/boveda_scordelis-lo.pdf, id=134, 281.83504pt x 218.90102pt>
File: figs/boveda_scordelis-lo.pdf Graphic file (type pdf)
<use figs/boveda_scordelis-lo.pdf>
Package pdftex.def Info: figs/boveda_scordelis-lo.pdf  used on input line 70.
(pdftex.def)             Requested size: 241.84842pt x 187.84703pt.
LaTeX Font Info:    Trying to load font information for T1+cmss on input line 1
11.

(/usr/local/texlive/2021/texmf-dist/tex/latex/base/t1cmss.fd
File: t1cmss.fd 2019/12/16 v2.5j Standard LaTeX font definitions
)

Package fancyhdr Warning: \headheight is too small (12.0pt): 
(fancyhdr)                Make it at least 14.49998pt, for example:
(fancyhdr)                \setlength{\headheight}{14.49998pt}.
(fancyhdr)                You might also make \topmargin smaller to compensate:

(fancyhdr)                \addtolength{\topmargin}{-2.49998pt}.

[2 <./figs/boveda_scordelis-lo.pdf>]
LaTeX Font Info:    Font shape `T1/fvm/b/n' will be
(Font)              scaled to size 12.9599pt on input line 111.
<capturas/01-python-calculos-aux.png, id=202, 352.31625pt x 138.5175pt>
File: capturas/01-python-calculos-aux.png Graphic file (type png)
<use capturas/01-python-calculos-aux.png>
Package pdftex.def Info: capturas/01-python-calculos-aux.png  used on input lin
e 118.
(pdftex.def)             Requested size: 176.15768pt x 69.25858pt.
<capturas/02-part.png, id=207, 335.2525pt x 488.82625pt>
File: capturas/02-part.png Graphic file (type png)
<use capturas/02-part.png>
Package pdftex.def Info: capturas/02-part.png  used on input line 147.
(pdftex.def)             Requested size: 134.09862pt x 195.52702pt.
<capturas/03-part.png, id=208, 94.3525pt x 191.71625pt>
File: capturas/03-part.png Graphic file (type png)
<use capturas/03-part.png>
Package pdftex.def Info: capturas/03-part.png  used on input line 152.
(pdftex.def)             Requested size: 37.74031pt x 76.68513pt.
<capturas/04-part.png, id=209, 454.69875pt x 67.25125pt>
File: capturas/04-part.png Graphic file (type png)
<use capturas/04-part.png>
Package pdftex.def Info: capturas/04-part.png  used on input line 157.
(pdftex.def)             Requested size: 181.87627pt x 26.90001pt.
<capturas/05-part.png, id=213, 320.19624pt x 55.20625pt>
File: capturas/05-part.png Graphic file (type png)
<use capturas/05-part.png>
Package pdftex.def Info: capturas/05-part.png  used on input line 176.
(pdftex.def)             Requested size: 160.09772pt x 27.60304pt.
<capturas/06-part.png, id=214, 404.51125pt x 276.03125pt>
File: capturas/06-part.png Graphic file (type png)
<use capturas/06-part.png>
Package pdftex.def Info: capturas/06-part.png  used on input line 179.
(pdftex.def)             Requested size: 202.25513pt x 138.01527pt.
<capturas/07-part.png, id=215, 1351.0475pt x 991.705pt>
File: capturas/07-part.png Graphic file (type png)
<use capturas/07-part.png>
Package pdftex.def Info: capturas/07-part.png  used on input line 186.
(pdftex.def)             Requested size: 472.87372pt x 347.10196pt.


Package fancyhdr Warning: \headheight is too small (12.0pt): 
(fancyhdr)                Make it at least 14.49998pt, for example:
(fancyhdr)                \setlength{\headheight}{14.49998pt}.
(fancyhdr)                You might also make \topmargin smaller to compensate:

(fancyhdr)                \addtolength{\topmargin}{-2.49998pt}.

[3 <./capturas/01-python-calculos-aux.png> <./capturas/02-part.png> <./capturas
/03-part.png> <./capturas/04-part.png>]

Package fancyhdr Warning: \headheight is too small (12.0pt): 
(fancyhdr)                Make it at least 14.49998pt, for example:
(fancyhdr)                \setlength{\headheight}{14.49998pt}.
(fancyhdr)                You might also make \topmargin smaller to compensate:

(fancyhdr)                \addtolength{\topmargin}{-2.49998pt}.

[4 <./capturas/05-part.png> <./capturas/06-part.png> <./capturas/07-part.png>]
<capturas/08-property.png, id=237, 169.63374pt x 148.555pt>
File: capturas/08-property.png Graphic file (type png)
<use capturas/08-property.png>
Package pdftex.def Info: capturas/08-property.png  used on input line 201.
(pdftex.def)             Requested size: 76.33447pt x 66.84912pt.
<capturas/09-property.png, id=238, 632.3625pt x 685.56125pt>
File: capturas/09-property.png Graphic file (type png)
<use capturas/09-property.png>
Package pdftex.def Info: capturas/09-property.png  used on input line 204.
(pdftex.def)             Requested size: 284.5605pt x 308.49971pt.
<capturas/10-property.png, id=241, 354.32375pt x 262.9825pt>
File: capturas/10-property.png Graphic file (type png)
<use capturas/10-property.png>
Package pdftex.def Info: capturas/10-property.png  used on input line 220.
(pdftex.def)             Requested size: 141.72697pt x 105.19113pt.
<capturas/02a_shell-thickness-type-selection.png, id=242, 525.965pt x 411.5375p
t>
File: capturas/02a_shell-thickness-type-selection.png Graphic file (type png)
<use capturas/02a_shell-thickness-type-selection.png>
Package pdftex.def Info: capturas/02a_shell-thickness-type-selection.png  used 
on input line 225.
(pdftex.def)             Requested size: 210.38226pt x 164.61208pt.
<capturas/03a_assign-section-icon.png, id=244, 68.255pt x 29.10875pt>
File: capturas/03a_assign-section-icon.png Graphic file (type png)
<use capturas/03a_assign-section-icon.png>
Package pdftex.def Info: capturas/03a_assign-section-icon.png  used on input li
ne 237.
(pdftex.def)             Requested size: 40.95331pt x 17.46538pt.
<capturas/04a_select-region-to-assign-section.png, id=245, 850.17625pt x 555.07
375pt>
File: capturas/04a_select-region-to-assign-section.png Graphic file (type png)
<use capturas/04a_select-region-to-assign-section.png>
Package pdftex.def Info: capturas/04a_select-region-to-assign-section.png  used
 on input line 242.
(pdftex.def)             Requested size: 340.06447pt x 222.02556pt.
<capturas/13-property.png, id=246, 423.5825pt x 432.61626pt>
File: capturas/13-property.png Graphic file (type png)
<use capturas/13-property.png>
Package pdftex.def Info: capturas/13-property.png  used on input line 245.
(pdftex.def)             Requested size: 169.43pt x 173.04343pt.
<capturas/05a_section-assigned.png, id=247, 846.16125pt x 577.15625pt>
File: capturas/05a_section-assigned.png Graphic file (type png)
<use capturas/05a_section-assigned.png>
Package pdftex.def Info: capturas/05a_section-assigned.png  used on input line 
248.
(pdftex.def)             Requested size: 253.85033pt x 173.14821pt.


Package fancyhdr Warning: \headheight is too small (12.0pt): 
(fancyhdr)                Make it at least 14.49998pt, for example:
(fancyhdr)                \setlength{\headheight}{14.49998pt}.
(fancyhdr)                You might also make \topmargin smaller to compensate:

(fancyhdr)                \addtolength{\topmargin}{-2.49998pt}.

[5

 <./capturas/08-property.png> <./capturas/09-property.png>]

Package fancyhdr Warning: \headheight is too small (12.0pt): 
(fancyhdr)                Make it at least 14.49998pt, for example:
(fancyhdr)                \setlength{\headheight}{14.49998pt}.
(fancyhdr)                You might also make \topmargin smaller to compensate:

(fancyhdr)                \addtolength{\topmargin}{-2.49998pt}.

[6 <./capturas/10-property.png> <./capturas/02a_shell-thickness-type-selection.
png> <./capturas/03a_assign-section-icon.png> <./capturas/04a_select-region-to-
assign-section.png> <./capturas/13-property.png> <./capturas/05a_section-assign
ed.png>]
<capturas/14-assembly.png, id=271, 376.40625pt x 422.57875pt>
File: capturas/14-assembly.png Graphic file (type png)
<use capturas/14-assembly.png>
Package pdftex.def Info: capturas/14-assembly.png  used on input line 261.
(pdftex.def)             Requested size: 150.55983pt x 169.0285pt.
<capturas/15-step.png, id=274, 337.26pt x 441.65pt>
File: capturas/15-step.png Graphic file (type png)
<use capturas/15-step.png>
Package pdftex.def Info: capturas/15-step.png  used on input line 279.
(pdftex.def)             Requested size: 134.9016pt x 176.65686pt.
<capturas/16-step.png, id=275, 658.46pt x 572.1375pt>
File: capturas/16-step.png Graphic file (type png)
<use capturas/16-step.png>
Package pdftex.def Info: capturas/16-step.png  used on input line 282.
(pdftex.def)             Requested size: 263.37933pt x 228.85094pt.
<capturas/16a-step.png, id=276, 1071.00125pt x 714.67pt>
File: capturas/16a-step.png Graphic file (type png)
<use capturas/16a-step.png>
Package pdftex.def Info: capturas/16a-step.png  used on input line 289.
(pdftex.def)             Requested size: 428.39291pt x 285.86293pt.


Package fancyhdr Warning: \headheight is too small (12.0pt): 
(fancyhdr)                Make it at least 14.49998pt, for example:
(fancyhdr)                \setlength{\headheight}{14.49998pt}.
(fancyhdr)                You might also make \topmargin smaller to compensate:

(fancyhdr)                \addtolength{\topmargin}{-2.49998pt}.

[7

 <./capturas/14-assembly.png> <./capturas/15-step.png> <./capturas/16-step.png>
]

Package fancyhdr Warning: \headheight is too small (12.0pt): 
(fancyhdr)                Make it at least 14.49998pt, for example:
(fancyhdr)                \setlength{\headheight}{14.49998pt}.
(fancyhdr)                You might also make \topmargin smaller to compensate:

(fancyhdr)                \addtolength{\topmargin}{-2.49998pt}.

[8 <./capturas/16a-step.png>]
<capturas/17-load.png, id=293, 415.5525pt x 392.46625pt>
File: capturas/17-load.png Graphic file (type png)
<use capturas/17-load.png>
Package pdftex.def Info: capturas/17-load.png  used on input line 308.
(pdftex.def)             Requested size: 207.77574pt x 196.23264pt.
<capturas/18-load.png, id=294, 417.56pt x 60.225pt>
File: capturas/18-load.png Graphic file (type png)
<use capturas/18-load.png>
Package pdftex.def Info: capturas/18-load.png  used on input line 311.
(pdftex.def)             Requested size: 208.77948pt x 30.11241pt.
<capturas/19-load.png, id=295, 497.86pt x 343.2825pt>
File: capturas/19-load.png Graphic file (type png)
<use capturas/19-load.png>
Package pdftex.def Info: capturas/19-load.png  used on input line 314.
(pdftex.def)             Requested size: 199.14047pt x 137.31056pt.
<capturas/20-load.png, id=296, 843.15pt x 565.11125pt>
File: capturas/20-load.png Graphic file (type png)
<use capturas/20-load.png>
Package pdftex.def Info: capturas/20-load.png  used on input line 317.
(pdftex.def)             Requested size: 252.94695pt x 169.53468pt.
<capturas/25-load-x.png, id=298, 919.435pt x 627.34375pt>
File: capturas/25-load-x.png Graphic file (type png)
<use capturas/25-load-x.png>
Package pdftex.def Info: capturas/25-load-x.png  used on input line 329.
(pdftex.def)             Requested size: 229.85818pt x 156.83554pt.
<capturas/26-load-x.png, id=299, 849.1725pt x 586.19pt>
File: capturas/26-load-x.png Graphic file (type png)
<use capturas/26-load-x.png>
Package pdftex.def Info: capturas/26-load-x.png  used on input line 330.
(pdftex.def)             Requested size: 212.2926pt x 146.54713pt.
<capturas/27a-load-x.png, id=301, 913.4125pt x 628.3475pt>
File: capturas/27a-load-x.png Graphic file (type png)
<use capturas/27a-load-x.png>
Package pdftex.def Info: capturas/27a-load-x.png  used on input line 339.
(pdftex.def)             Requested size: 228.35257pt x 157.08649pt.
<capturas/27b-load-x.png, id=302, 847.165pt x 586.19pt>
File: capturas/27b-load-x.png Graphic file (type png)
<use capturas/27b-load-x.png>
Package pdftex.def Info: capturas/27b-load-x.png  used on input line 340.
(pdftex.def)             Requested size: 211.79073pt x 146.54713pt.
<capturas/28b-load-x.png, id=304, 917.4275pt x 630.355pt>
File: capturas/28b-load-x.png Graphic file (type png)
<use capturas/28b-load-x.png>
Package pdftex.def Info: capturas/28b-load-x.png  used on input line 349.
(pdftex.def)             Requested size: 229.35631pt x 157.58836pt.
<capturas/28c-load-x.png, id=305, 849.1725pt x 587.19376pt>
File: capturas/28c-load-x.png Graphic file (type png)
<use capturas/28c-load-x.png>
Package pdftex.def Info: capturas/28c-load-x.png  used on input line 350.
(pdftex.def)             Requested size: 212.2926pt x 146.79808pt.


Package fancyhdr Warning: \headheight is too small (12.0pt): 
(fancyhdr)                Make it at least 14.49998pt, for example:
(fancyhdr)                \setlength{\headheight}{14.49998pt}.
(fancyhdr)                You might also make \topmargin smaller to compensate:

(fancyhdr)                \addtolength{\topmargin}{-2.49998pt}.

[9

 <./capturas/17-load.png> <./capturas/18-load.png> <./capturas/19-load.png> <./
capturas/20-load.png>]

Package fancyhdr Warning: \headheight is too small (12.0pt): 
(fancyhdr)                Make it at least 14.49998pt, for example:
(fancyhdr)                \setlength{\headheight}{14.49998pt}.
(fancyhdr)                You might also make \topmargin smaller to compensate:

(fancyhdr)                \addtolength{\topmargin}{-2.49998pt}.

[10 <./capturas/25-load-x.png> <./capturas/26-load-x.png> <./capturas/27a-load-
x.png> <./capturas/27b-load-x.png> <./capturas/28b-load-x.png> <./capturas/28c-
load-x.png>]
<capturas/29-mesh.png, id=338, 442.65375pt x 379.4175pt>
File: capturas/29-mesh.png Graphic file (type png)
<use capturas/29-mesh.png>
Package pdftex.def Info: capturas/29-mesh.png  used on input line 370.
(pdftex.def)             Requested size: 241.84842pt x 207.30237pt.

Overfull \hbox (4.83432pt too wide) in paragraph at lines 370--370
[][] 
 []

<capturas/30-mesh.png, id=339, 510.90875pt x 353.32pt>
File: capturas/30-mesh.png Graphic file (type png)
<use capturas/30-mesh.png>
Package pdftex.def Info: capturas/30-mesh.png  used on input line 376.
(pdftex.def)             Requested size: 241.84842pt x 167.24649pt.

Overfull \hbox (4.83432pt too wide) in paragraph at lines 376--376
[][] 
 []


Overfull \hbox (2.07849pt too wide) in paragraph at lines 370--377
[][] [] 
 []

<capturas/31-mesh.png, id=341, 885.3075pt x 735.74875pt>
File: capturas/31-mesh.png Graphic file (type png)
<use capturas/31-mesh.png>
Package pdftex.def Info: capturas/31-mesh.png  used on input line 384.
(pdftex.def)             Requested size: 292.15237pt x 242.79784pt.
<capturas/33a-mesh-x.png, id=343, 919.435pt x 625.33624pt>
File: capturas/33a-mesh-x.png Graphic file (type png)
<use capturas/33a-mesh-x.png>
Package pdftex.def Info: capturas/33a-mesh-x.png  used on input line 394.
(pdftex.def)             Requested size: 229.85818pt x 156.33368pt.
<capturas/33b-mesh-x.png, id=344, 917.4275pt x 629.35126pt>
File: capturas/33b-mesh-x.png Graphic file (type png)
<use capturas/33b-mesh-x.png>
Package pdftex.def Info: capturas/33b-mesh-x.png  used on input line 395.
(pdftex.def)             Requested size: 229.35631pt x 157.33742pt.
<capturas/36-mesh-x.png, id=346, 914.41624pt x 627.34375pt>
File: capturas/36-mesh-x.png Graphic file (type png)
<use capturas/36-mesh-x.png>
Package pdftex.def Info: capturas/36-mesh-x.png  used on input line 403.
(pdftex.def)             Requested size: 274.32698pt x 188.20457pt.

Package fancyhdr Warning: \headheight is too small (12.0pt): 
(fancyhdr)                Make it at least 14.49998pt, for example:
(fancyhdr)                \setlength{\headheight}{14.49998pt}.
(fancyhdr)                You might also make \topmargin smaller to compensate:

(fancyhdr)                \addtolength{\topmargin}{-2.49998pt}.

[11

 <./capturas/29-mesh.png> <./capturas/30-mesh.png> <./capturas/31-mesh.png>]
<capturas/37-job.png, id=355, 629.35126pt x 436.63126pt>
File: capturas/37-job.png Graphic file (type png)
<use capturas/37-job.png>
Package pdftex.def Info: capturas/37-job.png  used on input line 417.
(pdftex.def)             Requested size: 314.67485pt x 218.3151pt.
<capturas/38-job.png, id=357, 653.44125pt x 294.09875pt>
File: capturas/38-job.png Graphic file (type png)
<use capturas/38-job.png>
Package pdftex.def Info: capturas/38-job.png  used on input line 427.
(pdftex.def)             Requested size: 326.71982pt x 147.04901pt.
<capturas2019/a_fig23.png, id=360, 805.0075pt x 499.8675pt>
File: capturas2019/a_fig23.png Graphic file (type png)
<use capturas2019/a_fig23.png>
Package pdftex.def Info: capturas2019/a_fig23.png  used on input line 445.
(pdftex.def)             Requested size: 362.25003pt x 224.9383pt.
<capturas2019/a_fig24p.png, id=361, 866.23625pt x 460.72125pt>
File: capturas2019/a_fig24p.png Graphic file (type png)
<use capturas2019/a_fig24p.png>
Package pdftex.def Info: capturas2019/a_fig24p.png  used on input line 453.
(pdftex.def)             Requested size: 389.80272pt x 207.32265pt.

Package fancyhdr Warning: \headheight is too small (12.0pt): 
(fancyhdr)                Make it at least 14.49998pt, for example:
(fancyhdr)                \setlength{\headheight}{14.49998pt}.
(fancyhdr)                You might also make \topmargin smaller to compensate:

(fancyhdr)                \addtolength{\topmargin}{-2.49998pt}.

[12 <./capturas/33a-mesh-x.png> <./capturas/33b-mesh-x.png> <./capturas/36-mesh
-x.png>]

Package fancyhdr Warning: \headheight is too small (12.0pt): 
(fancyhdr)                Make it at least 14.49998pt, for example:
(fancyhdr)                \setlength{\headheight}{14.49998pt}.
(fancyhdr)                You might also make \topmargin smaller to compensate:

(fancyhdr)                \addtolength{\topmargin}{-2.49998pt}.

[13 <./capturas/37-job.png> <./capturas/38-job.png> <./capturas2019/a_fig23.png
>]

Package fancyhdr Warning: \headheight is too small (12.0pt): 
(fancyhdr)                Make it at least 14.49998pt, for example:
(fancyhdr)                \setlength{\headheight}{14.49998pt}.
(fancyhdr)                You might also make \topmargin smaller to compensate:

(fancyhdr)                \addtolength{\topmargin}{-2.49998pt}.

[14 <./capturas2019/a_fig24p.png>]
<capturas/40-part-solid.png, id=389, 1340.00626pt x 954.56625pt>
File: capturas/40-part-solid.png Graphic file (type png)
<use capturas/40-part-solid.png>
Package pdftex.def Info: capturas/40-part-solid.png  used on input line 472.
(pdftex.def)             Requested size: 402.00497pt x 286.37209pt.
<capturas/41-load-solid.png, id=391, 889.3225pt x 751.80875pt>
File: capturas/41-load-solid.png Graphic file (type png)
<use capturas/41-load-solid.png>
Package pdftex.def Info: capturas/41-load-solid.png  used on input line 484.
(pdftex.def)             Requested size: 266.7988pt x 225.54436pt.
<capturas/42-mesh-solid.png, id=396, 504.88625pt x 386.44376pt>
File: capturas/42-mesh-solid.png Graphic file (type png)
<use capturas/42-mesh-solid.png>
Package pdftex.def Info: capturas/42-mesh-solid.png  used on input line 506.
(pdftex.def)             Requested size: 188.64146pt x 144.38535pt.
<capturas/43-mesh-solid.png, id=397, 788.9475pt x 628.3475pt>
File: capturas/43-mesh-solid.png Graphic file (type png)
<use capturas/43-mesh-solid.png>
Package pdftex.def Info: capturas/43-mesh-solid.png  used on input line 512.
(pdftex.def)             Requested size: 285.37935pt x 227.28835pt.

Overfull \hbox (2.0711pt too wide) in paragraph at lines 506--513
[][] [] 
 []

<capturas/44-mesh-solid.png, id=398, 466.74374pt x 327.2225pt>
File: capturas/44-mesh-solid.png Graphic file (type png)
<use capturas/44-mesh-solid.png>
Package pdftex.def Info: capturas/44-mesh-solid.png  used on input line 516.
(pdftex.def)             Requested size: 233.37129pt x 163.61084pt.
<capturas/45-mesh-solid.png, id=399, 834.11626pt x 599.23875pt>
File: capturas/45-mesh-solid.png Graphic file (type png)
<use capturas/45-mesh-solid.png>
Package pdftex.def Info: capturas/45-mesh-solid.png  used on input line 523.
(pdftex.def)             Requested size: 375.34885pt x 269.65494pt.

Package fancyhdr Warning: \headheight is too small (12.0pt): 
(fancyhdr)                Make it at least 14.49998pt, for example:
(fancyhdr)                \setlength{\headheight}{14.49998pt}.
(fancyhdr)                You might also make \topmargin smaller to compensate:

(fancyhdr)                \addtolength{\topmargin}{-2.49998pt}.

[15

 <./capturas/40-part-solid.png>]

Package fancyhdr Warning: \headheight is too small (12.0pt): 
(fancyhdr)                Make it at least 14.49998pt, for example:
(fancyhdr)                \setlength{\headheight}{14.49998pt}.
(fancyhdr)                You might also make \topmargin smaller to compensate:

(fancyhdr)                \addtolength{\topmargin}{-2.49998pt}.

[16 <./capturas/41-load-solid.png> <./capturas/42-mesh-solid.png> <./capturas/4
3-mesh-solid.png>]

Package fancyhdr Warning: \headheight is too small (12.0pt): 
(fancyhdr)                Make it at least 14.49998pt, for example:
(fancyhdr)                \setlength{\headheight}{14.49998pt}.
(fancyhdr)                You might also make \topmargin smaller to compensate:

(fancyhdr)                \addtolength{\topmargin}{-2.49998pt}.

[17 <./capturas/44-mesh-solid.png> <./capturas/45-mesh-solid.png>]
LaTeX Font Info:    Font shape `T1/fvm/b/n' will be
(Font)              scaled to size 15.55188pt on input line 549.
<figs/prac3_lamina1_fig.png, id=424, 1541.76pt x 1158.3275pt>
File: figs/prac3_lamina1_fig.png Graphic file (type png)
<use figs/prac3_lamina1_fig.png>
Package pdftex.def Info: figs/prac3_lamina1_fig.png  used on input line 568.
(pdftex.def)             Requested size: 385.43906pt x 289.58116pt.


Package fancyhdr Warning: \headheight is too small (12.0pt): 
(fancyhdr)                Make it at least 14.49998pt, for example:
(fancyhdr)                \setlength{\headheight}{14.49998pt}.
(fancyhdr)                You might also make \topmargin smaller to compensate:

(fancyhdr)                \addtolength{\topmargin}{-2.49998pt}.

[18

 <./figs/prac3_lamina1_fig.png>]
<figs/prac3_lamina2_fig.png, id=437, 1541.76pt x 833.1125pt>
File: figs/prac3_lamina2_fig.png Graphic file (type png)
<use figs/prac3_lamina2_fig.png>
Package pdftex.def Info: figs/prac3_lamina2_fig.png  used on input line 614.
(pdftex.def)             Requested size: 385.43906pt x 208.27762pt.


Package fancyhdr Warning: \headheight is too small (12.0pt): 
(fancyhdr)                Make it at least 14.49998pt, for example:
(fancyhdr)                \setlength{\headheight}{14.49998pt}.
(fancyhdr)                You might also make \topmargin smaller to compensate:

(fancyhdr)                \addtolength{\topmargin}{-2.49998pt}.

[19 <./figs/prac3_lamina2_fig.png>]
<capturas2019/a_fig31a.png, id=452, 308.15125pt x 376.40625pt>
File: capturas2019/a_fig31a.png Graphic file (type png)
<use capturas2019/a_fig31a.png>
Package pdftex.def Info: capturas2019/a_fig31a.png  used on input line 662.
(pdftex.def)             Requested size: 154.07524pt x 188.20265pt.
<capturas2019/a_fig31b.png, id=453, 184.69pt x 475.7775pt>
File: capturas2019/a_fig31b.png Graphic file (type png)
<use capturas2019/a_fig31b.png>
Package pdftex.def Info: capturas2019/a_fig31b.png  used on input line 663.
(pdftex.def)             Requested size: 92.34476pt x 237.88815pt.
<capturas2019/a_fig32.png, id=458, 947.54pt x 417.56pt>
File: capturas2019/a_fig32.png Graphic file (type png)
<use capturas2019/a_fig32.png>
Package pdftex.def Info: capturas2019/a_fig32.png  used on input line 680.
(pdftex.def)             Requested size: 426.38905pt x 187.90025pt.
<capturas2019/a_fig33.png, id=459, 947.54pt x 585.18625pt>
File: capturas2019/a_fig33.png Graphic file (type png)
<use capturas2019/a_fig33.png>
Package pdftex.def Info: capturas2019/a_fig33.png  used on input line 687.
(pdftex.def)             Requested size: 426.38905pt x 263.33138pt.
<capturas2019/a_fig34.png, id=461, 947.54pt x 464.73625pt>
File: capturas2019/a_fig34.png Graphic file (type png)
<use capturas2019/a_fig34.png>
Package pdftex.def Info: capturas2019/a_fig34.png  used on input line 703.
(pdftex.def)             Requested size: 426.38905pt x 209.12938pt.


Package fancyhdr Warning: \headheight is too small (12.0pt): 
(fancyhdr)                Make it at least 14.49998pt, for example:
(fancyhdr)                \setlength{\headheight}{14.49998pt}.
(fancyhdr)                You might also make \topmargin smaller to compensate:

(fancyhdr)                \addtolength{\topmargin}{-2.49998pt}.

[20 <./capturas2019/a_fig31a.png> <./capturas2019/a_fig31b.png>]

Package fancyhdr Warning: \headheight is too small (12.0pt): 
(fancyhdr)                Make it at least 14.49998pt, for example:
(fancyhdr)                \setlength{\headheight}{14.49998pt}.
(fancyhdr)                You might also make \topmargin smaller to compensate:

(fancyhdr)                \addtolength{\topmargin}{-2.49998pt}.

[21 <./capturas2019/a_fig32.png> <./capturas2019/a_fig33.png>]

Package fancyhdr Warning: \headheight is too small (12.0pt): 
(fancyhdr)                Make it at least 14.49998pt, for example:
(fancyhdr)                \setlength{\headheight}{14.49998pt}.
(fancyhdr)                You might also make \topmargin smaller to compensate:

(fancyhdr)                \addtolength{\topmargin}{-2.49998pt}.

[22 <./capturas2019/a_fig34.png>]
<capturas2019/a_fig35.png, id=489, 711.65875pt x 516.93124pt>
File: capturas2019/a_fig35.png Graphic file (type png)
<use capturas2019/a_fig35.png>
Package pdftex.def Info: capturas2019/a_fig35.png  used on input line 736.
(pdftex.def)             Requested size: 320.24347pt x 232.6169pt.
<capturas2019/a_fig36a.png, id=492, 251.94125pt x 215.80624pt>
File: capturas2019/a_fig36a.png Graphic file (type png)
<use capturas2019/a_fig36a.png>
Package pdftex.def Info: capturas2019/a_fig36a.png  used on input line 754.
(pdftex.def)             Requested size: 113.37251pt x 97.11191pt.
<capturas2019/a_fig36b.png, id=493, 423.5825pt x 347.2975pt>
File: capturas2019/a_fig36b.png Graphic file (type png)
<use capturas2019/a_fig36b.png>
Package pdftex.def Info: capturas2019/a_fig36b.png  used on input line 758.
(pdftex.def)             Requested size: 190.61037pt x 156.28242pt.
<capturas2019/a_fig37-2.png, id=495, 941.5175pt x 493.845pt>
File: capturas2019/a_fig37-2.png Graphic file (type png)
<use capturas2019/a_fig37-2.png>
Package pdftex.def Info: capturas2019/a_fig37-2.png  used on input line 773.
(pdftex.def)             Requested size: 423.67897pt x 222.22818pt.


Package fancyhdr Warning: \headheight is too small (12.0pt): 
(fancyhdr)                Make it at least 14.49998pt, for example:
(fancyhdr)                \setlength{\headheight}{14.49998pt}.
(fancyhdr)                You might also make \topmargin smaller to compensate:

(fancyhdr)                \addtolength{\topmargin}{-2.49998pt}.

[23

 <./capturas2019/a_fig35.png> <./capturas2019/a_fig36a.png> <./capturas2019/a_f
ig36b.png>]

Package fancyhdr Warning: \headheight is too small (12.0pt): 
(fancyhdr)                Make it at least 14.49998pt, for example:
(fancyhdr)                \setlength{\headheight}{14.49998pt}.
(fancyhdr)                You might also make \topmargin smaller to compensate:

(fancyhdr)                \addtolength{\topmargin}{-2.49998pt}.

[24 <./capturas2019/a_fig37-2.png>]
<capturas2019/a_fig38.png, id=515, 943.525pt x 439.6425pt>
File: capturas2019/a_fig38.png Graphic file (type png)
<use capturas2019/a_fig38.png>
Package pdftex.def Info: capturas2019/a_fig38.png  used on input line 811.
(pdftex.def)             Requested size: 424.58232pt x 197.8373pt.
<capturas2019/a_fig39a.png, id=518, 169.63374pt x 280.04625pt>
File: capturas2019/a_fig39a.png Graphic file (type png)
<use capturas2019/a_fig39a.png>
Package pdftex.def Info: capturas2019/a_fig39a.png  used on input line 830.
(pdftex.def)             Requested size: 76.33447pt x 126.01964pt.
<capturas2019/a_fig39pb.png, id=519, 475.7775pt x 602.25pt>
File: capturas2019/a_fig39pb.png Graphic file (type png)
<use capturas2019/a_fig39pb.png>
Package pdftex.def Info: capturas2019/a_fig39pb.png  used on input line 832.
(pdftex.def)             Requested size: 214.09789pt x 271.01pt.
<capturas2019/a_fig40pa.png, id=523, 540.0175pt x 674.52pt>
File: capturas2019/a_fig40pa.png Graphic file (type png)
<use capturas2019/a_fig40pa.png>
Package pdftex.def Info: capturas2019/a_fig40pa.png  used on input line 854.
(pdftex.def)             Requested size: 243.00562pt x 303.53119pt.
<capturas2019/a_fig40pb.png, id=524, 368.37625pt x 596.2275pt>
File: capturas2019/a_fig40pb.png Graphic file (type png)
<use capturas2019/a_fig40pb.png>
Package pdftex.def Info: capturas2019/a_fig40pb.png  used on input line 858.
(pdftex.def)             Requested size: 165.76778pt x 268.2999pt.
<capturas2019/a_fig41p2a.png, id=525, 439.6425pt x 554.07pt>
File: capturas2019/a_fig41p2a.png Graphic file (type png)
<use capturas2019/a_fig41p2a.png>
Package pdftex.def Info: capturas2019/a_fig41p2a.png  used on input line 875.
(pdftex.def)             Requested size: 153.87717pt x 193.9274pt.
<capturas2019/a_fig41p2.png, id=526, 871.255pt x 465.74pt>
File: capturas2019/a_fig41p2.png Graphic file (type png)
<use capturas2019/a_fig41p2.png>
Package pdftex.def Info: capturas2019/a_fig41p2.png  used on input line 877.
(pdftex.def)             Requested size: 304.94382pt x 163.01143pt.


Package fancyhdr Warning: \headheight is too small (12.0pt): 
(fancyhdr)                Make it at least 14.49998pt, for example:
(fancyhdr)                \setlength{\headheight}{14.49998pt}.
(fancyhdr)                You might also make \topmargin smaller to compensate:

(fancyhdr)                \addtolength{\topmargin}{-2.49998pt}.

[25

 <./capturas2019/a_fig38.png> <./capturas2019/a_fig39a.png> <./capturas2019/a_f
ig39pb.png>]
<capturas2019/a_fig42p.png, id=543, 934.49126pt x 438.63875pt>
File: capturas2019/a_fig42p.png Graphic file (type png)
<use capturas2019/a_fig42p.png>
Package pdftex.def Info: capturas2019/a_fig42p.png  used on input line 892.
(pdftex.def)             Requested size: 420.51718pt x 197.3856pt.


Package fancyhdr Warning: \headheight is too small (12.0pt): 
(fancyhdr)                Make it at least 14.49998pt, for example:
(fancyhdr)                \setlength{\headheight}{14.49998pt}.
(fancyhdr)                You might also make \topmargin smaller to compensate:

(fancyhdr)                \addtolength{\topmargin}{-2.49998pt}.

[26 <./capturas2019/a_fig40pa.png> <./capturas2019/a_fig40pb.png> <./capturas20
19/a_fig41p2a.png> <./capturas2019/a_fig41p2.png>]

Package fancyhdr Warning: \headheight is too small (12.0pt): 
(fancyhdr)                Make it at least 14.49998pt, for example:
(fancyhdr)                \setlength{\headheight}{14.49998pt}.
(fancyhdr)                You might also make \topmargin smaller to compensate:

(fancyhdr)                \addtolength{\topmargin}{-2.49998pt}.

[27 <./capturas2019/a_fig42p.png>]
<fm/Fig-5_Analitico_Reacc_Vertical.png, id=563, 341.47575pt x 234.8775pt>
File: fm/Fig-5_Analitico_Reacc_Vertical.png Graphic file (type png)
<use fm/Fig-5_Analitico_Reacc_Vertical.png>
Package pdftex.def Info: fm/Fig-5_Analitico_Reacc_Vertical.png  used on input l
ine 907.
(pdftex.def)             Requested size: 341.47491pt x 234.87692pt.
<capturas2019/a_fig44p1.png, id=564, 200.75pt x 467.7475pt>
File: capturas2019/a_fig44p1.png Graphic file (type png)
<use capturas2019/a_fig44p1.png>
Package pdftex.def Info: capturas2019/a_fig44p1.png  used on input line 915.
(pdftex.def)             Requested size: 90.33665pt x 210.48442pt.
<fm/Fig-7_Kinematic_constraint.png, id=566, 1108.14pt x 648.62325pt>
File: fm/Fig-7_Kinematic_constraint.png Graphic file (type png)
<use fm/Fig-7_Kinematic_constraint.png>
Package pdftex.def Info: fm/Fig-7_Kinematic_constraint.png  used on input line 
931.
(pdftex.def)             Requested size: 435.32419pt x 254.80292pt.
<fm/Fig-8_BC_Nodo_Maestro.png, id=568, 1103.322pt x 647.41875pt>
File: fm/Fig-8_BC_Nodo_Maestro.png Graphic file (type png)
<use fm/Fig-8_BC_Nodo_Maestro.png>
Package pdftex.def Info: fm/Fig-8_BC_Nodo_Maestro.png  used on input line 941.
(pdftex.def)             Requested size: 435.32419pt x 255.43617pt.
<fm/Fig-9_Kinematic_Reacc_Vertical.png, id=570, 341.47575pt x 234.8775pt>
File: fm/Fig-9_Kinematic_Reacc_Vertical.png Graphic file (type png)
<use fm/Fig-9_Kinematic_Reacc_Vertical.png>
Package pdftex.def Info: fm/Fig-9_Kinematic_Reacc_Vertical.png  used on input l
ine 951.
(pdftex.def)             Requested size: 435.32419pt x 299.43439pt.


Package fancyhdr Warning: \headheight is too small (12.0pt): 
(fancyhdr)                Make it at least 14.49998pt, for example:
(fancyhdr)                \setlength{\headheight}{14.49998pt}.
(fancyhdr)                You might also make \topmargin smaller to compensate:

(fancyhdr)                \addtolength{\topmargin}{-2.49998pt}.

[28

 <./fm/Fig-5_Analitico_Reacc_Vertical.png> <./capturas2019/a_fig44p1.png>]

Package fancyhdr Warning: \headheight is too small (12.0pt): 
(fancyhdr)                Make it at least 14.49998pt, for example:
(fancyhdr)                \setlength{\headheight}{14.49998pt}.
(fancyhdr)                You might also make \topmargin smaller to compensate:

(fancyhdr)                \addtolength{\topmargin}{-2.49998pt}.

[29 <./fm/Fig-7_Kinematic_constraint.png> <./fm/Fig-8_BC_Nodo_Maestro.png>]

Package fancyhdr Warning: \headheight is too small (12.0pt): 
(fancyhdr)                Make it at least 14.49998pt, for example:
(fancyhdr)                \setlength{\headheight}{14.49998pt}.
(fancyhdr)                You might also make \topmargin smaller to compensate:

(fancyhdr)                \addtolength{\topmargin}{-2.49998pt}.

[30 <./fm/Fig-9_Kinematic_Reacc_Vertical.png>]
<./figs/prop.png, id=594, 605.26125pt x 628.3475pt>
File: ./figs/prop.png Graphic file (type png)
<use ./figs/prop.png>
Package pdftex.def Info: ./figs/prop.png  used on input line 975.
(pdftex.def)             Requested size: 266.03473pt x 276.18611pt.


Package fancyhdr Warning: \headheight is too small (12.0pt): 
(fancyhdr)                Make it at least 14.49998pt, for example:
(fancyhdr)                \setlength{\headheight}{14.49998pt}.
(fancyhdr)                You might also make \topmargin smaller to compensate:

(fancyhdr)                \addtolength{\topmargin}{-2.49998pt}.

[31

 <./figs/prop.png>]

Package fancyhdr Warning: \headheight is too small (12.0pt): 
(fancyhdr)                Make it at least 14.49998pt, for example:
(fancyhdr)                \setlength{\headheight}{14.49998pt}.
(fancyhdr)                You might also make \topmargin smaller to compensate:

(fancyhdr)                \addtolength{\topmargin}{-2.49998pt}.

[32] (./pracMCIC_4-en.aux)
Package rerunfilecheck Info: File `pracMCIC_4-en.out' has not changed.
(rerunfilecheck)             Checksum: ED0CD9813B0C0AF0FA6B46B2D7B27694;2883.
 ) 
Here is how much of TeX's memory you used:
 26741 strings out of 478994
 467876 string characters out of 5858184
 774092 words of memory out of 5000000
 43450 multiletter control sequences out of 15000+600000
 432746 words of font info for 106 fonts, out of 8000000 for 9000
 1141 hyphenation exceptions out of 8191
 91i,12n,120p,722b,598s stack positions out of 5000i,500n,10000p,200000b,80000s
{/usr/local/texlive/2021/texmf-dist/fonts/enc/dvips/cm-super/cm-super-t1.enc}
{/usr/local/texlive/2021/texmf-dist/fonts/enc/dvips/base/8r.enc}{/usr/local/tex
live/2021/texmf-dist/fonts/enc/dvips/cm-super/cm-super-ts1.enc}</usr/local/texl
ive/2021/texmf-dist/fonts/type1/public/amsfonts/cm/cmbx12.pfb></usr/local/texli
ve/2021/texmf-dist/fonts/type1/public/amsfonts/cm/cmcsc10.pfb></usr/local/texli
ve/2021/texmf-dist/fonts/type1/public/amsfonts/cm/cmmi12.pfb></usr/local/texliv
e/2021/texmf-dist/fonts/type1/public/amsfonts/cm/cmmi8.pfb></usr/local/texlive/
2021/texmf-dist/fonts/type1/public/amsfonts/cm/cmr12.pfb></usr/local/texlive/20
21/texmf-dist/fonts/type1/public/amsfonts/cm/cmr8.pfb></usr/local/texlive/2021/
texmf-dist/fonts/type1/public/amsfonts/cm/cmsy10.pfb></usr/local/texlive/2021/t
exmf-dist/fonts/type1/public/amsfonts/cm/cmsy8.pfb></usr/local/texlive/2021/tex
mf-dist/fonts/type1/public/amsfonts/cm/cmtt12.pfb></usr/local/texlive/2021/texm
f-dist/fonts/type1/public/bera/fvmb8a.pfb></usr/local/texlive/2021/texmf-dist/f
onts/type1/public/bera/fvmr8a.pfb></usr/local/texlive/2021/texmf-dist/fonts/typ
e1/public/cm-super/sfbx1200.pfb></usr/local/texlive/2021/texmf-dist/fonts/type1
/public/cm-super/sfbx1440.pfb></usr/local/texlive/2021/texmf-dist/fonts/type1/p
ublic/cm-super/sfbx1728.pfb></usr/local/texlive/2021/texmf-dist/fonts/type1/pub
lic/cm-super/sfcc1095.pfb></usr/local/texlive/2021/texmf-dist/fonts/type1/publi
c/cm-super/sfcc1200.pfb></usr/local/texlive/2021/texmf-dist/fonts/type1/public/
cm-super/sfrm1000.pfb></usr/local/texlive/2021/texmf-dist/fonts/type1/public/cm
-super/sfrm1200.pfb></usr/local/texlive/2021/texmf-dist/fonts/type1/public/cm-s
uper/sfrm1440.pfb></usr/local/texlive/2021/texmf-dist/fonts/type1/public/cm-sup
er/sfss1200.pfb></usr/local/texlive/2021/texmf-dist/fonts/type1/public/cm-super
/sfti1000.pfb></usr/local/texlive/2021/texmf-dist/fonts/type1/public/cm-super/s
fti1200.pfb>
Output written on pracMCIC_4-en.pdf (32 pages, 7072545 bytes).
PDF statistics:
 712 PDF objects out of 1000 (max. 8388607)
 529 compressed objects within 6 object streams
 163 named destinations out of 1000 (max. 500000)
 509 words of extra memory for PDF output out of 10000 (max. 10000000)

